[22:51:45.677] [INFO] ============================================================
[22:51:45.677] [INFO] NeuroPrime 调试日志
[22:51:45.677] [INFO] 启动时间: 2026-04-13 22:51:45
[22:51:45.677] [INFO] Python版本: 3.10.10 (tags/v3.10.10:aad5f6a, Feb  7 2023, 17:20:36) [MSC v.1929 64 bit (AMD64)]
[22:51:45.677] [INFO] 日志文件: c:\Users\buaal\Desktop\NeuroPrime\logs\debug_20260413_225145.log
[22:51:45.677] [INFO] ============================================================
[22:51:46.691] [INFO] [Scheduler] NEUROPRIME_ROOT = c:\Users\buaal\Desktop\NeuroPrime
[22:51:46.691] [INFO] [Scheduler] Looking for custom algorithms in: c:\Users\buaal\Desktop\NeuroPrime\custom_algorithms
[22:51:46.691] [INFO] [Scheduler] Current working directory: c:\Users\buaal\Desktop\NeuroPrime
[22:51:46.691] [INFO] [Scheduler] Script directory: c:\Users\buaal\Desktop\NeuroPrime\src\algorithms
[22:51:46.691] [INFO] [Scheduler] Custom algorithms directory exists: c:\Users\buaal\Desktop\NeuroPrime\custom_algorithms
[22:51:46.691] [INFO] [Scheduler] Found 2 Python files: ['view_raw_lfp_data.py', '__init__.py']
[22:51:46.691] [INFO] [Scheduler] Loading custom algorithm from: c:\Users\buaal\Desktop\NeuroPrime\custom_algorithms\view_raw_lfp_data.py
[22:51:46.698] [INFO] [Scheduler] Loaded custom algorithm from ALGORITHM_INFO: ViewRawLFPData
[22:51:46.698] [INFO] [Scheduler] Searching for algorithm classes in c:\Users\buaal\Desktop\NeuroPrime\custom_algorithms\view_raw_lfp_data.py...
[22:51:46.698] [INFO] [Scheduler] Loaded custom algorithm: ViewRawLFPData
[22:52:09.380] [INFO] add_data_item 被调用
[22:52:09.380] [DEBUG] data_item_type = <class 'dict'> (type: type)
[22:52:10.310] [INFO] add_data_item 被调用
[22:52:10.310] [DEBUG] data_item_type = <class 'dict'> (type: type)
[22:52:16.532] [INFO] ============================================================
[22:52:16.532] [INFO] _on_run_clicked 被调用
[22:52:16.532] [INFO] _get_selected_data_items 被调用
[22:52:16.532] [DEBUG] selected_data_items_len = 2 (type: int)
[22:52:16.532] [DEBUG] selected_data_items_0_type = <class 'dict'> (type: type)
[22:52:16.532] [DEBUG] selected_data_items_1_type = <class 'dict'> (type: type)
[22:52:16.532] [INFO] 返回 2 个有效数据项
[22:52:16.532] [DEBUG] selected_data_type = <class 'list'> (type: type)
[22:52:16.532] [DEBUG] selected_data_len = 2 (type: int)
[22:52:16.532] [DEBUG] item_0_type = <class 'dict'> (type: type)
[22:52:16.532] [INFO] item[0] keys: ['id', 'display_name', 'trial_name', 'data_type', 'description', 'time_range']
[22:52:16.532] [DEBUG] item_1_type = <class 'dict'> (type: type)
[22:52:16.532] [INFO] item[1] keys: ['id', 'display_name', 'trial_name', 'data_type', 'description', 'time_range']
[22:52:16.532] [DEBUG] parameters_keys = ['pre_time', 'post_time', 'positive_class'] (type: list)
[22:52:16.532] [DEBUG] algorithm_name = ROCAnalysis (type: str)
[22:52:16.532] [DEBUG] current_algorithm = ROCAnalysis (type: str)
[22:52:16.532] [INFO] 发送请求: algorithm=ROCAnalysis, data_items数量=2
[22:52:16.532] [INFO] ============================================================
[22:52:16.532] [INFO] _on_run_analysis 被调用
[22:52:16.532] [DEBUG] params_type = <class 'dict'> (type: type)
[22:52:16.532] [DEBUG] algorithm_name = ROCAnalysis (type: str)
[22:52:16.532] [DEBUG] data_items_type = <class 'list'> (type: type)
[22:52:16.532] [DEBUG] data_items_len = 2 (type: int)
[22:52:16.532] [DEBUG] parameters_type = <class 'dict'> (type: type)
[22:52:16.532] [DEBUG] time_alignment_type = <class 'NoneType'> (type: type)
[22:52:16.532] [INFO] data_items[0] type: <class 'dict'>
[22:52:16.532] [INFO] data_items[0] keys: ['id', 'display_name', 'trial_name', 'data_type', 'description', 'time_range']
[22:52:16.532] [INFO] ============================================================
[22:52:16.532] [INFO] _run_analysis_async 被调用
[22:52:16.532] [DEBUG] algorithm_name = ROCAnalysis (type: str)
[22:52:16.532] [DEBUG] data_items_type = <class 'list'> (type: type)
[22:52:16.532] [DEBUG] data_items_len = 2 (type: int)
[22:52:16.532] [DEBUG] parameters_keys = ['pre_time', 'post_time', 'positive_class'] (type: list)
[22:52:16.532] [INFO] data_items[0] type: <class 'dict'>
[22:52:16.532] [INFO] data_items[0] keys: ['id', 'display_name', 'trial_name', 'data_type', 'description', 'time_range']
[22:52:31.490] [INFO] add_data_item 被调用
[22:52:31.490] [DEBUG] data_item_type = <class 'dict'> (type: type)
[22:52:32.650] [INFO] add_data_item 被调用
[22:52:32.652] [DEBUG] data_item_type = <class 'dict'> (type: type)
[22:52:35.548] [INFO] ============================================================
[22:52:35.548] [INFO] _on_run_clicked 被调用
[22:52:35.548] [INFO] _get_selected_data_items 被调用
[22:52:35.548] [DEBUG] selected_data_items_len = 4 (type: int)
[22:52:35.548] [DEBUG] selected_data_items_0_type = <class 'dict'> (type: type)
[22:52:35.548] [DEBUG] selected_data_items_1_type = <class 'dict'> (type: type)
[22:52:35.548] [DEBUG] selected_data_items_2_type = <class 'dict'> (type: type)
[22:52:35.548] [DEBUG] selected_data_items_3_type = <class 'dict'> (type: type)
[22:52:35.548] [INFO] 返回 4 个有效数据项
[22:52:35.548] [DEBUG] selected_data_type = <class 'list'> (type: type)
[22:52:35.548] [DEBUG] selected_data_len = 4 (type: int)
[22:52:35.548] [DEBUG] item_0_type = <class 'dict'> (type: type)
[22:52:35.548] [INFO] item[0] keys: ['id', 'display_name', 'trial_name', 'data_type', 'description', 'time_range']
[22:52:35.548] [DEBUG] item_1_type = <class 'dict'> (type: type)
[22:52:35.548] [INFO] item[1] keys: ['id', 'display_name', 'trial_name', 'data_type', 'description', 'time_range']
[22:52:35.548] [DEBUG] item_2_type = <class 'dict'> (type: type)
[22:52:35.548] [INFO] item[2] keys: ['id', 'display_name', 'trial_name', 'data_type', 'description', 'time_range']
[22:52:35.548] [DEBUG] item_3_type = <class 'dict'> (type: type)
[22:52:35.548] [INFO] item[3] keys: ['id', 'display_name', 'trial_name', 'data_type', 'description', 'time_range']
[22:52:35.548] [DEBUG] parameters_keys = ['pre_time', 'post_time', 'positive_class'] (type: list)
[22:52:35.550] [DEBUG] algorithm_name = ROCAnalysis (type: str)
[22:52:35.550] [DEBUG] current_algorithm = ROCAnalysis (type: str)
[22:52:35.550] [INFO] 发送请求: algorithm=ROCAnalysis, data_items数量=4
[22:52:35.550] [INFO] ============================================================
[22:52:35.550] [INFO] _on_run_analysis 被调用
[22:52:35.550] [DEBUG] params_type = <class 'dict'> (type: type)
[22:52:35.550] [DEBUG] algorithm_name = ROCAnalysis (type: str)
[22:52:35.550] [DEBUG] data_items_type = <class 'list'> (type: type)
[22:52:35.550] [DEBUG] data_items_len = 4 (type: int)
[22:52:35.550] [DEBUG] parameters_type = <class 'dict'> (type: type)
[22:52:35.550] [DEBUG] time_alignment_type = <class 'NoneType'> (type: type)
[22:52:35.550] [INFO] data_items[0] type: <class 'dict'>
[22:52:35.550] [INFO] data_items[0] keys: ['id', 'display_name', 'trial_name', 'data_type', 'description', 'time_range']
[22:52:35.550] [INFO] ============================================================
[22:52:35.550] [INFO] _run_analysis_async 被调用
[22:52:35.550] [DEBUG] algorithm_name = ROCAnalysis (type: str)
[22:52:35.550] [DEBUG] data_items_type = <class 'list'> (type: type)
[22:52:35.550] [DEBUG] data_items_len = 4 (type: int)
[22:52:35.550] [DEBUG] parameters_keys = ['pre_time', 'post_time', 'positive_class'] (type: list)
[22:52:35.550] [INFO] data_items[0] type: <class 'dict'>
[22:52:35.550] [INFO] data_items[0] keys: ['id', 'display_name', 'trial_name', 'data_type', 'description', 'time_range']
