[21:17:32.277] [INFO] ============================================================
[21:17:32.277] [INFO] NeuroPrime 调试日志
[21:17:32.278] [INFO] 启动时间: 2026-04-18 21:17:32
[21:17:32.278] [INFO] Python版本: 3.10.10 (tags/v3.10.10:aad5f6a, Feb  7 2023, 17:20:36) [MSC v.1929 64 bit (AMD64)]
[21:17:32.278] [INFO] 日志文件: C:\Users\buaal\Desktop\NeuroPrime\logs\debug_20260418_211732.log
[21:17:32.278] [INFO] ============================================================
[21:17:34.026] [INFO] [Scheduler] Removed pycache directory: C:\Users\buaal\Desktop\NeuroPrime\custom_algorithms\__pycache__
[21:17:34.026] [INFO] [Scheduler] NEUROPRIME_ROOT = C:\Users\buaal\Desktop\NeuroPrime
[21:17:34.026] [INFO] [Scheduler] Looking for custom algorithms in: C:\Users\buaal\Desktop\NeuroPrime\custom_algorithms
[21:17:34.026] [INFO] [Scheduler] Current working directory: C:\Users\buaal\Desktop\NeuroPrime
[21:17:34.026] [INFO] [Scheduler] Script directory: C:\Users\buaal\Desktop\NeuroPrime\src\algorithms
[21:17:34.026] [INFO] [Scheduler] Custom algorithms directory exists: C:\Users\buaal\Desktop\NeuroPrime\custom_algorithms
[21:17:34.026] [INFO] [Scheduler] Found 7 Python files: ['customalgorithm.py', 'customalgorithmnew.py', 'mnebasicalgorithm.py', 'testscriptalgorithm.py', 'viewlfpdata.py', 'view_raw_lfp_data.py', '__init__.py']
[21:17:34.026] [INFO] [Scheduler] Loading custom algorithm from: C:\Users\buaal\Desktop\NeuroPrime\custom_algorithms\customalgorithm.py
[21:17:34.451] [INFO] [Scheduler] Loaded custom algorithm from ALGORITHM_INFO: CustomAlgorithm
[21:17:34.451] [ERROR] [Scheduler] Error loading custom algorithm from C:\Users\buaal\Desktop\NeuroPrime\custom_algorithms\customalgorithm.py: local variable 'found' referenced before assignment
[21:17:34.452] [ERROR] [Scheduler] Traceback: Traceback (most recent call last):
  File "C:\Users\buaal\Desktop\NeuroPrime\src\algorithms\scheduler.py", line 255, in _load_custom_algorithms
    if not found:
UnboundLocalError: local variable 'found' referenced before assignment

[21:17:34.452] [INFO] [Scheduler] Loading custom algorithm from: C:\Users\buaal\Desktop\NeuroPrime\custom_algorithms\customalgorithmnew.py
[21:17:34.454] [INFO] [Scheduler] Loaded custom algorithm from ALGORITHM_INFO: CustomAlgorithmNew
[21:17:34.454] [ERROR] [Scheduler] Error loading custom algorithm from C:\Users\buaal\Desktop\NeuroPrime\custom_algorithms\customalgorithmnew.py: local variable 'found' referenced before assignment
[21:17:34.454] [ERROR] [Scheduler] Traceback: Traceback (most recent call last):
  File "C:\Users\buaal\Desktop\NeuroPrime\src\algorithms\scheduler.py", line 255, in _load_custom_algorithms
    if not found:
UnboundLocalError: local variable 'found' referenced before assignment

[21:17:34.454] [INFO] [Scheduler] Loading custom algorithm from: C:\Users\buaal\Desktop\NeuroPrime\custom_algorithms\mnebasicalgorithm.py
[21:17:34.495] [INFO] [Scheduler] Loaded custom algorithm from ALGORITHM_INFO: MNEBasicAlgorithm
[21:17:34.495] [ERROR] [Scheduler] Error loading custom algorithm from C:\Users\buaal\Desktop\NeuroPrime\custom_algorithms\mnebasicalgorithm.py: local variable 'found' referenced before assignment
[21:17:34.495] [ERROR] [Scheduler] Traceback: Traceback (most recent call last):
  File "C:\Users\buaal\Desktop\NeuroPrime\src\algorithms\scheduler.py", line 255, in _load_custom_algorithms
    if not found:
UnboundLocalError: local variable 'found' referenced before assignment

[21:17:34.495] [INFO] [Scheduler] Loading custom algorithm from: C:\Users\buaal\Desktop\NeuroPrime\custom_algorithms\testscriptalgorithm.py
[21:17:34.503] [INFO] [Scheduler] Loaded custom algorithm from ALGORITHM_INFO: TestScriptAlgorithm
[21:17:34.503] [ERROR] [Scheduler] Error loading custom algorithm from C:\Users\buaal\Desktop\NeuroPrime\custom_algorithms\testscriptalgorithm.py: local variable 'found' referenced before assignment
[21:17:34.503] [ERROR] [Scheduler] Traceback: Traceback (most recent call last):
  File "C:\Users\buaal\Desktop\NeuroPrime\src\algorithms\scheduler.py", line 255, in _load_custom_algorithms
    if not found:
UnboundLocalError: local variable 'found' referenced before assignment

[21:17:34.503] [INFO] [Scheduler] Loading custom algorithm from: C:\Users\buaal\Desktop\NeuroPrime\custom_algorithms\viewlfpdata.py
[21:17:34.507] [INFO] [Scheduler] Loaded custom algorithm from ALGORITHM_INFO: ViewLFPData
[21:17:34.507] [ERROR] [Scheduler] Error loading custom algorithm from C:\Users\buaal\Desktop\NeuroPrime\custom_algorithms\viewlfpdata.py: local variable 'found' referenced before assignment
[21:17:34.507] [ERROR] [Scheduler] Traceback: Traceback (most recent call last):
  File "C:\Users\buaal\Desktop\NeuroPrime\src\algorithms\scheduler.py", line 255, in _load_custom_algorithms
    if not found:
UnboundLocalError: local variable 'found' referenced before assignment

[21:17:34.508] [INFO] [Scheduler] Loading custom algorithm from: C:\Users\buaal\Desktop\NeuroPrime\custom_algorithms\view_raw_lfp_data.py
[21:17:34.509] [INFO] [Scheduler] Loaded custom algorithm from ALGORITHM_INFO: ViewRawLFPData
[21:17:34.510] [ERROR] [Scheduler] Error loading custom algorithm from C:\Users\buaal\Desktop\NeuroPrime\custom_algorithms\view_raw_lfp_data.py: local variable 'found' referenced before assignment
[21:17:34.510] [ERROR] [Scheduler] Traceback: Traceback (most recent call last):
  File "C:\Users\buaal\Desktop\NeuroPrime\src\algorithms\scheduler.py", line 255, in _load_custom_algorithms
    if not found:
UnboundLocalError: local variable 'found' referenced before assignment

[21:18:16.750] [INFO] add_data_item 被调用
[21:18:16.750] [DEBUG] data_item_type = <class 'dict'> (type: type)
[21:18:16.751] [INFO] add_data_item 被调用
[21:18:16.751] [DEBUG] data_item_type = <class 'dict'> (type: type)
[21:18:16.751] [INFO] add_data_item 被调用
[21:18:16.751] [DEBUG] data_item_type = <class 'dict'> (type: type)
[21:18:16.751] [INFO] add_data_item 被调用
[21:18:16.751] [DEBUG] data_item_type = <class 'dict'> (type: type)
[21:18:19.548] [INFO] add_data_item 被调用
[21:18:19.548] [DEBUG] data_item_type = <class 'dict'> (type: type)
[21:18:20.599] [INFO] ============================================================
[21:18:20.599] [INFO] _populate_custom_algorithms started
[21:18:20.599] [INFO] Attempting to reload custom algorithms...
[21:18:20.599] [INFO] Removed module from cache: src.algorithms.base
[21:18:20.599] [INFO] Removed module from cache: src.algorithms.scheduler
[21:18:20.599] [INFO] Removed module from cache: src.algorithms.spike_detection
[21:18:20.599] [INFO] Removed module from cache: src.algorithms.lfp_analysis
[21:18:20.599] [INFO] Removed module from cache: src.algorithms.behavior_analysis
[21:18:20.599] [INFO] Removed module from cache: src.algorithms.decoding
[21:18:20.599] [INFO] Removed module from cache: src.algorithms
[21:18:20.603] [INFO] [Scheduler] Removed pycache directory: C:\Users\buaal\Desktop\NeuroPrime\custom_algorithms\__pycache__
[21:18:20.603] [INFO] [Scheduler] NEUROPRIME_ROOT = C:\Users\buaal\Desktop\NeuroPrime
[21:18:20.604] [INFO] [Scheduler] Looking for custom algorithms in: C:\Users\buaal\Desktop\NeuroPrime\custom_algorithms
[21:18:20.604] [INFO] [Scheduler] Current working directory: C:\Users\buaal\Desktop\NeuroPrime
[21:18:20.604] [INFO] [Scheduler] Script directory: C:\Users\buaal\Desktop\NeuroPrime\src\algorithms
[21:18:20.604] [INFO] [Scheduler] Custom algorithms directory exists: C:\Users\buaal\Desktop\NeuroPrime\custom_algorithms
[21:18:20.604] [INFO] [Scheduler] Found 7 Python files: ['customalgorithm.py', 'customalgorithmnew.py', 'mnebasicalgorithm.py', 'testscriptalgorithm.py', 'viewlfpdata.py', 'view_raw_lfp_data.py', '__init__.py']
[21:18:20.604] [INFO] [Scheduler] Loading custom algorithm from: C:\Users\buaal\Desktop\NeuroPrime\custom_algorithms\customalgorithm.py
[21:18:20.613] [INFO] [Scheduler] Loaded custom algorithm from ALGORITHM_INFO: CustomAlgorithm
[21:18:20.613] [ERROR] [Scheduler] Error loading custom algorithm from C:\Users\buaal\Desktop\NeuroPrime\custom_algorithms\customalgorithm.py: local variable 'found' referenced before assignment
[21:18:20.614] [ERROR] [Scheduler] Traceback: Traceback (most recent call last):
  File "C:\Users\buaal\Desktop\NeuroPrime\src\algorithms\scheduler.py", line 255, in _load_custom_algorithms
    if not found:
UnboundLocalError: local variable 'found' referenced before assignment

[21:18:20.614] [INFO] [Scheduler] Loading custom algorithm from: C:\Users\buaal\Desktop\NeuroPrime\custom_algorithms\customalgorithmnew.py
[21:18:20.617] [INFO] [Scheduler] Loaded custom algorithm from ALGORITHM_INFO: CustomAlgorithmNew
[21:18:20.617] [ERROR] [Scheduler] Error loading custom algorithm from C:\Users\buaal\Desktop\NeuroPrime\custom_algorithms\customalgorithmnew.py: local variable 'found' referenced before assignment
[21:18:20.617] [ERROR] [Scheduler] Traceback: Traceback (most recent call last):
  File "C:\Users\buaal\Desktop\NeuroPrime\src\algorithms\scheduler.py", line 255, in _load_custom_algorithms
    if not found:
UnboundLocalError: local variable 'found' referenced before assignment

[21:18:20.617] [INFO] [Scheduler] Loading custom algorithm from: C:\Users\buaal\Desktop\NeuroPrime\custom_algorithms\mnebasicalgorithm.py
[21:18:20.645] [INFO] [Scheduler] Loaded custom algorithm from ALGORITHM_INFO: MNEBasicAlgorithm
[21:18:20.645] [ERROR] [Scheduler] Error loading custom algorithm from C:\Users\buaal\Desktop\NeuroPrime\custom_algorithms\mnebasicalgorithm.py: local variable 'found' referenced before assignment
[21:18:20.645] [ERROR] [Scheduler] Traceback: Traceback (most recent call last):
  File "C:\Users\buaal\Desktop\NeuroPrime\src\algorithms\scheduler.py", line 255, in _load_custom_algorithms
    if not found:
UnboundLocalError: local variable 'found' referenced before assignment

[21:18:20.645] [INFO] [Scheduler] Loading custom algorithm from: C:\Users\buaal\Desktop\NeuroPrime\custom_algorithms\testscriptalgorithm.py
[21:18:20.646] [INFO] [Scheduler] Loaded custom algorithm from ALGORITHM_INFO: TestScriptAlgorithm
[21:18:20.647] [ERROR] [Scheduler] Error loading custom algorithm from C:\Users\buaal\Desktop\NeuroPrime\custom_algorithms\testscriptalgorithm.py: local variable 'found' referenced before assignment
[21:18:20.647] [ERROR] [Scheduler] Traceback: Traceback (most recent call last):
  File "C:\Users\buaal\Desktop\NeuroPrime\src\algorithms\scheduler.py", line 255, in _load_custom_algorithms
    if not found:
UnboundLocalError: local variable 'found' referenced before assignment

[21:18:20.647] [INFO] [Scheduler] Loading custom algorithm from: C:\Users\buaal\Desktop\NeuroPrime\custom_algorithms\viewlfpdata.py
[21:18:20.649] [INFO] [Scheduler] Loaded custom algorithm from ALGORITHM_INFO: ViewLFPData
[21:18:20.649] [ERROR] [Scheduler] Error loading custom algorithm from C:\Users\buaal\Desktop\NeuroPrime\custom_algorithms\viewlfpdata.py: local variable 'found' referenced before assignment
[21:18:20.650] [ERROR] [Scheduler] Traceback: Traceback (most recent call last):
  File "C:\Users\buaal\Desktop\NeuroPrime\src\algorithms\scheduler.py", line 255, in _load_custom_algorithms
    if not found:
UnboundLocalError: local variable 'found' referenced before assignment

[21:18:20.650] [INFO] [Scheduler] Loading custom algorithm from: C:\Users\buaal\Desktop\NeuroPrime\custom_algorithms\view_raw_lfp_data.py
[21:18:20.652] [INFO] [Scheduler] Loaded custom algorithm from ALGORITHM_INFO: ViewRawLFPData
[21:18:20.652] [ERROR] [Scheduler] Error loading custom algorithm from C:\Users\buaal\Desktop\NeuroPrime\custom_algorithms\view_raw_lfp_data.py: local variable 'found' referenced before assignment
[21:18:20.653] [ERROR] [Scheduler] Traceback: Traceback (most recent call last):
  File "C:\Users\buaal\Desktop\NeuroPrime\src\algorithms\scheduler.py", line 255, in _load_custom_algorithms
    if not found:
UnboundLocalError: local variable 'found' referenced before assignment

[21:18:20.653] [INFO] Custom algorithms reload completed
[21:18:20.653] [INFO] Total algorithms available: 14
[21:18:20.653] [INFO] Added custom algorithm: MNEBasicAlgorithm (category: 自定义算法)
[21:18:20.653] [INFO] Added custom algorithm: ViewLFPData (category: 自定义算法)
[21:18:20.653] [INFO] Added custom algorithm: ViewRawLFPData (category: 自定义算法)
[21:18:20.653] [INFO] Total custom algorithms added: 3
[21:18:20.653] [INFO] ============================================================
[21:18:26.978] [INFO] ============================================================
[21:18:26.978] [INFO] _on_run_clicked 被调用
[21:18:26.978] [INFO] _get_selected_data_items 被调用
[21:18:26.978] [DEBUG] selected_data_items_len = 1 (type: int)
[21:18:26.978] [DEBUG] selected_data_items_0_type = <class 'dict'> (type: type)
[21:18:26.978] [INFO] 返回 1 个有效数据项
[21:18:26.978] [DEBUG] selected_data_type = <class 'list'> (type: type)
[21:18:26.978] [DEBUG] selected_data_len = 1 (type: int)
[21:18:26.978] [DEBUG] item_0_type = <class 'dict'> (type: type)
[21:18:26.978] [INFO] item[0] keys: ['id', 'display_name', 'trial_name', 'data_type', 'description', 'time_range']
[21:18:26.978] [INFO] 自定义算法使用默认参数: {'n_components': 6, 'freq_min': 8.0, 'freq_max': 30.0, 'n_cycles': 3}
[21:18:26.978] [DEBUG] parameters_keys = ['n_components', 'freq_min', 'freq_max', 'n_cycles'] (type: list)
[21:18:26.978] [DEBUG] algorithm_name = MNEBasicAlgorithm (type: str)
[21:18:26.978] [DEBUG] current_algorithm = MNEBasicAlgorithm (type: str)
[21:18:26.978] [INFO] 发送请求: algorithm=MNEBasicAlgorithm, data_items数量=1
[21:18:26.978] [INFO] ============================================================
[21:18:26.978] [INFO] _on_run_analysis 被调用
[21:18:26.978] [DEBUG] params_type = <class 'dict'> (type: type)
[21:18:26.978] [DEBUG] algorithm_name = MNEBasicAlgorithm (type: str)
[21:18:26.978] [DEBUG] data_items_type = <class 'list'> (type: type)
[21:18:26.978] [DEBUG] data_items_len = 1 (type: int)
[21:18:26.978] [DEBUG] parameters_type = <class 'dict'> (type: type)
[21:18:26.978] [DEBUG] time_alignment_type = <class 'NoneType'> (type: type)
[21:18:26.978] [INFO] data_items[0] type: <class 'dict'>
[21:18:26.979] [INFO] data_items[0] keys: ['id', 'display_name', 'trial_name', 'data_type', 'description', 'time_range']
[21:18:26.979] [INFO] ============================================================
[21:18:26.979] [INFO] _run_analysis_async 被调用
[21:18:26.979] [DEBUG] algorithm_name = MNEBasicAlgorithm (type: str)
[21:18:26.979] [DEBUG] data_items_type = <class 'list'> (type: type)
[21:18:26.979] [DEBUG] data_items_len = 1 (type: int)
[21:18:26.979] [DEBUG] parameters_keys = ['n_components', 'freq_min', 'freq_max', 'n_cycles'] (type: list)
[21:18:26.979] [INFO] data_items[0] type: <class 'dict'>
[21:18:26.979] [INFO] data_items[0] keys: ['id', 'display_name', 'trial_name', 'data_type', 'description', 'time_range']
