[22:58:27.695] [INFO] ============================================================
[22:58:27.695] [INFO] NeuroPrime 调试日志
[22:58:27.695] [INFO] 启动时间: 2026-04-17 22:58:27
[22:58:27.695] [INFO] Python版本: 3.10.10 (tags/v3.10.10:aad5f6a, Feb  7 2023, 17:20:36) [MSC v.1929 64 bit (AMD64)]
[22:58:27.695] [INFO] 日志文件: C:\Users\buaal\Desktop\NeuroPrime\logs\debug_20260417_225827.log
[22:58:27.695] [INFO] ============================================================
[22:58:29.804] [INFO] [Scheduler] Removed pycache directory: C:\Users\buaal\Desktop\NeuroPrime\custom_algorithms\__pycache__
[22:58:29.804] [INFO] [Scheduler] NEUROPRIME_ROOT = C:\Users\buaal\Desktop\NeuroPrime
[22:58:29.804] [INFO] [Scheduler] Looking for custom algorithms in: C:\Users\buaal\Desktop\NeuroPrime\custom_algorithms
[22:58:29.804] [INFO] [Scheduler] Current working directory: C:\Users\buaal\Desktop\NeuroPrime
[22:58:29.804] [INFO] [Scheduler] Script directory: C:\Users\buaal\Desktop\NeuroPrime\src\algorithms
[22:58:29.804] [INFO] [Scheduler] Custom algorithms directory exists: C:\Users\buaal\Desktop\NeuroPrime\custom_algorithms
[22:58:29.804] [INFO] [Scheduler] Found 6 Python files: ['customalgorithm.py', 'customalgorithmnew.py', 'testscriptalgorithm.py', 'viewlfpdata.py', 'view_raw_lfp_data.py', '__init__.py']
[22:58:29.804] [INFO] [Scheduler] Loading custom algorithm from: C:\Users\buaal\Desktop\NeuroPrime\custom_algorithms\customalgorithm.py
[22:58:30.269] [INFO] [Scheduler] Loaded custom algorithm from ALGORITHM_INFO: CustomAlgorithm
[22:58:30.269] [ERROR] [Scheduler] Error loading custom algorithm from C:\Users\buaal\Desktop\NeuroPrime\custom_algorithms\customalgorithm.py: local variable 'found' referenced before assignment
[22:58:30.269] [ERROR] [Scheduler] Traceback: Traceback (most recent call last):
  File "C:\Users\buaal\Desktop\NeuroPrime\src\algorithms\scheduler.py", line 255, in _load_custom_algorithms
    if not found:
UnboundLocalError: local variable 'found' referenced before assignment

[22:58:30.269] [INFO] [Scheduler] Loading custom algorithm from: C:\Users\buaal\Desktop\NeuroPrime\custom_algorithms\customalgorithmnew.py
[22:58:30.273] [INFO] [Scheduler] Loaded custom algorithm from ALGORITHM_INFO: CustomAlgorithmNew
[22:58:30.273] [ERROR] [Scheduler] Error loading custom algorithm from C:\Users\buaal\Desktop\NeuroPrime\custom_algorithms\customalgorithmnew.py: local variable 'found' referenced before assignment
[22:58:30.273] [ERROR] [Scheduler] Traceback: Traceback (most recent call last):
  File "C:\Users\buaal\Desktop\NeuroPrime\src\algorithms\scheduler.py", line 255, in _load_custom_algorithms
    if not found:
UnboundLocalError: local variable 'found' referenced before assignment

[22:58:30.273] [INFO] [Scheduler] Loading custom algorithm from: C:\Users\buaal\Desktop\NeuroPrime\custom_algorithms\testscriptalgorithm.py
[22:58:30.313] [INFO] [Scheduler] Loaded custom algorithm from ALGORITHM_INFO: TestScriptAlgorithm
[22:58:30.313] [ERROR] [Scheduler] Error loading custom algorithm from C:\Users\buaal\Desktop\NeuroPrime\custom_algorithms\testscriptalgorithm.py: local variable 'found' referenced before assignment
[22:58:30.313] [ERROR] [Scheduler] Traceback: Traceback (most recent call last):
  File "C:\Users\buaal\Desktop\NeuroPrime\src\algorithms\scheduler.py", line 255, in _load_custom_algorithms
    if not found:
UnboundLocalError: local variable 'found' referenced before assignment

[22:58:30.313] [INFO] [Scheduler] Loading custom algorithm from: C:\Users\buaal\Desktop\NeuroPrime\custom_algorithms\viewlfpdata.py
[22:58:30.317] [INFO] [Scheduler] Loaded custom algorithm from ALGORITHM_INFO: ViewLFPData
[22:58:30.317] [ERROR] [Scheduler] Error loading custom algorithm from C:\Users\buaal\Desktop\NeuroPrime\custom_algorithms\viewlfpdata.py: local variable 'found' referenced before assignment
[22:58:30.320] [ERROR] [Scheduler] Traceback: Traceback (most recent call last):
  File "C:\Users\buaal\Desktop\NeuroPrime\src\algorithms\scheduler.py", line 255, in _load_custom_algorithms
    if not found:
UnboundLocalError: local variable 'found' referenced before assignment

[22:58:30.320] [INFO] [Scheduler] Loading custom algorithm from: C:\Users\buaal\Desktop\NeuroPrime\custom_algorithms\view_raw_lfp_data.py
[22:58:30.322] [INFO] [Scheduler] Loaded custom algorithm from ALGORITHM_INFO: ViewRawLFPData
[22:58:30.322] [ERROR] [Scheduler] Error loading custom algorithm from C:\Users\buaal\Desktop\NeuroPrime\custom_algorithms\view_raw_lfp_data.py: local variable 'found' referenced before assignment
[22:58:30.322] [ERROR] [Scheduler] Traceback: Traceback (most recent call last):
  File "C:\Users\buaal\Desktop\NeuroPrime\src\algorithms\scheduler.py", line 255, in _load_custom_algorithms
    if not found:
UnboundLocalError: local variable 'found' referenced before assignment

