[23:03:10.860] [INFO] ============================================================
[23:03:10.862] [INFO] NeuroPrime 调试日志
[23:03:10.862] [INFO] 启动时间: 2026-04-12 23:03:10
[23:03:10.862] [INFO] Python版本: 3.10.10 (tags/v3.10.10:aad5f6a, Feb  7 2023, 17:20:36) [MSC v.1929 64 bit (AMD64)]
[23:03:10.862] [INFO] 日志文件: c:\Users\buaal\Desktop\NeuroPrime\logs\debug_20260412_230310.log
[23:03:10.862] [INFO] ============================================================
[23:03:12.833] [INFO] [Scheduler] NEUROPRIME_ROOT = c:\Users\buaal\Desktop\NeuroPrime
[23:03:12.833] [INFO] [Scheduler] Looking for custom algorithms in: c:\Users\buaal\Desktop\NeuroPrime\custom_algorithms
[23:03:12.833] [INFO] [Scheduler] Current working directory: c:\Users\buaal\Desktop\NeuroPrime
[23:03:12.833] [INFO] [Scheduler] Script directory: c:\Users\buaal\Desktop\NeuroPrime\src\algorithms
[23:03:12.833] [INFO] [Scheduler] Custom algorithms directory exists: c:\Users\buaal\Desktop\NeuroPrime\custom_algorithms
[23:03:12.833] [INFO] [Scheduler] Found 2 Python files: ['view_raw_lfp_data.py', '__init__.py']
[23:03:12.833] [INFO] [Scheduler] Loading custom algorithm from: c:\Users\buaal\Desktop\NeuroPrime\custom_algorithms\view_raw_lfp_data.py
[23:03:12.846] [INFO] [Scheduler] Loaded custom algorithm from ALGORITHM_INFO: ViewRawLFPData
[23:03:12.846] [INFO] [Scheduler] Searching for algorithm classes in c:\Users\buaal\Desktop\NeuroPrime\custom_algorithms\view_raw_lfp_data.py...
[23:03:12.846] [INFO] [Scheduler] Loaded custom algorithm: ViewRawLFPData
[23:03:26.711] [INFO] add_data_item 被调用
[23:03:26.711] [DEBUG] data_item_type = <class 'dict'> (type: type)
[23:03:34.087] [INFO] ============================================================
[23:03:34.089] [INFO] _on_run_clicked 被调用
[23:03:34.089] [INFO] _get_selected_data_items 被调用
[23:03:34.089] [DEBUG] selected_data_items_len = 1 (type: int)
[23:03:34.089] [DEBUG] selected_data_items_0_type = <class 'dict'> (type: type)
[23:03:34.089] [INFO] 返回 1 个有效数据项
[23:03:34.089] [DEBUG] selected_data_type = <class 'list'> (type: type)
[23:03:34.089] [DEBUG] selected_data_len = 1 (type: int)
[23:03:34.089] [DEBUG] item_0_type = <class 'dict'> (type: type)
[23:03:34.089] [INFO] item[0] keys: ['id', 'display_name', 'trial_name', 'data_type', 'description', 'time_range']
[23:03:34.089] [DEBUG] parameters_keys = ['pre_time', 'post_time', 'metric', 'stim_condition_key'] (type: list)
[23:03:34.089] [DEBUG] algorithm_name = TuningCurveAnalysis (type: str)
[23:03:34.089] [DEBUG] current_algorithm = TuningCurveAnalysis (type: str)
[23:03:34.089] [INFO] 发送请求: algorithm=TuningCurveAnalysis, data_items数量=1
[23:03:34.089] [INFO] ============================================================
[23:03:34.089] [INFO] _on_run_analysis 被调用
[23:03:34.089] [DEBUG] params_type = <class 'dict'> (type: type)
[23:03:34.089] [DEBUG] algorithm_name = TuningCurveAnalysis (type: str)
[23:03:34.090] [DEBUG] data_items_type = <class 'list'> (type: type)
[23:03:34.090] [DEBUG] data_items_len = 1 (type: int)
[23:03:34.090] [DEBUG] parameters_type = <class 'dict'> (type: type)
[23:03:34.090] [DEBUG] time_alignment_type = <class 'NoneType'> (type: type)
[23:03:34.090] [INFO] data_items[0] type: <class 'dict'>
[23:03:34.090] [INFO] data_items[0] keys: ['id', 'display_name', 'trial_name', 'data_type', 'description', 'time_range']
[23:03:34.090] [INFO] ============================================================
[23:03:34.090] [INFO] _run_analysis_async 被调用
[23:03:34.090] [DEBUG] algorithm_name = TuningCurveAnalysis (type: str)
[23:03:34.090] [DEBUG] data_items_type = <class 'list'> (type: type)
[23:03:34.090] [DEBUG] data_items_len = 1 (type: int)
[23:03:34.090] [DEBUG] parameters_keys = ['pre_time', 'post_time', 'metric', 'stim_condition_key'] (type: list)
[23:03:34.090] [INFO] data_items[0] type: <class 'dict'>
[23:03:34.090] [INFO] data_items[0] keys: ['id', 'display_name', 'trial_name', 'data_type', 'description', 'time_range']
