[11:17:41.384] [INFO] ============================================================
[11:17:41.384] [INFO] NeuroPrime 调试日志
[11:17:41.385] [INFO] 启动时间: 2026-04-22 11:17:41
[11:17:41.385] [INFO] Python版本: 3.14.4 (tags/v3.14.4:23116f9, Apr  7 2026, 14:10:54) [MSC v.1944 64 bit (AMD64)]
[11:17:41.385] [INFO] 日志文件: C:\Users\Administrator\Desktop\new hope\code\NeuroPrime\logs\debug_20260422_111741.log
[11:17:41.385] [INFO] ============================================================
[11:17:48.289] [INFO] [Scheduler] Removed pycache directory: C:\Users\Administrator\Desktop\new hope\code\NeuroPrime\custom_algorithms\__pycache__
[11:17:48.290] [INFO] [Scheduler] NEUROPRIME_ROOT = C:\Users\Administrator\Desktop\new hope\code\NeuroPrime
[11:17:48.290] [INFO] [Scheduler] Looking for custom algorithms in: C:\Users\Administrator\Desktop\new hope\code\NeuroPrime\custom_algorithms
[11:17:48.290] [INFO] [Scheduler] Current working directory: C:\Users\Administrator\Desktop\new hope\code\NeuroPrime
[11:17:48.290] [INFO] [Scheduler] Script directory: C:\Users\Administrator\Desktop\new hope\code\NeuroPrime\src\algorithms
[11:17:48.290] [INFO] [Scheduler] Custom algorithms directory exists: C:\Users\Administrator\Desktop\new hope\code\NeuroPrime\custom_algorithms
[11:17:48.291] [INFO] [Scheduler] Found 21 Python files: ['customalgorithm.py', 'customalgorithmnew.py', 'mnealgorithm.py', 'mnebadchanneldetectionalgorithm.py', 'mnebeamformingalgorithm.py', 'mnedipolefittingalgorithm.py', 'mneeffectiveconnectivityalgorithm.py', 'mneerpalgorithm.py', 'mnefilteringalgorithm.py', 'mnefunctionalconnectivityalgorithm.py', 'mneicaalgorithm.py', 'mneicaartifactremovalalgorithm.py', 'mnepowerspectrumalgorithm.py', 'mneresamplingalgorithm.py', 'mnesourcelocalizationalgorithm.py', 'mnespectralconnectivityalgorithm.py', 'mnetimefrequencyalgorithm.py', 'testscriptalgorithm.py', 'viewlfpdata.py', 'view_raw_lfp_data.py', '__init__.py']
[11:17:48.291] [INFO] [Scheduler] Loading custom algorithm from: C:\Users\Administrator\Desktop\new hope\code\NeuroPrime\custom_algorithms\customalgorithm.py
[11:17:51.953] [INFO] [Scheduler] Loaded custom algorithm from ALGORITHM_INFO: CustomAlgorithm
[11:17:51.953] [ERROR] [Scheduler] Error loading custom algorithm from C:\Users\Administrator\Desktop\new hope\code\NeuroPrime\custom_algorithms\customalgorithm.py: cannot access local variable 'found' where it is not associated with a value
[11:17:51.954] [ERROR] [Scheduler] Traceback: Traceback (most recent call last):
  File "C:\Users\Administrator\Desktop\new hope\code\NeuroPrime\src\algorithms\scheduler.py", line 257, in _load_custom_algorithms
    if not found:
           ^^^^^
UnboundLocalError: cannot access local variable 'found' where it is not associated with a value

[11:17:51.954] [INFO] [Scheduler] Loading custom algorithm from: C:\Users\Administrator\Desktop\new hope\code\NeuroPrime\custom_algorithms\customalgorithmnew.py
[11:17:51.968] [INFO] [Scheduler] Loaded custom algorithm from ALGORITHM_INFO: CustomAlgorithmNew
[11:17:51.968] [ERROR] [Scheduler] Error loading custom algorithm from C:\Users\Administrator\Desktop\new hope\code\NeuroPrime\custom_algorithms\customalgorithmnew.py: cannot access local variable 'found' where it is not associated with a value
[11:17:51.969] [ERROR] [Scheduler] Traceback: Traceback (most recent call last):
  File "C:\Users\Administrator\Desktop\new hope\code\NeuroPrime\src\algorithms\scheduler.py", line 257, in _load_custom_algorithms
    if not found:
           ^^^^^
UnboundLocalError: cannot access local variable 'found' where it is not associated with a value

[11:17:51.969] [INFO] [Scheduler] Loading custom algorithm from: C:\Users\Administrator\Desktop\new hope\code\NeuroPrime\custom_algorithms\mnealgorithm.py
[11:17:51.982] [ERROR] [Scheduler] Error loading custom algorithm from C:\Users\Administrator\Desktop\new hope\code\NeuroPrime\custom_algorithms\mnealgorithm.py: No module named 'mne'
[11:17:51.983] [ERROR] [Scheduler] Traceback: Traceback (most recent call last):
  File "C:\Users\Administrator\Desktop\new hope\code\NeuroPrime\src\algorithms\scheduler.py", line 220, in _load_custom_algorithms
    spec.loader.exec_module(module)
    ~~~~~~~~~~~~~~~~~~~~~~~^^^^^^^^
  File "<frozen importlib._bootstrap_external>", line 759, in exec_module
  File "<frozen importlib._bootstrap>", line 491, in _call_with_frames_removed
  File "C:\Users\Administrator\Desktop\new hope\code\NeuroPrime\custom_algorithms\mnealgorithm.py", line 10, in <module>
    import mne
ModuleNotFoundError: No module named 'mne'

[11:17:51.983] [INFO] [Scheduler] Loading custom algorithm from: C:\Users\Administrator\Desktop\new hope\code\NeuroPrime\custom_algorithms\mnebadchanneldetectionalgorithm.py
[11:17:51.995] [ERROR] [Scheduler] Error loading custom algorithm from C:\Users\Administrator\Desktop\new hope\code\NeuroPrime\custom_algorithms\mnebadchanneldetectionalgorithm.py: No module named 'mne'
[11:17:51.996] [ERROR] [Scheduler] Traceback: Traceback (most recent call last):
  File "C:\Users\Administrator\Desktop\new hope\code\NeuroPrime\src\algorithms\scheduler.py", line 220, in _load_custom_algorithms
    spec.loader.exec_module(module)
    ~~~~~~~~~~~~~~~~~~~~~~~^^^^^^^^
  File "<frozen importlib._bootstrap_external>", line 759, in exec_module
  File "<frozen importlib._bootstrap>", line 491, in _call_with_frames_removed
  File "C:\Users\Administrator\Desktop\new hope\code\NeuroPrime\custom_algorithms\mnebadchanneldetectionalgorithm.py", line 59, in <module>
    import mne
ModuleNotFoundError: No module named 'mne'

[11:17:51.996] [INFO] [Scheduler] Loading custom algorithm from: C:\Users\Administrator\Desktop\new hope\code\NeuroPrime\custom_algorithms\mnebeamformingalgorithm.py
[11:17:52.014] [ERROR] [Scheduler] Error loading custom algorithm from C:\Users\Administrator\Desktop\new hope\code\NeuroPrime\custom_algorithms\mnebeamformingalgorithm.py: No module named 'mne'
[11:17:52.016] [ERROR] [Scheduler] Traceback: Traceback (most recent call last):
  File "C:\Users\Administrator\Desktop\new hope\code\NeuroPrime\src\algorithms\scheduler.py", line 220, in _load_custom_algorithms
    spec.loader.exec_module(module)
    ~~~~~~~~~~~~~~~~~~~~~~~^^^^^^^^
  File "<frozen importlib._bootstrap_external>", line 759, in exec_module
  File "<frozen importlib._bootstrap>", line 491, in _call_with_frames_removed
  File "C:\Users\Administrator\Desktop\new hope\code\NeuroPrime\custom_algorithms\mnebeamformingalgorithm.py", line 60, in <module>
    import mne
ModuleNotFoundError: No module named 'mne'

[11:17:52.016] [INFO] [Scheduler] Loading custom algorithm from: C:\Users\Administrator\Desktop\new hope\code\NeuroPrime\custom_algorithms\mnedipolefittingalgorithm.py
[11:17:52.031] [ERROR] [Scheduler] Error loading custom algorithm from C:\Users\Administrator\Desktop\new hope\code\NeuroPrime\custom_algorithms\mnedipolefittingalgorithm.py: No module named 'mne'
[11:17:52.033] [ERROR] [Scheduler] Traceback: Traceback (most recent call last):
  File "C:\Users\Administrator\Desktop\new hope\code\NeuroPrime\src\algorithms\scheduler.py", line 220, in _load_custom_algorithms
    spec.loader.exec_module(module)
    ~~~~~~~~~~~~~~~~~~~~~~~^^^^^^^^
  File "<frozen importlib._bootstrap_external>", line 759, in exec_module
  File "<frozen importlib._bootstrap>", line 491, in _call_with_frames_removed
  File "C:\Users\Administrator\Desktop\new hope\code\NeuroPrime\custom_algorithms\mnedipolefittingalgorithm.py", line 60, in <module>
    import mne
ModuleNotFoundError: No module named 'mne'

[11:17:52.033] [INFO] [Scheduler] Loading custom algorithm from: C:\Users\Administrator\Desktop\new hope\code\NeuroPrime\custom_algorithms\mneeffectiveconnectivityalgorithm.py
[11:17:52.048] [ERROR] [Scheduler] Error loading custom algorithm from C:\Users\Administrator\Desktop\new hope\code\NeuroPrime\custom_algorithms\mneeffectiveconnectivityalgorithm.py: No module named 'mne'
[11:17:52.050] [ERROR] [Scheduler] Traceback: Traceback (most recent call last):
  File "C:\Users\Administrator\Desktop\new hope\code\NeuroPrime\src\algorithms\scheduler.py", line 220, in _load_custom_algorithms
    spec.loader.exec_module(module)
    ~~~~~~~~~~~~~~~~~~~~~~~^^^^^^^^
  File "<frozen importlib._bootstrap_external>", line 759, in exec_module
  File "<frozen importlib._bootstrap>", line 491, in _call_with_frames_removed
  File "C:\Users\Administrator\Desktop\new hope\code\NeuroPrime\custom_algorithms\mneeffectiveconnectivityalgorithm.py", line 87, in <module>
    import mne
ModuleNotFoundError: No module named 'mne'

[11:17:52.050] [INFO] [Scheduler] Loading custom algorithm from: C:\Users\Administrator\Desktop\new hope\code\NeuroPrime\custom_algorithms\mneerpalgorithm.py
[11:17:52.061] [ERROR] [Scheduler] Error loading custom algorithm from C:\Users\Administrator\Desktop\new hope\code\NeuroPrime\custom_algorithms\mneerpalgorithm.py: No module named 'mne'
[11:17:52.063] [ERROR] [Scheduler] Traceback: Traceback (most recent call last):
  File "C:\Users\Administrator\Desktop\new hope\code\NeuroPrime\src\algorithms\scheduler.py", line 220, in _load_custom_algorithms
    spec.loader.exec_module(module)
    ~~~~~~~~~~~~~~~~~~~~~~~^^^^^^^^
  File "<frozen importlib._bootstrap_external>", line 759, in exec_module
  File "<frozen importlib._bootstrap>", line 491, in _call_with_frames_removed
  File "C:\Users\Administrator\Desktop\new hope\code\NeuroPrime\custom_algorithms\mneerpalgorithm.py", line 60, in <module>
    import mne
ModuleNotFoundError: No module named 'mne'

[11:17:52.063] [INFO] [Scheduler] Loading custom algorithm from: C:\Users\Administrator\Desktop\new hope\code\NeuroPrime\custom_algorithms\mnefilteringalgorithm.py
[11:17:52.075] [ERROR] [Scheduler] Error loading custom algorithm from C:\Users\Administrator\Desktop\new hope\code\NeuroPrime\custom_algorithms\mnefilteringalgorithm.py: No module named 'mne'
[11:17:52.076] [ERROR] [Scheduler] Traceback: Traceback (most recent call last):
  File "C:\Users\Administrator\Desktop\new hope\code\NeuroPrime\src\algorithms\scheduler.py", line 220, in _load_custom_algorithms
    spec.loader.exec_module(module)
    ~~~~~~~~~~~~~~~~~~~~~~~^^^^^^^^
  File "<frozen importlib._bootstrap_external>", line 759, in exec_module
  File "<frozen importlib._bootstrap>", line 491, in _call_with_frames_removed
  File "C:\Users\Administrator\Desktop\new hope\code\NeuroPrime\custom_algorithms\mnefilteringalgorithm.py", line 60, in <module>
    import mne
ModuleNotFoundError: No module named 'mne'

[11:17:52.076] [INFO] [Scheduler] Loading custom algorithm from: C:\Users\Administrator\Desktop\new hope\code\NeuroPrime\custom_algorithms\mnefunctionalconnectivityalgorithm.py
[11:17:52.089] [ERROR] [Scheduler] Error loading custom algorithm from C:\Users\Administrator\Desktop\new hope\code\NeuroPrime\custom_algorithms\mnefunctionalconnectivityalgorithm.py: No module named 'mne'
[11:17:52.090] [ERROR] [Scheduler] Traceback: Traceback (most recent call last):
  File "C:\Users\Administrator\Desktop\new hope\code\NeuroPrime\src\algorithms\scheduler.py", line 220, in _load_custom_algorithms
    spec.loader.exec_module(module)
    ~~~~~~~~~~~~~~~~~~~~~~~^^^^^^^^
  File "<frozen importlib._bootstrap_external>", line 759, in exec_module
  File "<frozen importlib._bootstrap>", line 491, in _call_with_frames_removed
  File "C:\Users\Administrator\Desktop\new hope\code\NeuroPrime\custom_algorithms\mnefunctionalconnectivityalgorithm.py", line 60, in <module>
    import mne
ModuleNotFoundError: No module named 'mne'

[11:17:52.090] [INFO] [Scheduler] Loading custom algorithm from: C:\Users\Administrator\Desktop\new hope\code\NeuroPrime\custom_algorithms\mneicaalgorithm.py
[11:17:52.102] [ERROR] [Scheduler] Error loading custom algorithm from C:\Users\Administrator\Desktop\new hope\code\NeuroPrime\custom_algorithms\mneicaalgorithm.py: No module named 'mne'
[11:17:52.103] [ERROR] [Scheduler] Traceback: Traceback (most recent call last):
  File "C:\Users\Administrator\Desktop\new hope\code\NeuroPrime\src\algorithms\scheduler.py", line 220, in _load_custom_algorithms
    spec.loader.exec_module(module)
    ~~~~~~~~~~~~~~~~~~~~~~~^^^^^^^^
  File "<frozen importlib._bootstrap_external>", line 759, in exec_module
  File "<frozen importlib._bootstrap>", line 491, in _call_with_frames_removed
  File "C:\Users\Administrator\Desktop\new hope\code\NeuroPrime\custom_algorithms\mneicaalgorithm.py", line 57, in <module>
    import mne
ModuleNotFoundError: No module named 'mne'

[11:17:52.104] [INFO] [Scheduler] Loading custom algorithm from: C:\Users\Administrator\Desktop\new hope\code\NeuroPrime\custom_algorithms\mneicaartifactremovalalgorithm.py
[11:17:52.115] [ERROR] [Scheduler] Error loading custom algorithm from C:\Users\Administrator\Desktop\new hope\code\NeuroPrime\custom_algorithms\mneicaartifactremovalalgorithm.py: No module named 'mne'
[11:17:52.116] [ERROR] [Scheduler] Traceback: Traceback (most recent call last):
  File "C:\Users\Administrator\Desktop\new hope\code\NeuroPrime\src\algorithms\scheduler.py", line 220, in _load_custom_algorithms
    spec.loader.exec_module(module)
    ~~~~~~~~~~~~~~~~~~~~~~~^^^^^^^^
  File "<frozen importlib._bootstrap_external>", line 759, in exec_module
  File "<frozen importlib._bootstrap>", line 491, in _call_with_frames_removed
  File "C:\Users\Administrator\Desktop\new hope\code\NeuroPrime\custom_algorithms\mneicaartifactremovalalgorithm.py", line 60, in <module>
    import mne
ModuleNotFoundError: No module named 'mne'

[11:17:52.116] [INFO] [Scheduler] Loading custom algorithm from: C:\Users\Administrator\Desktop\new hope\code\NeuroPrime\custom_algorithms\mnepowerspectrumalgorithm.py
[11:17:52.169] [ERROR] [Scheduler] Error loading custom algorithm from C:\Users\Administrator\Desktop\new hope\code\NeuroPrime\custom_algorithms\mnepowerspectrumalgorithm.py: No module named 'mne'
[11:17:52.171] [ERROR] [Scheduler] Traceback: Traceback (most recent call last):
  File "C:\Users\Administrator\Desktop\new hope\code\NeuroPrime\src\algorithms\scheduler.py", line 220, in _load_custom_algorithms
    spec.loader.exec_module(module)
    ~~~~~~~~~~~~~~~~~~~~~~~^^^^^^^^
  File "<frozen importlib._bootstrap_external>", line 759, in exec_module
  File "<frozen importlib._bootstrap>", line 491, in _call_with_frames_removed
  File "C:\Users\Administrator\Desktop\new hope\code\NeuroPrime\custom_algorithms\mnepowerspectrumalgorithm.py", line 60, in <module>
    import mne
ModuleNotFoundError: No module named 'mne'

[11:17:52.171] [INFO] [Scheduler] Loading custom algorithm from: C:\Users\Administrator\Desktop\new hope\code\NeuroPrime\custom_algorithms\mneresamplingalgorithm.py
[11:17:52.187] [ERROR] [Scheduler] Error loading custom algorithm from C:\Users\Administrator\Desktop\new hope\code\NeuroPrime\custom_algorithms\mneresamplingalgorithm.py: No module named 'mne'
[11:17:52.188] [ERROR] [Scheduler] Traceback: Traceback (most recent call last):
  File "C:\Users\Administrator\Desktop\new hope\code\NeuroPrime\src\algorithms\scheduler.py", line 220, in _load_custom_algorithms
    spec.loader.exec_module(module)
    ~~~~~~~~~~~~~~~~~~~~~~~^^^^^^^^
  File "<frozen importlib._bootstrap_external>", line 759, in exec_module
  File "<frozen importlib._bootstrap>", line 491, in _call_with_frames_removed
  File "C:\Users\Administrator\Desktop\new hope\code\NeuroPrime\custom_algorithms\mneresamplingalgorithm.py", line 59, in <module>
    import mne
ModuleNotFoundError: No module named 'mne'

[11:17:52.188] [INFO] [Scheduler] Loading custom algorithm from: C:\Users\Administrator\Desktop\new hope\code\NeuroPrime\custom_algorithms\mnesourcelocalizationalgorithm.py
[11:17:52.203] [ERROR] [Scheduler] Error loading custom algorithm from C:\Users\Administrator\Desktop\new hope\code\NeuroPrime\custom_algorithms\mnesourcelocalizationalgorithm.py: No module named 'mne'
[11:17:52.205] [ERROR] [Scheduler] Traceback: Traceback (most recent call last):
  File "C:\Users\Administrator\Desktop\new hope\code\NeuroPrime\src\algorithms\scheduler.py", line 220, in _load_custom_algorithms
    spec.loader.exec_module(module)
    ~~~~~~~~~~~~~~~~~~~~~~~^^^^^^^^
  File "<frozen importlib._bootstrap_external>", line 759, in exec_module
  File "<frozen importlib._bootstrap>", line 491, in _call_with_frames_removed
  File "C:\Users\Administrator\Desktop\new hope\code\NeuroPrime\custom_algorithms\mnesourcelocalizationalgorithm.py", line 57, in <module>
    import mne
ModuleNotFoundError: No module named 'mne'

[11:17:52.205] [INFO] [Scheduler] Loading custom algorithm from: C:\Users\Administrator\Desktop\new hope\code\NeuroPrime\custom_algorithms\mnespectralconnectivityalgorithm.py
[11:17:52.222] [ERROR] [Scheduler] Error loading custom algorithm from C:\Users\Administrator\Desktop\new hope\code\NeuroPrime\custom_algorithms\mnespectralconnectivityalgorithm.py: No module named 'mne'
[11:17:52.223] [ERROR] [Scheduler] Traceback: Traceback (most recent call last):
  File "C:\Users\Administrator\Desktop\new hope\code\NeuroPrime\src\algorithms\scheduler.py", line 220, in _load_custom_algorithms
    spec.loader.exec_module(module)
    ~~~~~~~~~~~~~~~~~~~~~~~^^^^^^^^
  File "<frozen importlib._bootstrap_external>", line 759, in exec_module
  File "<frozen importlib._bootstrap>", line 491, in _call_with_frames_removed
  File "C:\Users\Administrator\Desktop\new hope\code\NeuroPrime\custom_algorithms\mnespectralconnectivityalgorithm.py", line 89, in <module>
    import mne
ModuleNotFoundError: No module named 'mne'

[11:17:52.223] [INFO] [Scheduler] Loading custom algorithm from: C:\Users\Administrator\Desktop\new hope\code\NeuroPrime\custom_algorithms\mnetimefrequencyalgorithm.py
[11:17:52.236] [ERROR] [Scheduler] Error loading custom algorithm from C:\Users\Administrator\Desktop\new hope\code\NeuroPrime\custom_algorithms\mnetimefrequencyalgorithm.py: No module named 'mne'
[11:17:52.237] [ERROR] [Scheduler] Traceback: Traceback (most recent call last):
  File "C:\Users\Administrator\Desktop\new hope\code\NeuroPrime\src\algorithms\scheduler.py", line 220, in _load_custom_algorithms
    spec.loader.exec_module(module)
    ~~~~~~~~~~~~~~~~~~~~~~~^^^^^^^^
  File "<frozen importlib._bootstrap_external>", line 759, in exec_module
  File "<frozen importlib._bootstrap>", line 491, in _call_with_frames_removed
  File "C:\Users\Administrator\Desktop\new hope\code\NeuroPrime\custom_algorithms\mnetimefrequencyalgorithm.py", line 59, in <module>
    import mne
ModuleNotFoundError: No module named 'mne'

[11:17:52.237] [INFO] [Scheduler] Loading custom algorithm from: C:\Users\Administrator\Desktop\new hope\code\NeuroPrime\custom_algorithms\testscriptalgorithm.py
[11:17:52.249] [INFO] [Scheduler] Loaded custom algorithm from ALGORITHM_INFO: TestScriptAlgorithm
[11:17:52.249] [ERROR] [Scheduler] Error loading custom algorithm from C:\Users\Administrator\Desktop\new hope\code\NeuroPrime\custom_algorithms\testscriptalgorithm.py: cannot access local variable 'found' where it is not associated with a value
[11:17:52.250] [ERROR] [Scheduler] Traceback: Traceback (most recent call last):
  File "C:\Users\Administrator\Desktop\new hope\code\NeuroPrime\src\algorithms\scheduler.py", line 257, in _load_custom_algorithms
    if not found:
           ^^^^^
UnboundLocalError: cannot access local variable 'found' where it is not associated with a value

[11:17:52.250] [INFO] [Scheduler] Loading custom algorithm from: C:\Users\Administrator\Desktop\new hope\code\NeuroPrime\custom_algorithms\viewlfpdata.py
[11:17:52.262] [INFO] [Scheduler] Loaded custom algorithm from ALGORITHM_INFO: ViewLFPData
[11:17:52.262] [ERROR] [Scheduler] Error loading custom algorithm from C:\Users\Administrator\Desktop\new hope\code\NeuroPrime\custom_algorithms\viewlfpdata.py: cannot access local variable 'found' where it is not associated with a value
[11:17:52.263] [ERROR] [Scheduler] Traceback: Traceback (most recent call last):
  File "C:\Users\Administrator\Desktop\new hope\code\NeuroPrime\src\algorithms\scheduler.py", line 257, in _load_custom_algorithms
    if not found:
           ^^^^^
UnboundLocalError: cannot access local variable 'found' where it is not associated with a value

[11:17:52.263] [INFO] [Scheduler] Loading custom algorithm from: C:\Users\Administrator\Desktop\new hope\code\NeuroPrime\custom_algorithms\view_raw_lfp_data.py
[11:17:52.273] [INFO] [Scheduler] Loaded custom algorithm from ALGORITHM_INFO: ViewRawLFPData
[11:17:52.273] [ERROR] [Scheduler] Error loading custom algorithm from C:\Users\Administrator\Desktop\new hope\code\NeuroPrime\custom_algorithms\view_raw_lfp_data.py: cannot access local variable 'found' where it is not associated with a value
[11:17:52.274] [ERROR] [Scheduler] Traceback: Traceback (most recent call last):
  File "C:\Users\Administrator\Desktop\new hope\code\NeuroPrime\src\algorithms\scheduler.py", line 257, in _load_custom_algorithms
    if not found:
           ^^^^^
UnboundLocalError: cannot access local variable 'found' where it is not associated with a value

