[18:16:37.120] [INFO] ============================================================
[18:16:37.120] [INFO] NeuroPrime 调试日志
[18:16:37.120] [INFO] 启动时间: 2026-04-15 18:16:37
[18:16:37.120] [INFO] Python版本: 3.10.10 (tags/v3.10.10:aad5f6a, Feb  7 2023, 17:20:36) [MSC v.1929 64 bit (AMD64)]
[18:16:37.120] [INFO] 日志文件: c:\Users\buaal\Desktop\NeuroPrime\logs\debug_20260415_181637.log
[18:16:37.120] [INFO] ============================================================
[18:16:38.251] [INFO] [Scheduler] NEUROPRIME_ROOT = c:\Users\buaal\Desktop\NeuroPrime
[18:16:38.251] [INFO] [Scheduler] Looking for custom algorithms in: c:\Users\buaal\Desktop\NeuroPrime\custom_algorithms
[18:16:38.251] [INFO] [Scheduler] Current working directory: c:\Users\buaal\Desktop\NeuroPrime
[18:16:38.251] [INFO] [Scheduler] Script directory: c:\Users\buaal\Desktop\NeuroPrime\src\algorithms
[18:16:38.251] [INFO] [Scheduler] Custom algorithms directory exists: c:\Users\buaal\Desktop\NeuroPrime\custom_algorithms
[18:16:38.252] [INFO] [Scheduler] Found 6 Python files: ['customalgorithm.py', 'customalgorithmnew.py', 'customalgorithmtest.py', 'testscriptalgorithm.py', 'view_raw_lfp_data.py', '__init__.py']
[18:16:38.252] [INFO] [Scheduler] Loading custom algorithm from: c:\Users\buaal\Desktop\NeuroPrime\custom_algorithms\customalgorithm.py
[18:16:38.549] [INFO] [Scheduler] Loaded custom algorithm from ALGORITHM_INFO: CustomAlgorithm
[18:16:38.549] [INFO] [Scheduler] Searching for algorithm classes in c:\Users\buaal\Desktop\NeuroPrime\custom_algorithms\customalgorithm.py...
[18:16:38.549] [INFO] [Scheduler] Loaded custom algorithm: CustomAlgorithm
[18:16:38.549] [INFO] [Scheduler] Loading custom algorithm from: c:\Users\buaal\Desktop\NeuroPrime\custom_algorithms\customalgorithmnew.py
[18:16:38.550] [INFO] [Scheduler] Loaded custom algorithm from ALGORITHM_INFO: CustomAlgorithmNew
[18:16:38.550] [INFO] [Scheduler] Searching for algorithm classes in c:\Users\buaal\Desktop\NeuroPrime\custom_algorithms\customalgorithmnew.py...
[18:16:38.550] [INFO] [Scheduler] Loaded custom algorithm: CustomAlgorithm
[18:16:38.550] [INFO] [Scheduler] Loading custom algorithm from: c:\Users\buaal\Desktop\NeuroPrime\custom_algorithms\customalgorithmtest.py
[18:16:38.552] [INFO] [Scheduler] Loaded custom algorithm from ALGORITHM_INFO: CustomAlgorithmTest
[18:16:38.552] [INFO] [Scheduler] Searching for algorithm classes in c:\Users\buaal\Desktop\NeuroPrime\custom_algorithms\customalgorithmtest.py...
[18:16:38.552] [INFO] [Scheduler] Loaded custom algorithm: CustomAlgorithm
[18:16:38.552] [INFO] [Scheduler] Loading custom algorithm from: c:\Users\buaal\Desktop\NeuroPrime\custom_algorithms\testscriptalgorithm.py
[18:16:38.552] [INFO] [Scheduler] Loaded custom algorithm from ALGORITHM_INFO: TestScriptAlgorithm
[18:16:38.552] [INFO] [Scheduler] Searching for algorithm classes in c:\Users\buaal\Desktop\NeuroPrime\custom_algorithms\testscriptalgorithm.py...
[18:16:38.552] [INFO] [Scheduler] Loaded custom algorithm: CustomAlgorithm
[18:16:38.552] [INFO] [Scheduler] Loading custom algorithm from: c:\Users\buaal\Desktop\NeuroPrime\custom_algorithms\view_raw_lfp_data.py
[18:16:38.552] [INFO] [Scheduler] Loaded custom algorithm from ALGORITHM_INFO: ViewRawLFPData
[18:16:38.552] [INFO] [Scheduler] Searching for algorithm classes in c:\Users\buaal\Desktop\NeuroPrime\custom_algorithms\view_raw_lfp_data.py...
[18:16:38.552] [INFO] [Scheduler] Loaded custom algorithm: ViewRawLFPData
[18:17:53.088] [INFO] ============================================================
[18:17:53.088] [INFO] _populate_custom_algorithms started
[18:17:53.088] [INFO] Attempting to reload custom algorithms...
[18:17:53.088] [INFO] [Scheduler] NEUROPRIME_ROOT = c:\Users\buaal\Desktop\NeuroPrime
[18:17:53.088] [INFO] [Scheduler] Looking for custom algorithms in: c:\Users\buaal\Desktop\NeuroPrime\custom_algorithms
[18:17:53.088] [INFO] [Scheduler] Current working directory: c:\Users\buaal\Desktop\NeuroPrime
[18:17:53.088] [INFO] [Scheduler] Script directory: c:\Users\buaal\Desktop\NeuroPrime\src\algorithms
[18:17:53.089] [INFO] [Scheduler] Custom algorithms directory exists: c:\Users\buaal\Desktop\NeuroPrime\custom_algorithms
[18:17:53.089] [INFO] [Scheduler] Found 6 Python files: ['customalgorithm.py', 'customalgorithmnew.py', 'customalgorithmtest.py', 'testscriptalgorithm.py', 'view_raw_lfp_data.py', '__init__.py']
[18:17:53.089] [INFO] [Scheduler] Loading custom algorithm from: c:\Users\buaal\Desktop\NeuroPrime\custom_algorithms\customalgorithm.py
[18:17:53.090] [INFO] [Scheduler] Loaded custom algorithm from ALGORITHM_INFO: CustomAlgorithm
[18:17:53.090] [INFO] [Scheduler] Searching for algorithm classes in c:\Users\buaal\Desktop\NeuroPrime\custom_algorithms\customalgorithm.py...
[18:17:53.090] [INFO] [Scheduler] Loaded custom algorithm: CustomAlgorithm
[18:17:53.090] [INFO] [Scheduler] Loading custom algorithm from: c:\Users\buaal\Desktop\NeuroPrime\custom_algorithms\customalgorithmnew.py
[18:17:53.090] [INFO] [Scheduler] Loaded custom algorithm from ALGORITHM_INFO: CustomAlgorithmNew
[18:17:53.090] [INFO] [Scheduler] Searching for algorithm classes in c:\Users\buaal\Desktop\NeuroPrime\custom_algorithms\customalgorithmnew.py...
[18:17:53.090] [INFO] [Scheduler] Loaded custom algorithm: CustomAlgorithm
[18:17:53.090] [INFO] [Scheduler] Loading custom algorithm from: c:\Users\buaal\Desktop\NeuroPrime\custom_algorithms\customalgorithmtest.py
[18:17:53.091] [INFO] [Scheduler] Loaded custom algorithm from ALGORITHM_INFO: CustomAlgorithmTest
[18:17:53.091] [INFO] [Scheduler] Searching for algorithm classes in c:\Users\buaal\Desktop\NeuroPrime\custom_algorithms\customalgorithmtest.py...
[18:17:53.091] [INFO] [Scheduler] Loaded custom algorithm: CustomAlgorithm
[18:17:53.091] [INFO] [Scheduler] Loading custom algorithm from: c:\Users\buaal\Desktop\NeuroPrime\custom_algorithms\testscriptalgorithm.py
[18:17:53.091] [INFO] [Scheduler] Loaded custom algorithm from ALGORITHM_INFO: TestScriptAlgorithm
[18:17:53.091] [INFO] [Scheduler] Searching for algorithm classes in c:\Users\buaal\Desktop\NeuroPrime\custom_algorithms\testscriptalgorithm.py...
[18:17:53.091] [INFO] [Scheduler] Loaded custom algorithm: CustomAlgorithm
[18:17:53.091] [INFO] [Scheduler] Loading custom algorithm from: c:\Users\buaal\Desktop\NeuroPrime\custom_algorithms\view_raw_lfp_data.py
[18:17:53.091] [INFO] [Scheduler] Loaded custom algorithm from ALGORITHM_INFO: ViewRawLFPData
[18:17:53.091] [INFO] [Scheduler] Searching for algorithm classes in c:\Users\buaal\Desktop\NeuroPrime\custom_algorithms\view_raw_lfp_data.py...
[18:17:53.091] [INFO] [Scheduler] Loaded custom algorithm: ViewRawLFPData
[18:17:53.091] [INFO] Custom algorithms reload completed
[18:17:53.092] [INFO] Total algorithms available: 13
[18:17:53.092] [INFO] Algorithm list: ['SpikeDetectionThreshold:Spike', 'SpikeSortingPCA:Spike', 'LFPPowerSpectrum:LFP', 'LFPSpectrogram:LFP', 'PSTHAnalysis:Behavior', 'RasterPlotAnalysis:Behavior', 'TuningCurveAnalysis:Behavior', 'ROCAnalysis:Behavior', 'LDADecoder:Decoding', 'CustomAlgorithm:Custom', 'CustomAlgorithmNew:Custom', 'CustomAlgorithmTest:自定义算法', 'ViewRawLFPData:自定义算法']
[18:17:53.092] [INFO] Added custom algorithm: CustomAlgorithm (category: Custom)
[18:17:53.092] [INFO] Added custom algorithm: CustomAlgorithmNew (category: Custom)
[18:17:53.092] [INFO] Added custom algorithm: CustomAlgorithmTest (category: 自定义算法)
[18:17:53.092] [INFO] Added custom algorithm: ViewRawLFPData (category: 自定义算法)
[18:17:53.092] [INFO] Total custom algorithms added: 4
[18:17:53.092] [INFO] ============================================================
