[17:04:11.683] [INFO] ============================================================
[17:04:11.683] [INFO] NeuroPrime 调试日志
[17:04:11.683] [INFO] 启动时间: 2026-04-12 17:04:11
[17:04:11.683] [INFO] Python版本: 3.10.10 (tags/v3.10.10:aad5f6a, Feb  7 2023, 17:20:36) [MSC v.1929 64 bit (AMD64)]
[17:04:11.683] [INFO] 日志文件: c:\Users\buaal\Desktop\NeuroPrime\logs\debug_20260412_170411.log
[17:04:11.683] [INFO] ============================================================
[17:04:13.638] [INFO] [Scheduler] NEUROPRIME_ROOT = c:\Users\buaal\Desktop\NeuroPrime
[17:04:13.638] [INFO] [Scheduler] Looking for custom algorithms in: c:\Users\buaal\Desktop\NeuroPrime\custom_algorithms
[17:04:13.638] [INFO] [Scheduler] Current working directory: c:\Users\buaal\Desktop\NeuroPrime
[17:04:13.638] [INFO] [Scheduler] Script directory: c:\Users\buaal\Desktop\NeuroPrime\src\algorithms
[17:04:13.638] [INFO] [Scheduler] Custom algorithms directory exists: c:\Users\buaal\Desktop\NeuroPrime\custom_algorithms
[17:04:13.638] [INFO] [Scheduler] Found 2 Python files: ['view_raw_data.py', '__init__.py']
[17:04:13.638] [INFO] [Scheduler] Loading custom algorithm from: c:\Users\buaal\Desktop\NeuroPrime\custom_algorithms\view_raw_data.py
[17:04:13.650] [INFO] [Scheduler] Loaded custom algorithm from ALGORITHM_INFO: ViewRawData
[17:04:13.650] [INFO] [Scheduler] Searching for algorithm classes in c:\Users\buaal\Desktop\NeuroPrime\custom_algorithms\view_raw_data.py...
[17:04:13.650] [INFO] [Scheduler] Loaded custom algorithm: BaseAlgorithm
[17:04:24.711] [INFO] add_data_item 被调用
[17:04:24.711] [DEBUG] data_item_type = <class 'dict'> (type: type)
[17:04:24.712] [INFO] add_data_item 被调用
[17:04:24.712] [DEBUG] data_item_type = <class 'dict'> (type: type)
[17:04:24.712] [INFO] add_data_item 被调用
[17:04:24.712] [DEBUG] data_item_type = <class 'dict'> (type: type)
[17:04:24.712] [INFO] add_data_item 被调用
[17:04:24.712] [DEBUG] data_item_type = <class 'dict'> (type: type)
[17:04:28.459] [INFO] ============================================================
[17:04:28.459] [INFO] _populate_custom_algorithms started
[17:04:28.459] [INFO] Attempting to reload custom algorithms...
[17:04:28.459] [INFO] [Scheduler] NEUROPRIME_ROOT = c:\Users\buaal\Desktop\NeuroPrime
[17:04:28.459] [INFO] [Scheduler] Looking for custom algorithms in: c:\Users\buaal\Desktop\NeuroPrime\custom_algorithms
[17:04:28.459] [INFO] [Scheduler] Current working directory: c:\Users\buaal\Desktop\NeuroPrime
[17:04:28.459] [INFO] [Scheduler] Script directory: c:\Users\buaal\Desktop\NeuroPrime\src\algorithms
[17:04:28.459] [INFO] [Scheduler] Custom algorithms directory exists: c:\Users\buaal\Desktop\NeuroPrime\custom_algorithms
[17:04:28.459] [INFO] [Scheduler] Found 2 Python files: ['view_raw_data.py', '__init__.py']
[17:04:28.459] [INFO] [Scheduler] Loading custom algorithm from: c:\Users\buaal\Desktop\NeuroPrime\custom_algorithms\view_raw_data.py
[17:04:28.462] [INFO] [Scheduler] Loaded custom algorithm from ALGORITHM_INFO: ViewRawData
[17:04:28.462] [INFO] [Scheduler] Searching for algorithm classes in c:\Users\buaal\Desktop\NeuroPrime\custom_algorithms\view_raw_data.py...
[17:04:28.462] [INFO] [Scheduler] Loaded custom algorithm: BaseAlgorithm
[17:04:28.462] [INFO] Custom algorithms reload completed
[17:04:28.462] [INFO] Total algorithms available: 9
[17:04:28.462] [INFO] Algorithm list: ['SpikeDetectionThreshold:Spike', 'SpikeSortingPCA:Spike', 'LFPPowerSpectrum:LFP', 'LFPSpectrogram:LFP', 'PSTHAnalysis:Behavior', 'RasterPlotAnalysis:Behavior', 'TuningCurveAnalysis:Behavior', 'LDADecoder:Decoding', 'ViewRawData:自定义算法']
[17:04:28.462] [INFO] Added custom algorithm: ViewRawData (category: 自定义算法)
[17:04:28.462] [INFO] Total custom algorithms added: 1
[17:04:28.462] [INFO] ============================================================
