[18:57:09.538] [INFO] ============================================================
[18:57:09.538] [INFO] NeuroPrime 调试日志
[18:57:09.538] [INFO] 启动时间: 2026-04-15 18:57:09
[18:57:09.538] [INFO] Python版本: 3.10.10 (tags/v3.10.10:aad5f6a, Feb  7 2023, 17:20:36) [MSC v.1929 64 bit (AMD64)]
[18:57:09.538] [INFO] 日志文件: c:\Users\buaal\Desktop\NeuroPrime\logs\debug_20260415_185709.log
[18:57:09.538] [INFO] ============================================================
[18:57:10.970] [INFO] [Scheduler] NEUROPRIME_ROOT = c:\Users\buaal\Desktop\NeuroPrime
[18:57:10.970] [INFO] [Scheduler] Looking for custom algorithms in: c:\Users\buaal\Desktop\NeuroPrime\custom_algorithms
[18:57:10.970] [INFO] [Scheduler] Current working directory: c:\Users\buaal\Desktop\NeuroPrime
[18:57:10.970] [INFO] [Scheduler] Script directory: c:\Users\buaal\Desktop\NeuroPrime\src\algorithms
[18:57:10.970] [INFO] [Scheduler] Custom algorithms directory exists: c:\Users\buaal\Desktop\NeuroPrime\custom_algorithms
[18:57:10.970] [INFO] [Scheduler] Found 11 Python files: ['aaaa.py', 'customalgorithm.py', 'customalgorithmnew.py', 'customalgorithmtest.py', 'new.py', 'newnew.py', 'newnewnew.py', 'newnewnewnewnewn.py', 'testscriptalgorithm.py', 'view_raw_lfp_data.py', '__init__.py']
[18:57:10.970] [INFO] [Scheduler] Loading custom algorithm from: c:\Users\buaal\Desktop\NeuroPrime\custom_algorithms\aaaa.py
[18:57:11.279] [INFO] [Scheduler] Loaded custom algorithm from ALGORITHM_INFO: aaaa
[18:57:11.279] [INFO] [Scheduler] Searching for algorithm classes in c:\Users\buaal\Desktop\NeuroPrime\custom_algorithms\aaaa.py...
[18:57:11.279] [INFO] [Scheduler] Loaded custom algorithm: CustomAlgorithm
[18:57:11.279] [INFO] [Scheduler] Loading custom algorithm from: c:\Users\buaal\Desktop\NeuroPrime\custom_algorithms\customalgorithm.py
[18:57:11.280] [INFO] [Scheduler] Loaded custom algorithm from ALGORITHM_INFO: CustomAlgorithm
[18:57:11.280] [INFO] [Scheduler] Searching for algorithm classes in c:\Users\buaal\Desktop\NeuroPrime\custom_algorithms\customalgorithm.py...
[18:57:11.280] [INFO] [Scheduler] Loaded custom algorithm: CustomAlgorithm
[18:57:11.280] [INFO] [Scheduler] Loading custom algorithm from: c:\Users\buaal\Desktop\NeuroPrime\custom_algorithms\customalgorithmnew.py
[18:57:11.280] [INFO] [Scheduler] Loaded custom algorithm from ALGORITHM_INFO: CustomAlgorithmNew
[18:57:11.280] [INFO] [Scheduler] Searching for algorithm classes in c:\Users\buaal\Desktop\NeuroPrime\custom_algorithms\customalgorithmnew.py...
[18:57:11.280] [INFO] [Scheduler] Loaded custom algorithm: CustomAlgorithm
[18:57:11.280] [INFO] [Scheduler] Loading custom algorithm from: c:\Users\buaal\Desktop\NeuroPrime\custom_algorithms\customalgorithmtest.py
[18:57:11.280] [INFO] [Scheduler] Loaded custom algorithm from ALGORITHM_INFO: CustomAlgorithmTest
[18:57:11.282] [INFO] [Scheduler] Searching for algorithm classes in c:\Users\buaal\Desktop\NeuroPrime\custom_algorithms\customalgorithmtest.py...
[18:57:11.282] [INFO] [Scheduler] Loaded custom algorithm: CustomAlgorithm
[18:57:11.282] [INFO] [Scheduler] Loading custom algorithm from: c:\Users\buaal\Desktop\NeuroPrime\custom_algorithms\new.py
[18:57:11.282] [INFO] [Scheduler] Loaded custom algorithm from ALGORITHM_INFO: New
[18:57:11.282] [INFO] [Scheduler] Searching for algorithm classes in c:\Users\buaal\Desktop\NeuroPrime\custom_algorithms\new.py...
[18:57:11.282] [INFO] [Scheduler] Loaded custom algorithm: CustomAlgorithm
[18:57:11.282] [INFO] [Scheduler] Loading custom algorithm from: c:\Users\buaal\Desktop\NeuroPrime\custom_algorithms\newnew.py
[18:57:11.282] [INFO] [Scheduler] Loaded custom algorithm from ALGORITHM_INFO: newnew
[18:57:11.282] [INFO] [Scheduler] Searching for algorithm classes in c:\Users\buaal\Desktop\NeuroPrime\custom_algorithms\newnew.py...
[18:57:11.282] [INFO] [Scheduler] Loaded custom algorithm: CustomAlgorithm
[18:57:11.282] [INFO] [Scheduler] Loading custom algorithm from: c:\Users\buaal\Desktop\NeuroPrime\custom_algorithms\newnewnew.py
[18:57:11.283] [INFO] [Scheduler] Loaded custom algorithm from ALGORITHM_INFO: newnewnew
[18:57:11.283] [INFO] [Scheduler] Searching for algorithm classes in c:\Users\buaal\Desktop\NeuroPrime\custom_algorithms\newnewnew.py...
[18:57:11.283] [INFO] [Scheduler] Loaded custom algorithm: CustomAlgorithm
[18:57:11.283] [INFO] [Scheduler] Loading custom algorithm from: c:\Users\buaal\Desktop\NeuroPrime\custom_algorithms\newnewnewnewnewn.py
[18:57:11.283] [INFO] [Scheduler] Loaded custom algorithm from ALGORITHM_INFO: newnewnewnewnewn
[18:57:11.283] [INFO] [Scheduler] Searching for algorithm classes in c:\Users\buaal\Desktop\NeuroPrime\custom_algorithms\newnewnewnewnewn.py...
[18:57:11.283] [INFO] [Scheduler] Loaded custom algorithm: CustomAlgorithm
[18:57:11.283] [INFO] [Scheduler] Loading custom algorithm from: c:\Users\buaal\Desktop\NeuroPrime\custom_algorithms\testscriptalgorithm.py
[18:57:11.283] [INFO] [Scheduler] Loaded custom algorithm from ALGORITHM_INFO: TestScriptAlgorithm
[18:57:11.283] [INFO] [Scheduler] Searching for algorithm classes in c:\Users\buaal\Desktop\NeuroPrime\custom_algorithms\testscriptalgorithm.py...
[18:57:11.283] [INFO] [Scheduler] Loaded custom algorithm: CustomAlgorithm
[18:57:11.283] [INFO] [Scheduler] Loading custom algorithm from: c:\Users\buaal\Desktop\NeuroPrime\custom_algorithms\view_raw_lfp_data.py
[18:57:11.284] [INFO] [Scheduler] Loaded custom algorithm from ALGORITHM_INFO: ViewRawLFPData
[18:57:11.284] [INFO] [Scheduler] Searching for algorithm classes in c:\Users\buaal\Desktop\NeuroPrime\custom_algorithms\view_raw_lfp_data.py...
[18:57:11.284] [INFO] [Scheduler] Loaded custom algorithm: ViewRawLFPData
[18:57:20.066] [INFO] ============================================================
[18:57:20.066] [INFO] _populate_custom_algorithms started
[18:57:20.066] [INFO] Attempting to reload custom algorithms...
[18:57:20.068] [INFO] [Scheduler] NEUROPRIME_ROOT = c:\Users\buaal\Desktop\NeuroPrime
[18:57:20.068] [INFO] [Scheduler] Looking for custom algorithms in: c:\Users\buaal\Desktop\NeuroPrime\custom_algorithms
[18:57:20.068] [INFO] [Scheduler] Current working directory: c:\Users\buaal\Desktop\NeuroPrime
[18:57:20.068] [INFO] [Scheduler] Script directory: c:\Users\buaal\Desktop\NeuroPrime\src\algorithms
[18:57:20.068] [INFO] [Scheduler] Custom algorithms directory exists: c:\Users\buaal\Desktop\NeuroPrime\custom_algorithms
[18:57:20.068] [INFO] [Scheduler] Found 11 Python files: ['aaaa.py', 'customalgorithm.py', 'customalgorithmnew.py', 'customalgorithmtest.py', 'new.py', 'newnew.py', 'newnewnew.py', 'newnewnewnewnewn.py', 'testscriptalgorithm.py', 'view_raw_lfp_data.py', '__init__.py']
[18:57:20.068] [INFO] [Scheduler] Loading custom algorithm from: c:\Users\buaal\Desktop\NeuroPrime\custom_algorithms\aaaa.py
[18:57:20.069] [INFO] [Scheduler] Loaded custom algorithm from ALGORITHM_INFO: aaaa
[18:57:20.069] [INFO] [Scheduler] Searching for algorithm classes in c:\Users\buaal\Desktop\NeuroPrime\custom_algorithms\aaaa.py...
[18:57:20.069] [INFO] [Scheduler] Loaded custom algorithm: CustomAlgorithm
[18:57:20.069] [INFO] [Scheduler] Loading custom algorithm from: c:\Users\buaal\Desktop\NeuroPrime\custom_algorithms\customalgorithm.py
[18:57:20.069] [INFO] [Scheduler] Loaded custom algorithm from ALGORITHM_INFO: CustomAlgorithm
[18:57:20.069] [INFO] [Scheduler] Searching for algorithm classes in c:\Users\buaal\Desktop\NeuroPrime\custom_algorithms\customalgorithm.py...
[18:57:20.069] [INFO] [Scheduler] Loaded custom algorithm: CustomAlgorithm
[18:57:20.069] [INFO] [Scheduler] Loading custom algorithm from: c:\Users\buaal\Desktop\NeuroPrime\custom_algorithms\customalgorithmnew.py
[18:57:20.069] [INFO] [Scheduler] Loaded custom algorithm from ALGORITHM_INFO: CustomAlgorithmNew
[18:57:20.070] [INFO] [Scheduler] Searching for algorithm classes in c:\Users\buaal\Desktop\NeuroPrime\custom_algorithms\customalgorithmnew.py...
[18:57:20.070] [INFO] [Scheduler] Loaded custom algorithm: CustomAlgorithm
[18:57:20.070] [INFO] [Scheduler] Loading custom algorithm from: c:\Users\buaal\Desktop\NeuroPrime\custom_algorithms\customalgorithmtest.py
[18:57:20.070] [INFO] [Scheduler] Loaded custom algorithm from ALGORITHM_INFO: CustomAlgorithmTest
[18:57:20.070] [INFO] [Scheduler] Searching for algorithm classes in c:\Users\buaal\Desktop\NeuroPrime\custom_algorithms\customalgorithmtest.py...
[18:57:20.070] [INFO] [Scheduler] Loaded custom algorithm: CustomAlgorithm
[18:57:20.070] [INFO] [Scheduler] Loading custom algorithm from: c:\Users\buaal\Desktop\NeuroPrime\custom_algorithms\new.py
[18:57:20.070] [INFO] [Scheduler] Loaded custom algorithm from ALGORITHM_INFO: New
[18:57:20.070] [INFO] [Scheduler] Searching for algorithm classes in c:\Users\buaal\Desktop\NeuroPrime\custom_algorithms\new.py...
[18:57:20.070] [INFO] [Scheduler] Loaded custom algorithm: CustomAlgorithm
[18:57:20.070] [INFO] [Scheduler] Loading custom algorithm from: c:\Users\buaal\Desktop\NeuroPrime\custom_algorithms\newnew.py
[18:57:20.070] [INFO] [Scheduler] Loaded custom algorithm from ALGORITHM_INFO: newnew
[18:57:20.070] [INFO] [Scheduler] Searching for algorithm classes in c:\Users\buaal\Desktop\NeuroPrime\custom_algorithms\newnew.py...
[18:57:20.070] [INFO] [Scheduler] Loaded custom algorithm: CustomAlgorithm
[18:57:20.070] [INFO] [Scheduler] Loading custom algorithm from: c:\Users\buaal\Desktop\NeuroPrime\custom_algorithms\newnewnew.py
[18:57:20.071] [INFO] [Scheduler] Loaded custom algorithm from ALGORITHM_INFO: newnewnew
[18:57:20.071] [INFO] [Scheduler] Searching for algorithm classes in c:\Users\buaal\Desktop\NeuroPrime\custom_algorithms\newnewnew.py...
[18:57:20.071] [INFO] [Scheduler] Loaded custom algorithm: CustomAlgorithm
[18:57:20.071] [INFO] [Scheduler] Loading custom algorithm from: c:\Users\buaal\Desktop\NeuroPrime\custom_algorithms\newnewnewnewnewn.py
[18:57:20.071] [INFO] [Scheduler] Loaded custom algorithm from ALGORITHM_INFO: newnewnewnewnewn
[18:57:20.071] [INFO] [Scheduler] Searching for algorithm classes in c:\Users\buaal\Desktop\NeuroPrime\custom_algorithms\newnewnewnewnewn.py...
[18:57:20.071] [INFO] [Scheduler] Loaded custom algorithm: CustomAlgorithm
[18:57:20.071] [INFO] [Scheduler] Loading custom algorithm from: c:\Users\buaal\Desktop\NeuroPrime\custom_algorithms\testscriptalgorithm.py
[18:57:20.072] [INFO] [Scheduler] Loaded custom algorithm from ALGORITHM_INFO: TestScriptAlgorithm
[18:57:20.072] [INFO] [Scheduler] Searching for algorithm classes in c:\Users\buaal\Desktop\NeuroPrime\custom_algorithms\testscriptalgorithm.py...
[18:57:20.072] [INFO] [Scheduler] Loaded custom algorithm: CustomAlgorithm
[18:57:20.072] [INFO] [Scheduler] Loading custom algorithm from: c:\Users\buaal\Desktop\NeuroPrime\custom_algorithms\view_raw_lfp_data.py
[18:57:20.072] [INFO] [Scheduler] Loaded custom algorithm from ALGORITHM_INFO: ViewRawLFPData
[18:57:20.072] [INFO] [Scheduler] Searching for algorithm classes in c:\Users\buaal\Desktop\NeuroPrime\custom_algorithms\view_raw_lfp_data.py...
[18:57:20.072] [INFO] [Scheduler] Loaded custom algorithm: ViewRawLFPData
[18:57:20.072] [INFO] Custom algorithms reload completed
[18:57:20.072] [INFO] Total algorithms available: 18
[18:57:20.072] [INFO] Algorithm list: ['SpikeDetectionThreshold:Spike', 'SpikeSortingPCA:Spike', 'LFPPowerSpectrum:LFP', 'LFPSpectrogram:LFP', 'PSTHAnalysis:Behavior', 'RasterPlotAnalysis:Behavior', 'TuningCurveAnalysis:Behavior', 'ROCAnalysis:Behavior', 'LDADecoder:Decoding', 'aaaa:自定义算法', 'CustomAlgorithm:Custom', 'CustomAlgorithmNew:Custom', 'CustomAlgorithmTest:自定义算法', 'New:自定义算法', 'newnew:自定义算法', 'newnewnew:自定义算法', 'newnewnewnewnewn:自定义算法', 'ViewRawLFPData:自定义算法']
[18:57:20.072] [INFO] Added custom algorithm: aaaa (category: 自定义算法)
[18:57:20.072] [INFO] Added custom algorithm: CustomAlgorithm (category: Custom)
[18:57:20.072] [INFO] Added custom algorithm: CustomAlgorithmNew (category: Custom)
[18:57:20.072] [INFO] Added custom algorithm: CustomAlgorithmTest (category: 自定义算法)
[18:57:20.073] [INFO] Added custom algorithm: New (category: 自定义算法)
[18:57:20.073] [INFO] Added custom algorithm: newnew (category: 自定义算法)
[18:57:20.073] [INFO] Added custom algorithm: newnewnew (category: 自定义算法)
[18:57:20.073] [INFO] Added custom algorithm: newnewnewnewnewn (category: 自定义算法)
[18:57:20.073] [INFO] Added custom algorithm: ViewRawLFPData (category: 自定义算法)
[18:57:20.073] [INFO] Total custom algorithms added: 9
[18:57:20.073] [INFO] ============================================================
[18:57:43.270] [INFO] [Scheduler] NEUROPRIME_ROOT = c:\Users\buaal\Desktop\NeuroPrime
[18:57:43.270] [INFO] [Scheduler] Looking for custom algorithms in: c:\Users\buaal\Desktop\NeuroPrime\custom_algorithms
[18:57:43.270] [INFO] [Scheduler] Current working directory: c:\Users\buaal\Desktop\NeuroPrime
[18:57:43.270] [INFO] [Scheduler] Script directory: c:\Users\buaal\Desktop\NeuroPrime\src\algorithms
[18:57:43.270] [INFO] [Scheduler] Custom algorithms directory exists: c:\Users\buaal\Desktop\NeuroPrime\custom_algorithms
[18:57:43.270] [INFO] [Scheduler] Found 12 Python files: ['aaaa.py', 'bbbb.py', 'customalgorithm.py', 'customalgorithmnew.py', 'customalgorithmtest.py', 'new.py', 'newnew.py', 'newnewnew.py', 'newnewnewnewnewn.py', 'testscriptalgorithm.py', 'view_raw_lfp_data.py', '__init__.py']
[18:57:43.270] [INFO] [Scheduler] Loading custom algorithm from: c:\Users\buaal\Desktop\NeuroPrime\custom_algorithms\aaaa.py
[18:57:43.272] [INFO] [Scheduler] Loaded custom algorithm from ALGORITHM_INFO: aaaa
[18:57:43.272] [INFO] [Scheduler] Searching for algorithm classes in c:\Users\buaal\Desktop\NeuroPrime\custom_algorithms\aaaa.py...
[18:57:43.272] [INFO] [Scheduler] Loaded custom algorithm: CustomAlgorithm
[18:57:43.272] [INFO] [Scheduler] Loading custom algorithm from: c:\Users\buaal\Desktop\NeuroPrime\custom_algorithms\bbbb.py
[18:57:43.274] [INFO] [Scheduler] Loaded custom algorithm from ALGORITHM_INFO: bbbb
[18:57:43.274] [INFO] [Scheduler] Searching for algorithm classes in c:\Users\buaal\Desktop\NeuroPrime\custom_algorithms\bbbb.py...
[18:57:43.274] [INFO] [Scheduler] Loaded custom algorithm: CustomAlgorithm
[18:57:43.274] [INFO] [Scheduler] Loading custom algorithm from: c:\Users\buaal\Desktop\NeuroPrime\custom_algorithms\customalgorithm.py
[18:57:43.275] [INFO] [Scheduler] Loaded custom algorithm from ALGORITHM_INFO: CustomAlgorithm
[18:57:43.275] [INFO] [Scheduler] Searching for algorithm classes in c:\Users\buaal\Desktop\NeuroPrime\custom_algorithms\customalgorithm.py...
[18:57:43.275] [INFO] [Scheduler] Loaded custom algorithm: CustomAlgorithm
[18:57:43.275] [INFO] [Scheduler] Loading custom algorithm from: c:\Users\buaal\Desktop\NeuroPrime\custom_algorithms\customalgorithmnew.py
[18:57:43.275] [INFO] [Scheduler] Loaded custom algorithm from ALGORITHM_INFO: CustomAlgorithmNew
[18:57:43.276] [INFO] [Scheduler] Searching for algorithm classes in c:\Users\buaal\Desktop\NeuroPrime\custom_algorithms\customalgorithmnew.py...
[18:57:43.276] [INFO] [Scheduler] Loaded custom algorithm: CustomAlgorithm
[18:57:43.276] [INFO] [Scheduler] Loading custom algorithm from: c:\Users\buaal\Desktop\NeuroPrime\custom_algorithms\customalgorithmtest.py
[18:57:43.276] [INFO] [Scheduler] Loaded custom algorithm from ALGORITHM_INFO: CustomAlgorithmTest
[18:57:43.276] [INFO] [Scheduler] Searching for algorithm classes in c:\Users\buaal\Desktop\NeuroPrime\custom_algorithms\customalgorithmtest.py...
[18:57:43.276] [INFO] [Scheduler] Loaded custom algorithm: CustomAlgorithm
[18:57:43.276] [INFO] [Scheduler] Loading custom algorithm from: c:\Users\buaal\Desktop\NeuroPrime\custom_algorithms\new.py
[18:57:43.277] [INFO] [Scheduler] Loaded custom algorithm from ALGORITHM_INFO: New
[18:57:43.277] [INFO] [Scheduler] Searching for algorithm classes in c:\Users\buaal\Desktop\NeuroPrime\custom_algorithms\new.py...
[18:57:43.277] [INFO] [Scheduler] Loaded custom algorithm: CustomAlgorithm
[18:57:43.277] [INFO] [Scheduler] Loading custom algorithm from: c:\Users\buaal\Desktop\NeuroPrime\custom_algorithms\newnew.py
[18:57:43.277] [INFO] [Scheduler] Loaded custom algorithm from ALGORITHM_INFO: newnew
[18:57:43.277] [INFO] [Scheduler] Searching for algorithm classes in c:\Users\buaal\Desktop\NeuroPrime\custom_algorithms\newnew.py...
[18:57:43.277] [INFO] [Scheduler] Loaded custom algorithm: CustomAlgorithm
[18:57:43.277] [INFO] [Scheduler] Loading custom algorithm from: c:\Users\buaal\Desktop\NeuroPrime\custom_algorithms\newnewnew.py
[18:57:43.278] [INFO] [Scheduler] Loaded custom algorithm from ALGORITHM_INFO: newnewnew
[18:57:43.278] [INFO] [Scheduler] Searching for algorithm classes in c:\Users\buaal\Desktop\NeuroPrime\custom_algorithms\newnewnew.py...
[18:57:43.278] [INFO] [Scheduler] Loaded custom algorithm: CustomAlgorithm
[18:57:43.278] [INFO] [Scheduler] Loading custom algorithm from: c:\Users\buaal\Desktop\NeuroPrime\custom_algorithms\newnewnewnewnewn.py
[18:57:43.278] [INFO] [Scheduler] Loaded custom algorithm from ALGORITHM_INFO: newnewnewnewnewn
[18:57:43.278] [INFO] [Scheduler] Searching for algorithm classes in c:\Users\buaal\Desktop\NeuroPrime\custom_algorithms\newnewnewnewnewn.py...
[18:57:43.278] [INFO] [Scheduler] Loaded custom algorithm: CustomAlgorithm
[18:57:43.278] [INFO] [Scheduler] Loading custom algorithm from: c:\Users\buaal\Desktop\NeuroPrime\custom_algorithms\testscriptalgorithm.py
[18:57:43.278] [INFO] [Scheduler] Loaded custom algorithm from ALGORITHM_INFO: TestScriptAlgorithm
[18:57:43.278] [INFO] [Scheduler] Searching for algorithm classes in c:\Users\buaal\Desktop\NeuroPrime\custom_algorithms\testscriptalgorithm.py...
[18:57:43.278] [INFO] [Scheduler] Loaded custom algorithm: CustomAlgorithm
[18:57:43.278] [INFO] [Scheduler] Loading custom algorithm from: c:\Users\buaal\Desktop\NeuroPrime\custom_algorithms\view_raw_lfp_data.py
[18:57:43.278] [INFO] [Scheduler] Loaded custom algorithm from ALGORITHM_INFO: ViewRawLFPData
[18:57:43.278] [INFO] [Scheduler] Searching for algorithm classes in c:\Users\buaal\Desktop\NeuroPrime\custom_algorithms\view_raw_lfp_data.py...
[18:57:43.278] [INFO] [Scheduler] Loaded custom algorithm: ViewRawLFPData
[18:57:43.278] [INFO] ============================================================
[18:57:43.278] [INFO] _populate_custom_algorithms started
[18:57:43.278] [INFO] Attempting to reload custom algorithms...
[18:57:43.278] [INFO] [Scheduler] NEUROPRIME_ROOT = c:\Users\buaal\Desktop\NeuroPrime
[18:57:43.278] [INFO] [Scheduler] Looking for custom algorithms in: c:\Users\buaal\Desktop\NeuroPrime\custom_algorithms
[18:57:43.278] [INFO] [Scheduler] Current working directory: c:\Users\buaal\Desktop\NeuroPrime
[18:57:43.278] [INFO] [Scheduler] Script directory: c:\Users\buaal\Desktop\NeuroPrime\src\algorithms
[18:57:43.278] [INFO] [Scheduler] Custom algorithms directory exists: c:\Users\buaal\Desktop\NeuroPrime\custom_algorithms
[18:57:43.278] [INFO] [Scheduler] Found 12 Python files: ['aaaa.py', 'bbbb.py', 'customalgorithm.py', 'customalgorithmnew.py', 'customalgorithmtest.py', 'new.py', 'newnew.py', 'newnewnew.py', 'newnewnewnewnewn.py', 'testscriptalgorithm.py', 'view_raw_lfp_data.py', '__init__.py']
[18:57:43.278] [INFO] [Scheduler] Loading custom algorithm from: c:\Users\buaal\Desktop\NeuroPrime\custom_algorithms\aaaa.py
[18:57:43.280] [INFO] [Scheduler] Loaded custom algorithm from ALGORITHM_INFO: aaaa
[18:57:43.280] [INFO] [Scheduler] Searching for algorithm classes in c:\Users\buaal\Desktop\NeuroPrime\custom_algorithms\aaaa.py...
[18:57:43.280] [INFO] [Scheduler] Loaded custom algorithm: CustomAlgorithm
[18:57:43.280] [INFO] [Scheduler] Loading custom algorithm from: c:\Users\buaal\Desktop\NeuroPrime\custom_algorithms\bbbb.py
[18:57:43.280] [INFO] [Scheduler] Loaded custom algorithm from ALGORITHM_INFO: bbbb
[18:57:43.280] [INFO] [Scheduler] Searching for algorithm classes in c:\Users\buaal\Desktop\NeuroPrime\custom_algorithms\bbbb.py...
[18:57:43.280] [INFO] [Scheduler] Loaded custom algorithm: CustomAlgorithm
[18:57:43.280] [INFO] [Scheduler] Loading custom algorithm from: c:\Users\buaal\Desktop\NeuroPrime\custom_algorithms\customalgorithm.py
[18:57:43.280] [INFO] [Scheduler] Loaded custom algorithm from ALGORITHM_INFO: CustomAlgorithm
[18:57:43.280] [INFO] [Scheduler] Searching for algorithm classes in c:\Users\buaal\Desktop\NeuroPrime\custom_algorithms\customalgorithm.py...
[18:57:43.280] [INFO] [Scheduler] Loaded custom algorithm: CustomAlgorithm
[18:57:43.280] [INFO] [Scheduler] Loading custom algorithm from: c:\Users\buaal\Desktop\NeuroPrime\custom_algorithms\customalgorithmnew.py
[18:57:43.281] [INFO] [Scheduler] Loaded custom algorithm from ALGORITHM_INFO: CustomAlgorithmNew
[18:57:43.281] [INFO] [Scheduler] Searching for algorithm classes in c:\Users\buaal\Desktop\NeuroPrime\custom_algorithms\customalgorithmnew.py...
[18:57:43.281] [INFO] [Scheduler] Loaded custom algorithm: CustomAlgorithm
[18:57:43.281] [INFO] [Scheduler] Loading custom algorithm from: c:\Users\buaal\Desktop\NeuroPrime\custom_algorithms\customalgorithmtest.py
[18:57:43.281] [INFO] [Scheduler] Loaded custom algorithm from ALGORITHM_INFO: CustomAlgorithmTest
[18:57:43.281] [INFO] [Scheduler] Searching for algorithm classes in c:\Users\buaal\Desktop\NeuroPrime\custom_algorithms\customalgorithmtest.py...
[18:57:43.281] [INFO] [Scheduler] Loaded custom algorithm: CustomAlgorithm
[18:57:43.281] [INFO] [Scheduler] Loading custom algorithm from: c:\Users\buaal\Desktop\NeuroPrime\custom_algorithms\new.py
[18:57:43.281] [INFO] [Scheduler] Loaded custom algorithm from ALGORITHM_INFO: New
[18:57:43.281] [INFO] [Scheduler] Searching for algorithm classes in c:\Users\buaal\Desktop\NeuroPrime\custom_algorithms\new.py...
[18:57:43.281] [INFO] [Scheduler] Loaded custom algorithm: CustomAlgorithm
[18:57:43.281] [INFO] [Scheduler] Loading custom algorithm from: c:\Users\buaal\Desktop\NeuroPrime\custom_algorithms\newnew.py
[18:57:43.282] [INFO] [Scheduler] Loaded custom algorithm from ALGORITHM_INFO: newnew
[18:57:43.282] [INFO] [Scheduler] Searching for algorithm classes in c:\Users\buaal\Desktop\NeuroPrime\custom_algorithms\newnew.py...
[18:57:43.282] [INFO] [Scheduler] Loaded custom algorithm: CustomAlgorithm
[18:57:43.282] [INFO] [Scheduler] Loading custom algorithm from: c:\Users\buaal\Desktop\NeuroPrime\custom_algorithms\newnewnew.py
[18:57:43.282] [INFO] [Scheduler] Loaded custom algorithm from ALGORITHM_INFO: newnewnew
[18:57:43.282] [INFO] [Scheduler] Searching for algorithm classes in c:\Users\buaal\Desktop\NeuroPrime\custom_algorithms\newnewnew.py...
[18:57:43.282] [INFO] [Scheduler] Loaded custom algorithm: CustomAlgorithm
[18:57:43.282] [INFO] [Scheduler] Loading custom algorithm from: c:\Users\buaal\Desktop\NeuroPrime\custom_algorithms\newnewnewnewnewn.py
[18:57:43.282] [INFO] [Scheduler] Loaded custom algorithm from ALGORITHM_INFO: newnewnewnewnewn
[18:57:43.282] [INFO] [Scheduler] Searching for algorithm classes in c:\Users\buaal\Desktop\NeuroPrime\custom_algorithms\newnewnewnewnewn.py...
[18:57:43.282] [INFO] [Scheduler] Loaded custom algorithm: CustomAlgorithm
[18:57:43.282] [INFO] [Scheduler] Loading custom algorithm from: c:\Users\buaal\Desktop\NeuroPrime\custom_algorithms\testscriptalgorithm.py
[18:57:43.283] [INFO] [Scheduler] Loaded custom algorithm from ALGORITHM_INFO: TestScriptAlgorithm
[18:57:43.283] [INFO] [Scheduler] Searching for algorithm classes in c:\Users\buaal\Desktop\NeuroPrime\custom_algorithms\testscriptalgorithm.py...
[18:57:43.283] [INFO] [Scheduler] Loaded custom algorithm: CustomAlgorithm
[18:57:43.283] [INFO] [Scheduler] Loading custom algorithm from: c:\Users\buaal\Desktop\NeuroPrime\custom_algorithms\view_raw_lfp_data.py
[18:57:43.283] [INFO] [Scheduler] Loaded custom algorithm from ALGORITHM_INFO: ViewRawLFPData
[18:57:43.283] [INFO] [Scheduler] Searching for algorithm classes in c:\Users\buaal\Desktop\NeuroPrime\custom_algorithms\view_raw_lfp_data.py...
[18:57:43.283] [INFO] [Scheduler] Loaded custom algorithm: ViewRawLFPData
[18:57:43.283] [INFO] Custom algorithms reload completed
[18:57:43.283] [INFO] Total algorithms available: 19
[18:57:43.283] [INFO] Algorithm list: ['SpikeDetectionThreshold:Spike', 'SpikeSortingPCA:Spike', 'LFPPowerSpectrum:LFP', 'LFPSpectrogram:LFP', 'PSTHAnalysis:Behavior', 'RasterPlotAnalysis:Behavior', 'TuningCurveAnalysis:Behavior', 'ROCAnalysis:Behavior', 'LDADecoder:Decoding', 'aaaa:自定义算法', 'CustomAlgorithm:Custom', 'CustomAlgorithmNew:Custom', 'CustomAlgorithmTest:自定义算法', 'New:自定义算法', 'newnew:自定义算法', 'newnewnew:自定义算法', 'newnewnewnewnewn:自定义算法', 'ViewRawLFPData:自定义算法', 'bbbb:自定义算法']
[18:57:43.284] [INFO] Added custom algorithm: aaaa (category: 自定义算法)
[18:57:43.284] [INFO] Added custom algorithm: CustomAlgorithm (category: Custom)
[18:57:43.284] [INFO] Added custom algorithm: CustomAlgorithmNew (category: Custom)
[18:57:43.284] [INFO] Added custom algorithm: CustomAlgorithmTest (category: 自定义算法)
[18:57:43.284] [INFO] Added custom algorithm: New (category: 自定义算法)
[18:57:43.284] [INFO] Added custom algorithm: newnew (category: 自定义算法)
[18:57:43.284] [INFO] Added custom algorithm: newnewnew (category: 自定义算法)
[18:57:43.284] [INFO] Added custom algorithm: newnewnewnewnewn (category: 自定义算法)
[18:57:43.284] [INFO] Added custom algorithm: ViewRawLFPData (category: 自定义算法)
[18:57:43.284] [INFO] Added custom algorithm: bbbb (category: 自定义算法)
[18:57:43.284] [INFO] Total custom algorithms added: 10
[18:57:43.284] [INFO] ============================================================
[18:57:53.553] [INFO] add_data_item 被调用
[18:57:53.553] [DEBUG] data_item_type = <class 'dict'> (type: type)
[18:57:54.934] [INFO] ============================================================
[18:57:54.934] [INFO] _on_run_clicked 被调用
[18:57:54.934] [INFO] _get_selected_data_items 被调用
[18:57:54.934] [DEBUG] selected_data_items_len = 1 (type: int)
[18:57:54.934] [DEBUG] selected_data_items_0_type = <class 'dict'> (type: type)
[18:57:54.934] [INFO] 返回 1 个有效数据项
[18:57:54.934] [DEBUG] selected_data_type = <class 'list'> (type: type)
[18:57:54.934] [DEBUG] selected_data_len = 1 (type: int)
[18:57:54.934] [DEBUG] item_0_type = <class 'dict'> (type: type)
[18:57:54.934] [INFO] item[0] keys: ['id', 'display_name', 'trial_name', 'data_type', 'description', 'time_range']
[18:57:54.934] [INFO] 自定义算法使用默认参数: {'threshold': 3.0}
[18:57:54.934] [DEBUG] parameters_keys = ['threshold'] (type: list)
[18:57:54.934] [DEBUG] algorithm_name = bbbb (type: str)
[18:57:54.934] [DEBUG] current_algorithm = bbbb (type: str)
[18:57:54.934] [INFO] 发送请求: algorithm=bbbb, data_items数量=1
[18:57:54.934] [INFO] ============================================================
[18:57:54.934] [INFO] _on_run_analysis 被调用
[18:57:54.934] [DEBUG] params_type = <class 'dict'> (type: type)
[18:57:54.934] [DEBUG] algorithm_name = bbbb (type: str)
[18:57:54.934] [DEBUG] data_items_type = <class 'list'> (type: type)
[18:57:54.934] [DEBUG] data_items_len = 1 (type: int)
[18:57:54.934] [DEBUG] parameters_type = <class 'dict'> (type: type)
[18:57:54.934] [DEBUG] time_alignment_type = <class 'NoneType'> (type: type)
[18:57:54.934] [INFO] data_items[0] type: <class 'dict'>
[18:57:54.934] [INFO] data_items[0] keys: ['id', 'display_name', 'trial_name', 'data_type', 'description', 'time_range']
[18:57:54.935] [INFO] ============================================================
[18:57:54.935] [INFO] _run_analysis_async 被调用
[18:57:54.935] [DEBUG] algorithm_name = bbbb (type: str)
[18:57:54.935] [DEBUG] data_items_type = <class 'list'> (type: type)
[18:57:54.935] [DEBUG] data_items_len = 1 (type: int)
[18:57:54.935] [DEBUG] parameters_keys = ['threshold'] (type: list)
[18:57:54.935] [INFO] data_items[0] type: <class 'dict'>
[18:57:54.935] [INFO] data_items[0] keys: ['id', 'display_name', 'trial_name', 'data_type', 'description', 'time_range']
