[20:31:16.396] [INFO] ============================================================
[20:31:16.396] [INFO] NeuroPrime 调试日志
[20:31:16.396] [INFO] 启动时间: 2026-04-21 20:31:16
[20:31:16.396] [INFO] Python版本: 3.10.10 (tags/v3.10.10:aad5f6a, Feb  7 2023, 17:20:36) [MSC v.1929 64 bit (AMD64)]
[20:31:16.396] [INFO] 日志文件: c:\Users\buaal\Desktop\NeuroPrime\logs\debug_20260421_203116.log
[20:31:16.396] [INFO] ============================================================
[20:31:18.114] [INFO] [Scheduler] Removed pycache directory: c:\Users\buaal\Desktop\NeuroPrime\custom_algorithms\__pycache__
[20:31:18.114] [INFO] [Scheduler] NEUROPRIME_ROOT = c:\Users\buaal\Desktop\NeuroPrime
[20:31:18.114] [INFO] [Scheduler] Looking for custom algorithms in: c:\Users\buaal\Desktop\NeuroPrime\custom_algorithms
[20:31:18.114] [INFO] [Scheduler] Current working directory: c:\Users\buaal\Desktop\NeuroPrime
[20:31:18.114] [INFO] [Scheduler] Script directory: c:\Users\buaal\Desktop\NeuroPrime\src\algorithms
[20:31:18.114] [INFO] [Scheduler] Custom algorithms directory exists: c:\Users\buaal\Desktop\NeuroPrime\custom_algorithms
[20:31:18.115] [INFO] [Scheduler] Found 17 Python files: ['customalgorithm.py', 'customalgorithmnew.py', 'mnealgorithm.py', 'mnebadchanneldetectionalgorithm.py', 'mneerpalgorithm.py', 'mnefilteringalgorithm.py', 'mnefunctionalconnectivityalgorithm.py', 'mneicaalgorithm.py', 'mneicaartifactremovalalgorithm.py', 'mnepowerspectrumalgorithm.py', 'mneresamplingalgorithm.py', 'mnesourcelocalizationalgorithm.py', 'mnetimefrequencyalgorithm.py', 'testscriptalgorithm.py', 'viewlfpdata.py', 'view_raw_lfp_data.py', '__init__.py']
[20:31:18.115] [INFO] [Scheduler] Loading custom algorithm from: c:\Users\buaal\Desktop\NeuroPrime\custom_algorithms\customalgorithm.py
[20:31:18.536] [INFO] [Scheduler] Loaded custom algorithm from ALGORITHM_INFO: CustomAlgorithm
[20:31:18.536] [ERROR] [Scheduler] Error loading custom algorithm from c:\Users\buaal\Desktop\NeuroPrime\custom_algorithms\customalgorithm.py: local variable 'found' referenced before assignment
[20:31:18.536] [ERROR] [Scheduler] Traceback: Traceback (most recent call last):
  File "c:\Users\buaal\Desktop\NeuroPrime\src\algorithms\scheduler.py", line 255, in _load_custom_algorithms
    if not found:
UnboundLocalError: local variable 'found' referenced before assignment

[20:31:18.536] [INFO] [Scheduler] Loading custom algorithm from: c:\Users\buaal\Desktop\NeuroPrime\custom_algorithms\customalgorithmnew.py
[20:31:18.538] [INFO] [Scheduler] Loaded custom algorithm from ALGORITHM_INFO: CustomAlgorithmNew
[20:31:18.538] [ERROR] [Scheduler] Error loading custom algorithm from c:\Users\buaal\Desktop\NeuroPrime\custom_algorithms\customalgorithmnew.py: local variable 'found' referenced before assignment
[20:31:18.538] [ERROR] [Scheduler] Traceback: Traceback (most recent call last):
  File "c:\Users\buaal\Desktop\NeuroPrime\src\algorithms\scheduler.py", line 255, in _load_custom_algorithms
    if not found:
UnboundLocalError: local variable 'found' referenced before assignment

[20:31:18.538] [INFO] [Scheduler] Loading custom algorithm from: c:\Users\buaal\Desktop\NeuroPrime\custom_algorithms\mnealgorithm.py
[20:31:18.568] [INFO] [Scheduler] Loaded custom algorithm from ALGORITHM_INFO: MNEAlgorithm
[20:31:18.568] [ERROR] [Scheduler] Error loading custom algorithm from c:\Users\buaal\Desktop\NeuroPrime\custom_algorithms\mnealgorithm.py: local variable 'found' referenced before assignment
[20:31:18.569] [ERROR] [Scheduler] Traceback: Traceback (most recent call last):
  File "c:\Users\buaal\Desktop\NeuroPrime\src\algorithms\scheduler.py", line 255, in _load_custom_algorithms
    if not found:
UnboundLocalError: local variable 'found' referenced before assignment

[20:31:18.569] [INFO] [Scheduler] Loading custom algorithm from: c:\Users\buaal\Desktop\NeuroPrime\custom_algorithms\mnebadchanneldetectionalgorithm.py
[20:31:18.571] [INFO] [Scheduler] Loaded custom algorithm from ALGORITHM_INFO: MNEBadChannelDetectionAlgorithm
[20:31:18.571] [ERROR] [Scheduler] Error loading custom algorithm from c:\Users\buaal\Desktop\NeuroPrime\custom_algorithms\mnebadchanneldetectionalgorithm.py: local variable 'found' referenced before assignment
[20:31:18.571] [ERROR] [Scheduler] Traceback: Traceback (most recent call last):
  File "c:\Users\buaal\Desktop\NeuroPrime\src\algorithms\scheduler.py", line 255, in _load_custom_algorithms
    if not found:
UnboundLocalError: local variable 'found' referenced before assignment

[20:31:18.571] [INFO] [Scheduler] Loading custom algorithm from: c:\Users\buaal\Desktop\NeuroPrime\custom_algorithms\mneerpalgorithm.py
[20:31:18.574] [INFO] [Scheduler] Loaded custom algorithm from ALGORITHM_INFO: MNEERPAlgorithm
[20:31:18.574] [ERROR] [Scheduler] Error loading custom algorithm from c:\Users\buaal\Desktop\NeuroPrime\custom_algorithms\mneerpalgorithm.py: local variable 'found' referenced before assignment
[20:31:18.574] [ERROR] [Scheduler] Traceback: Traceback (most recent call last):
  File "c:\Users\buaal\Desktop\NeuroPrime\src\algorithms\scheduler.py", line 255, in _load_custom_algorithms
    if not found:
UnboundLocalError: local variable 'found' referenced before assignment

[20:31:18.574] [INFO] [Scheduler] Loading custom algorithm from: c:\Users\buaal\Desktop\NeuroPrime\custom_algorithms\mnefilteringalgorithm.py
[20:31:18.577] [INFO] [Scheduler] Loaded custom algorithm from ALGORITHM_INFO: MNEFilteringAlgorithm
[20:31:18.577] [ERROR] [Scheduler] Error loading custom algorithm from c:\Users\buaal\Desktop\NeuroPrime\custom_algorithms\mnefilteringalgorithm.py: local variable 'found' referenced before assignment
[20:31:18.577] [ERROR] [Scheduler] Traceback: Traceback (most recent call last):
  File "c:\Users\buaal\Desktop\NeuroPrime\src\algorithms\scheduler.py", line 255, in _load_custom_algorithms
    if not found:
UnboundLocalError: local variable 'found' referenced before assignment

[20:31:18.577] [INFO] [Scheduler] Loading custom algorithm from: c:\Users\buaal\Desktop\NeuroPrime\custom_algorithms\mnefunctionalconnectivityalgorithm.py
[20:31:18.580] [INFO] [Scheduler] Loaded custom algorithm from ALGORITHM_INFO: MNEFunctionalConnectivityAlgorithm
[20:31:18.580] [ERROR] [Scheduler] Error loading custom algorithm from c:\Users\buaal\Desktop\NeuroPrime\custom_algorithms\mnefunctionalconnectivityalgorithm.py: local variable 'found' referenced before assignment
[20:31:18.580] [ERROR] [Scheduler] Traceback: Traceback (most recent call last):
  File "c:\Users\buaal\Desktop\NeuroPrime\src\algorithms\scheduler.py", line 255, in _load_custom_algorithms
    if not found:
UnboundLocalError: local variable 'found' referenced before assignment

[20:31:18.580] [INFO] [Scheduler] Loading custom algorithm from: c:\Users\buaal\Desktop\NeuroPrime\custom_algorithms\mneicaalgorithm.py
[20:31:18.583] [INFO] [Scheduler] Loaded custom algorithm from ALGORITHM_INFO: MNEICAAlgorithm
[20:31:18.583] [ERROR] [Scheduler] Error loading custom algorithm from c:\Users\buaal\Desktop\NeuroPrime\custom_algorithms\mneicaalgorithm.py: local variable 'found' referenced before assignment
[20:31:18.583] [ERROR] [Scheduler] Traceback: Traceback (most recent call last):
  File "c:\Users\buaal\Desktop\NeuroPrime\src\algorithms\scheduler.py", line 255, in _load_custom_algorithms
    if not found:
UnboundLocalError: local variable 'found' referenced before assignment

[20:31:18.583] [INFO] [Scheduler] Loading custom algorithm from: c:\Users\buaal\Desktop\NeuroPrime\custom_algorithms\mneicaartifactremovalalgorithm.py
[20:31:18.586] [INFO] [Scheduler] Loaded custom algorithm from ALGORITHM_INFO: MNEICAArtifactRemovalAlgorithm
[20:31:18.586] [ERROR] [Scheduler] Error loading custom algorithm from c:\Users\buaal\Desktop\NeuroPrime\custom_algorithms\mneicaartifactremovalalgorithm.py: local variable 'found' referenced before assignment
[20:31:18.586] [ERROR] [Scheduler] Traceback: Traceback (most recent call last):
  File "c:\Users\buaal\Desktop\NeuroPrime\src\algorithms\scheduler.py", line 255, in _load_custom_algorithms
    if not found:
UnboundLocalError: local variable 'found' referenced before assignment

[20:31:18.587] [INFO] [Scheduler] Loading custom algorithm from: c:\Users\buaal\Desktop\NeuroPrime\custom_algorithms\mnepowerspectrumalgorithm.py
[20:31:18.589] [INFO] [Scheduler] Loaded custom algorithm from ALGORITHM_INFO: MNEPowerSpectrumAlgorithm
[20:31:18.589] [ERROR] [Scheduler] Error loading custom algorithm from c:\Users\buaal\Desktop\NeuroPrime\custom_algorithms\mnepowerspectrumalgorithm.py: local variable 'found' referenced before assignment
[20:31:18.590] [ERROR] [Scheduler] Traceback: Traceback (most recent call last):
  File "c:\Users\buaal\Desktop\NeuroPrime\src\algorithms\scheduler.py", line 255, in _load_custom_algorithms
    if not found:
UnboundLocalError: local variable 'found' referenced before assignment

[20:31:18.590] [INFO] [Scheduler] Loading custom algorithm from: c:\Users\buaal\Desktop\NeuroPrime\custom_algorithms\mneresamplingalgorithm.py
[20:31:18.592] [INFO] [Scheduler] Loaded custom algorithm from ALGORITHM_INFO: MNEResamplingAlgorithm
[20:31:18.592] [ERROR] [Scheduler] Error loading custom algorithm from c:\Users\buaal\Desktop\NeuroPrime\custom_algorithms\mneresamplingalgorithm.py: local variable 'found' referenced before assignment
[20:31:18.592] [ERROR] [Scheduler] Traceback: Traceback (most recent call last):
  File "c:\Users\buaal\Desktop\NeuroPrime\src\algorithms\scheduler.py", line 255, in _load_custom_algorithms
    if not found:
UnboundLocalError: local variable 'found' referenced before assignment

[20:31:18.592] [INFO] [Scheduler] Loading custom algorithm from: c:\Users\buaal\Desktop\NeuroPrime\custom_algorithms\mnesourcelocalizationalgorithm.py
[20:31:18.594] [INFO] [Scheduler] Loaded custom algorithm from ALGORITHM_INFO: MNESourceLocalizationAlgorithm
[20:31:18.594] [ERROR] [Scheduler] Error loading custom algorithm from c:\Users\buaal\Desktop\NeuroPrime\custom_algorithms\mnesourcelocalizationalgorithm.py: local variable 'found' referenced before assignment
[20:31:18.595] [ERROR] [Scheduler] Traceback: Traceback (most recent call last):
  File "c:\Users\buaal\Desktop\NeuroPrime\src\algorithms\scheduler.py", line 255, in _load_custom_algorithms
    if not found:
UnboundLocalError: local variable 'found' referenced before assignment

[20:31:18.595] [INFO] [Scheduler] Loading custom algorithm from: c:\Users\buaal\Desktop\NeuroPrime\custom_algorithms\mnetimefrequencyalgorithm.py
[20:31:18.597] [INFO] [Scheduler] Loaded custom algorithm from ALGORITHM_INFO: MNETimeFrequencyAlgorithm
[20:31:18.597] [ERROR] [Scheduler] Error loading custom algorithm from c:\Users\buaal\Desktop\NeuroPrime\custom_algorithms\mnetimefrequencyalgorithm.py: local variable 'found' referenced before assignment
[20:31:18.598] [ERROR] [Scheduler] Traceback: Traceback (most recent call last):
  File "c:\Users\buaal\Desktop\NeuroPrime\src\algorithms\scheduler.py", line 255, in _load_custom_algorithms
    if not found:
UnboundLocalError: local variable 'found' referenced before assignment

[20:31:18.598] [INFO] [Scheduler] Loading custom algorithm from: c:\Users\buaal\Desktop\NeuroPrime\custom_algorithms\testscriptalgorithm.py
[20:31:18.599] [INFO] [Scheduler] Loaded custom algorithm from ALGORITHM_INFO: TestScriptAlgorithm
[20:31:18.599] [ERROR] [Scheduler] Error loading custom algorithm from c:\Users\buaal\Desktop\NeuroPrime\custom_algorithms\testscriptalgorithm.py: local variable 'found' referenced before assignment
[20:31:18.599] [ERROR] [Scheduler] Traceback: Traceback (most recent call last):
  File "c:\Users\buaal\Desktop\NeuroPrime\src\algorithms\scheduler.py", line 255, in _load_custom_algorithms
    if not found:
UnboundLocalError: local variable 'found' referenced before assignment

[20:31:18.599] [INFO] [Scheduler] Loading custom algorithm from: c:\Users\buaal\Desktop\NeuroPrime\custom_algorithms\viewlfpdata.py
[20:31:18.600] [INFO] [Scheduler] Loaded custom algorithm from ALGORITHM_INFO: ViewLFPData
[20:31:18.600] [ERROR] [Scheduler] Error loading custom algorithm from c:\Users\buaal\Desktop\NeuroPrime\custom_algorithms\viewlfpdata.py: local variable 'found' referenced before assignment
[20:31:18.602] [ERROR] [Scheduler] Traceback: Traceback (most recent call last):
  File "c:\Users\buaal\Desktop\NeuroPrime\src\algorithms\scheduler.py", line 255, in _load_custom_algorithms
    if not found:
UnboundLocalError: local variable 'found' referenced before assignment

[20:31:18.602] [INFO] [Scheduler] Loading custom algorithm from: c:\Users\buaal\Desktop\NeuroPrime\custom_algorithms\view_raw_lfp_data.py
[20:31:18.603] [INFO] [Scheduler] Loaded custom algorithm from ALGORITHM_INFO: ViewRawLFPData
[20:31:18.603] [ERROR] [Scheduler] Error loading custom algorithm from c:\Users\buaal\Desktop\NeuroPrime\custom_algorithms\view_raw_lfp_data.py: local variable 'found' referenced before assignment
[20:31:18.603] [ERROR] [Scheduler] Traceback: Traceback (most recent call last):
  File "c:\Users\buaal\Desktop\NeuroPrime\src\algorithms\scheduler.py", line 255, in _load_custom_algorithms
    if not found:
UnboundLocalError: local variable 'found' referenced before assignment

[20:31:24.871] [INFO] ============================================================
[20:31:24.871] [INFO] _populate_custom_algorithms started
[20:31:24.872] [INFO] Attempting to reload custom algorithms...
[20:31:24.872] [INFO] Removed module from cache: src.algorithms.base
[20:31:24.872] [INFO] Removed module from cache: src.algorithms.scheduler
[20:31:24.872] [INFO] Removed module from cache: src.algorithms.spike_detection
[20:31:24.872] [INFO] Removed module from cache: src.algorithms.lfp_analysis
[20:31:24.872] [INFO] Removed module from cache: src.algorithms.behavior_analysis
[20:31:24.872] [INFO] Removed module from cache: src.algorithms.decoding
[20:31:24.872] [INFO] Removed module from cache: src.algorithms
[20:31:24.881] [INFO] [Scheduler] Removed pycache directory: c:\Users\buaal\Desktop\NeuroPrime\custom_algorithms\__pycache__
[20:31:24.881] [INFO] [Scheduler] NEUROPRIME_ROOT = c:\Users\buaal\Desktop\NeuroPrime
[20:31:24.881] [INFO] [Scheduler] Looking for custom algorithms in: c:\Users\buaal\Desktop\NeuroPrime\custom_algorithms
[20:31:24.881] [INFO] [Scheduler] Current working directory: c:\Users\buaal\Desktop\NeuroPrime
[20:31:24.881] [INFO] [Scheduler] Script directory: c:\Users\buaal\Desktop\NeuroPrime\src\algorithms
[20:31:24.882] [INFO] [Scheduler] Custom algorithms directory exists: c:\Users\buaal\Desktop\NeuroPrime\custom_algorithms
[20:31:24.882] [INFO] [Scheduler] Found 17 Python files: ['customalgorithm.py', 'customalgorithmnew.py', 'mnealgorithm.py', 'mnebadchanneldetectionalgorithm.py', 'mneerpalgorithm.py', 'mnefilteringalgorithm.py', 'mnefunctionalconnectivityalgorithm.py', 'mneicaalgorithm.py', 'mneicaartifactremovalalgorithm.py', 'mnepowerspectrumalgorithm.py', 'mneresamplingalgorithm.py', 'mnesourcelocalizationalgorithm.py', 'mnetimefrequencyalgorithm.py', 'testscriptalgorithm.py', 'viewlfpdata.py', 'view_raw_lfp_data.py', '__init__.py']
[20:31:24.882] [INFO] [Scheduler] Loading custom algorithm from: c:\Users\buaal\Desktop\NeuroPrime\custom_algorithms\customalgorithm.py
[20:31:24.892] [INFO] [Scheduler] Loaded custom algorithm from ALGORITHM_INFO: CustomAlgorithm
[20:31:24.892] [ERROR] [Scheduler] Error loading custom algorithm from c:\Users\buaal\Desktop\NeuroPrime\custom_algorithms\customalgorithm.py: local variable 'found' referenced before assignment
[20:31:24.892] [ERROR] [Scheduler] Traceback: Traceback (most recent call last):
  File "c:\Users\buaal\Desktop\NeuroPrime\src\algorithms\scheduler.py", line 255, in _load_custom_algorithms
    if not found:
UnboundLocalError: local variable 'found' referenced before assignment

[20:31:24.892] [INFO] [Scheduler] Loading custom algorithm from: c:\Users\buaal\Desktop\NeuroPrime\custom_algorithms\customalgorithmnew.py
[20:31:24.894] [INFO] [Scheduler] Loaded custom algorithm from ALGORITHM_INFO: CustomAlgorithmNew
[20:31:24.894] [ERROR] [Scheduler] Error loading custom algorithm from c:\Users\buaal\Desktop\NeuroPrime\custom_algorithms\customalgorithmnew.py: local variable 'found' referenced before assignment
[20:31:24.894] [ERROR] [Scheduler] Traceback: Traceback (most recent call last):
  File "c:\Users\buaal\Desktop\NeuroPrime\src\algorithms\scheduler.py", line 255, in _load_custom_algorithms
    if not found:
UnboundLocalError: local variable 'found' referenced before assignment

[20:31:24.894] [INFO] [Scheduler] Loading custom algorithm from: c:\Users\buaal\Desktop\NeuroPrime\custom_algorithms\mnealgorithm.py
[20:31:24.896] [INFO] [Scheduler] Loaded custom algorithm from ALGORITHM_INFO: MNEAlgorithm
[20:31:24.896] [ERROR] [Scheduler] Error loading custom algorithm from c:\Users\buaal\Desktop\NeuroPrime\custom_algorithms\mnealgorithm.py: local variable 'found' referenced before assignment
[20:31:24.896] [ERROR] [Scheduler] Traceback: Traceback (most recent call last):
  File "c:\Users\buaal\Desktop\NeuroPrime\src\algorithms\scheduler.py", line 255, in _load_custom_algorithms
    if not found:
UnboundLocalError: local variable 'found' referenced before assignment

[20:31:24.896] [INFO] [Scheduler] Loading custom algorithm from: c:\Users\buaal\Desktop\NeuroPrime\custom_algorithms\mnebadchanneldetectionalgorithm.py
[20:31:24.899] [INFO] [Scheduler] Loaded custom algorithm from ALGORITHM_INFO: MNEBadChannelDetectionAlgorithm
[20:31:24.899] [ERROR] [Scheduler] Error loading custom algorithm from c:\Users\buaal\Desktop\NeuroPrime\custom_algorithms\mnebadchanneldetectionalgorithm.py: local variable 'found' referenced before assignment
[20:31:24.899] [ERROR] [Scheduler] Traceback: Traceback (most recent call last):
  File "c:\Users\buaal\Desktop\NeuroPrime\src\algorithms\scheduler.py", line 255, in _load_custom_algorithms
    if not found:
UnboundLocalError: local variable 'found' referenced before assignment

[20:31:24.899] [INFO] [Scheduler] Loading custom algorithm from: c:\Users\buaal\Desktop\NeuroPrime\custom_algorithms\mneerpalgorithm.py
[20:31:24.902] [INFO] [Scheduler] Loaded custom algorithm from ALGORITHM_INFO: MNEERPAlgorithm
[20:31:24.902] [ERROR] [Scheduler] Error loading custom algorithm from c:\Users\buaal\Desktop\NeuroPrime\custom_algorithms\mneerpalgorithm.py: local variable 'found' referenced before assignment
[20:31:24.902] [ERROR] [Scheduler] Traceback: Traceback (most recent call last):
  File "c:\Users\buaal\Desktop\NeuroPrime\src\algorithms\scheduler.py", line 255, in _load_custom_algorithms
    if not found:
UnboundLocalError: local variable 'found' referenced before assignment

[20:31:24.902] [INFO] [Scheduler] Loading custom algorithm from: c:\Users\buaal\Desktop\NeuroPrime\custom_algorithms\mnefilteringalgorithm.py
[20:31:24.905] [INFO] [Scheduler] Loaded custom algorithm from ALGORITHM_INFO: MNEFilteringAlgorithm
[20:31:24.905] [ERROR] [Scheduler] Error loading custom algorithm from c:\Users\buaal\Desktop\NeuroPrime\custom_algorithms\mnefilteringalgorithm.py: local variable 'found' referenced before assignment
[20:31:24.905] [ERROR] [Scheduler] Traceback: Traceback (most recent call last):
  File "c:\Users\buaal\Desktop\NeuroPrime\src\algorithms\scheduler.py", line 255, in _load_custom_algorithms
    if not found:
UnboundLocalError: local variable 'found' referenced before assignment

[20:31:24.905] [INFO] [Scheduler] Loading custom algorithm from: c:\Users\buaal\Desktop\NeuroPrime\custom_algorithms\mnefunctionalconnectivityalgorithm.py
[20:31:24.908] [INFO] [Scheduler] Loaded custom algorithm from ALGORITHM_INFO: MNEFunctionalConnectivityAlgorithm
[20:31:24.908] [ERROR] [Scheduler] Error loading custom algorithm from c:\Users\buaal\Desktop\NeuroPrime\custom_algorithms\mnefunctionalconnectivityalgorithm.py: local variable 'found' referenced before assignment
[20:31:24.909] [ERROR] [Scheduler] Traceback: Traceback (most recent call last):
  File "c:\Users\buaal\Desktop\NeuroPrime\src\algorithms\scheduler.py", line 255, in _load_custom_algorithms
    if not found:
UnboundLocalError: local variable 'found' referenced before assignment

[20:31:24.909] [INFO] [Scheduler] Loading custom algorithm from: c:\Users\buaal\Desktop\NeuroPrime\custom_algorithms\mneicaalgorithm.py
[20:31:24.912] [INFO] [Scheduler] Loaded custom algorithm from ALGORITHM_INFO: MNEICAAlgorithm
[20:31:24.912] [ERROR] [Scheduler] Error loading custom algorithm from c:\Users\buaal\Desktop\NeuroPrime\custom_algorithms\mneicaalgorithm.py: local variable 'found' referenced before assignment
[20:31:24.912] [ERROR] [Scheduler] Traceback: Traceback (most recent call last):
  File "c:\Users\buaal\Desktop\NeuroPrime\src\algorithms\scheduler.py", line 255, in _load_custom_algorithms
    if not found:
UnboundLocalError: local variable 'found' referenced before assignment

[20:31:24.912] [INFO] [Scheduler] Loading custom algorithm from: c:\Users\buaal\Desktop\NeuroPrime\custom_algorithms\mneicaartifactremovalalgorithm.py
[20:31:24.914] [INFO] [Scheduler] Loaded custom algorithm from ALGORITHM_INFO: MNEICAArtifactRemovalAlgorithm
[20:31:24.915] [ERROR] [Scheduler] Error loading custom algorithm from c:\Users\buaal\Desktop\NeuroPrime\custom_algorithms\mneicaartifactremovalalgorithm.py: local variable 'found' referenced before assignment
[20:31:24.915] [ERROR] [Scheduler] Traceback: Traceback (most recent call last):
  File "c:\Users\buaal\Desktop\NeuroPrime\src\algorithms\scheduler.py", line 255, in _load_custom_algorithms
    if not found:
UnboundLocalError: local variable 'found' referenced before assignment

[20:31:24.915] [INFO] [Scheduler] Loading custom algorithm from: c:\Users\buaal\Desktop\NeuroPrime\custom_algorithms\mnepowerspectrumalgorithm.py
[20:31:24.916] [INFO] [Scheduler] Loaded custom algorithm from ALGORITHM_INFO: MNEPowerSpectrumAlgorithm
[20:31:24.918] [ERROR] [Scheduler] Error loading custom algorithm from c:\Users\buaal\Desktop\NeuroPrime\custom_algorithms\mnepowerspectrumalgorithm.py: local variable 'found' referenced before assignment
[20:31:24.918] [ERROR] [Scheduler] Traceback: Traceback (most recent call last):
  File "c:\Users\buaal\Desktop\NeuroPrime\src\algorithms\scheduler.py", line 255, in _load_custom_algorithms
    if not found:
UnboundLocalError: local variable 'found' referenced before assignment

[20:31:24.918] [INFO] [Scheduler] Loading custom algorithm from: c:\Users\buaal\Desktop\NeuroPrime\custom_algorithms\mneresamplingalgorithm.py
[20:31:24.919] [INFO] [Scheduler] Loaded custom algorithm from ALGORITHM_INFO: MNEResamplingAlgorithm
[20:31:24.919] [ERROR] [Scheduler] Error loading custom algorithm from c:\Users\buaal\Desktop\NeuroPrime\custom_algorithms\mneresamplingalgorithm.py: local variable 'found' referenced before assignment
[20:31:24.919] [ERROR] [Scheduler] Traceback: Traceback (most recent call last):
  File "c:\Users\buaal\Desktop\NeuroPrime\src\algorithms\scheduler.py", line 255, in _load_custom_algorithms
    if not found:
UnboundLocalError: local variable 'found' referenced before assignment

[20:31:24.920] [INFO] [Scheduler] Loading custom algorithm from: c:\Users\buaal\Desktop\NeuroPrime\custom_algorithms\mnesourcelocalizationalgorithm.py
[20:31:24.921] [INFO] [Scheduler] Loaded custom algorithm from ALGORITHM_INFO: MNESourceLocalizationAlgorithm
[20:31:24.921] [ERROR] [Scheduler] Error loading custom algorithm from c:\Users\buaal\Desktop\NeuroPrime\custom_algorithms\mnesourcelocalizationalgorithm.py: local variable 'found' referenced before assignment
[20:31:24.921] [ERROR] [Scheduler] Traceback: Traceback (most recent call last):
  File "c:\Users\buaal\Desktop\NeuroPrime\src\algorithms\scheduler.py", line 255, in _load_custom_algorithms
    if not found:
UnboundLocalError: local variable 'found' referenced before assignment

[20:31:24.921] [INFO] [Scheduler] Loading custom algorithm from: c:\Users\buaal\Desktop\NeuroPrime\custom_algorithms\mnetimefrequencyalgorithm.py
[20:31:24.923] [INFO] [Scheduler] Loaded custom algorithm from ALGORITHM_INFO: MNETimeFrequencyAlgorithm
[20:31:24.923] [ERROR] [Scheduler] Error loading custom algorithm from c:\Users\buaal\Desktop\NeuroPrime\custom_algorithms\mnetimefrequencyalgorithm.py: local variable 'found' referenced before assignment
[20:31:24.924] [ERROR] [Scheduler] Traceback: Traceback (most recent call last):
  File "c:\Users\buaal\Desktop\NeuroPrime\src\algorithms\scheduler.py", line 255, in _load_custom_algorithms
    if not found:
UnboundLocalError: local variable 'found' referenced before assignment

[20:31:24.924] [INFO] [Scheduler] Loading custom algorithm from: c:\Users\buaal\Desktop\NeuroPrime\custom_algorithms\testscriptalgorithm.py
[20:31:24.927] [INFO] [Scheduler] Loaded custom algorithm from ALGORITHM_INFO: TestScriptAlgorithm
[20:31:24.927] [ERROR] [Scheduler] Error loading custom algorithm from c:\Users\buaal\Desktop\NeuroPrime\custom_algorithms\testscriptalgorithm.py: local variable 'found' referenced before assignment
[20:31:24.927] [ERROR] [Scheduler] Traceback: Traceback (most recent call last):
  File "c:\Users\buaal\Desktop\NeuroPrime\src\algorithms\scheduler.py", line 255, in _load_custom_algorithms
    if not found:
UnboundLocalError: local variable 'found' referenced before assignment

[20:31:24.927] [INFO] [Scheduler] Loading custom algorithm from: c:\Users\buaal\Desktop\NeuroPrime\custom_algorithms\viewlfpdata.py
[20:31:24.930] [INFO] [Scheduler] Loaded custom algorithm from ALGORITHM_INFO: ViewLFPData
[20:31:24.930] [ERROR] [Scheduler] Error loading custom algorithm from c:\Users\buaal\Desktop\NeuroPrime\custom_algorithms\viewlfpdata.py: local variable 'found' referenced before assignment
[20:31:24.930] [ERROR] [Scheduler] Traceback: Traceback (most recent call last):
  File "c:\Users\buaal\Desktop\NeuroPrime\src\algorithms\scheduler.py", line 255, in _load_custom_algorithms
    if not found:
UnboundLocalError: local variable 'found' referenced before assignment

[20:31:24.930] [INFO] [Scheduler] Loading custom algorithm from: c:\Users\buaal\Desktop\NeuroPrime\custom_algorithms\view_raw_lfp_data.py
[20:31:24.931] [INFO] [Scheduler] Loaded custom algorithm from ALGORITHM_INFO: ViewRawLFPData
[20:31:24.933] [ERROR] [Scheduler] Error loading custom algorithm from c:\Users\buaal\Desktop\NeuroPrime\custom_algorithms\view_raw_lfp_data.py: local variable 'found' referenced before assignment
[20:31:24.933] [ERROR] [Scheduler] Traceback: Traceback (most recent call last):
  File "c:\Users\buaal\Desktop\NeuroPrime\src\algorithms\scheduler.py", line 255, in _load_custom_algorithms
    if not found:
UnboundLocalError: local variable 'found' referenced before assignment

[20:31:24.933] [INFO] Custom algorithms reload completed
[20:31:24.933] [INFO] Total algorithms available: 24
[20:31:24.933] [INFO] Added custom algorithm: MNEAlgorithm (category: 自定义算法)
[20:31:24.933] [INFO] Added custom algorithm: MNEBadChannelDetectionAlgorithm (category: 自定义算法)
[20:31:24.933] [INFO] Added custom algorithm: MNEERPAlgorithm (category: 自定义算法)
[20:31:24.933] [INFO] Added custom algorithm: MNEFilteringAlgorithm (category: 自定义算法)
[20:31:24.933] [INFO] Added custom algorithm: MNEFunctionalConnectivityAlgorithm (category: 自定义算法)
[20:31:24.933] [INFO] Added custom algorithm: MNEICAAlgorithm (category: 自定义算法)
[20:31:24.933] [INFO] Added custom algorithm: MNEICAArtifactRemovalAlgorithm (category: 自定义算法)
[20:31:24.933] [INFO] Added custom algorithm: MNEPowerSpectrumAlgorithm (category: 自定义算法)
[20:31:24.933] [INFO] Added custom algorithm: MNEResamplingAlgorithm (category: 自定义算法)
[20:31:24.933] [INFO] Added custom algorithm: MNESourceLocalizationAlgorithm (category: 自定义算法)
[20:31:24.933] [INFO] Added custom algorithm: MNETimeFrequencyAlgorithm (category: 自定义算法)
[20:31:24.933] [INFO] Added custom algorithm: ViewLFPData (category: 自定义算法)
[20:31:24.933] [INFO] Added custom algorithm: ViewRawLFPData (category: 自定义算法)
[20:31:24.933] [INFO] Total custom algorithms added: 13
[20:31:24.933] [INFO] ============================================================
[20:31:40.128] [INFO] [Scheduler] Removed pycache directory: c:\Users\buaal\Desktop\NeuroPrime\custom_algorithms\__pycache__
[20:31:40.128] [INFO] [Scheduler] NEUROPRIME_ROOT = c:\Users\buaal\Desktop\NeuroPrime
[20:31:40.128] [INFO] [Scheduler] Looking for custom algorithms in: c:\Users\buaal\Desktop\NeuroPrime\custom_algorithms
[20:31:40.128] [INFO] [Scheduler] Current working directory: c:\Users\buaal\Desktop\NeuroPrime
[20:31:40.128] [INFO] [Scheduler] Script directory: c:\Users\buaal\Desktop\NeuroPrime\src\algorithms
[20:31:40.128] [INFO] [Scheduler] Custom algorithms directory exists: c:\Users\buaal\Desktop\NeuroPrime\custom_algorithms
[20:31:40.129] [INFO] [Scheduler] Found 17 Python files: ['customalgorithm.py', 'customalgorithmnew.py', 'mnealgorithm.py', 'mnebadchanneldetectionalgorithm.py', 'mneerpalgorithm.py', 'mnefilteringalgorithm.py', 'mnefunctionalconnectivityalgorithm.py', 'mneicaalgorithm.py', 'mneicaartifactremovalalgorithm.py', 'mnepowerspectrumalgorithm.py', 'mneresamplingalgorithm.py', 'mnesourcelocalizationalgorithm.py', 'mnetimefrequencyalgorithm.py', 'testscriptalgorithm.py', 'viewlfpdata.py', 'view_raw_lfp_data.py', '__init__.py']
[20:31:40.129] [INFO] [Scheduler] Loading custom algorithm from: c:\Users\buaal\Desktop\NeuroPrime\custom_algorithms\customalgorithm.py
[20:31:40.131] [INFO] [Scheduler] Loaded custom algorithm from ALGORITHM_INFO: CustomAlgorithm
[20:31:40.131] [ERROR] [Scheduler] Error loading custom algorithm from c:\Users\buaal\Desktop\NeuroPrime\custom_algorithms\customalgorithm.py: local variable 'found' referenced before assignment
[20:31:40.131] [ERROR] [Scheduler] Traceback: Traceback (most recent call last):
  File "c:\Users\buaal\Desktop\NeuroPrime\src\algorithms\scheduler.py", line 255, in _load_custom_algorithms
    if not found:
UnboundLocalError: local variable 'found' referenced before assignment

[20:31:40.131] [INFO] [Scheduler] Loading custom algorithm from: c:\Users\buaal\Desktop\NeuroPrime\custom_algorithms\customalgorithmnew.py
[20:31:40.136] [INFO] [Scheduler] Loaded custom algorithm from ALGORITHM_INFO: CustomAlgorithmNew
[20:31:40.136] [ERROR] [Scheduler] Error loading custom algorithm from c:\Users\buaal\Desktop\NeuroPrime\custom_algorithms\customalgorithmnew.py: local variable 'found' referenced before assignment
[20:31:40.136] [ERROR] [Scheduler] Traceback: Traceback (most recent call last):
  File "c:\Users\buaal\Desktop\NeuroPrime\src\algorithms\scheduler.py", line 255, in _load_custom_algorithms
    if not found:
UnboundLocalError: local variable 'found' referenced before assignment

[20:31:40.136] [INFO] [Scheduler] Loading custom algorithm from: c:\Users\buaal\Desktop\NeuroPrime\custom_algorithms\mnealgorithm.py
[20:31:40.139] [INFO] [Scheduler] Loaded custom algorithm from ALGORITHM_INFO: MNEAlgorithm
[20:31:40.139] [ERROR] [Scheduler] Error loading custom algorithm from c:\Users\buaal\Desktop\NeuroPrime\custom_algorithms\mnealgorithm.py: local variable 'found' referenced before assignment
[20:31:40.141] [ERROR] [Scheduler] Traceback: Traceback (most recent call last):
  File "c:\Users\buaal\Desktop\NeuroPrime\src\algorithms\scheduler.py", line 255, in _load_custom_algorithms
    if not found:
UnboundLocalError: local variable 'found' referenced before assignment

[20:31:40.141] [INFO] [Scheduler] Loading custom algorithm from: c:\Users\buaal\Desktop\NeuroPrime\custom_algorithms\mnebadchanneldetectionalgorithm.py
[20:31:40.144] [INFO] [Scheduler] Loaded custom algorithm from ALGORITHM_INFO: MNEBadChannelDetectionAlgorithm
[20:31:40.144] [ERROR] [Scheduler] Error loading custom algorithm from c:\Users\buaal\Desktop\NeuroPrime\custom_algorithms\mnebadchanneldetectionalgorithm.py: local variable 'found' referenced before assignment
[20:31:40.145] [ERROR] [Scheduler] Traceback: Traceback (most recent call last):
  File "c:\Users\buaal\Desktop\NeuroPrime\src\algorithms\scheduler.py", line 255, in _load_custom_algorithms
    if not found:
UnboundLocalError: local variable 'found' referenced before assignment

[20:31:40.145] [INFO] [Scheduler] Loading custom algorithm from: c:\Users\buaal\Desktop\NeuroPrime\custom_algorithms\mneerpalgorithm.py
[20:31:40.148] [INFO] [Scheduler] Loaded custom algorithm from ALGORITHM_INFO: MNEERPAlgorithm
[20:31:40.148] [ERROR] [Scheduler] Error loading custom algorithm from c:\Users\buaal\Desktop\NeuroPrime\custom_algorithms\mneerpalgorithm.py: local variable 'found' referenced before assignment
[20:31:40.148] [ERROR] [Scheduler] Traceback: Traceback (most recent call last):
  File "c:\Users\buaal\Desktop\NeuroPrime\src\algorithms\scheduler.py", line 255, in _load_custom_algorithms
    if not found:
UnboundLocalError: local variable 'found' referenced before assignment

[20:31:40.148] [INFO] [Scheduler] Loading custom algorithm from: c:\Users\buaal\Desktop\NeuroPrime\custom_algorithms\mnefilteringalgorithm.py
[20:31:40.151] [INFO] [Scheduler] Loaded custom algorithm from ALGORITHM_INFO: MNEFilteringAlgorithm
[20:31:40.151] [ERROR] [Scheduler] Error loading custom algorithm from c:\Users\buaal\Desktop\NeuroPrime\custom_algorithms\mnefilteringalgorithm.py: local variable 'found' referenced before assignment
[20:31:40.151] [ERROR] [Scheduler] Traceback: Traceback (most recent call last):
  File "c:\Users\buaal\Desktop\NeuroPrime\src\algorithms\scheduler.py", line 255, in _load_custom_algorithms
    if not found:
UnboundLocalError: local variable 'found' referenced before assignment

[20:31:40.151] [INFO] [Scheduler] Loading custom algorithm from: c:\Users\buaal\Desktop\NeuroPrime\custom_algorithms\mnefunctionalconnectivityalgorithm.py
[20:31:40.157] [INFO] [Scheduler] Loaded custom algorithm from ALGORITHM_INFO: MNEFunctionalConnectivityAlgorithm
[20:31:40.157] [ERROR] [Scheduler] Error loading custom algorithm from c:\Users\buaal\Desktop\NeuroPrime\custom_algorithms\mnefunctionalconnectivityalgorithm.py: local variable 'found' referenced before assignment
[20:31:40.157] [ERROR] [Scheduler] Traceback: Traceback (most recent call last):
  File "c:\Users\buaal\Desktop\NeuroPrime\src\algorithms\scheduler.py", line 255, in _load_custom_algorithms
    if not found:
UnboundLocalError: local variable 'found' referenced before assignment

[20:31:40.157] [INFO] [Scheduler] Loading custom algorithm from: c:\Users\buaal\Desktop\NeuroPrime\custom_algorithms\mneicaalgorithm.py
[20:31:40.160] [INFO] [Scheduler] Loaded custom algorithm from ALGORITHM_INFO: MNEICAAlgorithm
[20:31:40.160] [ERROR] [Scheduler] Error loading custom algorithm from c:\Users\buaal\Desktop\NeuroPrime\custom_algorithms\mneicaalgorithm.py: local variable 'found' referenced before assignment
[20:31:40.161] [ERROR] [Scheduler] Traceback: Traceback (most recent call last):
  File "c:\Users\buaal\Desktop\NeuroPrime\src\algorithms\scheduler.py", line 255, in _load_custom_algorithms
    if not found:
UnboundLocalError: local variable 'found' referenced before assignment

[20:31:40.161] [INFO] [Scheduler] Loading custom algorithm from: c:\Users\buaal\Desktop\NeuroPrime\custom_algorithms\mneicaartifactremovalalgorithm.py
[20:31:40.166] [INFO] [Scheduler] Loaded custom algorithm from ALGORITHM_INFO: MNEICAArtifactRemovalAlgorithm
[20:31:40.166] [ERROR] [Scheduler] Error loading custom algorithm from c:\Users\buaal\Desktop\NeuroPrime\custom_algorithms\mneicaartifactremovalalgorithm.py: local variable 'found' referenced before assignment
[20:31:40.166] [ERROR] [Scheduler] Traceback: Traceback (most recent call last):
  File "c:\Users\buaal\Desktop\NeuroPrime\src\algorithms\scheduler.py", line 255, in _load_custom_algorithms
    if not found:
UnboundLocalError: local variable 'found' referenced before assignment

[20:31:40.166] [INFO] [Scheduler] Loading custom algorithm from: c:\Users\buaal\Desktop\NeuroPrime\custom_algorithms\mnepowerspectrumalgorithm.py
[20:31:40.171] [INFO] [Scheduler] Loaded custom algorithm from ALGORITHM_INFO: MNEPowerSpectrumAlgorithm
[20:31:40.171] [ERROR] [Scheduler] Error loading custom algorithm from c:\Users\buaal\Desktop\NeuroPrime\custom_algorithms\mnepowerspectrumalgorithm.py: local variable 'found' referenced before assignment
[20:31:40.171] [ERROR] [Scheduler] Traceback: Traceback (most recent call last):
  File "c:\Users\buaal\Desktop\NeuroPrime\src\algorithms\scheduler.py", line 255, in _load_custom_algorithms
    if not found:
UnboundLocalError: local variable 'found' referenced before assignment

[20:31:40.171] [INFO] [Scheduler] Loading custom algorithm from: c:\Users\buaal\Desktop\NeuroPrime\custom_algorithms\mneresamplingalgorithm.py
[20:31:40.175] [INFO] [Scheduler] Loaded custom algorithm from ALGORITHM_INFO: MNEResamplingAlgorithm
[20:31:40.175] [ERROR] [Scheduler] Error loading custom algorithm from c:\Users\buaal\Desktop\NeuroPrime\custom_algorithms\mneresamplingalgorithm.py: local variable 'found' referenced before assignment
[20:31:40.175] [ERROR] [Scheduler] Traceback: Traceback (most recent call last):
  File "c:\Users\buaal\Desktop\NeuroPrime\src\algorithms\scheduler.py", line 255, in _load_custom_algorithms
    if not found:
UnboundLocalError: local variable 'found' referenced before assignment

[20:31:40.175] [INFO] [Scheduler] Loading custom algorithm from: c:\Users\buaal\Desktop\NeuroPrime\custom_algorithms\mnesourcelocalizationalgorithm.py
[20:31:40.177] [INFO] [Scheduler] Loaded custom algorithm from ALGORITHM_INFO: MNESourceLocalizationAlgorithm
[20:31:40.177] [ERROR] [Scheduler] Error loading custom algorithm from c:\Users\buaal\Desktop\NeuroPrime\custom_algorithms\mnesourcelocalizationalgorithm.py: local variable 'found' referenced before assignment
[20:31:40.177] [ERROR] [Scheduler] Traceback: Traceback (most recent call last):
  File "c:\Users\buaal\Desktop\NeuroPrime\src\algorithms\scheduler.py", line 255, in _load_custom_algorithms
    if not found:
UnboundLocalError: local variable 'found' referenced before assignment

[20:31:40.177] [INFO] [Scheduler] Loading custom algorithm from: c:\Users\buaal\Desktop\NeuroPrime\custom_algorithms\mnetimefrequencyalgorithm.py
[20:31:40.178] [INFO] [Scheduler] Loaded custom algorithm from ALGORITHM_INFO: MNETimeFrequencyAlgorithm
[20:31:40.178] [ERROR] [Scheduler] Error loading custom algorithm from c:\Users\buaal\Desktop\NeuroPrime\custom_algorithms\mnetimefrequencyalgorithm.py: local variable 'found' referenced before assignment
[20:31:40.178] [ERROR] [Scheduler] Traceback: Traceback (most recent call last):
  File "c:\Users\buaal\Desktop\NeuroPrime\src\algorithms\scheduler.py", line 255, in _load_custom_algorithms
    if not found:
UnboundLocalError: local variable 'found' referenced before assignment

[20:31:40.178] [INFO] [Scheduler] Loading custom algorithm from: c:\Users\buaal\Desktop\NeuroPrime\custom_algorithms\testscriptalgorithm.py
[20:31:40.181] [INFO] [Scheduler] Loaded custom algorithm from ALGORITHM_INFO: TestScriptAlgorithm
[20:31:40.181] [ERROR] [Scheduler] Error loading custom algorithm from c:\Users\buaal\Desktop\NeuroPrime\custom_algorithms\testscriptalgorithm.py: local variable 'found' referenced before assignment
[20:31:40.181] [ERROR] [Scheduler] Traceback: Traceback (most recent call last):
  File "c:\Users\buaal\Desktop\NeuroPrime\src\algorithms\scheduler.py", line 255, in _load_custom_algorithms
    if not found:
UnboundLocalError: local variable 'found' referenced before assignment

[20:31:40.181] [INFO] [Scheduler] Loading custom algorithm from: c:\Users\buaal\Desktop\NeuroPrime\custom_algorithms\viewlfpdata.py
[20:31:40.184] [INFO] [Scheduler] Loaded custom algorithm from ALGORITHM_INFO: ViewLFPData
[20:31:40.184] [ERROR] [Scheduler] Error loading custom algorithm from c:\Users\buaal\Desktop\NeuroPrime\custom_algorithms\viewlfpdata.py: local variable 'found' referenced before assignment
[20:31:40.184] [ERROR] [Scheduler] Traceback: Traceback (most recent call last):
  File "c:\Users\buaal\Desktop\NeuroPrime\src\algorithms\scheduler.py", line 255, in _load_custom_algorithms
    if not found:
UnboundLocalError: local variable 'found' referenced before assignment

[20:31:40.184] [INFO] [Scheduler] Loading custom algorithm from: c:\Users\buaal\Desktop\NeuroPrime\custom_algorithms\view_raw_lfp_data.py
[20:31:40.186] [INFO] [Scheduler] Loaded custom algorithm from ALGORITHM_INFO: ViewRawLFPData
[20:31:40.187] [ERROR] [Scheduler] Error loading custom algorithm from c:\Users\buaal\Desktop\NeuroPrime\custom_algorithms\view_raw_lfp_data.py: local variable 'found' referenced before assignment
[20:31:40.187] [ERROR] [Scheduler] Traceback: Traceback (most recent call last):
  File "c:\Users\buaal\Desktop\NeuroPrime\src\algorithms\scheduler.py", line 255, in _load_custom_algorithms
    if not found:
UnboundLocalError: local variable 'found' referenced before assignment

[20:31:40.187] [INFO] ============================================================
[20:31:40.187] [INFO] _populate_custom_algorithms started
[20:31:40.187] [INFO] Attempting to reload custom algorithms...
[20:31:40.188] [INFO] Removed module from cache: src.algorithms.base
[20:31:40.188] [INFO] Removed module from cache: src.algorithms.scheduler
[20:31:40.188] [INFO] Removed module from cache: src.algorithms.spike_detection
[20:31:40.188] [INFO] Removed module from cache: src.algorithms.lfp_analysis
[20:31:40.188] [INFO] Removed module from cache: src.algorithms.behavior_analysis
[20:31:40.188] [INFO] Removed module from cache: src.algorithms.decoding
[20:31:40.189] [INFO] Removed module from cache: src.algorithms
[20:31:40.196] [INFO] [Scheduler] Removed pycache directory: c:\Users\buaal\Desktop\NeuroPrime\custom_algorithms\__pycache__
[20:31:40.196] [INFO] [Scheduler] NEUROPRIME_ROOT = c:\Users\buaal\Desktop\NeuroPrime
[20:31:40.196] [INFO] [Scheduler] Looking for custom algorithms in: c:\Users\buaal\Desktop\NeuroPrime\custom_algorithms
[20:31:40.196] [INFO] [Scheduler] Current working directory: c:\Users\buaal\Desktop\NeuroPrime
[20:31:40.196] [INFO] [Scheduler] Script directory: c:\Users\buaal\Desktop\NeuroPrime\src\algorithms
[20:31:40.196] [INFO] [Scheduler] Custom algorithms directory exists: c:\Users\buaal\Desktop\NeuroPrime\custom_algorithms
[20:31:40.196] [INFO] [Scheduler] Found 17 Python files: ['customalgorithm.py', 'customalgorithmnew.py', 'mnealgorithm.py', 'mnebadchanneldetectionalgorithm.py', 'mneerpalgorithm.py', 'mnefilteringalgorithm.py', 'mnefunctionalconnectivityalgorithm.py', 'mneicaalgorithm.py', 'mneicaartifactremovalalgorithm.py', 'mnepowerspectrumalgorithm.py', 'mneresamplingalgorithm.py', 'mnesourcelocalizationalgorithm.py', 'mnetimefrequencyalgorithm.py', 'testscriptalgorithm.py', 'viewlfpdata.py', 'view_raw_lfp_data.py', '__init__.py']
[20:31:40.196] [INFO] [Scheduler] Loading custom algorithm from: c:\Users\buaal\Desktop\NeuroPrime\custom_algorithms\customalgorithm.py
[20:31:40.207] [INFO] [Scheduler] Loaded custom algorithm from ALGORITHM_INFO: CustomAlgorithm
[20:31:40.207] [ERROR] [Scheduler] Error loading custom algorithm from c:\Users\buaal\Desktop\NeuroPrime\custom_algorithms\customalgorithm.py: local variable 'found' referenced before assignment
[20:31:40.208] [ERROR] [Scheduler] Traceback: Traceback (most recent call last):
  File "c:\Users\buaal\Desktop\NeuroPrime\src\algorithms\scheduler.py", line 255, in _load_custom_algorithms
    if not found:
UnboundLocalError: local variable 'found' referenced before assignment

[20:31:40.208] [INFO] [Scheduler] Loading custom algorithm from: c:\Users\buaal\Desktop\NeuroPrime\custom_algorithms\customalgorithmnew.py
[20:31:40.210] [INFO] [Scheduler] Loaded custom algorithm from ALGORITHM_INFO: CustomAlgorithmNew
[20:31:40.210] [ERROR] [Scheduler] Error loading custom algorithm from c:\Users\buaal\Desktop\NeuroPrime\custom_algorithms\customalgorithmnew.py: local variable 'found' referenced before assignment
[20:31:40.210] [ERROR] [Scheduler] Traceback: Traceback (most recent call last):
  File "c:\Users\buaal\Desktop\NeuroPrime\src\algorithms\scheduler.py", line 255, in _load_custom_algorithms
    if not found:
UnboundLocalError: local variable 'found' referenced before assignment

[20:31:40.210] [INFO] [Scheduler] Loading custom algorithm from: c:\Users\buaal\Desktop\NeuroPrime\custom_algorithms\mnealgorithm.py
[20:31:40.212] [INFO] [Scheduler] Loaded custom algorithm from ALGORITHM_INFO: MNEAlgorithm
[20:31:40.212] [ERROR] [Scheduler] Error loading custom algorithm from c:\Users\buaal\Desktop\NeuroPrime\custom_algorithms\mnealgorithm.py: local variable 'found' referenced before assignment
[20:31:40.212] [ERROR] [Scheduler] Traceback: Traceback (most recent call last):
  File "c:\Users\buaal\Desktop\NeuroPrime\src\algorithms\scheduler.py", line 255, in _load_custom_algorithms
    if not found:
UnboundLocalError: local variable 'found' referenced before assignment

[20:31:40.212] [INFO] [Scheduler] Loading custom algorithm from: c:\Users\buaal\Desktop\NeuroPrime\custom_algorithms\mnebadchanneldetectionalgorithm.py
[20:31:40.214] [INFO] [Scheduler] Loaded custom algorithm from ALGORITHM_INFO: MNEBadChannelDetectionAlgorithm
[20:31:40.214] [ERROR] [Scheduler] Error loading custom algorithm from c:\Users\buaal\Desktop\NeuroPrime\custom_algorithms\mnebadchanneldetectionalgorithm.py: local variable 'found' referenced before assignment
[20:31:40.214] [ERROR] [Scheduler] Traceback: Traceback (most recent call last):
  File "c:\Users\buaal\Desktop\NeuroPrime\src\algorithms\scheduler.py", line 255, in _load_custom_algorithms
    if not found:
UnboundLocalError: local variable 'found' referenced before assignment

[20:31:40.214] [INFO] [Scheduler] Loading custom algorithm from: c:\Users\buaal\Desktop\NeuroPrime\custom_algorithms\mneerpalgorithm.py
[20:31:40.218] [INFO] [Scheduler] Loaded custom algorithm from ALGORITHM_INFO: MNEERPAlgorithm
[20:31:40.218] [ERROR] [Scheduler] Error loading custom algorithm from c:\Users\buaal\Desktop\NeuroPrime\custom_algorithms\mneerpalgorithm.py: local variable 'found' referenced before assignment
[20:31:40.219] [ERROR] [Scheduler] Traceback: Traceback (most recent call last):
  File "c:\Users\buaal\Desktop\NeuroPrime\src\algorithms\scheduler.py", line 255, in _load_custom_algorithms
    if not found:
UnboundLocalError: local variable 'found' referenced before assignment

[20:31:40.219] [INFO] [Scheduler] Loading custom algorithm from: c:\Users\buaal\Desktop\NeuroPrime\custom_algorithms\mnefilteringalgorithm.py
[20:31:40.225] [INFO] [Scheduler] Loaded custom algorithm from ALGORITHM_INFO: MNEFilteringAlgorithm
[20:31:40.225] [ERROR] [Scheduler] Error loading custom algorithm from c:\Users\buaal\Desktop\NeuroPrime\custom_algorithms\mnefilteringalgorithm.py: local variable 'found' referenced before assignment
[20:31:40.225] [ERROR] [Scheduler] Traceback: Traceback (most recent call last):
  File "c:\Users\buaal\Desktop\NeuroPrime\src\algorithms\scheduler.py", line 255, in _load_custom_algorithms
    if not found:
UnboundLocalError: local variable 'found' referenced before assignment

[20:31:40.225] [INFO] [Scheduler] Loading custom algorithm from: c:\Users\buaal\Desktop\NeuroPrime\custom_algorithms\mnefunctionalconnectivityalgorithm.py
[20:31:40.228] [INFO] [Scheduler] Loaded custom algorithm from ALGORITHM_INFO: MNEFunctionalConnectivityAlgorithm
[20:31:40.228] [ERROR] [Scheduler] Error loading custom algorithm from c:\Users\buaal\Desktop\NeuroPrime\custom_algorithms\mnefunctionalconnectivityalgorithm.py: local variable 'found' referenced before assignment
[20:31:40.228] [ERROR] [Scheduler] Traceback: Traceback (most recent call last):
  File "c:\Users\buaal\Desktop\NeuroPrime\src\algorithms\scheduler.py", line 255, in _load_custom_algorithms
    if not found:
UnboundLocalError: local variable 'found' referenced before assignment

[20:31:40.228] [INFO] [Scheduler] Loading custom algorithm from: c:\Users\buaal\Desktop\NeuroPrime\custom_algorithms\mneicaalgorithm.py
[20:31:40.230] [INFO] [Scheduler] Loaded custom algorithm from ALGORITHM_INFO: MNEICAAlgorithm
[20:31:40.230] [ERROR] [Scheduler] Error loading custom algorithm from c:\Users\buaal\Desktop\NeuroPrime\custom_algorithms\mneicaalgorithm.py: local variable 'found' referenced before assignment
[20:31:40.230] [ERROR] [Scheduler] Traceback: Traceback (most recent call last):
  File "c:\Users\buaal\Desktop\NeuroPrime\src\algorithms\scheduler.py", line 255, in _load_custom_algorithms
    if not found:
UnboundLocalError: local variable 'found' referenced before assignment

[20:31:40.230] [INFO] [Scheduler] Loading custom algorithm from: c:\Users\buaal\Desktop\NeuroPrime\custom_algorithms\mneicaartifactremovalalgorithm.py
[20:31:40.233] [INFO] [Scheduler] Loaded custom algorithm from ALGORITHM_INFO: MNEICAArtifactRemovalAlgorithm
[20:31:40.233] [ERROR] [Scheduler] Error loading custom algorithm from c:\Users\buaal\Desktop\NeuroPrime\custom_algorithms\mneicaartifactremovalalgorithm.py: local variable 'found' referenced before assignment
[20:31:40.233] [ERROR] [Scheduler] Traceback: Traceback (most recent call last):
  File "c:\Users\buaal\Desktop\NeuroPrime\src\algorithms\scheduler.py", line 255, in _load_custom_algorithms
    if not found:
UnboundLocalError: local variable 'found' referenced before assignment

[20:31:40.233] [INFO] [Scheduler] Loading custom algorithm from: c:\Users\buaal\Desktop\NeuroPrime\custom_algorithms\mnepowerspectrumalgorithm.py
[20:31:40.235] [INFO] [Scheduler] Loaded custom algorithm from ALGORITHM_INFO: MNEPowerSpectrumAlgorithm
[20:31:40.236] [ERROR] [Scheduler] Error loading custom algorithm from c:\Users\buaal\Desktop\NeuroPrime\custom_algorithms\mnepowerspectrumalgorithm.py: local variable 'found' referenced before assignment
[20:31:40.236] [ERROR] [Scheduler] Traceback: Traceback (most recent call last):
  File "c:\Users\buaal\Desktop\NeuroPrime\src\algorithms\scheduler.py", line 255, in _load_custom_algorithms
    if not found:
UnboundLocalError: local variable 'found' referenced before assignment

[20:31:40.236] [INFO] [Scheduler] Loading custom algorithm from: c:\Users\buaal\Desktop\NeuroPrime\custom_algorithms\mneresamplingalgorithm.py
[20:31:40.241] [INFO] [Scheduler] Loaded custom algorithm from ALGORITHM_INFO: MNEResamplingAlgorithm
[20:31:40.241] [ERROR] [Scheduler] Error loading custom algorithm from c:\Users\buaal\Desktop\NeuroPrime\custom_algorithms\mneresamplingalgorithm.py: local variable 'found' referenced before assignment
[20:31:40.241] [ERROR] [Scheduler] Traceback: Traceback (most recent call last):
  File "c:\Users\buaal\Desktop\NeuroPrime\src\algorithms\scheduler.py", line 255, in _load_custom_algorithms
    if not found:
UnboundLocalError: local variable 'found' referenced before assignment

[20:31:40.242] [INFO] [Scheduler] Loading custom algorithm from: c:\Users\buaal\Desktop\NeuroPrime\custom_algorithms\mnesourcelocalizationalgorithm.py
[20:31:40.244] [INFO] [Scheduler] Loaded custom algorithm from ALGORITHM_INFO: MNESourceLocalizationAlgorithm
[20:31:40.244] [ERROR] [Scheduler] Error loading custom algorithm from c:\Users\buaal\Desktop\NeuroPrime\custom_algorithms\mnesourcelocalizationalgorithm.py: local variable 'found' referenced before assignment
[20:31:40.245] [ERROR] [Scheduler] Traceback: Traceback (most recent call last):
  File "c:\Users\buaal\Desktop\NeuroPrime\src\algorithms\scheduler.py", line 255, in _load_custom_algorithms
    if not found:
UnboundLocalError: local variable 'found' referenced before assignment

[20:31:40.245] [INFO] [Scheduler] Loading custom algorithm from: c:\Users\buaal\Desktop\NeuroPrime\custom_algorithms\mnetimefrequencyalgorithm.py
[20:31:40.247] [INFO] [Scheduler] Loaded custom algorithm from ALGORITHM_INFO: MNETimeFrequencyAlgorithm
[20:31:40.247] [ERROR] [Scheduler] Error loading custom algorithm from c:\Users\buaal\Desktop\NeuroPrime\custom_algorithms\mnetimefrequencyalgorithm.py: local variable 'found' referenced before assignment
[20:31:40.248] [ERROR] [Scheduler] Traceback: Traceback (most recent call last):
  File "c:\Users\buaal\Desktop\NeuroPrime\src\algorithms\scheduler.py", line 255, in _load_custom_algorithms
    if not found:
UnboundLocalError: local variable 'found' referenced before assignment

[20:31:40.248] [INFO] [Scheduler] Loading custom algorithm from: c:\Users\buaal\Desktop\NeuroPrime\custom_algorithms\testscriptalgorithm.py
[20:31:40.249] [INFO] [Scheduler] Loaded custom algorithm from ALGORITHM_INFO: TestScriptAlgorithm
[20:31:40.249] [ERROR] [Scheduler] Error loading custom algorithm from c:\Users\buaal\Desktop\NeuroPrime\custom_algorithms\testscriptalgorithm.py: local variable 'found' referenced before assignment
[20:31:40.249] [ERROR] [Scheduler] Traceback: Traceback (most recent call last):
  File "c:\Users\buaal\Desktop\NeuroPrime\src\algorithms\scheduler.py", line 255, in _load_custom_algorithms
    if not found:
UnboundLocalError: local variable 'found' referenced before assignment

[20:31:40.249] [INFO] [Scheduler] Loading custom algorithm from: c:\Users\buaal\Desktop\NeuroPrime\custom_algorithms\viewlfpdata.py
[20:31:40.252] [INFO] [Scheduler] Loaded custom algorithm from ALGORITHM_INFO: ViewLFPData
[20:31:40.252] [ERROR] [Scheduler] Error loading custom algorithm from c:\Users\buaal\Desktop\NeuroPrime\custom_algorithms\viewlfpdata.py: local variable 'found' referenced before assignment
[20:31:40.252] [ERROR] [Scheduler] Traceback: Traceback (most recent call last):
  File "c:\Users\buaal\Desktop\NeuroPrime\src\algorithms\scheduler.py", line 255, in _load_custom_algorithms
    if not found:
UnboundLocalError: local variable 'found' referenced before assignment

[20:31:40.252] [INFO] [Scheduler] Loading custom algorithm from: c:\Users\buaal\Desktop\NeuroPrime\custom_algorithms\view_raw_lfp_data.py
[20:31:40.256] [INFO] [Scheduler] Loaded custom algorithm from ALGORITHM_INFO: ViewRawLFPData
[20:31:40.256] [ERROR] [Scheduler] Error loading custom algorithm from c:\Users\buaal\Desktop\NeuroPrime\custom_algorithms\view_raw_lfp_data.py: local variable 'found' referenced before assignment
[20:31:40.256] [ERROR] [Scheduler] Traceback: Traceback (most recent call last):
  File "c:\Users\buaal\Desktop\NeuroPrime\src\algorithms\scheduler.py", line 255, in _load_custom_algorithms
    if not found:
UnboundLocalError: local variable 'found' referenced before assignment

[20:31:40.256] [INFO] Custom algorithms reload completed
[20:31:40.256] [INFO] Total algorithms available: 24
[20:31:40.256] [INFO] Added custom algorithm: MNEAlgorithm (category: 自定义算法)
[20:31:40.256] [INFO] Added custom algorithm: MNEBadChannelDetectionAlgorithm (category: 自定义算法)
[20:31:40.256] [INFO] Added custom algorithm: MNEERPAlgorithm (category: 自定义算法)
[20:31:40.256] [INFO] Added custom algorithm: MNEFilteringAlgorithm (category: 自定义算法)
[20:31:40.256] [INFO] Added custom algorithm: MNEFunctionalConnectivityAlgorithm (category: 自定义算法)
[20:31:40.256] [INFO] Added custom algorithm: MNEICAAlgorithm (category: 自定义算法)
[20:31:40.256] [INFO] Added custom algorithm: MNEICAArtifactRemovalAlgorithm (category: 自定义算法)
[20:31:40.258] [INFO] Added custom algorithm: MNEPowerSpectrumAlgorithm (category: 自定义算法)
[20:31:40.258] [INFO] Added custom algorithm: MNEResamplingAlgorithm (category: 自定义算法)
[20:31:40.258] [INFO] Added custom algorithm: MNESourceLocalizationAlgorithm (category: 自定义算法)
[20:31:40.258] [INFO] Added custom algorithm: MNETimeFrequencyAlgorithm (category: 自定义算法)
[20:31:40.258] [INFO] Added custom algorithm: ViewLFPData (category: 自定义算法)
[20:31:40.258] [INFO] Added custom algorithm: ViewRawLFPData (category: 自定义算法)
[20:31:40.258] [INFO] Total custom algorithms added: 13
[20:31:40.258] [INFO] ============================================================
[20:31:53.111] [INFO] add_data_item 被调用
[20:31:53.111] [DEBUG] data_item_type = <class 'dict'> (type: type)
[20:31:55.514] [INFO] ============================================================
[20:31:55.514] [INFO] _on_run_clicked 被调用
[20:31:55.514] [INFO] _get_selected_data_items 被调用
[20:31:55.514] [DEBUG] selected_data_items_len = 1 (type: int)
[20:31:55.514] [DEBUG] selected_data_items_0_type = <class 'dict'> (type: type)
[20:31:55.514] [INFO] 返回 1 个有效数据项
[20:31:55.514] [DEBUG] selected_data_type = <class 'list'> (type: type)
[20:31:55.514] [DEBUG] selected_data_len = 1 (type: int)
[20:31:55.514] [DEBUG] item_0_type = <class 'dict'> (type: type)
[20:31:55.514] [INFO] item[0] keys: ['id', 'display_name', 'trial_name', 'data_type', 'description', 'time_range']
[20:31:55.514] [INFO] 自定义算法使用默认参数: {'method': 'correlation', 'fmin': 8.0, 'fmax': 12.0, 'tmin': 0.0, 'tmax': 1.0}
[20:31:55.514] [DEBUG] parameters_keys = ['method', 'fmin', 'fmax', 'tmin', 'tmax'] (type: list)
[20:31:55.514] [DEBUG] algorithm_name = MNEFunctionalConnectivityAlgorithm (type: str)
[20:31:55.514] [DEBUG] current_algorithm = MNEFunctionalConnectivityAlgorithm (type: str)
[20:31:55.514] [INFO] 发送请求: algorithm=MNEFunctionalConnectivityAlgorithm, data_items数量=1
[20:31:55.514] [INFO] ============================================================
[20:31:55.514] [INFO] _on_run_analysis 被调用
[20:31:55.514] [DEBUG] params_type = <class 'dict'> (type: type)
[20:31:55.514] [DEBUG] algorithm_name = MNEFunctionalConnectivityAlgorithm (type: str)
[20:31:55.514] [DEBUG] data_items_type = <class 'list'> (type: type)
[20:31:55.514] [DEBUG] data_items_len = 1 (type: int)
[20:31:55.514] [DEBUG] parameters_type = <class 'dict'> (type: type)
[20:31:55.514] [DEBUG] time_alignment_type = <class 'NoneType'> (type: type)
[20:31:55.514] [INFO] data_items[0] type: <class 'dict'>
[20:31:55.514] [INFO] data_items[0] keys: ['id', 'display_name', 'trial_name', 'data_type', 'description', 'time_range']
[20:31:55.514] [INFO] ============================================================
[20:31:55.514] [INFO] _run_analysis_async 被调用
[20:31:55.514] [DEBUG] algorithm_name = MNEFunctionalConnectivityAlgorithm (type: str)
[20:31:55.514] [DEBUG] data_items_type = <class 'list'> (type: type)
[20:31:55.514] [DEBUG] data_items_len = 1 (type: int)
[20:31:55.514] [DEBUG] parameters_keys = ['method', 'fmin', 'fmax', 'tmin', 'tmax'] (type: list)
[20:31:55.514] [INFO] data_items[0] type: <class 'dict'>
[20:31:55.516] [INFO] data_items[0] keys: ['id', 'display_name', 'trial_name', 'data_type', 'description', 'time_range']
