[16:35:39.254] [INFO] ============================================================
[16:35:39.254] [INFO] NeuroPrime 调试日志
[16:35:39.254] [INFO] 启动时间: 2026-04-14 16:35:39
[16:35:39.254] [INFO] Python版本: 3.10.10 (tags/v3.10.10:aad5f6a, Feb  7 2023, 17:20:36) [MSC v.1929 64 bit (AMD64)]
[16:35:39.255] [INFO] 日志文件: C:\Users\buaal\Desktop\NeuroPrime\logs\debug_20260414_163539.log
[16:35:39.255] [INFO] ============================================================
[16:35:55.163] [INFO] [Scheduler] NEUROPRIME_ROOT = None
[16:35:55.163] [INFO] [Scheduler] Looking for custom algorithms in: C:\Users\buaal\Desktop\NeuroPrime\custom_algorithms
[16:35:55.163] [INFO] [Scheduler] Current working directory: C:\Users\buaal\Desktop\NeuroPrime
[16:35:55.163] [INFO] [Scheduler] Script directory: C:\Users\buaal\Desktop\NeuroPrime\src\algorithms
[16:35:55.165] [INFO] [Scheduler] Custom algorithms directory exists: C:\Users\buaal\Desktop\NeuroPrime\custom_algorithms
[16:35:55.165] [INFO] [Scheduler] Found 2 Python files: ['view_raw_lfp_data.py', '__init__.py']
[16:35:55.165] [INFO] [Scheduler] Loading custom algorithm from: C:\Users\buaal\Desktop\NeuroPrime\custom_algorithms\view_raw_lfp_data.py
[16:35:55.177] [INFO] [Scheduler] Loaded custom algorithm from ALGORITHM_INFO: ViewRawLFPData
[16:35:55.177] [INFO] [Scheduler] Searching for algorithm classes in C:\Users\buaal\Desktop\NeuroPrime\custom_algorithms\view_raw_lfp_data.py...
[16:35:55.177] [INFO] [Scheduler] Loaded custom algorithm: ViewRawLFPData
[16:35:56.141] [INFO] [Scheduler] NEUROPRIME_ROOT = None
[16:35:56.141] [INFO] [Scheduler] Looking for custom algorithms in: C:\Users\buaal\Desktop\NeuroPrime\custom_algorithms
[16:35:56.143] [INFO] [Scheduler] Current working directory: C:\Users\buaal\Desktop\NeuroPrime
[16:35:56.143] [INFO] [Scheduler] Script directory: C:\Users\buaal\Desktop\NeuroPrime\src\algorithms
[16:35:56.143] [INFO] [Scheduler] Custom algorithms directory exists: C:\Users\buaal\Desktop\NeuroPrime\custom_algorithms
[16:35:56.143] [INFO] [Scheduler] Found 2 Python files: ['view_raw_lfp_data.py', '__init__.py']
[16:35:56.143] [INFO] [Scheduler] Loading custom algorithm from: C:\Users\buaal\Desktop\NeuroPrime\custom_algorithms\view_raw_lfp_data.py
[16:35:56.145] [INFO] [Scheduler] Loaded custom algorithm from ALGORITHM_INFO: ViewRawLFPData
[16:35:56.145] [INFO] [Scheduler] Searching for algorithm classes in C:\Users\buaal\Desktop\NeuroPrime\custom_algorithms\view_raw_lfp_data.py...
[16:35:56.145] [INFO] [Scheduler] Loaded custom algorithm: ViewRawLFPData
[16:35:56.219] [INFO] [Scheduler] NEUROPRIME_ROOT = None
[16:35:56.219] [INFO] [Scheduler] Looking for custom algorithms in: C:\Users\buaal\Desktop\NeuroPrime\custom_algorithms
[16:35:56.219] [INFO] [Scheduler] Current working directory: C:\Users\buaal\Desktop\NeuroPrime
[16:35:56.219] [INFO] [Scheduler] Script directory: C:\Users\buaal\Desktop\NeuroPrime\src\algorithms
[16:35:56.219] [INFO] [Scheduler] Custom algorithms directory exists: C:\Users\buaal\Desktop\NeuroPrime\custom_algorithms
[16:35:56.219] [INFO] [Scheduler] Found 2 Python files: ['view_raw_lfp_data.py', '__init__.py']
[16:35:56.219] [INFO] [Scheduler] Loading custom algorithm from: C:\Users\buaal\Desktop\NeuroPrime\custom_algorithms\view_raw_lfp_data.py
[16:35:56.222] [INFO] [Scheduler] Loaded custom algorithm from ALGORITHM_INFO: ViewRawLFPData
[16:35:56.222] [INFO] [Scheduler] Searching for algorithm classes in C:\Users\buaal\Desktop\NeuroPrime\custom_algorithms\view_raw_lfp_data.py...
[16:35:56.222] [INFO] [Scheduler] Loaded custom algorithm: ViewRawLFPData
[16:35:56.260] [INFO] [Scheduler] NEUROPRIME_ROOT = None
[16:35:56.260] [INFO] [Scheduler] Looking for custom algorithms in: C:\Users\buaal\Desktop\NeuroPrime\custom_algorithms
[16:35:56.260] [INFO] [Scheduler] Current working directory: C:\Users\buaal\Desktop\NeuroPrime
[16:35:56.260] [INFO] [Scheduler] Script directory: C:\Users\buaal\Desktop\NeuroPrime\src\algorithms
[16:35:56.260] [INFO] [Scheduler] Custom algorithms directory exists: C:\Users\buaal\Desktop\NeuroPrime\custom_algorithms
[16:35:56.260] [INFO] [Scheduler] Found 2 Python files: ['view_raw_lfp_data.py', '__init__.py']
[16:35:56.260] [INFO] [Scheduler] Loading custom algorithm from: C:\Users\buaal\Desktop\NeuroPrime\custom_algorithms\view_raw_lfp_data.py
[16:35:56.263] [INFO] [Scheduler] Loaded custom algorithm from ALGORITHM_INFO: ViewRawLFPData
[16:35:56.263] [INFO] [Scheduler] Searching for algorithm classes in C:\Users\buaal\Desktop\NeuroPrime\custom_algorithms\view_raw_lfp_data.py...
[16:35:56.263] [INFO] [Scheduler] Loaded custom algorithm: ViewRawLFPData
