[21:09:43.090] [INFO] ============================================================
[21:09:43.090] [INFO] NeuroPrime 调试日志
[21:09:43.090] [INFO] 启动时间: 2026-04-13 21:09:43
[21:09:43.090] [INFO] Python版本: 3.10.10 (tags/v3.10.10:aad5f6a, Feb  7 2023, 17:20:36) [MSC v.1929 64 bit (AMD64)]
[21:09:43.090] [INFO] 日志文件: c:\Users\buaal\Desktop\NeuroPrime\logs\debug_20260413_210943.log
[21:09:43.090] [INFO] ============================================================
[21:09:44.083] [INFO] [Scheduler] NEUROPRIME_ROOT = c:\Users\buaal\Desktop\NeuroPrime
[21:09:44.116] [INFO] [Scheduler] Looking for custom algorithms in: c:\Users\buaal\Desktop\NeuroPrime\custom_algorithms
[21:09:44.116] [INFO] [Scheduler] Current working directory: c:\Users\buaal\Desktop\NeuroPrime
[21:09:44.116] [INFO] [Scheduler] Script directory: c:\Users\buaal\Desktop\NeuroPrime\src\algorithms
[21:09:44.116] [INFO] [Scheduler] Custom algorithms directory exists: c:\Users\buaal\Desktop\NeuroPrime\custom_algorithms
[21:09:44.116] [INFO] [Scheduler] Found 2 Python files: ['view_raw_lfp_data.py', '__init__.py']
[21:09:44.116] [INFO] [Scheduler] Loading custom algorithm from: c:\Users\buaal\Desktop\NeuroPrime\custom_algorithms\view_raw_lfp_data.py
[21:09:44.126] [INFO] [Scheduler] Loaded custom algorithm from ALGORITHM_INFO: ViewRawLFPData
[21:09:44.126] [INFO] [Scheduler] Searching for algorithm classes in c:\Users\buaal\Desktop\NeuroPrime\custom_algorithms\view_raw_lfp_data.py...
[21:09:44.126] [INFO] [Scheduler] Loaded custom algorithm: ViewRawLFPData
[21:10:06.332] [INFO] add_data_item 被调用
[21:10:06.332] [DEBUG] data_item_type = <class 'dict'> (type: type)
[21:10:07.310] [INFO] add_data_item 被调用
[21:10:07.310] [DEBUG] data_item_type = <class 'dict'> (type: type)
[21:10:08.787] [INFO] _get_selected_data_items 被调用
[21:10:08.787] [DEBUG] selected_data_items_len = 2 (type: int)
[21:10:08.787] [DEBUG] selected_data_items_0_type = <class 'dict'> (type: type)
[21:10:08.787] [DEBUG] selected_data_items_1_type = <class 'dict'> (type: type)
[21:10:08.787] [INFO] 返回 2 个有效数据项
[21:10:16.957] [INFO] ============================================================
[21:10:16.957] [INFO] _on_run_clicked 被调用
[21:10:16.957] [INFO] _get_selected_data_items 被调用
[21:10:16.957] [DEBUG] selected_data_items_len = 2 (type: int)
[21:10:16.957] [DEBUG] selected_data_items_0_type = <class 'dict'> (type: type)
[21:10:16.957] [DEBUG] selected_data_items_1_type = <class 'dict'> (type: type)
[21:10:16.957] [INFO] 返回 2 个有效数据项
[21:10:16.957] [DEBUG] selected_data_type = <class 'list'> (type: type)
[21:10:16.957] [DEBUG] selected_data_len = 2 (type: int)
[21:10:16.957] [DEBUG] item_0_type = <class 'dict'> (type: type)
[21:10:16.957] [INFO] item[0] keys: ['id', 'display_name', 'trial_name', 'data_type', 'description', 'time_range']
[21:10:16.957] [DEBUG] item_1_type = <class 'dict'> (type: type)
[21:10:16.957] [INFO] item[1] keys: ['id', 'display_name', 'trial_name', 'data_type', 'description', 'time_range']
[21:10:16.957] [DEBUG] parameters_keys = [] (type: list)
[21:10:16.957] [DEBUG] algorithm_name =  (type: str)
[21:10:16.957] [DEBUG] current_algorithm = None (type: NoneType)
[21:10:16.957] [INFO] 时间对齐配置: {'global_start': 0.0, 'global_duration': 84.812, 'sync_mode': 'global', 'data_configs': {'FC_Grating_014_Spikes': {'original_range': (0.0, 84.812), 'start_time': 0.0, 'duration': 84.812}, 'FC_Grating_014_Events': {'original_range': (0.0, 84.812), 'start_time': 0.0, 'duration': 84.812}}}
[21:10:16.957] [INFO] 发送请求: algorithm=, data_items数量=2
[21:10:16.957] [INFO] ============================================================
[21:10:16.957] [INFO] _on_run_analysis 被调用
[21:10:16.957] [DEBUG] params_type = <class 'dict'> (type: type)
[21:10:16.957] [DEBUG] algorithm_name =  (type: str)
[21:10:16.957] [DEBUG] data_items_type = <class 'list'> (type: type)
[21:10:16.957] [DEBUG] data_items_len = 2 (type: int)
[21:10:16.957] [DEBUG] parameters_type = <class 'dict'> (type: type)
[21:10:16.957] [DEBUG] time_alignment_type = <class 'dict'> (type: type)
[21:10:16.957] [INFO] data_items[0] type: <class 'dict'>
[21:10:16.957] [INFO] data_items[0] keys: ['id', 'display_name', 'trial_name', 'data_type', 'description', 'time_range']
[21:10:22.576] [INFO] ============================================================
[21:10:22.576] [INFO] _on_run_clicked 被调用
[21:10:22.577] [INFO] _get_selected_data_items 被调用
[21:10:22.577] [DEBUG] selected_data_items_len = 2 (type: int)
[21:10:22.577] [DEBUG] selected_data_items_0_type = <class 'dict'> (type: type)
[21:10:22.577] [DEBUG] selected_data_items_1_type = <class 'dict'> (type: type)
[21:10:22.577] [INFO] 返回 2 个有效数据项
[21:10:22.577] [DEBUG] selected_data_type = <class 'list'> (type: type)
[21:10:22.577] [DEBUG] selected_data_len = 2 (type: int)
[21:10:22.577] [DEBUG] item_0_type = <class 'dict'> (type: type)
[21:10:22.577] [INFO] item[0] keys: ['id', 'display_name', 'trial_name', 'data_type', 'description', 'time_range']
[21:10:22.577] [DEBUG] item_1_type = <class 'dict'> (type: type)
[21:10:22.577] [INFO] item[1] keys: ['id', 'display_name', 'trial_name', 'data_type', 'description', 'time_range']
[21:10:22.577] [DEBUG] parameters_keys = ['pre_time', 'post_time', 'metric', 'stim_condition_key'] (type: list)
[21:10:22.577] [DEBUG] algorithm_name = TuningCurveAnalysis (type: str)
[21:10:22.577] [DEBUG] current_algorithm = TuningCurveAnalysis (type: str)
[21:10:22.577] [INFO] 时间对齐配置: {'global_start': 0.0, 'global_duration': 84.812, 'sync_mode': 'global', 'data_configs': {'FC_Grating_014_Spikes': {'original_range': (0.0, 84.812), 'start_time': 0.0, 'duration': 84.812}, 'FC_Grating_014_Events': {'original_range': (0.0, 84.812), 'start_time': 0.0, 'duration': 84.812}}}
[21:10:22.577] [INFO] 发送请求: algorithm=TuningCurveAnalysis, data_items数量=2
[21:10:22.577] [INFO] ============================================================
[21:10:22.577] [INFO] _on_run_analysis 被调用
[21:10:22.577] [DEBUG] params_type = <class 'dict'> (type: type)
[21:10:22.577] [DEBUG] algorithm_name = TuningCurveAnalysis (type: str)
[21:10:22.577] [DEBUG] data_items_type = <class 'list'> (type: type)
[21:10:22.577] [DEBUG] data_items_len = 2 (type: int)
[21:10:22.577] [DEBUG] parameters_type = <class 'dict'> (type: type)
[21:10:22.577] [DEBUG] time_alignment_type = <class 'dict'> (type: type)
[21:10:22.577] [INFO] data_items[0] type: <class 'dict'>
[21:10:22.577] [INFO] data_items[0] keys: ['id', 'display_name', 'trial_name', 'data_type', 'description', 'time_range']
[21:10:22.577] [INFO] ============================================================
[21:10:22.577] [INFO] _run_analysis_async 被调用
[21:10:22.577] [DEBUG] algorithm_name = TuningCurveAnalysis (type: str)
[21:10:22.577] [DEBUG] data_items_type = <class 'list'> (type: type)
[21:10:22.577] [DEBUG] data_items_len = 2 (type: int)
[21:10:22.577] [DEBUG] parameters_keys = ['pre_time', 'post_time', 'metric', 'stim_condition_key', 'time_alignment'] (type: list)
[21:10:22.577] [INFO] data_items[0] type: <class 'dict'>
[21:10:22.577] [INFO] data_items[0] keys: ['id', 'display_name', 'trial_name', 'data_type', 'description', 'time_range']
[21:11:06.601] [INFO] add_data_item 被调用
[21:11:06.601] [DEBUG] data_item_type = <class 'dict'> (type: type)
[21:11:07.546] [INFO] add_data_item 被调用
[21:11:07.546] [DEBUG] data_item_type = <class 'dict'> (type: type)
[21:11:08.922] [INFO] ============================================================
[21:11:08.922] [INFO] _on_run_clicked 被调用
[21:11:08.922] [INFO] _get_selected_data_items 被调用
[21:11:08.922] [DEBUG] selected_data_items_len = 4 (type: int)
[21:11:08.922] [DEBUG] selected_data_items_0_type = <class 'dict'> (type: type)
[21:11:08.922] [DEBUG] selected_data_items_1_type = <class 'dict'> (type: type)
[21:11:08.922] [DEBUG] selected_data_items_2_type = <class 'dict'> (type: type)
[21:11:08.922] [DEBUG] selected_data_items_3_type = <class 'dict'> (type: type)
[21:11:08.922] [INFO] 返回 4 个有效数据项
[21:11:08.922] [DEBUG] selected_data_type = <class 'list'> (type: type)
[21:11:08.922] [DEBUG] selected_data_len = 4 (type: int)
[21:11:08.922] [DEBUG] item_0_type = <class 'dict'> (type: type)
[21:11:08.922] [INFO] item[0] keys: ['id', 'display_name', 'trial_name', 'data_type', 'description', 'time_range']
[21:11:08.922] [DEBUG] item_1_type = <class 'dict'> (type: type)
[21:11:08.922] [INFO] item[1] keys: ['id', 'display_name', 'trial_name', 'data_type', 'description', 'time_range']
[21:11:08.922] [DEBUG] item_2_type = <class 'dict'> (type: type)
[21:11:08.922] [INFO] item[2] keys: ['id', 'display_name', 'trial_name', 'data_type', 'description', 'time_range']
[21:11:08.922] [DEBUG] item_3_type = <class 'dict'> (type: type)
[21:11:08.922] [INFO] item[3] keys: ['id', 'display_name', 'trial_name', 'data_type', 'description', 'time_range']
[21:11:08.922] [DEBUG] parameters_keys = ['pre_time', 'post_time', 'metric', 'stim_condition_key'] (type: list)
[21:11:08.922] [DEBUG] algorithm_name = TuningCurveAnalysis (type: str)
[21:11:08.922] [DEBUG] current_algorithm = TuningCurveAnalysis (type: str)
[21:11:08.922] [INFO] 时间对齐配置: {'global_start': 0.0, 'global_duration': 84.812, 'sync_mode': 'global', 'data_configs': {'FC_Grating_014_Spikes': {'original_range': (0.0, 84.812), 'start_time': 0.0, 'duration': 84.812}, 'FC_Grating_014_Events': {'original_range': (0.0, 84.812), 'start_time': 0.0, 'duration': 84.812}}}
[21:11:08.922] [INFO] 发送请求: algorithm=TuningCurveAnalysis, data_items数量=4
[21:11:08.922] [INFO] ============================================================
[21:11:08.922] [INFO] _on_run_analysis 被调用
[21:11:08.922] [DEBUG] params_type = <class 'dict'> (type: type)
[21:11:08.922] [DEBUG] algorithm_name = TuningCurveAnalysis (type: str)
[21:11:08.922] [DEBUG] data_items_type = <class 'list'> (type: type)
[21:11:08.922] [DEBUG] data_items_len = 4 (type: int)
[21:11:08.922] [DEBUG] parameters_type = <class 'dict'> (type: type)
[21:11:08.922] [DEBUG] time_alignment_type = <class 'dict'> (type: type)
[21:11:08.922] [INFO] data_items[0] type: <class 'dict'>
[21:11:08.922] [INFO] data_items[0] keys: ['id', 'display_name', 'trial_name', 'data_type', 'description', 'time_range']
[21:11:08.922] [INFO] ============================================================
[21:11:08.922] [INFO] _run_analysis_async 被调用
[21:11:08.922] [DEBUG] algorithm_name = TuningCurveAnalysis (type: str)
[21:11:08.922] [DEBUG] data_items_type = <class 'list'> (type: type)
[21:11:08.922] [DEBUG] data_items_len = 4 (type: int)
[21:11:08.922] [DEBUG] parameters_keys = ['pre_time', 'post_time', 'metric', 'stim_condition_key', 'time_alignment'] (type: list)
[21:11:08.922] [INFO] data_items[0] type: <class 'dict'>
[21:11:08.922] [INFO] data_items[0] keys: ['id', 'display_name', 'trial_name', 'data_type', 'description', 'time_range']
