[21:16:41.836] [INFO] ============================================================
[21:16:41.836] [INFO] NeuroPrime 调试日志
[21:16:41.836] [INFO] 启动时间: 2026-04-19 21:16:41
[21:16:41.836] [INFO] Python版本: 3.10.10 (tags/v3.10.10:aad5f6a, Feb  7 2023, 17:20:36) [MSC v.1929 64 bit (AMD64)]
[21:16:41.836] [INFO] 日志文件: C:\Users\buaal\Desktop\NeuroPrime\logs\debug_20260419_211641.log
[21:16:41.836] [INFO] ============================================================
[21:16:43.559] [INFO] [Scheduler] Removed pycache directory: C:\Users\buaal\Desktop\NeuroPrime\custom_algorithms\__pycache__
[21:16:43.562] [INFO] [Scheduler] NEUROPRIME_ROOT = C:\Users\buaal\Desktop\NeuroPrime
[21:16:43.562] [INFO] [Scheduler] Looking for custom algorithms in: C:\Users\buaal\Desktop\NeuroPrime\custom_algorithms
[21:16:43.562] [INFO] [Scheduler] Current working directory: C:\Users\buaal\Desktop\NeuroPrime
[21:16:43.562] [INFO] [Scheduler] Script directory: C:\Users\buaal\Desktop\NeuroPrime\src\algorithms
[21:16:43.562] [INFO] [Scheduler] Custom algorithms directory exists: C:\Users\buaal\Desktop\NeuroPrime\custom_algorithms
[21:16:43.563] [INFO] [Scheduler] Found 14 Python files: ['customalgorithm.py', 'customalgorithmnew.py', 'mnealgorithm.py', 'mnebadchanneldetectionalgorithm.py', 'mneerpalgorithm.py', 'mnefilteringalgorithm.py', 'mneicaalgorithm.py', 'mneresamplingalgorithm.py', 'mnesourcelocalizationalgorithm.py', 'mnetimefrequencyalgorithm.py', 'testscriptalgorithm.py', 'viewlfpdata.py', 'view_raw_lfp_data.py', '__init__.py']
[21:16:43.563] [INFO] [Scheduler] Loading custom algorithm from: C:\Users\buaal\Desktop\NeuroPrime\custom_algorithms\customalgorithm.py
[21:16:44.053] [INFO] [Scheduler] Loaded custom algorithm from ALGORITHM_INFO: CustomAlgorithm
[21:16:44.053] [ERROR] [Scheduler] Error loading custom algorithm from C:\Users\buaal\Desktop\NeuroPrime\custom_algorithms\customalgorithm.py: local variable 'found' referenced before assignment
[21:16:44.053] [ERROR] [Scheduler] Traceback: Traceback (most recent call last):
  File "C:\Users\buaal\Desktop\NeuroPrime\src\algorithms\scheduler.py", line 255, in _load_custom_algorithms
    if not found:
UnboundLocalError: local variable 'found' referenced before assignment

[21:16:44.053] [INFO] [Scheduler] Loading custom algorithm from: C:\Users\buaal\Desktop\NeuroPrime\custom_algorithms\customalgorithmnew.py
[21:16:44.056] [INFO] [Scheduler] Loaded custom algorithm from ALGORITHM_INFO: CustomAlgorithmNew
[21:16:44.056] [ERROR] [Scheduler] Error loading custom algorithm from C:\Users\buaal\Desktop\NeuroPrime\custom_algorithms\customalgorithmnew.py: local variable 'found' referenced before assignment
[21:16:44.057] [ERROR] [Scheduler] Traceback: Traceback (most recent call last):
  File "C:\Users\buaal\Desktop\NeuroPrime\src\algorithms\scheduler.py", line 255, in _load_custom_algorithms
    if not found:
UnboundLocalError: local variable 'found' referenced before assignment

[21:16:44.057] [INFO] [Scheduler] Loading custom algorithm from: C:\Users\buaal\Desktop\NeuroPrime\custom_algorithms\mnealgorithm.py
[21:16:44.144] [INFO] [Scheduler] Loaded custom algorithm from ALGORITHM_INFO: MNEAlgorithm
[21:16:44.144] [ERROR] [Scheduler] Error loading custom algorithm from C:\Users\buaal\Desktop\NeuroPrime\custom_algorithms\mnealgorithm.py: local variable 'found' referenced before assignment
[21:16:44.144] [ERROR] [Scheduler] Traceback: Traceback (most recent call last):
  File "C:\Users\buaal\Desktop\NeuroPrime\src\algorithms\scheduler.py", line 255, in _load_custom_algorithms
    if not found:
UnboundLocalError: local variable 'found' referenced before assignment

[21:16:44.144] [INFO] [Scheduler] Loading custom algorithm from: C:\Users\buaal\Desktop\NeuroPrime\custom_algorithms\mnebadchanneldetectionalgorithm.py
[21:16:44.151] [INFO] [Scheduler] Loaded custom algorithm from ALGORITHM_INFO: MNEBadChannelDetectionAlgorithm
[21:16:44.151] [ERROR] [Scheduler] Error loading custom algorithm from C:\Users\buaal\Desktop\NeuroPrime\custom_algorithms\mnebadchanneldetectionalgorithm.py: local variable 'found' referenced before assignment
[21:16:44.152] [ERROR] [Scheduler] Traceback: Traceback (most recent call last):
  File "C:\Users\buaal\Desktop\NeuroPrime\src\algorithms\scheduler.py", line 255, in _load_custom_algorithms
    if not found:
UnboundLocalError: local variable 'found' referenced before assignment

[21:16:44.152] [INFO] [Scheduler] Loading custom algorithm from: C:\Users\buaal\Desktop\NeuroPrime\custom_algorithms\mneerpalgorithm.py
[21:16:44.153] [INFO] [Scheduler] Loaded custom algorithm from ALGORITHM_INFO: MNEERPAlgorithm
[21:16:44.153] [ERROR] [Scheduler] Error loading custom algorithm from C:\Users\buaal\Desktop\NeuroPrime\custom_algorithms\mneerpalgorithm.py: local variable 'found' referenced before assignment
[21:16:44.153] [ERROR] [Scheduler] Traceback: Traceback (most recent call last):
  File "C:\Users\buaal\Desktop\NeuroPrime\src\algorithms\scheduler.py", line 255, in _load_custom_algorithms
    if not found:
UnboundLocalError: local variable 'found' referenced before assignment

[21:16:44.153] [INFO] [Scheduler] Loading custom algorithm from: C:\Users\buaal\Desktop\NeuroPrime\custom_algorithms\mnefilteringalgorithm.py
[21:16:44.153] [INFO] [Scheduler] Loaded custom algorithm from ALGORITHM_INFO: MNEFilteringAlgorithm
[21:16:44.153] [ERROR] [Scheduler] Error loading custom algorithm from C:\Users\buaal\Desktop\NeuroPrime\custom_algorithms\mnefilteringalgorithm.py: local variable 'found' referenced before assignment
[21:16:44.153] [ERROR] [Scheduler] Traceback: Traceback (most recent call last):
  File "C:\Users\buaal\Desktop\NeuroPrime\src\algorithms\scheduler.py", line 255, in _load_custom_algorithms
    if not found:
UnboundLocalError: local variable 'found' referenced before assignment

[21:16:44.153] [INFO] [Scheduler] Loading custom algorithm from: C:\Users\buaal\Desktop\NeuroPrime\custom_algorithms\mneicaalgorithm.py
[21:16:44.162] [INFO] [Scheduler] Loaded custom algorithm from ALGORITHM_INFO: MNEICAAlgorithm
[21:16:44.162] [ERROR] [Scheduler] Error loading custom algorithm from C:\Users\buaal\Desktop\NeuroPrime\custom_algorithms\mneicaalgorithm.py: local variable 'found' referenced before assignment
[21:16:44.162] [ERROR] [Scheduler] Traceback: Traceback (most recent call last):
  File "C:\Users\buaal\Desktop\NeuroPrime\src\algorithms\scheduler.py", line 255, in _load_custom_algorithms
    if not found:
UnboundLocalError: local variable 'found' referenced before assignment

[21:16:44.162] [INFO] [Scheduler] Loading custom algorithm from: C:\Users\buaal\Desktop\NeuroPrime\custom_algorithms\mneresamplingalgorithm.py
[21:16:44.170] [INFO] [Scheduler] Loaded custom algorithm from ALGORITHM_INFO: MNEResamplingAlgorithm
[21:16:44.170] [ERROR] [Scheduler] Error loading custom algorithm from C:\Users\buaal\Desktop\NeuroPrime\custom_algorithms\mneresamplingalgorithm.py: local variable 'found' referenced before assignment
[21:16:44.170] [ERROR] [Scheduler] Traceback: Traceback (most recent call last):
  File "C:\Users\buaal\Desktop\NeuroPrime\src\algorithms\scheduler.py", line 255, in _load_custom_algorithms
    if not found:
UnboundLocalError: local variable 'found' referenced before assignment

[21:16:44.170] [INFO] [Scheduler] Loading custom algorithm from: C:\Users\buaal\Desktop\NeuroPrime\custom_algorithms\mnesourcelocalizationalgorithm.py
[21:16:44.178] [INFO] [Scheduler] Loaded custom algorithm from ALGORITHM_INFO: MNESourceLocalizationAlgorithm
[21:16:44.178] [ERROR] [Scheduler] Error loading custom algorithm from C:\Users\buaal\Desktop\NeuroPrime\custom_algorithms\mnesourcelocalizationalgorithm.py: local variable 'found' referenced before assignment
[21:16:44.178] [ERROR] [Scheduler] Traceback: Traceback (most recent call last):
  File "C:\Users\buaal\Desktop\NeuroPrime\src\algorithms\scheduler.py", line 255, in _load_custom_algorithms
    if not found:
UnboundLocalError: local variable 'found' referenced before assignment

[21:16:44.178] [INFO] [Scheduler] Loading custom algorithm from: C:\Users\buaal\Desktop\NeuroPrime\custom_algorithms\mnetimefrequencyalgorithm.py
[21:16:44.183] [INFO] [Scheduler] Loaded custom algorithm from ALGORITHM_INFO: MNETimeFrequencyAlgorithm
[21:16:44.183] [ERROR] [Scheduler] Error loading custom algorithm from C:\Users\buaal\Desktop\NeuroPrime\custom_algorithms\mnetimefrequencyalgorithm.py: local variable 'found' referenced before assignment
[21:16:44.184] [ERROR] [Scheduler] Traceback: Traceback (most recent call last):
  File "C:\Users\buaal\Desktop\NeuroPrime\src\algorithms\scheduler.py", line 255, in _load_custom_algorithms
    if not found:
UnboundLocalError: local variable 'found' referenced before assignment

[21:16:44.184] [INFO] [Scheduler] Loading custom algorithm from: C:\Users\buaal\Desktop\NeuroPrime\custom_algorithms\testscriptalgorithm.py
[21:16:44.184] [INFO] [Scheduler] Loaded custom algorithm from ALGORITHM_INFO: TestScriptAlgorithm
[21:16:44.184] [ERROR] [Scheduler] Error loading custom algorithm from C:\Users\buaal\Desktop\NeuroPrime\custom_algorithms\testscriptalgorithm.py: local variable 'found' referenced before assignment
[21:16:44.184] [ERROR] [Scheduler] Traceback: Traceback (most recent call last):
  File "C:\Users\buaal\Desktop\NeuroPrime\src\algorithms\scheduler.py", line 255, in _load_custom_algorithms
    if not found:
UnboundLocalError: local variable 'found' referenced before assignment

[21:16:44.184] [INFO] [Scheduler] Loading custom algorithm from: C:\Users\buaal\Desktop\NeuroPrime\custom_algorithms\viewlfpdata.py
[21:16:44.184] [INFO] [Scheduler] Loaded custom algorithm from ALGORITHM_INFO: ViewLFPData
[21:16:44.184] [ERROR] [Scheduler] Error loading custom algorithm from C:\Users\buaal\Desktop\NeuroPrime\custom_algorithms\viewlfpdata.py: local variable 'found' referenced before assignment
[21:16:44.184] [ERROR] [Scheduler] Traceback: Traceback (most recent call last):
  File "C:\Users\buaal\Desktop\NeuroPrime\src\algorithms\scheduler.py", line 255, in _load_custom_algorithms
    if not found:
UnboundLocalError: local variable 'found' referenced before assignment

[21:16:44.184] [INFO] [Scheduler] Loading custom algorithm from: C:\Users\buaal\Desktop\NeuroPrime\custom_algorithms\view_raw_lfp_data.py
[21:16:44.191] [INFO] [Scheduler] Loaded custom algorithm from ALGORITHM_INFO: ViewRawLFPData
[21:16:44.191] [ERROR] [Scheduler] Error loading custom algorithm from C:\Users\buaal\Desktop\NeuroPrime\custom_algorithms\view_raw_lfp_data.py: local variable 'found' referenced before assignment
[21:16:44.192] [ERROR] [Scheduler] Traceback: Traceback (most recent call last):
  File "C:\Users\buaal\Desktop\NeuroPrime\src\algorithms\scheduler.py", line 255, in _load_custom_algorithms
    if not found:
UnboundLocalError: local variable 'found' referenced before assignment

[21:30:28.859] [INFO] ============================================================
[21:30:28.859] [INFO] _populate_custom_algorithms started
[21:30:28.859] [INFO] Attempting to reload custom algorithms...
[21:30:28.862] [INFO] Removed module from cache: src.algorithms.base
[21:30:28.862] [INFO] Removed module from cache: src.algorithms.scheduler
[21:30:28.862] [INFO] Removed module from cache: src.algorithms.spike_detection
[21:30:28.862] [INFO] Removed module from cache: src.algorithms.lfp_analysis
[21:30:28.862] [INFO] Removed module from cache: src.algorithms.behavior_analysis
[21:30:28.862] [INFO] Removed module from cache: src.algorithms.decoding
[21:30:28.862] [INFO] Removed module from cache: src.algorithms
[21:30:28.872] [INFO] [Scheduler] Removed pycache directory: C:\Users\buaal\Desktop\NeuroPrime\custom_algorithms\__pycache__
[21:30:28.872] [INFO] [Scheduler] NEUROPRIME_ROOT = C:\Users\buaal\Desktop\NeuroPrime
[21:30:28.872] [INFO] [Scheduler] Looking for custom algorithms in: C:\Users\buaal\Desktop\NeuroPrime\custom_algorithms
[21:30:28.872] [INFO] [Scheduler] Current working directory: C:\Users\buaal\Desktop\NeuroPrime
[21:30:28.872] [INFO] [Scheduler] Script directory: C:\Users\buaal\Desktop\NeuroPrime\src\algorithms
[21:30:28.872] [INFO] [Scheduler] Custom algorithms directory exists: C:\Users\buaal\Desktop\NeuroPrime\custom_algorithms
[21:30:28.876] [INFO] [Scheduler] Found 14 Python files: ['customalgorithm.py', 'customalgorithmnew.py', 'mnealgorithm.py', 'mnebadchanneldetectionalgorithm.py', 'mneerpalgorithm.py', 'mnefilteringalgorithm.py', 'mneicaalgorithm.py', 'mneresamplingalgorithm.py', 'mnesourcelocalizationalgorithm.py', 'mnetimefrequencyalgorithm.py', 'testscriptalgorithm.py', 'viewlfpdata.py', 'view_raw_lfp_data.py', '__init__.py']
[21:30:28.876] [INFO] [Scheduler] Loading custom algorithm from: C:\Users\buaal\Desktop\NeuroPrime\custom_algorithms\customalgorithm.py
[21:30:28.891] [INFO] [Scheduler] Loaded custom algorithm from ALGORITHM_INFO: CustomAlgorithm
[21:30:28.891] [ERROR] [Scheduler] Error loading custom algorithm from C:\Users\buaal\Desktop\NeuroPrime\custom_algorithms\customalgorithm.py: local variable 'found' referenced before assignment
[21:30:28.891] [ERROR] [Scheduler] Traceback: Traceback (most recent call last):
  File "C:\Users\buaal\Desktop\NeuroPrime\src\algorithms\scheduler.py", line 255, in _load_custom_algorithms
    if not found:
UnboundLocalError: local variable 'found' referenced before assignment

[21:30:28.891] [INFO] [Scheduler] Loading custom algorithm from: C:\Users\buaal\Desktop\NeuroPrime\custom_algorithms\customalgorithmnew.py
[21:30:28.894] [INFO] [Scheduler] Loaded custom algorithm from ALGORITHM_INFO: CustomAlgorithmNew
[21:30:28.894] [ERROR] [Scheduler] Error loading custom algorithm from C:\Users\buaal\Desktop\NeuroPrime\custom_algorithms\customalgorithmnew.py: local variable 'found' referenced before assignment
[21:30:28.894] [ERROR] [Scheduler] Traceback: Traceback (most recent call last):
  File "C:\Users\buaal\Desktop\NeuroPrime\src\algorithms\scheduler.py", line 255, in _load_custom_algorithms
    if not found:
UnboundLocalError: local variable 'found' referenced before assignment

[21:30:28.894] [INFO] [Scheduler] Loading custom algorithm from: C:\Users\buaal\Desktop\NeuroPrime\custom_algorithms\mnealgorithm.py
[21:30:28.901] [INFO] [Scheduler] Loaded custom algorithm from ALGORITHM_INFO: MNEAlgorithm
[21:30:28.901] [ERROR] [Scheduler] Error loading custom algorithm from C:\Users\buaal\Desktop\NeuroPrime\custom_algorithms\mnealgorithm.py: local variable 'found' referenced before assignment
[21:30:28.901] [ERROR] [Scheduler] Traceback: Traceback (most recent call last):
  File "C:\Users\buaal\Desktop\NeuroPrime\src\algorithms\scheduler.py", line 255, in _load_custom_algorithms
    if not found:
UnboundLocalError: local variable 'found' referenced before assignment

[21:30:28.901] [INFO] [Scheduler] Loading custom algorithm from: C:\Users\buaal\Desktop\NeuroPrime\custom_algorithms\mnebadchanneldetectionalgorithm.py
[21:30:28.907] [INFO] [Scheduler] Loaded custom algorithm from ALGORITHM_INFO: MNEBadChannelDetectionAlgorithm
[21:30:28.907] [ERROR] [Scheduler] Error loading custom algorithm from C:\Users\buaal\Desktop\NeuroPrime\custom_algorithms\mnebadchanneldetectionalgorithm.py: local variable 'found' referenced before assignment
[21:30:28.907] [ERROR] [Scheduler] Traceback: Traceback (most recent call last):
  File "C:\Users\buaal\Desktop\NeuroPrime\src\algorithms\scheduler.py", line 255, in _load_custom_algorithms
    if not found:
UnboundLocalError: local variable 'found' referenced before assignment

[21:30:28.907] [INFO] [Scheduler] Loading custom algorithm from: C:\Users\buaal\Desktop\NeuroPrime\custom_algorithms\mneerpalgorithm.py
[21:30:28.912] [INFO] [Scheduler] Loaded custom algorithm from ALGORITHM_INFO: MNEERPAlgorithm
[21:30:28.912] [ERROR] [Scheduler] Error loading custom algorithm from C:\Users\buaal\Desktop\NeuroPrime\custom_algorithms\mneerpalgorithm.py: local variable 'found' referenced before assignment
[21:30:28.912] [ERROR] [Scheduler] Traceback: Traceback (most recent call last):
  File "C:\Users\buaal\Desktop\NeuroPrime\src\algorithms\scheduler.py", line 255, in _load_custom_algorithms
    if not found:
UnboundLocalError: local variable 'found' referenced before assignment

[21:30:28.912] [INFO] [Scheduler] Loading custom algorithm from: C:\Users\buaal\Desktop\NeuroPrime\custom_algorithms\mnefilteringalgorithm.py
[21:30:28.917] [INFO] [Scheduler] Loaded custom algorithm from ALGORITHM_INFO: MNEFilteringAlgorithm
[21:30:28.918] [ERROR] [Scheduler] Error loading custom algorithm from C:\Users\buaal\Desktop\NeuroPrime\custom_algorithms\mnefilteringalgorithm.py: local variable 'found' referenced before assignment
[21:30:28.918] [ERROR] [Scheduler] Traceback: Traceback (most recent call last):
  File "C:\Users\buaal\Desktop\NeuroPrime\src\algorithms\scheduler.py", line 255, in _load_custom_algorithms
    if not found:
UnboundLocalError: local variable 'found' referenced before assignment

[21:30:28.918] [INFO] [Scheduler] Loading custom algorithm from: C:\Users\buaal\Desktop\NeuroPrime\custom_algorithms\mneicaalgorithm.py
[21:30:28.922] [INFO] [Scheduler] Loaded custom algorithm from ALGORITHM_INFO: MNEICAAlgorithm
[21:30:28.922] [ERROR] [Scheduler] Error loading custom algorithm from C:\Users\buaal\Desktop\NeuroPrime\custom_algorithms\mneicaalgorithm.py: local variable 'found' referenced before assignment
[21:30:28.922] [ERROR] [Scheduler] Traceback: Traceback (most recent call last):
  File "C:\Users\buaal\Desktop\NeuroPrime\src\algorithms\scheduler.py", line 255, in _load_custom_algorithms
    if not found:
UnboundLocalError: local variable 'found' referenced before assignment

[21:30:28.922] [INFO] [Scheduler] Loading custom algorithm from: C:\Users\buaal\Desktop\NeuroPrime\custom_algorithms\mneresamplingalgorithm.py
[21:30:28.923] [INFO] [Scheduler] Loaded custom algorithm from ALGORITHM_INFO: MNEResamplingAlgorithm
[21:30:28.923] [ERROR] [Scheduler] Error loading custom algorithm from C:\Users\buaal\Desktop\NeuroPrime\custom_algorithms\mneresamplingalgorithm.py: local variable 'found' referenced before assignment
[21:30:28.923] [ERROR] [Scheduler] Traceback: Traceback (most recent call last):
  File "C:\Users\buaal\Desktop\NeuroPrime\src\algorithms\scheduler.py", line 255, in _load_custom_algorithms
    if not found:
UnboundLocalError: local variable 'found' referenced before assignment

[21:30:28.923] [INFO] [Scheduler] Loading custom algorithm from: C:\Users\buaal\Desktop\NeuroPrime\custom_algorithms\mnesourcelocalizationalgorithm.py
[21:30:28.926] [INFO] [Scheduler] Loaded custom algorithm from ALGORITHM_INFO: MNESourceLocalizationAlgorithm
[21:30:28.926] [ERROR] [Scheduler] Error loading custom algorithm from C:\Users\buaal\Desktop\NeuroPrime\custom_algorithms\mnesourcelocalizationalgorithm.py: local variable 'found' referenced before assignment
[21:30:28.928] [ERROR] [Scheduler] Traceback: Traceback (most recent call last):
  File "C:\Users\buaal\Desktop\NeuroPrime\src\algorithms\scheduler.py", line 255, in _load_custom_algorithms
    if not found:
UnboundLocalError: local variable 'found' referenced before assignment

[21:30:28.928] [INFO] [Scheduler] Loading custom algorithm from: C:\Users\buaal\Desktop\NeuroPrime\custom_algorithms\mnetimefrequencyalgorithm.py
[21:30:28.931] [INFO] [Scheduler] Loaded custom algorithm from ALGORITHM_INFO: MNETimeFrequencyAlgorithm
[21:30:28.931] [ERROR] [Scheduler] Error loading custom algorithm from C:\Users\buaal\Desktop\NeuroPrime\custom_algorithms\mnetimefrequencyalgorithm.py: local variable 'found' referenced before assignment
[21:30:28.931] [ERROR] [Scheduler] Traceback: Traceback (most recent call last):
  File "C:\Users\buaal\Desktop\NeuroPrime\src\algorithms\scheduler.py", line 255, in _load_custom_algorithms
    if not found:
UnboundLocalError: local variable 'found' referenced before assignment

[21:30:28.931] [INFO] [Scheduler] Loading custom algorithm from: C:\Users\buaal\Desktop\NeuroPrime\custom_algorithms\testscriptalgorithm.py
[21:30:28.933] [INFO] [Scheduler] Loaded custom algorithm from ALGORITHM_INFO: TestScriptAlgorithm
[21:30:28.933] [ERROR] [Scheduler] Error loading custom algorithm from C:\Users\buaal\Desktop\NeuroPrime\custom_algorithms\testscriptalgorithm.py: local variable 'found' referenced before assignment
[21:30:28.933] [ERROR] [Scheduler] Traceback: Traceback (most recent call last):
  File "C:\Users\buaal\Desktop\NeuroPrime\src\algorithms\scheduler.py", line 255, in _load_custom_algorithms
    if not found:
UnboundLocalError: local variable 'found' referenced before assignment

[21:30:28.933] [INFO] [Scheduler] Loading custom algorithm from: C:\Users\buaal\Desktop\NeuroPrime\custom_algorithms\viewlfpdata.py
[21:30:28.933] [INFO] [Scheduler] Loaded custom algorithm from ALGORITHM_INFO: ViewLFPData
[21:30:28.933] [ERROR] [Scheduler] Error loading custom algorithm from C:\Users\buaal\Desktop\NeuroPrime\custom_algorithms\viewlfpdata.py: local variable 'found' referenced before assignment
[21:30:28.937] [ERROR] [Scheduler] Traceback: Traceback (most recent call last):
  File "C:\Users\buaal\Desktop\NeuroPrime\src\algorithms\scheduler.py", line 255, in _load_custom_algorithms
    if not found:
UnboundLocalError: local variable 'found' referenced before assignment

[21:30:28.937] [INFO] [Scheduler] Loading custom algorithm from: C:\Users\buaal\Desktop\NeuroPrime\custom_algorithms\view_raw_lfp_data.py
[21:30:28.940] [INFO] [Scheduler] Loaded custom algorithm from ALGORITHM_INFO: ViewRawLFPData
[21:30:28.940] [ERROR] [Scheduler] Error loading custom algorithm from C:\Users\buaal\Desktop\NeuroPrime\custom_algorithms\view_raw_lfp_data.py: local variable 'found' referenced before assignment
[21:30:28.940] [ERROR] [Scheduler] Traceback: Traceback (most recent call last):
  File "C:\Users\buaal\Desktop\NeuroPrime\src\algorithms\scheduler.py", line 255, in _load_custom_algorithms
    if not found:
UnboundLocalError: local variable 'found' referenced before assignment

[21:30:28.940] [INFO] Custom algorithms reload completed
[21:30:28.940] [INFO] Total algorithms available: 21
[21:30:28.940] [INFO] Added custom algorithm: MNEAlgorithm (category: 自定义算法)
[21:30:28.940] [INFO] Added custom algorithm: MNEBadChannelDetectionAlgorithm (category: 自定义算法)
[21:30:28.940] [INFO] Added custom algorithm: MNEERPAlgorithm (category: 自定义算法)
[21:30:28.940] [INFO] Added custom algorithm: MNEFilteringAlgorithm (category: 自定义算法)
[21:30:28.940] [INFO] Added custom algorithm: MNEICAAlgorithm (category: 自定义算法)
[21:30:28.940] [INFO] Added custom algorithm: MNEResamplingAlgorithm (category: 自定义算法)
[21:30:28.940] [INFO] Added custom algorithm: MNESourceLocalizationAlgorithm (category: 自定义算法)
[21:30:28.940] [INFO] Added custom algorithm: MNETimeFrequencyAlgorithm (category: 自定义算法)
[21:30:28.940] [INFO] Added custom algorithm: ViewLFPData (category: 自定义算法)
[21:30:28.940] [INFO] Added custom algorithm: ViewRawLFPData (category: 自定义算法)
[21:30:28.940] [INFO] Total custom algorithms added: 10
[21:30:28.940] [INFO] ============================================================
[21:30:43.768] [INFO] [Scheduler] Removed pycache directory: C:\Users\buaal\Desktop\NeuroPrime\custom_algorithms\__pycache__
[21:30:43.769] [INFO] [Scheduler] NEUROPRIME_ROOT = C:\Users\buaal\Desktop\NeuroPrime
[21:30:43.769] [INFO] [Scheduler] Looking for custom algorithms in: C:\Users\buaal\Desktop\NeuroPrime\custom_algorithms
[21:30:43.769] [INFO] [Scheduler] Current working directory: C:\Users\buaal\Desktop\NeuroPrime
[21:30:43.769] [INFO] [Scheduler] Script directory: C:\Users\buaal\Desktop\NeuroPrime\src\algorithms
[21:30:43.769] [INFO] [Scheduler] Custom algorithms directory exists: C:\Users\buaal\Desktop\NeuroPrime\custom_algorithms
[21:30:43.770] [INFO] [Scheduler] Found 15 Python files: ['customalgorithm.py', 'customalgorithmnew.py', 'mnealgorithm.py', 'mnebadchanneldetectionalgorithm.py', 'mneerpalgorithm.py', 'mnefilteringalgorithm.py', 'mneicaalgorithm.py', 'mnepowerspectrumalgorithm.py', 'mneresamplingalgorithm.py', 'mnesourcelocalizationalgorithm.py', 'mnetimefrequencyalgorithm.py', 'testscriptalgorithm.py', 'viewlfpdata.py', 'view_raw_lfp_data.py', '__init__.py']
[21:30:43.770] [INFO] [Scheduler] Loading custom algorithm from: C:\Users\buaal\Desktop\NeuroPrime\custom_algorithms\customalgorithm.py
[21:30:43.771] [INFO] [Scheduler] Loaded custom algorithm from ALGORITHM_INFO: CustomAlgorithm
[21:30:43.771] [ERROR] [Scheduler] Error loading custom algorithm from C:\Users\buaal\Desktop\NeuroPrime\custom_algorithms\customalgorithm.py: local variable 'found' referenced before assignment
[21:30:43.771] [ERROR] [Scheduler] Traceback: Traceback (most recent call last):
  File "C:\Users\buaal\Desktop\NeuroPrime\src\algorithms\scheduler.py", line 255, in _load_custom_algorithms
    if not found:
UnboundLocalError: local variable 'found' referenced before assignment

[21:30:43.771] [INFO] [Scheduler] Loading custom algorithm from: C:\Users\buaal\Desktop\NeuroPrime\custom_algorithms\customalgorithmnew.py
[21:30:43.775] [INFO] [Scheduler] Loaded custom algorithm from ALGORITHM_INFO: CustomAlgorithmNew
[21:30:43.775] [ERROR] [Scheduler] Error loading custom algorithm from C:\Users\buaal\Desktop\NeuroPrime\custom_algorithms\customalgorithmnew.py: local variable 'found' referenced before assignment
[21:30:43.775] [ERROR] [Scheduler] Traceback: Traceback (most recent call last):
  File "C:\Users\buaal\Desktop\NeuroPrime\src\algorithms\scheduler.py", line 255, in _load_custom_algorithms
    if not found:
UnboundLocalError: local variable 'found' referenced before assignment

[21:30:43.777] [INFO] [Scheduler] Loading custom algorithm from: C:\Users\buaal\Desktop\NeuroPrime\custom_algorithms\mnealgorithm.py
[21:30:43.781] [INFO] [Scheduler] Loaded custom algorithm from ALGORITHM_INFO: MNEAlgorithm
[21:30:43.781] [ERROR] [Scheduler] Error loading custom algorithm from C:\Users\buaal\Desktop\NeuroPrime\custom_algorithms\mnealgorithm.py: local variable 'found' referenced before assignment
[21:30:43.781] [ERROR] [Scheduler] Traceback: Traceback (most recent call last):
  File "C:\Users\buaal\Desktop\NeuroPrime\src\algorithms\scheduler.py", line 255, in _load_custom_algorithms
    if not found:
UnboundLocalError: local variable 'found' referenced before assignment

[21:30:43.781] [INFO] [Scheduler] Loading custom algorithm from: C:\Users\buaal\Desktop\NeuroPrime\custom_algorithms\mnebadchanneldetectionalgorithm.py
[21:30:43.782] [INFO] [Scheduler] Loaded custom algorithm from ALGORITHM_INFO: MNEBadChannelDetectionAlgorithm
[21:30:43.782] [ERROR] [Scheduler] Error loading custom algorithm from C:\Users\buaal\Desktop\NeuroPrime\custom_algorithms\mnebadchanneldetectionalgorithm.py: local variable 'found' referenced before assignment
[21:30:43.782] [ERROR] [Scheduler] Traceback: Traceback (most recent call last):
  File "C:\Users\buaal\Desktop\NeuroPrime\src\algorithms\scheduler.py", line 255, in _load_custom_algorithms
    if not found:
UnboundLocalError: local variable 'found' referenced before assignment

[21:30:43.782] [INFO] [Scheduler] Loading custom algorithm from: C:\Users\buaal\Desktop\NeuroPrime\custom_algorithms\mneerpalgorithm.py
[21:30:43.789] [INFO] [Scheduler] Loaded custom algorithm from ALGORITHM_INFO: MNEERPAlgorithm
[21:30:43.789] [ERROR] [Scheduler] Error loading custom algorithm from C:\Users\buaal\Desktop\NeuroPrime\custom_algorithms\mneerpalgorithm.py: local variable 'found' referenced before assignment
[21:30:43.790] [ERROR] [Scheduler] Traceback: Traceback (most recent call last):
  File "C:\Users\buaal\Desktop\NeuroPrime\src\algorithms\scheduler.py", line 255, in _load_custom_algorithms
    if not found:
UnboundLocalError: local variable 'found' referenced before assignment

[21:30:43.790] [INFO] [Scheduler] Loading custom algorithm from: C:\Users\buaal\Desktop\NeuroPrime\custom_algorithms\mnefilteringalgorithm.py
[21:30:43.795] [INFO] [Scheduler] Loaded custom algorithm from ALGORITHM_INFO: MNEFilteringAlgorithm
[21:30:43.795] [ERROR] [Scheduler] Error loading custom algorithm from C:\Users\buaal\Desktop\NeuroPrime\custom_algorithms\mnefilteringalgorithm.py: local variable 'found' referenced before assignment
[21:30:43.795] [ERROR] [Scheduler] Traceback: Traceback (most recent call last):
  File "C:\Users\buaal\Desktop\NeuroPrime\src\algorithms\scheduler.py", line 255, in _load_custom_algorithms
    if not found:
UnboundLocalError: local variable 'found' referenced before assignment

[21:30:43.795] [INFO] [Scheduler] Loading custom algorithm from: C:\Users\buaal\Desktop\NeuroPrime\custom_algorithms\mneicaalgorithm.py
[21:30:43.801] [INFO] [Scheduler] Loaded custom algorithm from ALGORITHM_INFO: MNEICAAlgorithm
[21:30:43.801] [ERROR] [Scheduler] Error loading custom algorithm from C:\Users\buaal\Desktop\NeuroPrime\custom_algorithms\mneicaalgorithm.py: local variable 'found' referenced before assignment
[21:30:43.801] [ERROR] [Scheduler] Traceback: Traceback (most recent call last):
  File "C:\Users\buaal\Desktop\NeuroPrime\src\algorithms\scheduler.py", line 255, in _load_custom_algorithms
    if not found:
UnboundLocalError: local variable 'found' referenced before assignment

[21:30:43.801] [INFO] [Scheduler] Loading custom algorithm from: C:\Users\buaal\Desktop\NeuroPrime\custom_algorithms\mnepowerspectrumalgorithm.py
[21:30:43.804] [INFO] [Scheduler] Loaded custom algorithm from ALGORITHM_INFO: MNEPowerSpectrumAlgorithm
[21:30:43.804] [ERROR] [Scheduler] Error loading custom algorithm from C:\Users\buaal\Desktop\NeuroPrime\custom_algorithms\mnepowerspectrumalgorithm.py: local variable 'found' referenced before assignment
[21:30:43.804] [ERROR] [Scheduler] Traceback: Traceback (most recent call last):
  File "C:\Users\buaal\Desktop\NeuroPrime\src\algorithms\scheduler.py", line 255, in _load_custom_algorithms
    if not found:
UnboundLocalError: local variable 'found' referenced before assignment

[21:30:43.804] [INFO] [Scheduler] Loading custom algorithm from: C:\Users\buaal\Desktop\NeuroPrime\custom_algorithms\mneresamplingalgorithm.py
[21:30:43.810] [INFO] [Scheduler] Loaded custom algorithm from ALGORITHM_INFO: MNEResamplingAlgorithm
[21:30:43.810] [ERROR] [Scheduler] Error loading custom algorithm from C:\Users\buaal\Desktop\NeuroPrime\custom_algorithms\mneresamplingalgorithm.py: local variable 'found' referenced before assignment
[21:30:43.810] [ERROR] [Scheduler] Traceback: Traceback (most recent call last):
  File "C:\Users\buaal\Desktop\NeuroPrime\src\algorithms\scheduler.py", line 255, in _load_custom_algorithms
    if not found:
UnboundLocalError: local variable 'found' referenced before assignment

[21:30:43.810] [INFO] [Scheduler] Loading custom algorithm from: C:\Users\buaal\Desktop\NeuroPrime\custom_algorithms\mnesourcelocalizationalgorithm.py
[21:30:43.813] [INFO] [Scheduler] Loaded custom algorithm from ALGORITHM_INFO: MNESourceLocalizationAlgorithm
[21:30:43.813] [ERROR] [Scheduler] Error loading custom algorithm from C:\Users\buaal\Desktop\NeuroPrime\custom_algorithms\mnesourcelocalizationalgorithm.py: local variable 'found' referenced before assignment
[21:30:43.813] [ERROR] [Scheduler] Traceback: Traceback (most recent call last):
  File "C:\Users\buaal\Desktop\NeuroPrime\src\algorithms\scheduler.py", line 255, in _load_custom_algorithms
    if not found:
UnboundLocalError: local variable 'found' referenced before assignment

[21:30:43.813] [INFO] [Scheduler] Loading custom algorithm from: C:\Users\buaal\Desktop\NeuroPrime\custom_algorithms\mnetimefrequencyalgorithm.py
[21:30:43.818] [INFO] [Scheduler] Loaded custom algorithm from ALGORITHM_INFO: MNETimeFrequencyAlgorithm
[21:30:43.818] [ERROR] [Scheduler] Error loading custom algorithm from C:\Users\buaal\Desktop\NeuroPrime\custom_algorithms\mnetimefrequencyalgorithm.py: local variable 'found' referenced before assignment
[21:30:43.818] [ERROR] [Scheduler] Traceback: Traceback (most recent call last):
  File "C:\Users\buaal\Desktop\NeuroPrime\src\algorithms\scheduler.py", line 255, in _load_custom_algorithms
    if not found:
UnboundLocalError: local variable 'found' referenced before assignment

[21:30:43.818] [INFO] [Scheduler] Loading custom algorithm from: C:\Users\buaal\Desktop\NeuroPrime\custom_algorithms\testscriptalgorithm.py
[21:30:43.820] [INFO] [Scheduler] Loaded custom algorithm from ALGORITHM_INFO: TestScriptAlgorithm
[21:30:43.820] [ERROR] [Scheduler] Error loading custom algorithm from C:\Users\buaal\Desktop\NeuroPrime\custom_algorithms\testscriptalgorithm.py: local variable 'found' referenced before assignment
[21:30:43.822] [ERROR] [Scheduler] Traceback: Traceback (most recent call last):
  File "C:\Users\buaal\Desktop\NeuroPrime\src\algorithms\scheduler.py", line 255, in _load_custom_algorithms
    if not found:
UnboundLocalError: local variable 'found' referenced before assignment

[21:30:43.822] [INFO] [Scheduler] Loading custom algorithm from: C:\Users\buaal\Desktop\NeuroPrime\custom_algorithms\viewlfpdata.py
[21:30:43.822] [INFO] [Scheduler] Loaded custom algorithm from ALGORITHM_INFO: ViewLFPData
[21:30:43.822] [ERROR] [Scheduler] Error loading custom algorithm from C:\Users\buaal\Desktop\NeuroPrime\custom_algorithms\viewlfpdata.py: local variable 'found' referenced before assignment
[21:30:43.822] [ERROR] [Scheduler] Traceback: Traceback (most recent call last):
  File "C:\Users\buaal\Desktop\NeuroPrime\src\algorithms\scheduler.py", line 255, in _load_custom_algorithms
    if not found:
UnboundLocalError: local variable 'found' referenced before assignment

[21:30:43.822] [INFO] [Scheduler] Loading custom algorithm from: C:\Users\buaal\Desktop\NeuroPrime\custom_algorithms\view_raw_lfp_data.py
[21:30:43.827] [INFO] [Scheduler] Loaded custom algorithm from ALGORITHM_INFO: ViewRawLFPData
[21:30:43.827] [ERROR] [Scheduler] Error loading custom algorithm from C:\Users\buaal\Desktop\NeuroPrime\custom_algorithms\view_raw_lfp_data.py: local variable 'found' referenced before assignment
[21:30:43.828] [ERROR] [Scheduler] Traceback: Traceback (most recent call last):
  File "C:\Users\buaal\Desktop\NeuroPrime\src\algorithms\scheduler.py", line 255, in _load_custom_algorithms
    if not found:
UnboundLocalError: local variable 'found' referenced before assignment

[21:30:43.828] [INFO] ============================================================
[21:30:43.828] [INFO] _populate_custom_algorithms started
[21:30:43.828] [INFO] Attempting to reload custom algorithms...
[21:30:43.830] [INFO] Removed module from cache: src.algorithms.base
[21:30:43.830] [INFO] Removed module from cache: src.algorithms.scheduler
[21:30:43.830] [INFO] Removed module from cache: src.algorithms.spike_detection
[21:30:43.830] [INFO] Removed module from cache: src.algorithms.lfp_analysis
[21:30:43.830] [INFO] Removed module from cache: src.algorithms.behavior_analysis
[21:30:43.830] [INFO] Removed module from cache: src.algorithms.decoding
[21:30:43.830] [INFO] Removed module from cache: src.algorithms
[21:30:43.839] [INFO] [Scheduler] Removed pycache directory: C:\Users\buaal\Desktop\NeuroPrime\custom_algorithms\__pycache__
[21:30:43.841] [INFO] [Scheduler] NEUROPRIME_ROOT = C:\Users\buaal\Desktop\NeuroPrime
[21:30:43.841] [INFO] [Scheduler] Looking for custom algorithms in: C:\Users\buaal\Desktop\NeuroPrime\custom_algorithms
[21:30:43.841] [INFO] [Scheduler] Current working directory: C:\Users\buaal\Desktop\NeuroPrime
[21:30:43.841] [INFO] [Scheduler] Script directory: C:\Users\buaal\Desktop\NeuroPrime\src\algorithms
[21:30:43.841] [INFO] [Scheduler] Custom algorithms directory exists: C:\Users\buaal\Desktop\NeuroPrime\custom_algorithms
[21:30:43.842] [INFO] [Scheduler] Found 15 Python files: ['customalgorithm.py', 'customalgorithmnew.py', 'mnealgorithm.py', 'mnebadchanneldetectionalgorithm.py', 'mneerpalgorithm.py', 'mnefilteringalgorithm.py', 'mneicaalgorithm.py', 'mnepowerspectrumalgorithm.py', 'mneresamplingalgorithm.py', 'mnesourcelocalizationalgorithm.py', 'mnetimefrequencyalgorithm.py', 'testscriptalgorithm.py', 'viewlfpdata.py', 'view_raw_lfp_data.py', '__init__.py']
[21:30:43.842] [INFO] [Scheduler] Loading custom algorithm from: C:\Users\buaal\Desktop\NeuroPrime\custom_algorithms\customalgorithm.py
[21:30:43.853] [INFO] [Scheduler] Loaded custom algorithm from ALGORITHM_INFO: CustomAlgorithm
[21:30:43.853] [ERROR] [Scheduler] Error loading custom algorithm from C:\Users\buaal\Desktop\NeuroPrime\custom_algorithms\customalgorithm.py: local variable 'found' referenced before assignment
[21:30:43.853] [ERROR] [Scheduler] Traceback: Traceback (most recent call last):
  File "C:\Users\buaal\Desktop\NeuroPrime\src\algorithms\scheduler.py", line 255, in _load_custom_algorithms
    if not found:
UnboundLocalError: local variable 'found' referenced before assignment

[21:30:43.853] [INFO] [Scheduler] Loading custom algorithm from: C:\Users\buaal\Desktop\NeuroPrime\custom_algorithms\customalgorithmnew.py
[21:30:43.855] [INFO] [Scheduler] Loaded custom algorithm from ALGORITHM_INFO: CustomAlgorithmNew
[21:30:43.855] [ERROR] [Scheduler] Error loading custom algorithm from C:\Users\buaal\Desktop\NeuroPrime\custom_algorithms\customalgorithmnew.py: local variable 'found' referenced before assignment
[21:30:43.855] [ERROR] [Scheduler] Traceback: Traceback (most recent call last):
  File "C:\Users\buaal\Desktop\NeuroPrime\src\algorithms\scheduler.py", line 255, in _load_custom_algorithms
    if not found:
UnboundLocalError: local variable 'found' referenced before assignment

[21:30:43.855] [INFO] [Scheduler] Loading custom algorithm from: C:\Users\buaal\Desktop\NeuroPrime\custom_algorithms\mnealgorithm.py
[21:30:43.863] [INFO] [Scheduler] Loaded custom algorithm from ALGORITHM_INFO: MNEAlgorithm
[21:30:43.863] [ERROR] [Scheduler] Error loading custom algorithm from C:\Users\buaal\Desktop\NeuroPrime\custom_algorithms\mnealgorithm.py: local variable 'found' referenced before assignment
[21:30:43.864] [ERROR] [Scheduler] Traceback: Traceback (most recent call last):
  File "C:\Users\buaal\Desktop\NeuroPrime\src\algorithms\scheduler.py", line 255, in _load_custom_algorithms
    if not found:
UnboundLocalError: local variable 'found' referenced before assignment

[21:30:43.864] [INFO] [Scheduler] Loading custom algorithm from: C:\Users\buaal\Desktop\NeuroPrime\custom_algorithms\mnebadchanneldetectionalgorithm.py
[21:30:43.868] [INFO] [Scheduler] Loaded custom algorithm from ALGORITHM_INFO: MNEBadChannelDetectionAlgorithm
[21:30:43.868] [ERROR] [Scheduler] Error loading custom algorithm from C:\Users\buaal\Desktop\NeuroPrime\custom_algorithms\mnebadchanneldetectionalgorithm.py: local variable 'found' referenced before assignment
[21:30:43.868] [ERROR] [Scheduler] Traceback: Traceback (most recent call last):
  File "C:\Users\buaal\Desktop\NeuroPrime\src\algorithms\scheduler.py", line 255, in _load_custom_algorithms
    if not found:
UnboundLocalError: local variable 'found' referenced before assignment

[21:30:43.868] [INFO] [Scheduler] Loading custom algorithm from: C:\Users\buaal\Desktop\NeuroPrime\custom_algorithms\mneerpalgorithm.py
[21:30:43.870] [INFO] [Scheduler] Loaded custom algorithm from ALGORITHM_INFO: MNEERPAlgorithm
[21:30:43.870] [ERROR] [Scheduler] Error loading custom algorithm from C:\Users\buaal\Desktop\NeuroPrime\custom_algorithms\mneerpalgorithm.py: local variable 'found' referenced before assignment
[21:30:43.870] [ERROR] [Scheduler] Traceback: Traceback (most recent call last):
  File "C:\Users\buaal\Desktop\NeuroPrime\src\algorithms\scheduler.py", line 255, in _load_custom_algorithms
    if not found:
UnboundLocalError: local variable 'found' referenced before assignment

[21:30:43.870] [INFO] [Scheduler] Loading custom algorithm from: C:\Users\buaal\Desktop\NeuroPrime\custom_algorithms\mnefilteringalgorithm.py
[21:30:43.875] [INFO] [Scheduler] Loaded custom algorithm from ALGORITHM_INFO: MNEFilteringAlgorithm
[21:30:43.875] [ERROR] [Scheduler] Error loading custom algorithm from C:\Users\buaal\Desktop\NeuroPrime\custom_algorithms\mnefilteringalgorithm.py: local variable 'found' referenced before assignment
[21:30:43.875] [ERROR] [Scheduler] Traceback: Traceback (most recent call last):
  File "C:\Users\buaal\Desktop\NeuroPrime\src\algorithms\scheduler.py", line 255, in _load_custom_algorithms
    if not found:
UnboundLocalError: local variable 'found' referenced before assignment

[21:30:43.875] [INFO] [Scheduler] Loading custom algorithm from: C:\Users\buaal\Desktop\NeuroPrime\custom_algorithms\mneicaalgorithm.py
[21:30:43.880] [INFO] [Scheduler] Loaded custom algorithm from ALGORITHM_INFO: MNEICAAlgorithm
[21:30:43.880] [ERROR] [Scheduler] Error loading custom algorithm from C:\Users\buaal\Desktop\NeuroPrime\custom_algorithms\mneicaalgorithm.py: local variable 'found' referenced before assignment
[21:30:43.880] [ERROR] [Scheduler] Traceback: Traceback (most recent call last):
  File "C:\Users\buaal\Desktop\NeuroPrime\src\algorithms\scheduler.py", line 255, in _load_custom_algorithms
    if not found:
UnboundLocalError: local variable 'found' referenced before assignment

[21:30:43.880] [INFO] [Scheduler] Loading custom algorithm from: C:\Users\buaal\Desktop\NeuroPrime\custom_algorithms\mnepowerspectrumalgorithm.py
[21:30:43.885] [INFO] [Scheduler] Loaded custom algorithm from ALGORITHM_INFO: MNEPowerSpectrumAlgorithm
[21:30:43.885] [ERROR] [Scheduler] Error loading custom algorithm from C:\Users\buaal\Desktop\NeuroPrime\custom_algorithms\mnepowerspectrumalgorithm.py: local variable 'found' referenced before assignment
[21:30:43.885] [ERROR] [Scheduler] Traceback: Traceback (most recent call last):
  File "C:\Users\buaal\Desktop\NeuroPrime\src\algorithms\scheduler.py", line 255, in _load_custom_algorithms
    if not found:
UnboundLocalError: local variable 'found' referenced before assignment

[21:30:43.885] [INFO] [Scheduler] Loading custom algorithm from: C:\Users\buaal\Desktop\NeuroPrime\custom_algorithms\mneresamplingalgorithm.py
[21:30:43.888] [INFO] [Scheduler] Loaded custom algorithm from ALGORITHM_INFO: MNEResamplingAlgorithm
[21:30:43.888] [ERROR] [Scheduler] Error loading custom algorithm from C:\Users\buaal\Desktop\NeuroPrime\custom_algorithms\mneresamplingalgorithm.py: local variable 'found' referenced before assignment
[21:30:43.888] [ERROR] [Scheduler] Traceback: Traceback (most recent call last):
  File "C:\Users\buaal\Desktop\NeuroPrime\src\algorithms\scheduler.py", line 255, in _load_custom_algorithms
    if not found:
UnboundLocalError: local variable 'found' referenced before assignment

[21:30:43.888] [INFO] [Scheduler] Loading custom algorithm from: C:\Users\buaal\Desktop\NeuroPrime\custom_algorithms\mnesourcelocalizationalgorithm.py
[21:30:43.892] [INFO] [Scheduler] Loaded custom algorithm from ALGORITHM_INFO: MNESourceLocalizationAlgorithm
[21:30:43.892] [ERROR] [Scheduler] Error loading custom algorithm from C:\Users\buaal\Desktop\NeuroPrime\custom_algorithms\mnesourcelocalizationalgorithm.py: local variable 'found' referenced before assignment
[21:30:43.892] [ERROR] [Scheduler] Traceback: Traceback (most recent call last):
  File "C:\Users\buaal\Desktop\NeuroPrime\src\algorithms\scheduler.py", line 255, in _load_custom_algorithms
    if not found:
UnboundLocalError: local variable 'found' referenced before assignment

[21:30:43.892] [INFO] [Scheduler] Loading custom algorithm from: C:\Users\buaal\Desktop\NeuroPrime\custom_algorithms\mnetimefrequencyalgorithm.py
[21:30:43.896] [INFO] [Scheduler] Loaded custom algorithm from ALGORITHM_INFO: MNETimeFrequencyAlgorithm
[21:30:43.896] [ERROR] [Scheduler] Error loading custom algorithm from C:\Users\buaal\Desktop\NeuroPrime\custom_algorithms\mnetimefrequencyalgorithm.py: local variable 'found' referenced before assignment
[21:30:43.896] [ERROR] [Scheduler] Traceback: Traceback (most recent call last):
  File "C:\Users\buaal\Desktop\NeuroPrime\src\algorithms\scheduler.py", line 255, in _load_custom_algorithms
    if not found:
UnboundLocalError: local variable 'found' referenced before assignment

[21:30:43.896] [INFO] [Scheduler] Loading custom algorithm from: C:\Users\buaal\Desktop\NeuroPrime\custom_algorithms\testscriptalgorithm.py
[21:30:43.900] [INFO] [Scheduler] Loaded custom algorithm from ALGORITHM_INFO: TestScriptAlgorithm
[21:30:43.900] [ERROR] [Scheduler] Error loading custom algorithm from C:\Users\buaal\Desktop\NeuroPrime\custom_algorithms\testscriptalgorithm.py: local variable 'found' referenced before assignment
[21:30:43.900] [ERROR] [Scheduler] Traceback: Traceback (most recent call last):
  File "C:\Users\buaal\Desktop\NeuroPrime\src\algorithms\scheduler.py", line 255, in _load_custom_algorithms
    if not found:
UnboundLocalError: local variable 'found' referenced before assignment

[21:30:43.900] [INFO] [Scheduler] Loading custom algorithm from: C:\Users\buaal\Desktop\NeuroPrime\custom_algorithms\viewlfpdata.py
[21:30:43.903] [INFO] [Scheduler] Loaded custom algorithm from ALGORITHM_INFO: ViewLFPData
[21:30:43.903] [ERROR] [Scheduler] Error loading custom algorithm from C:\Users\buaal\Desktop\NeuroPrime\custom_algorithms\viewlfpdata.py: local variable 'found' referenced before assignment
[21:30:43.903] [ERROR] [Scheduler] Traceback: Traceback (most recent call last):
  File "C:\Users\buaal\Desktop\NeuroPrime\src\algorithms\scheduler.py", line 255, in _load_custom_algorithms
    if not found:
UnboundLocalError: local variable 'found' referenced before assignment

[21:30:43.903] [INFO] [Scheduler] Loading custom algorithm from: C:\Users\buaal\Desktop\NeuroPrime\custom_algorithms\view_raw_lfp_data.py
[21:30:43.907] [INFO] [Scheduler] Loaded custom algorithm from ALGORITHM_INFO: ViewRawLFPData
[21:30:43.907] [ERROR] [Scheduler] Error loading custom algorithm from C:\Users\buaal\Desktop\NeuroPrime\custom_algorithms\view_raw_lfp_data.py: local variable 'found' referenced before assignment
[21:30:43.907] [ERROR] [Scheduler] Traceback: Traceback (most recent call last):
  File "C:\Users\buaal\Desktop\NeuroPrime\src\algorithms\scheduler.py", line 255, in _load_custom_algorithms
    if not found:
UnboundLocalError: local variable 'found' referenced before assignment

[21:30:43.907] [INFO] Custom algorithms reload completed
[21:30:43.907] [INFO] Total algorithms available: 22
[21:30:43.907] [INFO] Added custom algorithm: MNEAlgorithm (category: 自定义算法)
[21:30:43.907] [INFO] Added custom algorithm: MNEBadChannelDetectionAlgorithm (category: 自定义算法)
[21:30:43.907] [INFO] Added custom algorithm: MNEERPAlgorithm (category: 自定义算法)
[21:30:43.907] [INFO] Added custom algorithm: MNEFilteringAlgorithm (category: 自定义算法)
[21:30:43.907] [INFO] Added custom algorithm: MNEICAAlgorithm (category: 自定义算法)
[21:30:43.907] [INFO] Added custom algorithm: MNEPowerSpectrumAlgorithm (category: 自定义算法)
[21:30:43.907] [INFO] Added custom algorithm: MNEResamplingAlgorithm (category: 自定义算法)
[21:30:43.907] [INFO] Added custom algorithm: MNESourceLocalizationAlgorithm (category: 自定义算法)
[21:30:43.907] [INFO] Added custom algorithm: MNETimeFrequencyAlgorithm (category: 自定义算法)
[21:30:43.907] [INFO] Added custom algorithm: ViewLFPData (category: 自定义算法)
[21:30:43.907] [INFO] Added custom algorithm: ViewRawLFPData (category: 自定义算法)
[21:30:43.907] [INFO] Total custom algorithms added: 11
[21:30:43.907] [INFO] ============================================================
[21:30:48.953] [INFO] add_data_item 被调用
[21:30:48.953] [DEBUG] data_item_type = <class 'dict'> (type: type)
[21:30:58.995] [INFO] ============================================================
[21:30:58.995] [INFO] _on_run_clicked 被调用
[21:30:58.998] [INFO] _get_selected_data_items 被调用
[21:30:58.998] [DEBUG] selected_data_items_len = 1 (type: int)
[21:30:58.998] [DEBUG] selected_data_items_0_type = <class 'dict'> (type: type)
[21:30:58.998] [INFO] 返回 1 个有效数据项
[21:30:58.998] [DEBUG] selected_data_type = <class 'list'> (type: type)
[21:30:58.998] [DEBUG] selected_data_len = 1 (type: int)
[21:30:58.998] [DEBUG] item_0_type = <class 'dict'> (type: type)
[21:30:58.998] [INFO] item[0] keys: ['id', 'display_name', 'trial_name', 'data_type', 'description', 'time_range']
[21:30:58.998] [INFO] 自定义算法使用默认参数: {'fmin': 0.1, 'fmax': 100.0, 'n_fft': 2048, 'window': 'hamming', 'averaging': 'mean'}
[21:30:58.998] [DEBUG] parameters_keys = ['fmin', 'fmax', 'n_fft', 'window', 'averaging'] (type: list)
[21:30:58.998] [DEBUG] algorithm_name = MNEPowerSpectrumAlgorithm (type: str)
[21:30:58.998] [DEBUG] current_algorithm = MNEPowerSpectrumAlgorithm (type: str)
[21:30:58.998] [INFO] 发送请求: algorithm=MNEPowerSpectrumAlgorithm, data_items数量=1
[21:30:58.998] [INFO] ============================================================
[21:30:58.998] [INFO] _on_run_analysis 被调用
[21:30:58.998] [DEBUG] params_type = <class 'dict'> (type: type)
[21:30:58.998] [DEBUG] algorithm_name = MNEPowerSpectrumAlgorithm (type: str)
[21:30:58.998] [DEBUG] data_items_type = <class 'list'> (type: type)
[21:30:58.998] [DEBUG] data_items_len = 1 (type: int)
[21:30:58.998] [DEBUG] parameters_type = <class 'dict'> (type: type)
[21:30:58.998] [DEBUG] time_alignment_type = <class 'NoneType'> (type: type)
[21:30:58.998] [INFO] data_items[0] type: <class 'dict'>
[21:30:58.998] [INFO] data_items[0] keys: ['id', 'display_name', 'trial_name', 'data_type', 'description', 'time_range']
[21:30:58.998] [INFO] ============================================================
[21:30:58.998] [INFO] _run_analysis_async 被调用
[21:30:58.998] [DEBUG] algorithm_name = MNEPowerSpectrumAlgorithm (type: str)
[21:30:58.998] [DEBUG] data_items_type = <class 'list'> (type: type)
[21:30:58.998] [DEBUG] data_items_len = 1 (type: int)
[21:30:58.998] [DEBUG] parameters_keys = ['fmin', 'fmax', 'n_fft', 'window', 'averaging'] (type: list)
[21:30:58.998] [INFO] data_items[0] type: <class 'dict'>
[21:30:58.998] [INFO] data_items[0] keys: ['id', 'display_name', 'trial_name', 'data_type', 'description', 'time_range']
