[21:47:52.252] [INFO] ============================================================
[21:47:52.253] [INFO] NeuroPrime 调试日志
[21:47:52.253] [INFO] 启动时间: 2026-04-13 21:47:52
[21:47:52.253] [INFO] Python版本: 3.10.10 (tags/v3.10.10:aad5f6a, Feb  7 2023, 17:20:36) [MSC v.1929 64 bit (AMD64)]
[21:47:52.253] [INFO] 日志文件: c:\Users\buaal\Desktop\NeuroPrime\logs\debug_20260413_214752.log
[21:47:52.253] [INFO] ============================================================
[21:47:53.439] [INFO] [Scheduler] NEUROPRIME_ROOT = c:\Users\buaal\Desktop\NeuroPrime
[21:47:53.439] [INFO] [Scheduler] Looking for custom algorithms in: c:\Users\buaal\Desktop\NeuroPrime\custom_algorithms
[21:47:53.439] [INFO] [Scheduler] Current working directory: c:\Users\buaal\Desktop\NeuroPrime
[21:47:53.439] [INFO] [Scheduler] Script directory: c:\Users\buaal\Desktop\NeuroPrime\src\algorithms
[21:47:53.439] [INFO] [Scheduler] Custom algorithms directory exists: c:\Users\buaal\Desktop\NeuroPrime\custom_algorithms
[21:47:53.439] [INFO] [Scheduler] Found 2 Python files: ['view_raw_lfp_data.py', '__init__.py']
[21:47:53.439] [INFO] [Scheduler] Loading custom algorithm from: c:\Users\buaal\Desktop\NeuroPrime\custom_algorithms\view_raw_lfp_data.py
[21:47:53.444] [INFO] [Scheduler] Loaded custom algorithm from ALGORITHM_INFO: ViewRawLFPData
[21:47:53.444] [INFO] [Scheduler] Searching for algorithm classes in c:\Users\buaal\Desktop\NeuroPrime\custom_algorithms\view_raw_lfp_data.py...
[21:47:53.444] [INFO] [Scheduler] Loaded custom algorithm: ViewRawLFPData
[21:48:10.050] [INFO] add_data_item 被调用
[21:48:10.050] [DEBUG] data_item_type = <class 'dict'> (type: type)
[21:48:11.032] [INFO] add_data_item 被调用
[21:48:11.032] [DEBUG] data_item_type = <class 'dict'> (type: type)
[21:48:13.663] [INFO] add_data_item 被调用
[21:48:13.663] [DEBUG] data_item_type = <class 'dict'> (type: type)
[21:48:14.689] [INFO] add_data_item 被调用
[21:48:14.689] [DEBUG] data_item_type = <class 'dict'> (type: type)
[21:48:36.970] [INFO] _get_selected_data_items 被调用
[21:48:36.970] [DEBUG] selected_data_items_len = 4 (type: int)
[21:48:36.970] [DEBUG] selected_data_items_0_type = <class 'dict'> (type: type)
[21:48:36.970] [DEBUG] selected_data_items_1_type = <class 'dict'> (type: type)
[21:48:36.970] [DEBUG] selected_data_items_2_type = <class 'dict'> (type: type)
[21:48:36.970] [DEBUG] selected_data_items_3_type = <class 'dict'> (type: type)
[21:48:36.970] [INFO] 返回 4 个有效数据项
[21:48:44.228] [INFO] ============================================================
[21:48:44.228] [INFO] _on_run_clicked 被调用
[21:48:44.228] [INFO] _get_selected_data_items 被调用
[21:48:44.228] [DEBUG] selected_data_items_len = 4 (type: int)
[21:48:44.228] [DEBUG] selected_data_items_0_type = <class 'dict'> (type: type)
[21:48:44.228] [DEBUG] selected_data_items_1_type = <class 'dict'> (type: type)
[21:48:44.228] [DEBUG] selected_data_items_2_type = <class 'dict'> (type: type)
[21:48:44.228] [DEBUG] selected_data_items_3_type = <class 'dict'> (type: type)
[21:48:44.228] [INFO] 返回 4 个有效数据项
[21:48:44.228] [DEBUG] selected_data_type = <class 'list'> (type: type)
[21:48:44.228] [DEBUG] selected_data_len = 4 (type: int)
[21:48:44.228] [DEBUG] item_0_type = <class 'dict'> (type: type)
[21:48:44.228] [INFO] item[0] keys: ['id', 'display_name', 'trial_name', 'data_type', 'description', 'time_range']
[21:48:44.228] [DEBUG] item_1_type = <class 'dict'> (type: type)
[21:48:44.228] [INFO] item[1] keys: ['id', 'display_name', 'trial_name', 'data_type', 'description', 'time_range']
[21:48:44.228] [DEBUG] item_2_type = <class 'dict'> (type: type)
[21:48:44.228] [INFO] item[2] keys: ['id', 'display_name', 'trial_name', 'data_type', 'description', 'time_range']
[21:48:44.228] [DEBUG] item_3_type = <class 'dict'> (type: type)
[21:48:44.228] [INFO] item[3] keys: ['id', 'display_name', 'trial_name', 'data_type', 'description', 'time_range']
[21:48:44.228] [DEBUG] parameters_keys = ['pre_time', 'post_time', 'metric', 'stim_condition_key'] (type: list)
[21:48:44.228] [DEBUG] algorithm_name = TuningCurveAnalysis (type: str)
[21:48:44.228] [DEBUG] current_algorithm = TuningCurveAnalysis (type: str)
[21:48:44.228] [INFO] 时间对齐配置: {'global_start': 0.0, 'global_duration': 83.372, 'sync_mode': 'global', 'data_configs': {'FC_Grating_014_Spikes': {'original_range': (0.0, 84.812), 'start_time': 0.0, 'duration': 83.372}, 'FC_Grating_014_Events': {'original_range': (0.0, 84.812), 'start_time': 0.0, 'duration': 83.372}, 'Fix_Grating_005_Spikes': {'original_range': (0.0, 83.372), 'start_time': 0.0, 'duration': 83.372}, 'Fix_Grating_005_Events': {'original_range': (0.0, 83.372), 'start_time': 0.0, 'duration': 83.372}}}
[21:48:44.228] [INFO] 发送请求: algorithm=TuningCurveAnalysis, data_items数量=4
[21:48:44.228] [INFO] ============================================================
[21:48:44.228] [INFO] _on_run_analysis 被调用
[21:48:44.228] [DEBUG] params_type = <class 'dict'> (type: type)
[21:48:44.228] [DEBUG] algorithm_name = TuningCurveAnalysis (type: str)
[21:48:44.228] [DEBUG] data_items_type = <class 'list'> (type: type)
[21:48:44.228] [DEBUG] data_items_len = 4 (type: int)
[21:48:44.228] [DEBUG] parameters_type = <class 'dict'> (type: type)
[21:48:44.228] [DEBUG] time_alignment_type = <class 'dict'> (type: type)
[21:48:44.228] [INFO] data_items[0] type: <class 'dict'>
[21:48:44.228] [INFO] data_items[0] keys: ['id', 'display_name', 'trial_name', 'data_type', 'description', 'time_range']
[21:48:44.228] [INFO] ============================================================
[21:48:44.228] [INFO] _run_analysis_async 被调用
[21:48:44.228] [DEBUG] algorithm_name = TuningCurveAnalysis (type: str)
[21:48:44.228] [DEBUG] data_items_type = <class 'list'> (type: type)
[21:48:44.228] [DEBUG] data_items_len = 4 (type: int)
[21:48:44.228] [DEBUG] parameters_keys = ['pre_time', 'post_time', 'metric', 'stim_condition_key', 'time_alignment'] (type: list)
[21:48:44.228] [INFO] data_items[0] type: <class 'dict'>
[21:48:44.228] [INFO] data_items[0] keys: ['id', 'display_name', 'trial_name', 'data_type', 'description', 'time_range']
