[19:39:02.402] [INFO] ============================================================
[19:39:02.404] [INFO] NeuroPrime 调试日志
[19:39:02.404] [INFO] 启动时间: 2026-04-12 19:39:02
[19:39:02.404] [INFO] Python版本: 3.10.10 (tags/v3.10.10:aad5f6a, Feb  7 2023, 17:20:36) [MSC v.1929 64 bit (AMD64)]
[19:39:02.404] [INFO] 日志文件: c:\Users\buaal\Desktop\NeuroPrime\logs\debug_20260412_193902.log
[19:39:02.404] [INFO] ============================================================
[19:39:04.505] [INFO] [Scheduler] NEUROPRIME_ROOT = c:\Users\buaal\Desktop\NeuroPrime
[19:39:04.506] [INFO] [Scheduler] Looking for custom algorithms in: c:\Users\buaal\Desktop\NeuroPrime\custom_algorithms
[19:39:04.506] [INFO] [Scheduler] Current working directory: c:\Users\buaal\Desktop\NeuroPrime
[19:39:04.506] [INFO] [Scheduler] Script directory: c:\Users\buaal\Desktop\NeuroPrime\src\algorithms
[19:39:04.506] [INFO] [Scheduler] Custom algorithms directory exists: c:\Users\buaal\Desktop\NeuroPrime\custom_algorithms
[19:39:04.506] [INFO] [Scheduler] Found 2 Python files: ['view_raw_lfp_data.py', '__init__.py']
[19:39:04.506] [INFO] [Scheduler] Loading custom algorithm from: c:\Users\buaal\Desktop\NeuroPrime\custom_algorithms\view_raw_lfp_data.py
[19:39:04.513] [INFO] [Scheduler] Loaded custom algorithm from ALGORITHM_INFO: ViewRawLFPData
[19:39:04.513] [INFO] [Scheduler] Searching for algorithm classes in c:\Users\buaal\Desktop\NeuroPrime\custom_algorithms\view_raw_lfp_data.py...
[19:39:04.513] [INFO] [Scheduler] Loaded custom algorithm: BaseAlgorithm
[19:39:23.454] [INFO] add_data_item 被调用
[19:39:23.454] [DEBUG] data_item_type = <class 'dict'> (type: type)
[19:39:24.412] [INFO] add_data_item 被调用
[19:39:24.412] [DEBUG] data_item_type = <class 'dict'> (type: type)
[19:39:32.561] [INFO] _get_selected_data_items 被调用
[19:39:32.561] [DEBUG] selected_data_items_len = 2 (type: int)
[19:39:32.561] [DEBUG] selected_data_items_0_type = <class 'dict'> (type: type)
[19:39:32.561] [DEBUG] selected_data_items_1_type = <class 'dict'> (type: type)
[19:39:32.561] [INFO] 返回 2 个有效数据项
[19:39:40.140] [INFO] ============================================================
[19:39:40.140] [INFO] _on_run_clicked 被调用
[19:39:40.140] [INFO] _get_selected_data_items 被调用
[19:39:40.140] [DEBUG] selected_data_items_len = 2 (type: int)
[19:39:40.140] [DEBUG] selected_data_items_0_type = <class 'dict'> (type: type)
[19:39:40.140] [DEBUG] selected_data_items_1_type = <class 'dict'> (type: type)
[19:39:40.140] [INFO] 返回 2 个有效数据项
[19:39:40.140] [DEBUG] selected_data_type = <class 'list'> (type: type)
[19:39:40.140] [DEBUG] selected_data_len = 2 (type: int)
[19:39:40.140] [DEBUG] item_0_type = <class 'dict'> (type: type)
[19:39:40.140] [INFO] item[0] keys: ['id', 'display_name', 'trial_name', 'data_type', 'description', 'time_range']
[19:39:40.140] [DEBUG] item_1_type = <class 'dict'> (type: type)
[19:39:40.140] [INFO] item[1] keys: ['id', 'display_name', 'trial_name', 'data_type', 'description', 'time_range']
[19:39:40.140] [DEBUG] parameters_keys = ['n_components', 'n_clusters', 'max_iterations', 'random_state'] (type: list)
[19:39:40.140] [DEBUG] algorithm_name = SpikeSortingPCA (type: str)
[19:39:40.140] [DEBUG] current_algorithm = SpikeSortingPCA (type: str)
[19:39:40.140] [INFO] 时间对齐配置: {'global_start': 0.0, 'global_duration': 83.996, 'sync_mode': 'global', 'data_configs': {'FC_Grating_014_Spikes': {'original_range': (0.0, 84.812), 'start_time': 0.0, 'duration': 83.996}, 'FC_Grating_015_Spikes': {'original_range': (0.0, 83.996), 'start_time': 0.0, 'duration': 83.996}}}
[19:39:40.140] [INFO] 发送请求: algorithm=SpikeSortingPCA, data_items数量=2
[19:39:40.140] [INFO] ============================================================
[19:39:40.140] [INFO] _on_run_analysis 被调用
[19:39:40.140] [DEBUG] params_type = <class 'dict'> (type: type)
[19:39:40.140] [DEBUG] algorithm_name = SpikeSortingPCA (type: str)
[19:39:40.140] [DEBUG] data_items_type = <class 'list'> (type: type)
[19:39:40.140] [DEBUG] data_items_len = 2 (type: int)
[19:39:40.140] [DEBUG] parameters_type = <class 'dict'> (type: type)
[19:39:40.140] [DEBUG] time_alignment_type = <class 'dict'> (type: type)
[19:39:40.140] [INFO] data_items[0] type: <class 'dict'>
[19:39:40.140] [INFO] data_items[0] keys: ['id', 'display_name', 'trial_name', 'data_type', 'description', 'time_range']
[19:39:40.142] [INFO] ============================================================
[19:39:40.142] [INFO] _run_analysis_async 被调用
[19:39:40.142] [DEBUG] algorithm_name = SpikeSortingPCA (type: str)
[19:39:40.142] [DEBUG] data_items_type = <class 'list'> (type: type)
[19:39:40.142] [DEBUG] data_items_len = 2 (type: int)
[19:39:40.142] [DEBUG] parameters_keys = ['n_components', 'n_clusters', 'max_iterations', 'random_state', 'time_alignment'] (type: list)
[19:39:40.142] [INFO] data_items[0] type: <class 'dict'>
[19:39:40.142] [INFO] data_items[0] keys: ['id', 'display_name', 'trial_name', 'data_type', 'description', 'time_range']
