[17:07:14.258] [INFO] ============================================================
[17:07:14.258] [INFO] NeuroPrime 调试日志
[17:07:14.258] [INFO] 启动时间: 2026-04-12 17:07:14
[17:07:14.258] [INFO] Python版本: 3.10.10 (tags/v3.10.10:aad5f6a, Feb  7 2023, 17:20:36) [MSC v.1929 64 bit (AMD64)]
[17:07:14.258] [INFO] 日志文件: c:\Users\buaal\Desktop\NeuroPrime\logs\debug_20260412_170714.log
[17:07:14.258] [INFO] ============================================================
[17:07:15.847] [INFO] [Scheduler] NEUROPRIME_ROOT = c:\Users\buaal\Desktop\NeuroPrime
[17:07:15.847] [INFO] [Scheduler] Looking for custom algorithms in: c:\Users\buaal\Desktop\NeuroPrime\custom_algorithms
[17:07:15.847] [INFO] [Scheduler] Current working directory: c:\Users\buaal\Desktop\NeuroPrime
[17:07:15.847] [INFO] [Scheduler] Script directory: c:\Users\buaal\Desktop\NeuroPrime\src\algorithms
[17:07:15.847] [INFO] [Scheduler] Custom algorithms directory exists: c:\Users\buaal\Desktop\NeuroPrime\custom_algorithms
[17:07:15.847] [INFO] [Scheduler] Found 2 Python files: ['view_raw_data.py', '__init__.py']
[17:07:15.847] [INFO] [Scheduler] Loading custom algorithm from: c:\Users\buaal\Desktop\NeuroPrime\custom_algorithms\view_raw_data.py
[17:07:15.859] [INFO] [Scheduler] Loaded custom algorithm from ALGORITHM_INFO: ViewRawData
[17:07:15.859] [INFO] [Scheduler] Searching for algorithm classes in c:\Users\buaal\Desktop\NeuroPrime\custom_algorithms\view_raw_data.py...
[17:07:15.859] [INFO] [Scheduler] Loaded custom algorithm: BaseAlgorithm
[17:07:32.687] [INFO] add_data_item 被调用
[17:07:32.687] [DEBUG] data_item_type = <class 'dict'> (type: type)
[17:07:32.687] [INFO] add_data_item 被调用
[17:07:32.687] [DEBUG] data_item_type = <class 'dict'> (type: type)
[17:07:32.687] [INFO] add_data_item 被调用
[17:07:32.687] [DEBUG] data_item_type = <class 'dict'> (type: type)
[17:07:32.687] [INFO] add_data_item 被调用
[17:07:32.687] [DEBUG] data_item_type = <class 'dict'> (type: type)
[17:07:38.349] [INFO] ============================================================
[17:07:38.349] [INFO] _populate_custom_algorithms started
[17:07:38.349] [INFO] Attempting to reload custom algorithms...
[17:07:38.349] [INFO] [Scheduler] NEUROPRIME_ROOT = c:\Users\buaal\Desktop\NeuroPrime
[17:07:38.349] [INFO] [Scheduler] Looking for custom algorithms in: c:\Users\buaal\Desktop\NeuroPrime\custom_algorithms
[17:07:38.349] [INFO] [Scheduler] Current working directory: c:\Users\buaal\Desktop\NeuroPrime
[17:07:38.349] [INFO] [Scheduler] Script directory: c:\Users\buaal\Desktop\NeuroPrime\src\algorithms
[17:07:38.349] [INFO] [Scheduler] Custom algorithms directory exists: c:\Users\buaal\Desktop\NeuroPrime\custom_algorithms
[17:07:38.350] [INFO] [Scheduler] Found 2 Python files: ['view_raw_data.py', '__init__.py']
[17:07:38.350] [INFO] [Scheduler] Loading custom algorithm from: c:\Users\buaal\Desktop\NeuroPrime\custom_algorithms\view_raw_data.py
[17:07:38.350] [INFO] [Scheduler] Loaded custom algorithm from ALGORITHM_INFO: ViewRawData
[17:07:38.350] [INFO] [Scheduler] Searching for algorithm classes in c:\Users\buaal\Desktop\NeuroPrime\custom_algorithms\view_raw_data.py...
[17:07:38.350] [INFO] [Scheduler] Loaded custom algorithm: BaseAlgorithm
[17:07:38.350] [INFO] Custom algorithms reload completed
[17:07:38.350] [INFO] Total algorithms available: 9
[17:07:38.350] [INFO] Algorithm list: ['SpikeDetectionThreshold:Spike', 'SpikeSortingPCA:Spike', 'LFPPowerSpectrum:LFP', 'LFPSpectrogram:LFP', 'PSTHAnalysis:Behavior', 'RasterPlotAnalysis:Behavior', 'TuningCurveAnalysis:Behavior', 'LDADecoder:Decoding', 'ViewRawData:自定义算法']
[17:07:38.352] [INFO] Added custom algorithm: ViewRawData (category: 自定义算法)
[17:07:38.352] [INFO] Total custom algorithms added: 1
[17:07:38.352] [INFO] ============================================================
[17:07:46.472] [INFO] add_data_item 被调用
[17:07:46.472] [DEBUG] data_item_type = <class 'dict'> (type: type)
[17:07:48.686] [INFO] ============================================================
[17:07:48.687] [INFO] _on_run_clicked 被调用
[17:07:48.687] [INFO] _get_selected_data_items 被调用
[17:07:48.687] [DEBUG] selected_data_items_len = 1 (type: int)
[17:07:48.687] [DEBUG] selected_data_items_0_type = <class 'dict'> (type: type)
[17:07:48.687] [INFO] 返回 1 个有效数据项
[17:07:48.687] [DEBUG] selected_data_type = <class 'list'> (type: type)
[17:07:48.687] [DEBUG] selected_data_len = 1 (type: int)
[17:07:48.687] [DEBUG] item_0_type = <class 'dict'> (type: type)
[17:07:48.687] [INFO] item[0] keys: ['id', 'display_name', 'trial_name', 'data_type', 'description', 'time_range']
[17:07:48.687] [INFO] 自定义算法使用默认参数: {'channel_idx': -1, 'time_start': 0.0, 'time_duration': 10.0, 'show_grid': True, 'line_color': 'blue'}
[17:07:48.687] [DEBUG] parameters_keys = ['channel_idx', 'time_start', 'time_duration', 'show_grid', 'line_color'] (type: list)
[17:07:48.687] [DEBUG] algorithm_name = ViewRawData (type: str)
[17:07:48.687] [DEBUG] current_algorithm = ViewRawData (type: str)
[17:07:48.687] [INFO] 发送请求: algorithm=ViewRawData, data_items数量=1
[17:07:48.687] [INFO] ============================================================
[17:07:48.687] [INFO] _on_run_analysis 被调用
[17:07:48.687] [DEBUG] params_type = <class 'dict'> (type: type)
[17:07:48.687] [DEBUG] algorithm_name = ViewRawData (type: str)
[17:07:48.687] [DEBUG] data_items_type = <class 'list'> (type: type)
[17:07:48.687] [DEBUG] data_items_len = 1 (type: int)
[17:07:48.687] [DEBUG] parameters_type = <class 'dict'> (type: type)
[17:07:48.687] [DEBUG] time_alignment_type = <class 'NoneType'> (type: type)
[17:07:48.687] [INFO] data_items[0] type: <class 'dict'>
[17:07:48.687] [INFO] data_items[0] keys: ['id', 'display_name', 'trial_name', 'data_type', 'description', 'time_range']
[17:07:48.687] [INFO] ============================================================
[17:07:48.687] [INFO] _run_analysis_async 被调用
[17:07:48.687] [DEBUG] algorithm_name = ViewRawData (type: str)
[17:07:48.687] [DEBUG] data_items_type = <class 'list'> (type: type)
[17:07:48.687] [DEBUG] data_items_len = 1 (type: int)
[17:07:48.687] [DEBUG] parameters_keys = ['channel_idx', 'time_start', 'time_duration', 'show_grid', 'line_color'] (type: list)
[17:07:48.687] [INFO] data_items[0] type: <class 'dict'>
[17:07:48.687] [INFO] data_items[0] keys: ['id', 'display_name', 'trial_name', 'data_type', 'description', 'time_range']
