[15:26:17.353] [INFO] ============================================================
[15:26:17.354] [INFO] NeuroPrime 调试日志
[15:26:17.354] [INFO] 启动时间: 2026-04-27 15:26:17
[15:26:17.354] [INFO] Python版本: 3.14.4 (tags/v3.14.4:23116f9, Apr  7 2026, 14:10:54) [MSC v.1944 64 bit (AMD64)]
[15:26:17.354] [INFO] 日志文件: C:\Users\Administrator\Desktop\new hope\code\NeuroPrime\logs\debug_20260427_152617.log
[15:26:17.354] [INFO] ============================================================
[15:26:19.613] [INFO] [Scheduler] Removed pycache directory: C:\Users\Administrator\Desktop\new hope\code\NeuroPrime\custom_algorithms\__pycache__
[15:26:19.614] [INFO] [Scheduler] NEUROPRIME_ROOT = C:\Users\Administrator\Desktop\new hope\code\NeuroPrime
[15:26:19.614] [INFO] [Scheduler] Looking for custom algorithms in: C:\Users\Administrator\Desktop\new hope\code\NeuroPrime\custom_algorithms
[15:26:19.614] [INFO] [Scheduler] Current working directory: C:\Users\Administrator\Desktop\new hope\code\NeuroPrime
[15:26:19.614] [INFO] [Scheduler] Script directory: C:\Users\Administrator\Desktop\new hope\code\NeuroPrime\src\algorithms
[15:26:19.614] [INFO] [Scheduler] Custom algorithms directory exists: C:\Users\Administrator\Desktop\new hope\code\NeuroPrime\custom_algorithms
[15:26:19.615] [INFO] [Scheduler] Found 21 Python files: ['customalgorithm.py', 'customalgorithmnew.py', 'mnealgorithm.py', 'mnebadchanneldetectionalgorithm.py', 'mnebeamformingalgorithm.py', 'mnedipolefittingalgorithm.py', 'mneeffectiveconnectivityalgorithm.py', 'mneerpalgorithm.py', 'mnefilteringalgorithm.py', 'mnefunctionalconnectivityalgorithm.py', 'mneicaalgorithm.py', 'mneicaartifactremovalalgorithm.py', 'mnepowerspectrumalgorithm.py', 'mneresamplingalgorithm.py', 'mnesourcelocalizationalgorithm.py', 'mnespectralconnectivityalgorithm.py', 'mnetimefrequencyalgorithm.py', 'testscriptalgorithm.py', 'viewlfpdata.py', 'view_raw_lfp_data.py', '__init__.py']
[15:26:19.615] [INFO] [Scheduler] Loading custom algorithm from: C:\Users\Administrator\Desktop\new hope\code\NeuroPrime\custom_algorithms\customalgorithm.py
[15:26:20.081] [INFO] [Scheduler] Loaded custom algorithm from ALGORITHM_INFO: CustomAlgorithm
[15:26:20.081] [ERROR] [Scheduler] Error loading custom algorithm from C:\Users\Administrator\Desktop\new hope\code\NeuroPrime\custom_algorithms\customalgorithm.py: cannot access local variable 'found' where it is not associated with a value
[15:26:20.082] [ERROR] [Scheduler] Traceback: Traceback (most recent call last):
  File "C:\Users\Administrator\Desktop\new hope\code\NeuroPrime\src\algorithms\scheduler.py", line 260, in _load_custom_algorithms
    if not found:
           ^^^^^
UnboundLocalError: cannot access local variable 'found' where it is not associated with a value

[15:26:20.082] [INFO] [Scheduler] Loading custom algorithm from: C:\Users\Administrator\Desktop\new hope\code\NeuroPrime\custom_algorithms\customalgorithmnew.py
[15:26:20.084] [INFO] [Scheduler] Loaded custom algorithm from ALGORITHM_INFO: CustomAlgorithmNew
[15:26:20.084] [ERROR] [Scheduler] Error loading custom algorithm from C:\Users\Administrator\Desktop\new hope\code\NeuroPrime\custom_algorithms\customalgorithmnew.py: cannot access local variable 'found' where it is not associated with a value
[15:26:20.084] [ERROR] [Scheduler] Traceback: Traceback (most recent call last):
  File "C:\Users\Administrator\Desktop\new hope\code\NeuroPrime\src\algorithms\scheduler.py", line 260, in _load_custom_algorithms
    if not found:
           ^^^^^
UnboundLocalError: cannot access local variable 'found' where it is not associated with a value

[15:26:20.084] [INFO] [Scheduler] Loading custom algorithm from: C:\Users\Administrator\Desktop\new hope\code\NeuroPrime\custom_algorithms\mnealgorithm.py
[15:26:20.088] [ERROR] [Scheduler] Error loading custom algorithm from C:\Users\Administrator\Desktop\new hope\code\NeuroPrime\custom_algorithms\mnealgorithm.py: No module named 'mne'
[15:26:20.089] [ERROR] [Scheduler] Traceback: Traceback (most recent call last):
  File "C:\Users\Administrator\Desktop\new hope\code\NeuroPrime\src\algorithms\scheduler.py", line 223, in _load_custom_algorithms
    spec.loader.exec_module(module)
    ~~~~~~~~~~~~~~~~~~~~~~~^^^^^^^^
  File "<frozen importlib._bootstrap_external>", line 759, in exec_module
  File "<frozen importlib._bootstrap>", line 491, in _call_with_frames_removed
  File "C:\Users\Administrator\Desktop\new hope\code\NeuroPrime\custom_algorithms\mnealgorithm.py", line 10, in <module>
    import mne
ModuleNotFoundError: No module named 'mne'

[15:26:20.089] [INFO] [Scheduler] Loading custom algorithm from: C:\Users\Administrator\Desktop\new hope\code\NeuroPrime\custom_algorithms\mnebadchanneldetectionalgorithm.py
[15:26:20.092] [ERROR] [Scheduler] Error loading custom algorithm from C:\Users\Administrator\Desktop\new hope\code\NeuroPrime\custom_algorithms\mnebadchanneldetectionalgorithm.py: No module named 'mne'
[15:26:20.093] [ERROR] [Scheduler] Traceback: Traceback (most recent call last):
  File "C:\Users\Administrator\Desktop\new hope\code\NeuroPrime\src\algorithms\scheduler.py", line 223, in _load_custom_algorithms
    spec.loader.exec_module(module)
    ~~~~~~~~~~~~~~~~~~~~~~~^^^^^^^^
  File "<frozen importlib._bootstrap_external>", line 759, in exec_module
  File "<frozen importlib._bootstrap>", line 491, in _call_with_frames_removed
  File "C:\Users\Administrator\Desktop\new hope\code\NeuroPrime\custom_algorithms\mnebadchanneldetectionalgorithm.py", line 59, in <module>
    import mne
ModuleNotFoundError: No module named 'mne'

[15:26:20.093] [INFO] [Scheduler] Loading custom algorithm from: C:\Users\Administrator\Desktop\new hope\code\NeuroPrime\custom_algorithms\mnebeamformingalgorithm.py
[15:26:20.097] [ERROR] [Scheduler] Error loading custom algorithm from C:\Users\Administrator\Desktop\new hope\code\NeuroPrime\custom_algorithms\mnebeamformingalgorithm.py: No module named 'mne'
[15:26:20.098] [ERROR] [Scheduler] Traceback: Traceback (most recent call last):
  File "C:\Users\Administrator\Desktop\new hope\code\NeuroPrime\src\algorithms\scheduler.py", line 223, in _load_custom_algorithms
    spec.loader.exec_module(module)
    ~~~~~~~~~~~~~~~~~~~~~~~^^^^^^^^
  File "<frozen importlib._bootstrap_external>", line 759, in exec_module
  File "<frozen importlib._bootstrap>", line 491, in _call_with_frames_removed
  File "C:\Users\Administrator\Desktop\new hope\code\NeuroPrime\custom_algorithms\mnebeamformingalgorithm.py", line 60, in <module>
    import mne
ModuleNotFoundError: No module named 'mne'

[15:26:20.098] [INFO] [Scheduler] Loading custom algorithm from: C:\Users\Administrator\Desktop\new hope\code\NeuroPrime\custom_algorithms\mnedipolefittingalgorithm.py
[15:26:20.102] [ERROR] [Scheduler] Error loading custom algorithm from C:\Users\Administrator\Desktop\new hope\code\NeuroPrime\custom_algorithms\mnedipolefittingalgorithm.py: No module named 'mne'
[15:26:20.103] [ERROR] [Scheduler] Traceback: Traceback (most recent call last):
  File "C:\Users\Administrator\Desktop\new hope\code\NeuroPrime\src\algorithms\scheduler.py", line 223, in _load_custom_algorithms
    spec.loader.exec_module(module)
    ~~~~~~~~~~~~~~~~~~~~~~~^^^^^^^^
  File "<frozen importlib._bootstrap_external>", line 759, in exec_module
  File "<frozen importlib._bootstrap>", line 491, in _call_with_frames_removed
  File "C:\Users\Administrator\Desktop\new hope\code\NeuroPrime\custom_algorithms\mnedipolefittingalgorithm.py", line 60, in <module>
    import mne
ModuleNotFoundError: No module named 'mne'

[15:26:20.103] [INFO] [Scheduler] Loading custom algorithm from: C:\Users\Administrator\Desktop\new hope\code\NeuroPrime\custom_algorithms\mneeffectiveconnectivityalgorithm.py
[15:26:20.107] [ERROR] [Scheduler] Error loading custom algorithm from C:\Users\Administrator\Desktop\new hope\code\NeuroPrime\custom_algorithms\mneeffectiveconnectivityalgorithm.py: No module named 'mne'
[15:26:20.108] [ERROR] [Scheduler] Traceback: Traceback (most recent call last):
  File "C:\Users\Administrator\Desktop\new hope\code\NeuroPrime\src\algorithms\scheduler.py", line 223, in _load_custom_algorithms
    spec.loader.exec_module(module)
    ~~~~~~~~~~~~~~~~~~~~~~~^^^^^^^^
  File "<frozen importlib._bootstrap_external>", line 759, in exec_module
  File "<frozen importlib._bootstrap>", line 491, in _call_with_frames_removed
  File "C:\Users\Administrator\Desktop\new hope\code\NeuroPrime\custom_algorithms\mneeffectiveconnectivityalgorithm.py", line 87, in <module>
    import mne
ModuleNotFoundError: No module named 'mne'

[15:26:20.108] [INFO] [Scheduler] Loading custom algorithm from: C:\Users\Administrator\Desktop\new hope\code\NeuroPrime\custom_algorithms\mneerpalgorithm.py
[15:26:20.111] [ERROR] [Scheduler] Error loading custom algorithm from C:\Users\Administrator\Desktop\new hope\code\NeuroPrime\custom_algorithms\mneerpalgorithm.py: No module named 'mne'
[15:26:20.112] [ERROR] [Scheduler] Traceback: Traceback (most recent call last):
  File "C:\Users\Administrator\Desktop\new hope\code\NeuroPrime\src\algorithms\scheduler.py", line 223, in _load_custom_algorithms
    spec.loader.exec_module(module)
    ~~~~~~~~~~~~~~~~~~~~~~~^^^^^^^^
  File "<frozen importlib._bootstrap_external>", line 759, in exec_module
  File "<frozen importlib._bootstrap>", line 491, in _call_with_frames_removed
  File "C:\Users\Administrator\Desktop\new hope\code\NeuroPrime\custom_algorithms\mneerpalgorithm.py", line 60, in <module>
    import mne
ModuleNotFoundError: No module named 'mne'

[15:26:20.112] [INFO] [Scheduler] Loading custom algorithm from: C:\Users\Administrator\Desktop\new hope\code\NeuroPrime\custom_algorithms\mnefilteringalgorithm.py
[15:26:20.116] [ERROR] [Scheduler] Error loading custom algorithm from C:\Users\Administrator\Desktop\new hope\code\NeuroPrime\custom_algorithms\mnefilteringalgorithm.py: No module named 'mne'
[15:26:20.117] [ERROR] [Scheduler] Traceback: Traceback (most recent call last):
  File "C:\Users\Administrator\Desktop\new hope\code\NeuroPrime\src\algorithms\scheduler.py", line 223, in _load_custom_algorithms
    spec.loader.exec_module(module)
    ~~~~~~~~~~~~~~~~~~~~~~~^^^^^^^^
  File "<frozen importlib._bootstrap_external>", line 759, in exec_module
  File "<frozen importlib._bootstrap>", line 491, in _call_with_frames_removed
  File "C:\Users\Administrator\Desktop\new hope\code\NeuroPrime\custom_algorithms\mnefilteringalgorithm.py", line 60, in <module>
    import mne
ModuleNotFoundError: No module named 'mne'

[15:26:20.117] [INFO] [Scheduler] Loading custom algorithm from: C:\Users\Administrator\Desktop\new hope\code\NeuroPrime\custom_algorithms\mnefunctionalconnectivityalgorithm.py
[15:26:20.120] [ERROR] [Scheduler] Error loading custom algorithm from C:\Users\Administrator\Desktop\new hope\code\NeuroPrime\custom_algorithms\mnefunctionalconnectivityalgorithm.py: No module named 'mne'
[15:26:20.121] [ERROR] [Scheduler] Traceback: Traceback (most recent call last):
  File "C:\Users\Administrator\Desktop\new hope\code\NeuroPrime\src\algorithms\scheduler.py", line 223, in _load_custom_algorithms
    spec.loader.exec_module(module)
    ~~~~~~~~~~~~~~~~~~~~~~~^^^^^^^^
  File "<frozen importlib._bootstrap_external>", line 759, in exec_module
  File "<frozen importlib._bootstrap>", line 491, in _call_with_frames_removed
  File "C:\Users\Administrator\Desktop\new hope\code\NeuroPrime\custom_algorithms\mnefunctionalconnectivityalgorithm.py", line 60, in <module>
    import mne
ModuleNotFoundError: No module named 'mne'

[15:26:20.121] [INFO] [Scheduler] Loading custom algorithm from: C:\Users\Administrator\Desktop\new hope\code\NeuroPrime\custom_algorithms\mneicaalgorithm.py
[15:26:20.124] [ERROR] [Scheduler] Error loading custom algorithm from C:\Users\Administrator\Desktop\new hope\code\NeuroPrime\custom_algorithms\mneicaalgorithm.py: No module named 'mne'
[15:26:20.125] [ERROR] [Scheduler] Traceback: Traceback (most recent call last):
  File "C:\Users\Administrator\Desktop\new hope\code\NeuroPrime\src\algorithms\scheduler.py", line 223, in _load_custom_algorithms
    spec.loader.exec_module(module)
    ~~~~~~~~~~~~~~~~~~~~~~~^^^^^^^^
  File "<frozen importlib._bootstrap_external>", line 759, in exec_module
  File "<frozen importlib._bootstrap>", line 491, in _call_with_frames_removed
  File "C:\Users\Administrator\Desktop\new hope\code\NeuroPrime\custom_algorithms\mneicaalgorithm.py", line 57, in <module>
    import mne
ModuleNotFoundError: No module named 'mne'

[15:26:20.125] [INFO] [Scheduler] Loading custom algorithm from: C:\Users\Administrator\Desktop\new hope\code\NeuroPrime\custom_algorithms\mneicaartifactremovalalgorithm.py
[15:26:20.129] [ERROR] [Scheduler] Error loading custom algorithm from C:\Users\Administrator\Desktop\new hope\code\NeuroPrime\custom_algorithms\mneicaartifactremovalalgorithm.py: No module named 'mne'
[15:26:20.130] [ERROR] [Scheduler] Traceback: Traceback (most recent call last):
  File "C:\Users\Administrator\Desktop\new hope\code\NeuroPrime\src\algorithms\scheduler.py", line 223, in _load_custom_algorithms
    spec.loader.exec_module(module)
    ~~~~~~~~~~~~~~~~~~~~~~~^^^^^^^^
  File "<frozen importlib._bootstrap_external>", line 759, in exec_module
  File "<frozen importlib._bootstrap>", line 491, in _call_with_frames_removed
  File "C:\Users\Administrator\Desktop\new hope\code\NeuroPrime\custom_algorithms\mneicaartifactremovalalgorithm.py", line 60, in <module>
    import mne
ModuleNotFoundError: No module named 'mne'

[15:26:20.130] [INFO] [Scheduler] Loading custom algorithm from: C:\Users\Administrator\Desktop\new hope\code\NeuroPrime\custom_algorithms\mnepowerspectrumalgorithm.py
[15:26:20.133] [ERROR] [Scheduler] Error loading custom algorithm from C:\Users\Administrator\Desktop\new hope\code\NeuroPrime\custom_algorithms\mnepowerspectrumalgorithm.py: No module named 'mne'
[15:26:20.134] [ERROR] [Scheduler] Traceback: Traceback (most recent call last):
  File "C:\Users\Administrator\Desktop\new hope\code\NeuroPrime\src\algorithms\scheduler.py", line 223, in _load_custom_algorithms
    spec.loader.exec_module(module)
    ~~~~~~~~~~~~~~~~~~~~~~~^^^^^^^^
  File "<frozen importlib._bootstrap_external>", line 759, in exec_module
  File "<frozen importlib._bootstrap>", line 491, in _call_with_frames_removed
  File "C:\Users\Administrator\Desktop\new hope\code\NeuroPrime\custom_algorithms\mnepowerspectrumalgorithm.py", line 60, in <module>
    import mne
ModuleNotFoundError: No module named 'mne'

[15:26:20.134] [INFO] [Scheduler] Loading custom algorithm from: C:\Users\Administrator\Desktop\new hope\code\NeuroPrime\custom_algorithms\mneresamplingalgorithm.py
[15:26:20.137] [ERROR] [Scheduler] Error loading custom algorithm from C:\Users\Administrator\Desktop\new hope\code\NeuroPrime\custom_algorithms\mneresamplingalgorithm.py: No module named 'mne'
[15:26:20.137] [ERROR] [Scheduler] Traceback: Traceback (most recent call last):
  File "C:\Users\Administrator\Desktop\new hope\code\NeuroPrime\src\algorithms\scheduler.py", line 223, in _load_custom_algorithms
    spec.loader.exec_module(module)
    ~~~~~~~~~~~~~~~~~~~~~~~^^^^^^^^
  File "<frozen importlib._bootstrap_external>", line 759, in exec_module
  File "<frozen importlib._bootstrap>", line 491, in _call_with_frames_removed
  File "C:\Users\Administrator\Desktop\new hope\code\NeuroPrime\custom_algorithms\mneresamplingalgorithm.py", line 59, in <module>
    import mne
ModuleNotFoundError: No module named 'mne'

[15:26:20.137] [INFO] [Scheduler] Loading custom algorithm from: C:\Users\Administrator\Desktop\new hope\code\NeuroPrime\custom_algorithms\mnesourcelocalizationalgorithm.py
[15:26:20.140] [ERROR] [Scheduler] Error loading custom algorithm from C:\Users\Administrator\Desktop\new hope\code\NeuroPrime\custom_algorithms\mnesourcelocalizationalgorithm.py: No module named 'mne'
[15:26:20.141] [ERROR] [Scheduler] Traceback: Traceback (most recent call last):
  File "C:\Users\Administrator\Desktop\new hope\code\NeuroPrime\src\algorithms\scheduler.py", line 223, in _load_custom_algorithms
    spec.loader.exec_module(module)
    ~~~~~~~~~~~~~~~~~~~~~~~^^^^^^^^
  File "<frozen importlib._bootstrap_external>", line 759, in exec_module
  File "<frozen importlib._bootstrap>", line 491, in _call_with_frames_removed
  File "C:\Users\Administrator\Desktop\new hope\code\NeuroPrime\custom_algorithms\mnesourcelocalizationalgorithm.py", line 57, in <module>
    import mne
ModuleNotFoundError: No module named 'mne'

[15:26:20.141] [INFO] [Scheduler] Loading custom algorithm from: C:\Users\Administrator\Desktop\new hope\code\NeuroPrime\custom_algorithms\mnespectralconnectivityalgorithm.py
[15:26:20.146] [ERROR] [Scheduler] Error loading custom algorithm from C:\Users\Administrator\Desktop\new hope\code\NeuroPrime\custom_algorithms\mnespectralconnectivityalgorithm.py: No module named 'mne'
[15:26:20.147] [ERROR] [Scheduler] Traceback: Traceback (most recent call last):
  File "C:\Users\Administrator\Desktop\new hope\code\NeuroPrime\src\algorithms\scheduler.py", line 223, in _load_custom_algorithms
    spec.loader.exec_module(module)
    ~~~~~~~~~~~~~~~~~~~~~~~^^^^^^^^
  File "<frozen importlib._bootstrap_external>", line 759, in exec_module
  File "<frozen importlib._bootstrap>", line 491, in _call_with_frames_removed
  File "C:\Users\Administrator\Desktop\new hope\code\NeuroPrime\custom_algorithms\mnespectralconnectivityalgorithm.py", line 89, in <module>
    import mne
ModuleNotFoundError: No module named 'mne'

[15:26:20.147] [INFO] [Scheduler] Loading custom algorithm from: C:\Users\Administrator\Desktop\new hope\code\NeuroPrime\custom_algorithms\mnetimefrequencyalgorithm.py
[15:26:20.151] [ERROR] [Scheduler] Error loading custom algorithm from C:\Users\Administrator\Desktop\new hope\code\NeuroPrime\custom_algorithms\mnetimefrequencyalgorithm.py: No module named 'mne'
[15:26:20.152] [ERROR] [Scheduler] Traceback: Traceback (most recent call last):
  File "C:\Users\Administrator\Desktop\new hope\code\NeuroPrime\src\algorithms\scheduler.py", line 223, in _load_custom_algorithms
    spec.loader.exec_module(module)
    ~~~~~~~~~~~~~~~~~~~~~~~^^^^^^^^
  File "<frozen importlib._bootstrap_external>", line 759, in exec_module
  File "<frozen importlib._bootstrap>", line 491, in _call_with_frames_removed
  File "C:\Users\Administrator\Desktop\new hope\code\NeuroPrime\custom_algorithms\mnetimefrequencyalgorithm.py", line 59, in <module>
    import mne
ModuleNotFoundError: No module named 'mne'

[15:26:20.152] [INFO] [Scheduler] Loading custom algorithm from: C:\Users\Administrator\Desktop\new hope\code\NeuroPrime\custom_algorithms\testscriptalgorithm.py
[15:26:20.154] [INFO] [Scheduler] Loaded custom algorithm from ALGORITHM_INFO: TestScriptAlgorithm
[15:26:20.154] [ERROR] [Scheduler] Error loading custom algorithm from C:\Users\Administrator\Desktop\new hope\code\NeuroPrime\custom_algorithms\testscriptalgorithm.py: cannot access local variable 'found' where it is not associated with a value
[15:26:20.154] [ERROR] [Scheduler] Traceback: Traceback (most recent call last):
  File "C:\Users\Administrator\Desktop\new hope\code\NeuroPrime\src\algorithms\scheduler.py", line 260, in _load_custom_algorithms
    if not found:
           ^^^^^
UnboundLocalError: cannot access local variable 'found' where it is not associated with a value

[15:26:20.154] [INFO] [Scheduler] Loading custom algorithm from: C:\Users\Administrator\Desktop\new hope\code\NeuroPrime\custom_algorithms\viewlfpdata.py
[15:26:20.156] [INFO] [Scheduler] Loaded custom algorithm from ALGORITHM_INFO: ViewLFPData
[15:26:20.156] [ERROR] [Scheduler] Error loading custom algorithm from C:\Users\Administrator\Desktop\new hope\code\NeuroPrime\custom_algorithms\viewlfpdata.py: cannot access local variable 'found' where it is not associated with a value
[15:26:20.156] [ERROR] [Scheduler] Traceback: Traceback (most recent call last):
  File "C:\Users\Administrator\Desktop\new hope\code\NeuroPrime\src\algorithms\scheduler.py", line 260, in _load_custom_algorithms
    if not found:
           ^^^^^
UnboundLocalError: cannot access local variable 'found' where it is not associated with a value

[15:26:20.156] [INFO] [Scheduler] Loading custom algorithm from: C:\Users\Administrator\Desktop\new hope\code\NeuroPrime\custom_algorithms\view_raw_lfp_data.py
[15:26:20.158] [INFO] [Scheduler] Loaded custom algorithm from ALGORITHM_INFO: ViewRawLFPData
[15:26:20.159] [ERROR] [Scheduler] Error loading custom algorithm from C:\Users\Administrator\Desktop\new hope\code\NeuroPrime\custom_algorithms\view_raw_lfp_data.py: cannot access local variable 'found' where it is not associated with a value
[15:26:20.159] [ERROR] [Scheduler] Traceback: Traceback (most recent call last):
  File "C:\Users\Administrator\Desktop\new hope\code\NeuroPrime\src\algorithms\scheduler.py", line 260, in _load_custom_algorithms
    if not found:
           ^^^^^
UnboundLocalError: cannot access local variable 'found' where it is not associated with a value

