[23:05:13.728] [INFO] ============================================================
[23:05:13.728] [INFO] NeuroPrime 调试日志
[23:05:13.728] [INFO] 启动时间: 2026-04-13 23:05:13
[23:05:13.728] [INFO] Python版本: 3.10.10 (tags/v3.10.10:aad5f6a, Feb  7 2023, 17:20:36) [MSC v.1929 64 bit (AMD64)]
[23:05:13.728] [INFO] 日志文件: c:\Users\buaal\Desktop\NeuroPrime\logs\debug_20260413_230513.log
[23:05:13.728] [INFO] ============================================================
[23:05:14.756] [INFO] [Scheduler] NEUROPRIME_ROOT = c:\Users\buaal\Desktop\NeuroPrime
[23:05:14.756] [INFO] [Scheduler] Looking for custom algorithms in: c:\Users\buaal\Desktop\NeuroPrime\custom_algorithms
[23:05:14.756] [INFO] [Scheduler] Current working directory: c:\Users\buaal\Desktop\NeuroPrime
[23:05:14.756] [INFO] [Scheduler] Script directory: c:\Users\buaal\Desktop\NeuroPrime\src\algorithms
[23:05:14.756] [INFO] [Scheduler] Custom algorithms directory exists: c:\Users\buaal\Desktop\NeuroPrime\custom_algorithms
[23:05:14.756] [INFO] [Scheduler] Found 2 Python files: ['view_raw_lfp_data.py', '__init__.py']
[23:05:14.756] [INFO] [Scheduler] Loading custom algorithm from: c:\Users\buaal\Desktop\NeuroPrime\custom_algorithms\view_raw_lfp_data.py
[23:05:14.760] [INFO] [Scheduler] Loaded custom algorithm from ALGORITHM_INFO: ViewRawLFPData
[23:05:14.760] [INFO] [Scheduler] Searching for algorithm classes in c:\Users\buaal\Desktop\NeuroPrime\custom_algorithms\view_raw_lfp_data.py...
[23:05:14.760] [INFO] [Scheduler] Loaded custom algorithm: ViewRawLFPData
[23:05:30.582] [INFO] add_data_item 被调用
[23:05:30.582] [DEBUG] data_item_type = <class 'dict'> (type: type)
[23:05:31.490] [INFO] add_data_item 被调用
[23:05:31.490] [DEBUG] data_item_type = <class 'dict'> (type: type)
[23:05:37.628] [INFO] ============================================================
[23:05:37.628] [INFO] _on_run_clicked 被调用
[23:05:37.628] [INFO] _get_selected_data_items 被调用
[23:05:37.628] [DEBUG] selected_data_items_len = 2 (type: int)
[23:05:37.628] [DEBUG] selected_data_items_0_type = <class 'dict'> (type: type)
[23:05:37.628] [DEBUG] selected_data_items_1_type = <class 'dict'> (type: type)
[23:05:37.628] [INFO] 返回 2 个有效数据项
[23:05:37.628] [DEBUG] selected_data_type = <class 'list'> (type: type)
[23:05:37.628] [DEBUG] selected_data_len = 2 (type: int)
[23:05:37.628] [DEBUG] item_0_type = <class 'dict'> (type: type)
[23:05:37.628] [INFO] item[0] keys: ['id', 'display_name', 'trial_name', 'data_type', 'description', 'time_range']
[23:05:37.628] [DEBUG] item_1_type = <class 'dict'> (type: type)
[23:05:37.628] [INFO] item[1] keys: ['id', 'display_name', 'trial_name', 'data_type', 'description', 'time_range']
[23:05:37.628] [DEBUG] parameters_keys = ['pre_time', 'post_time', 'positive_class'] (type: list)
[23:05:37.628] [DEBUG] algorithm_name = ROCAnalysis (type: str)
[23:05:37.628] [DEBUG] current_algorithm = ROCAnalysis (type: str)
[23:05:37.628] [INFO] 发送请求: algorithm=ROCAnalysis, data_items数量=2
[23:05:37.628] [INFO] ============================================================
[23:05:37.628] [INFO] _on_run_analysis 被调用
[23:05:37.628] [DEBUG] params_type = <class 'dict'> (type: type)
[23:05:37.628] [DEBUG] algorithm_name = ROCAnalysis (type: str)
[23:05:37.628] [DEBUG] data_items_type = <class 'list'> (type: type)
[23:05:37.628] [DEBUG] data_items_len = 2 (type: int)
[23:05:37.628] [DEBUG] parameters_type = <class 'dict'> (type: type)
[23:05:37.628] [DEBUG] time_alignment_type = <class 'NoneType'> (type: type)
[23:05:37.628] [INFO] data_items[0] type: <class 'dict'>
[23:05:37.628] [INFO] data_items[0] keys: ['id', 'display_name', 'trial_name', 'data_type', 'description', 'time_range']
[23:05:37.628] [INFO] ============================================================
[23:05:37.628] [INFO] _run_analysis_async 被调用
[23:05:37.628] [DEBUG] algorithm_name = ROCAnalysis (type: str)
[23:05:37.628] [DEBUG] data_items_type = <class 'list'> (type: type)
[23:05:37.628] [DEBUG] data_items_len = 2 (type: int)
[23:05:37.628] [DEBUG] parameters_keys = ['pre_time', 'post_time', 'positive_class'] (type: list)
[23:05:37.628] [INFO] data_items[0] type: <class 'dict'>
[23:05:37.628] [INFO] data_items[0] keys: ['id', 'display_name', 'trial_name', 'data_type', 'description', 'time_range']
