[21:42:44.419] [INFO] ============================================================
[21:42:44.419] [INFO] NeuroPrime 调试日志
[21:42:44.419] [INFO] 启动时间: 2026-04-12 21:42:44
[21:42:44.419] [INFO] Python版本: 3.10.10 (tags/v3.10.10:aad5f6a, Feb  7 2023, 17:20:36) [MSC v.1929 64 bit (AMD64)]
[21:42:44.419] [INFO] 日志文件: c:\Users\buaal\Desktop\NeuroPrime\logs\debug_20260412_214244.log
[21:42:44.419] [INFO] ============================================================
[21:42:46.435] [INFO] [Scheduler] NEUROPRIME_ROOT = c:\Users\buaal\Desktop\NeuroPrime
[21:42:46.437] [INFO] [Scheduler] Looking for custom algorithms in: c:\Users\buaal\Desktop\NeuroPrime\custom_algorithms
[21:42:46.437] [INFO] [Scheduler] Current working directory: c:\Users\buaal\Desktop\NeuroPrime
[21:42:46.437] [INFO] [Scheduler] Script directory: c:\Users\buaal\Desktop\NeuroPrime\src\algorithms
[21:42:46.437] [INFO] [Scheduler] Custom algorithms directory exists: c:\Users\buaal\Desktop\NeuroPrime\custom_algorithms
[21:42:46.438] [INFO] [Scheduler] Found 2 Python files: ['view_raw_lfp_data.py', '__init__.py']
[21:42:46.438] [INFO] [Scheduler] Loading custom algorithm from: c:\Users\buaal\Desktop\NeuroPrime\custom_algorithms\view_raw_lfp_data.py
[21:42:46.445] [INFO] [Scheduler] Loaded custom algorithm from ALGORITHM_INFO: ViewRawLFPData
[21:42:46.445] [INFO] [Scheduler] Searching for algorithm classes in c:\Users\buaal\Desktop\NeuroPrime\custom_algorithms\view_raw_lfp_data.py...
[21:42:46.445] [INFO] [Scheduler] Loaded custom algorithm: ViewRawLFPData
[21:42:59.070] [INFO] add_data_item 被调用
[21:42:59.070] [DEBUG] data_item_type = <class 'dict'> (type: type)
[21:43:05.375] [INFO] ============================================================
[21:43:05.375] [INFO] _on_run_clicked 被调用
[21:43:05.375] [INFO] _get_selected_data_items 被调用
[21:43:05.375] [DEBUG] selected_data_items_len = 1 (type: int)
[21:43:05.375] [DEBUG] selected_data_items_0_type = <class 'dict'> (type: type)
[21:43:05.375] [INFO] 返回 1 个有效数据项
[21:43:05.375] [DEBUG] selected_data_type = <class 'list'> (type: type)
[21:43:05.375] [DEBUG] selected_data_len = 1 (type: int)
[21:43:05.375] [DEBUG] item_0_type = <class 'dict'> (type: type)
[21:43:05.375] [INFO] item[0] keys: ['id', 'display_name', 'trial_name', 'data_type', 'description', 'time_range']
[21:43:05.375] [DEBUG] parameters_keys = ['pre_time', 'post_time', 'bin_size', 'smoothing_sigma', 'event_type'] (type: list)
[21:43:05.375] [DEBUG] algorithm_name = PSTHAnalysis (type: str)
[21:43:05.375] [DEBUG] current_algorithm = PSTHAnalysis (type: str)
[21:43:05.375] [INFO] 发送请求: algorithm=PSTHAnalysis, data_items数量=1
[21:43:05.375] [INFO] ============================================================
[21:43:05.375] [INFO] _on_run_analysis 被调用
[21:43:05.375] [DEBUG] params_type = <class 'dict'> (type: type)
[21:43:05.375] [DEBUG] algorithm_name = PSTHAnalysis (type: str)
[21:43:05.375] [DEBUG] data_items_type = <class 'list'> (type: type)
[21:43:05.375] [DEBUG] data_items_len = 1 (type: int)
[21:43:05.375] [DEBUG] parameters_type = <class 'dict'> (type: type)
[21:43:05.375] [DEBUG] time_alignment_type = <class 'NoneType'> (type: type)
[21:43:05.375] [INFO] data_items[0] type: <class 'dict'>
[21:43:05.375] [INFO] data_items[0] keys: ['id', 'display_name', 'trial_name', 'data_type', 'description', 'time_range']
[21:43:05.375] [INFO] ============================================================
[21:43:05.375] [INFO] _run_analysis_async 被调用
[21:43:05.375] [DEBUG] algorithm_name = PSTHAnalysis (type: str)
[21:43:05.375] [DEBUG] data_items_type = <class 'list'> (type: type)
[21:43:05.375] [DEBUG] data_items_len = 1 (type: int)
[21:43:05.375] [DEBUG] parameters_keys = ['pre_time', 'post_time', 'bin_size', 'smoothing_sigma', 'event_type'] (type: list)
[21:43:05.375] [INFO] data_items[0] type: <class 'dict'>
[21:43:05.375] [INFO] data_items[0] keys: ['id', 'display_name', 'trial_name', 'data_type', 'description', 'time_range']
