[21:14:15.726] [INFO] ============================================================
[21:14:15.727] [INFO] NeuroPrime 调试日志
[21:14:15.727] [INFO] 启动时间: 2026-04-12 21:14:15
[21:14:15.727] [INFO] Python版本: 3.10.10 (tags/v3.10.10:aad5f6a, Feb  7 2023, 17:20:36) [MSC v.1929 64 bit (AMD64)]
[21:14:15.727] [INFO] 日志文件: c:\Users\buaal\Desktop\NeuroPrime\logs\debug_20260412_211415.log
[21:14:15.728] [INFO] ============================================================
[21:14:17.914] [INFO] [Scheduler] NEUROPRIME_ROOT = c:\Users\buaal\Desktop\NeuroPrime
[21:14:17.914] [INFO] [Scheduler] Looking for custom algorithms in: c:\Users\buaal\Desktop\NeuroPrime\custom_algorithms
[21:14:17.914] [INFO] [Scheduler] Current working directory: c:\Users\buaal\Desktop\NeuroPrime
[21:14:17.914] [INFO] [Scheduler] Script directory: c:\Users\buaal\Desktop\NeuroPrime\src\algorithms
[21:14:17.914] [INFO] [Scheduler] Custom algorithms directory exists: c:\Users\buaal\Desktop\NeuroPrime\custom_algorithms
[21:14:17.914] [INFO] [Scheduler] Found 2 Python files: ['view_raw_lfp_data.py', '__init__.py']
[21:14:17.914] [INFO] [Scheduler] Loading custom algorithm from: c:\Users\buaal\Desktop\NeuroPrime\custom_algorithms\view_raw_lfp_data.py
[21:14:17.928] [INFO] [Scheduler] Loaded custom algorithm from ALGORITHM_INFO: ViewRawLFPData
[21:14:17.928] [INFO] [Scheduler] Searching for algorithm classes in c:\Users\buaal\Desktop\NeuroPrime\custom_algorithms\view_raw_lfp_data.py...
[21:14:17.928] [INFO] [Scheduler] Loaded custom algorithm: BaseAlgorithm
[21:14:48.394] [INFO] ============================================================
[21:14:48.394] [INFO] _populate_custom_algorithms started
[21:14:48.394] [INFO] Attempting to reload custom algorithms...
[21:14:48.394] [INFO] [Scheduler] NEUROPRIME_ROOT = c:\Users\buaal\Desktop\NeuroPrime
[21:14:48.394] [INFO] [Scheduler] Looking for custom algorithms in: c:\Users\buaal\Desktop\NeuroPrime\custom_algorithms
[21:14:48.394] [INFO] [Scheduler] Current working directory: c:\Users\buaal\Desktop\NeuroPrime
[21:14:48.394] [INFO] [Scheduler] Script directory: c:\Users\buaal\Desktop\NeuroPrime\src\algorithms
[21:14:48.394] [INFO] [Scheduler] Custom algorithms directory exists: c:\Users\buaal\Desktop\NeuroPrime\custom_algorithms
[21:14:48.397] [INFO] [Scheduler] Found 2 Python files: ['view_raw_lfp_data.py', '__init__.py']
[21:14:48.397] [INFO] [Scheduler] Loading custom algorithm from: c:\Users\buaal\Desktop\NeuroPrime\custom_algorithms\view_raw_lfp_data.py
[21:14:48.398] [INFO] [Scheduler] Loaded custom algorithm from ALGORITHM_INFO: ViewRawLFPData
[21:14:48.398] [INFO] [Scheduler] Searching for algorithm classes in c:\Users\buaal\Desktop\NeuroPrime\custom_algorithms\view_raw_lfp_data.py...
[21:14:48.398] [INFO] [Scheduler] Loaded custom algorithm: BaseAlgorithm
[21:14:48.398] [INFO] Custom algorithms reload completed
[21:14:48.398] [INFO] Total algorithms available: 9
[21:14:48.398] [INFO] Algorithm list: ['SpikeDetectionThreshold:Spike', 'SpikeSortingPCA:Spike', 'LFPPowerSpectrum:LFP', 'LFPSpectrogram:LFP', 'PSTHAnalysis:Behavior', 'RasterPlotAnalysis:Behavior', 'TuningCurveAnalysis:Behavior', 'LDADecoder:Decoding', 'ViewRawLFPData:自定义算法']
[21:14:48.398] [INFO] Added custom algorithm: ViewRawLFPData (category: 自定义算法)
[21:14:48.398] [INFO] Total custom algorithms added: 1
[21:14:48.398] [INFO] ============================================================
[21:15:00.688] [INFO] add_data_item 被调用
[21:15:00.688] [DEBUG] data_item_type = <class 'dict'> (type: type)
[21:15:07.868] [INFO] ============================================================
[21:15:07.868] [INFO] _on_run_clicked 被调用
[21:15:07.868] [INFO] _get_selected_data_items 被调用
[21:15:07.868] [DEBUG] selected_data_items_len = 1 (type: int)
[21:15:07.868] [DEBUG] selected_data_items_0_type = <class 'dict'> (type: type)
[21:15:07.868] [INFO] 返回 1 个有效数据项
[21:15:07.868] [DEBUG] selected_data_type = <class 'list'> (type: type)
[21:15:07.868] [DEBUG] selected_data_len = 1 (type: int)
[21:15:07.869] [DEBUG] item_0_type = <class 'dict'> (type: type)
[21:15:07.869] [INFO] item[0] keys: ['id', 'display_name', 'trial_name', 'data_type', 'description', 'time_range']
[21:15:07.869] [INFO] 自定义算法使用默认参数: {}
[21:15:07.869] [DEBUG] parameters_keys = [] (type: list)
[21:15:07.869] [DEBUG] algorithm_name = ViewRawLFPData (type: str)
[21:15:07.869] [DEBUG] current_algorithm = ViewRawLFPData (type: str)
[21:15:07.869] [INFO] 发送请求: algorithm=ViewRawLFPData, data_items数量=1
[21:15:07.869] [INFO] ============================================================
[21:15:07.869] [INFO] _on_run_analysis 被调用
[21:15:07.869] [DEBUG] params_type = <class 'dict'> (type: type)
[21:15:07.869] [DEBUG] algorithm_name = ViewRawLFPData (type: str)
[21:15:07.869] [DEBUG] data_items_type = <class 'list'> (type: type)
[21:15:07.869] [DEBUG] data_items_len = 1 (type: int)
[21:15:07.869] [DEBUG] parameters_type = <class 'dict'> (type: type)
[21:15:07.869] [DEBUG] time_alignment_type = <class 'NoneType'> (type: type)
[21:15:07.869] [INFO] data_items[0] type: <class 'dict'>
[21:15:07.869] [INFO] data_items[0] keys: ['id', 'display_name', 'trial_name', 'data_type', 'description', 'time_range']
[21:15:07.869] [INFO] ============================================================
[21:15:07.869] [INFO] _run_analysis_async 被调用
[21:15:07.869] [DEBUG] algorithm_name = ViewRawLFPData (type: str)
[21:15:07.869] [DEBUG] data_items_type = <class 'list'> (type: type)
[21:15:07.869] [DEBUG] data_items_len = 1 (type: int)
[21:15:07.869] [DEBUG] parameters_keys = [] (type: list)
[21:15:07.869] [INFO] data_items[0] type: <class 'dict'>
[21:15:07.869] [INFO] data_items[0] keys: ['id', 'display_name', 'trial_name', 'data_type', 'description', 'time_range']
