[18:52:05.856] [INFO] ============================================================
[18:52:05.856] [INFO] NeuroPrime 调试日志
[18:52:05.856] [INFO] 启动时间: 2026-04-15 18:52:05
[18:52:05.856] [INFO] Python版本: 3.10.10 (tags/v3.10.10:aad5f6a, Feb  7 2023, 17:20:36) [MSC v.1929 64 bit (AMD64)]
[18:52:05.856] [INFO] 日志文件: c:\Users\buaal\Desktop\NeuroPrime\logs\debug_20260415_185205.log
[18:52:05.856] [INFO] ============================================================
[18:52:07.200] [INFO] [Scheduler] NEUROPRIME_ROOT = c:\Users\buaal\Desktop\NeuroPrime
[18:52:07.201] [INFO] [Scheduler] Looking for custom algorithms in: c:\Users\buaal\Desktop\NeuroPrime\custom_algorithms
[18:52:07.201] [INFO] [Scheduler] Current working directory: c:\Users\buaal\Desktop\NeuroPrime
[18:52:07.201] [INFO] [Scheduler] Script directory: c:\Users\buaal\Desktop\NeuroPrime\src\algorithms
[18:52:07.201] [INFO] [Scheduler] Custom algorithms directory exists: c:\Users\buaal\Desktop\NeuroPrime\custom_algorithms
[18:52:07.201] [INFO] [Scheduler] Found 11 Python files: ['aaaa.py', 'customalgorithm.py', 'customalgorithmnew.py', 'customalgorithmtest.py', 'new.py', 'newnew.py', 'newnewnew.py', 'newnewnewnewnewn.py', 'testscriptalgorithm.py', 'view_raw_lfp_data.py', '__init__.py']
[18:52:07.201] [INFO] [Scheduler] Loading custom algorithm from: c:\Users\buaal\Desktop\NeuroPrime\custom_algorithms\aaaa.py
[18:52:07.506] [INFO] [Scheduler] Loaded custom algorithm from ALGORITHM_INFO: aaaa
[18:52:07.506] [INFO] [Scheduler] Searching for algorithm classes in c:\Users\buaal\Desktop\NeuroPrime\custom_algorithms\aaaa.py...
[18:52:07.506] [INFO] [Scheduler] Loaded custom algorithm: CustomAlgorithm
[18:52:07.506] [INFO] [Scheduler] Loading custom algorithm from: c:\Users\buaal\Desktop\NeuroPrime\custom_algorithms\customalgorithm.py
[18:52:07.506] [INFO] [Scheduler] Loaded custom algorithm from ALGORITHM_INFO: CustomAlgorithm
[18:52:07.506] [INFO] [Scheduler] Searching for algorithm classes in c:\Users\buaal\Desktop\NeuroPrime\custom_algorithms\customalgorithm.py...
[18:52:07.506] [INFO] [Scheduler] Loaded custom algorithm: CustomAlgorithm
[18:52:07.506] [INFO] [Scheduler] Loading custom algorithm from: c:\Users\buaal\Desktop\NeuroPrime\custom_algorithms\customalgorithmnew.py
[18:52:07.508] [INFO] [Scheduler] Loaded custom algorithm from ALGORITHM_INFO: CustomAlgorithmNew
[18:52:07.508] [INFO] [Scheduler] Searching for algorithm classes in c:\Users\buaal\Desktop\NeuroPrime\custom_algorithms\customalgorithmnew.py...
[18:52:07.508] [INFO] [Scheduler] Loaded custom algorithm: CustomAlgorithm
[18:52:07.508] [INFO] [Scheduler] Loading custom algorithm from: c:\Users\buaal\Desktop\NeuroPrime\custom_algorithms\customalgorithmtest.py
[18:52:07.508] [INFO] [Scheduler] Loaded custom algorithm from ALGORITHM_INFO: CustomAlgorithmTest
[18:52:07.508] [INFO] [Scheduler] Searching for algorithm classes in c:\Users\buaal\Desktop\NeuroPrime\custom_algorithms\customalgorithmtest.py...
[18:52:07.508] [INFO] [Scheduler] Loaded custom algorithm: CustomAlgorithm
[18:52:07.508] [INFO] [Scheduler] Loading custom algorithm from: c:\Users\buaal\Desktop\NeuroPrime\custom_algorithms\new.py
[18:52:07.508] [INFO] [Scheduler] Loaded custom algorithm from ALGORITHM_INFO: New
[18:52:07.508] [INFO] [Scheduler] Searching for algorithm classes in c:\Users\buaal\Desktop\NeuroPrime\custom_algorithms\new.py...
[18:52:07.508] [INFO] [Scheduler] Loaded custom algorithm: CustomAlgorithm
[18:52:07.508] [INFO] [Scheduler] Loading custom algorithm from: c:\Users\buaal\Desktop\NeuroPrime\custom_algorithms\newnew.py
[18:52:07.509] [INFO] [Scheduler] Loaded custom algorithm from ALGORITHM_INFO: newnew
[18:52:07.509] [INFO] [Scheduler] Searching for algorithm classes in c:\Users\buaal\Desktop\NeuroPrime\custom_algorithms\newnew.py...
[18:52:07.509] [INFO] [Scheduler] Loaded custom algorithm: CustomAlgorithm
[18:52:07.509] [INFO] [Scheduler] Loading custom algorithm from: c:\Users\buaal\Desktop\NeuroPrime\custom_algorithms\newnewnew.py
[18:52:07.509] [INFO] [Scheduler] Loaded custom algorithm from ALGORITHM_INFO: newnewnew
[18:52:07.509] [INFO] [Scheduler] Searching for algorithm classes in c:\Users\buaal\Desktop\NeuroPrime\custom_algorithms\newnewnew.py...
[18:52:07.509] [INFO] [Scheduler] Loaded custom algorithm: CustomAlgorithm
[18:52:07.509] [INFO] [Scheduler] Loading custom algorithm from: c:\Users\buaal\Desktop\NeuroPrime\custom_algorithms\newnewnewnewnewn.py
[18:52:07.509] [INFO] [Scheduler] Loaded custom algorithm from ALGORITHM_INFO: newnewnewnewnewn
[18:52:07.509] [INFO] [Scheduler] Searching for algorithm classes in c:\Users\buaal\Desktop\NeuroPrime\custom_algorithms\newnewnewnewnewn.py...
[18:52:07.509] [INFO] [Scheduler] Loaded custom algorithm: CustomAlgorithm
[18:52:07.509] [INFO] [Scheduler] Loading custom algorithm from: c:\Users\buaal\Desktop\NeuroPrime\custom_algorithms\testscriptalgorithm.py
[18:52:07.509] [INFO] [Scheduler] Loaded custom algorithm from ALGORITHM_INFO: TestScriptAlgorithm
[18:52:07.509] [INFO] [Scheduler] Searching for algorithm classes in c:\Users\buaal\Desktop\NeuroPrime\custom_algorithms\testscriptalgorithm.py...
[18:52:07.509] [INFO] [Scheduler] Loaded custom algorithm: CustomAlgorithm
[18:52:07.509] [INFO] [Scheduler] Loading custom algorithm from: c:\Users\buaal\Desktop\NeuroPrime\custom_algorithms\view_raw_lfp_data.py
[18:52:07.511] [INFO] [Scheduler] Loaded custom algorithm from ALGORITHM_INFO: ViewRawLFPData
[18:52:07.511] [INFO] [Scheduler] Searching for algorithm classes in c:\Users\buaal\Desktop\NeuroPrime\custom_algorithms\view_raw_lfp_data.py...
[18:52:07.511] [INFO] [Scheduler] Loaded custom algorithm: ViewRawLFPData
[18:52:20.488] [INFO] ============================================================
[18:52:20.488] [INFO] _populate_custom_algorithms started
[18:52:20.488] [INFO] Attempting to reload custom algorithms...
[18:52:20.488] [INFO] [Scheduler] NEUROPRIME_ROOT = c:\Users\buaal\Desktop\NeuroPrime
[18:52:20.488] [INFO] [Scheduler] Looking for custom algorithms in: c:\Users\buaal\Desktop\NeuroPrime\custom_algorithms
[18:52:20.488] [INFO] [Scheduler] Current working directory: c:\Users\buaal\Desktop\NeuroPrime
[18:52:20.488] [INFO] [Scheduler] Script directory: c:\Users\buaal\Desktop\NeuroPrime\src\algorithms
[18:52:20.489] [INFO] [Scheduler] Custom algorithms directory exists: c:\Users\buaal\Desktop\NeuroPrime\custom_algorithms
[18:52:20.489] [INFO] [Scheduler] Found 11 Python files: ['aaaa.py', 'customalgorithm.py', 'customalgorithmnew.py', 'customalgorithmtest.py', 'new.py', 'newnew.py', 'newnewnew.py', 'newnewnewnewnewn.py', 'testscriptalgorithm.py', 'view_raw_lfp_data.py', '__init__.py']
[18:52:20.489] [INFO] [Scheduler] Loading custom algorithm from: c:\Users\buaal\Desktop\NeuroPrime\custom_algorithms\aaaa.py
[18:52:20.489] [INFO] [Scheduler] Loaded custom algorithm from ALGORITHM_INFO: aaaa
[18:52:20.489] [INFO] [Scheduler] Searching for algorithm classes in c:\Users\buaal\Desktop\NeuroPrime\custom_algorithms\aaaa.py...
[18:52:20.489] [INFO] [Scheduler] Loaded custom algorithm: CustomAlgorithm
[18:52:20.489] [INFO] [Scheduler] Loading custom algorithm from: c:\Users\buaal\Desktop\NeuroPrime\custom_algorithms\customalgorithm.py
[18:52:20.490] [INFO] [Scheduler] Loaded custom algorithm from ALGORITHM_INFO: CustomAlgorithm
[18:52:20.490] [INFO] [Scheduler] Searching for algorithm classes in c:\Users\buaal\Desktop\NeuroPrime\custom_algorithms\customalgorithm.py...
[18:52:20.490] [INFO] [Scheduler] Loaded custom algorithm: CustomAlgorithm
[18:52:20.490] [INFO] [Scheduler] Loading custom algorithm from: c:\Users\buaal\Desktop\NeuroPrime\custom_algorithms\customalgorithmnew.py
[18:52:20.490] [INFO] [Scheduler] Loaded custom algorithm from ALGORITHM_INFO: CustomAlgorithmNew
[18:52:20.490] [INFO] [Scheduler] Searching for algorithm classes in c:\Users\buaal\Desktop\NeuroPrime\custom_algorithms\customalgorithmnew.py...
[18:52:20.490] [INFO] [Scheduler] Loaded custom algorithm: CustomAlgorithm
[18:52:20.490] [INFO] [Scheduler] Loading custom algorithm from: c:\Users\buaal\Desktop\NeuroPrime\custom_algorithms\customalgorithmtest.py
[18:52:20.491] [INFO] [Scheduler] Loaded custom algorithm from ALGORITHM_INFO: CustomAlgorithmTest
[18:52:20.491] [INFO] [Scheduler] Searching for algorithm classes in c:\Users\buaal\Desktop\NeuroPrime\custom_algorithms\customalgorithmtest.py...
[18:52:20.491] [INFO] [Scheduler] Loaded custom algorithm: CustomAlgorithm
[18:52:20.491] [INFO] [Scheduler] Loading custom algorithm from: c:\Users\buaal\Desktop\NeuroPrime\custom_algorithms\new.py
[18:52:20.491] [INFO] [Scheduler] Loaded custom algorithm from ALGORITHM_INFO: New
[18:52:20.491] [INFO] [Scheduler] Searching for algorithm classes in c:\Users\buaal\Desktop\NeuroPrime\custom_algorithms\new.py...
[18:52:20.491] [INFO] [Scheduler] Loaded custom algorithm: CustomAlgorithm
[18:52:20.491] [INFO] [Scheduler] Loading custom algorithm from: c:\Users\buaal\Desktop\NeuroPrime\custom_algorithms\newnew.py
[18:52:20.491] [INFO] [Scheduler] Loaded custom algorithm from ALGORITHM_INFO: newnew
[18:52:20.492] [INFO] [Scheduler] Searching for algorithm classes in c:\Users\buaal\Desktop\NeuroPrime\custom_algorithms\newnew.py...
[18:52:20.492] [INFO] [Scheduler] Loaded custom algorithm: CustomAlgorithm
[18:52:20.492] [INFO] [Scheduler] Loading custom algorithm from: c:\Users\buaal\Desktop\NeuroPrime\custom_algorithms\newnewnew.py
[18:52:20.492] [INFO] [Scheduler] Loaded custom algorithm from ALGORITHM_INFO: newnewnew
[18:52:20.492] [INFO] [Scheduler] Searching for algorithm classes in c:\Users\buaal\Desktop\NeuroPrime\custom_algorithms\newnewnew.py...
[18:52:20.492] [INFO] [Scheduler] Loaded custom algorithm: CustomAlgorithm
[18:52:20.492] [INFO] [Scheduler] Loading custom algorithm from: c:\Users\buaal\Desktop\NeuroPrime\custom_algorithms\newnewnewnewnewn.py
[18:52:20.492] [INFO] [Scheduler] Loaded custom algorithm from ALGORITHM_INFO: newnewnewnewnewn
[18:52:20.492] [INFO] [Scheduler] Searching for algorithm classes in c:\Users\buaal\Desktop\NeuroPrime\custom_algorithms\newnewnewnewnewn.py...
[18:52:20.492] [INFO] [Scheduler] Loaded custom algorithm: CustomAlgorithm
[18:52:20.492] [INFO] [Scheduler] Loading custom algorithm from: c:\Users\buaal\Desktop\NeuroPrime\custom_algorithms\testscriptalgorithm.py
[18:52:20.492] [INFO] [Scheduler] Loaded custom algorithm from ALGORITHM_INFO: TestScriptAlgorithm
[18:52:20.492] [INFO] [Scheduler] Searching for algorithm classes in c:\Users\buaal\Desktop\NeuroPrime\custom_algorithms\testscriptalgorithm.py...
[18:52:20.492] [INFO] [Scheduler] Loaded custom algorithm: CustomAlgorithm
[18:52:20.492] [INFO] [Scheduler] Loading custom algorithm from: c:\Users\buaal\Desktop\NeuroPrime\custom_algorithms\view_raw_lfp_data.py
[18:52:20.493] [INFO] [Scheduler] Loaded custom algorithm from ALGORITHM_INFO: ViewRawLFPData
[18:52:20.493] [INFO] [Scheduler] Searching for algorithm classes in c:\Users\buaal\Desktop\NeuroPrime\custom_algorithms\view_raw_lfp_data.py...
[18:52:20.493] [INFO] [Scheduler] Loaded custom algorithm: ViewRawLFPData
[18:52:20.493] [INFO] Custom algorithms reload completed
[18:52:20.493] [INFO] Total algorithms available: 18
[18:52:20.493] [INFO] Algorithm list: ['SpikeDetectionThreshold:Spike', 'SpikeSortingPCA:Spike', 'LFPPowerSpectrum:LFP', 'LFPSpectrogram:LFP', 'PSTHAnalysis:Behavior', 'RasterPlotAnalysis:Behavior', 'TuningCurveAnalysis:Behavior', 'ROCAnalysis:Behavior', 'LDADecoder:Decoding', 'aaaa:自定义算法', 'CustomAlgorithm:Custom', 'CustomAlgorithmNew:Custom', 'CustomAlgorithmTest:自定义算法', 'New:自定义算法', 'newnew:自定义算法', 'newnewnew:自定义算法', 'newnewnewnewnewn:自定义算法', 'ViewRawLFPData:自定义算法']
[18:52:20.493] [INFO] Added custom algorithm: aaaa (category: 自定义算法)
[18:52:20.493] [INFO] Added custom algorithm: CustomAlgorithm (category: Custom)
[18:52:20.493] [INFO] Added custom algorithm: CustomAlgorithmNew (category: Custom)
[18:52:20.494] [INFO] Added custom algorithm: CustomAlgorithmTest (category: 自定义算法)
[18:52:20.494] [INFO] Added custom algorithm: New (category: 自定义算法)
[18:52:20.494] [INFO] Added custom algorithm: newnew (category: 自定义算法)
[18:52:20.494] [INFO] Added custom algorithm: newnewnew (category: 自定义算法)
[18:52:20.494] [INFO] Added custom algorithm: newnewnewnewnewn (category: 自定义算法)
[18:52:20.494] [INFO] Added custom algorithm: ViewRawLFPData (category: 自定义算法)
[18:52:20.495] [INFO] Total custom algorithms added: 9
[18:52:20.495] [INFO] ============================================================
