[23:00:29.436] [INFO] ============================================================
[23:00:29.436] [INFO] NeuroPrime 调试日志
[23:00:29.436] [INFO] 启动时间: 2026-04-13 23:00:29
[23:00:29.436] [INFO] Python版本: 3.10.10 (tags/v3.10.10:aad5f6a, Feb  7 2023, 17:20:36) [MSC v.1929 64 bit (AMD64)]
[23:00:29.436] [INFO] 日志文件: c:\Users\buaal\Desktop\NeuroPrime\logs\debug_20260413_230029.log
[23:00:29.436] [INFO] ============================================================
[23:00:30.535] [INFO] [Scheduler] NEUROPRIME_ROOT = c:\Users\buaal\Desktop\NeuroPrime
[23:00:30.535] [INFO] [Scheduler] Looking for custom algorithms in: c:\Users\buaal\Desktop\NeuroPrime\custom_algorithms
[23:00:30.535] [INFO] [Scheduler] Current working directory: c:\Users\buaal\Desktop\NeuroPrime
[23:00:30.535] [INFO] [Scheduler] Script directory: c:\Users\buaal\Desktop\NeuroPrime\src\algorithms
[23:00:30.535] [INFO] [Scheduler] Custom algorithms directory exists: c:\Users\buaal\Desktop\NeuroPrime\custom_algorithms
[23:00:30.535] [INFO] [Scheduler] Found 2 Python files: ['view_raw_lfp_data.py', '__init__.py']
[23:00:30.535] [INFO] [Scheduler] Loading custom algorithm from: c:\Users\buaal\Desktop\NeuroPrime\custom_algorithms\view_raw_lfp_data.py
[23:00:30.541] [INFO] [Scheduler] Loaded custom algorithm from ALGORITHM_INFO: ViewRawLFPData
[23:00:30.541] [INFO] [Scheduler] Searching for algorithm classes in c:\Users\buaal\Desktop\NeuroPrime\custom_algorithms\view_raw_lfp_data.py...
[23:00:30.541] [INFO] [Scheduler] Loaded custom algorithm: ViewRawLFPData
[23:00:41.537] [INFO] add_data_item 被调用
[23:00:41.537] [DEBUG] data_item_type = <class 'dict'> (type: type)
[23:00:42.991] [INFO] add_data_item 被调用
[23:00:42.991] [DEBUG] data_item_type = <class 'dict'> (type: type)
[23:00:45.755] [INFO] add_data_item 被调用
[23:00:45.755] [DEBUG] data_item_type = <class 'dict'> (type: type)
[23:00:46.730] [INFO] add_data_item 被调用
[23:00:46.730] [DEBUG] data_item_type = <class 'dict'> (type: type)
[23:00:52.999] [INFO] ============================================================
[23:00:52.999] [INFO] _on_run_clicked 被调用
[23:00:52.999] [INFO] _get_selected_data_items 被调用
[23:00:52.999] [DEBUG] selected_data_items_len = 4 (type: int)
[23:00:52.999] [DEBUG] selected_data_items_0_type = <class 'dict'> (type: type)
[23:00:52.999] [DEBUG] selected_data_items_1_type = <class 'dict'> (type: type)
[23:00:52.999] [DEBUG] selected_data_items_2_type = <class 'dict'> (type: type)
[23:00:52.999] [DEBUG] selected_data_items_3_type = <class 'dict'> (type: type)
[23:00:52.999] [INFO] 返回 4 个有效数据项
[23:00:52.999] [DEBUG] selected_data_type = <class 'list'> (type: type)
[23:00:52.999] [DEBUG] selected_data_len = 4 (type: int)
[23:00:52.999] [DEBUG] item_0_type = <class 'dict'> (type: type)
[23:00:52.999] [INFO] item[0] keys: ['id', 'display_name', 'trial_name', 'data_type', 'description', 'time_range']
[23:00:52.999] [DEBUG] item_1_type = <class 'dict'> (type: type)
[23:00:52.999] [INFO] item[1] keys: ['id', 'display_name', 'trial_name', 'data_type', 'description', 'time_range']
[23:00:52.999] [DEBUG] item_2_type = <class 'dict'> (type: type)
[23:00:52.999] [INFO] item[2] keys: ['id', 'display_name', 'trial_name', 'data_type', 'description', 'time_range']
[23:00:52.999] [DEBUG] item_3_type = <class 'dict'> (type: type)
[23:00:52.999] [INFO] item[3] keys: ['id', 'display_name', 'trial_name', 'data_type', 'description', 'time_range']
[23:00:52.999] [DEBUG] parameters_keys = ['pre_time', 'post_time', 'positive_class'] (type: list)
[23:00:52.999] [DEBUG] algorithm_name = ROCAnalysis (type: str)
[23:00:52.999] [DEBUG] current_algorithm = ROCAnalysis (type: str)
[23:00:52.999] [INFO] 发送请求: algorithm=ROCAnalysis, data_items数量=4
[23:00:52.999] [INFO] ============================================================
[23:00:52.999] [INFO] _on_run_analysis 被调用
[23:00:52.999] [DEBUG] params_type = <class 'dict'> (type: type)
[23:00:52.999] [DEBUG] algorithm_name = ROCAnalysis (type: str)
[23:00:52.999] [DEBUG] data_items_type = <class 'list'> (type: type)
[23:00:52.999] [DEBUG] data_items_len = 4 (type: int)
[23:00:52.999] [DEBUG] parameters_type = <class 'dict'> (type: type)
[23:00:52.999] [DEBUG] time_alignment_type = <class 'NoneType'> (type: type)
[23:00:52.999] [INFO] data_items[0] type: <class 'dict'>
[23:00:52.999] [INFO] data_items[0] keys: ['id', 'display_name', 'trial_name', 'data_type', 'description', 'time_range']
[23:00:52.999] [INFO] ============================================================
[23:00:52.999] [INFO] _run_analysis_async 被调用
[23:00:52.999] [DEBUG] algorithm_name = ROCAnalysis (type: str)
[23:00:52.999] [DEBUG] data_items_type = <class 'list'> (type: type)
[23:00:52.999] [DEBUG] data_items_len = 4 (type: int)
[23:00:52.999] [DEBUG] parameters_keys = ['pre_time', 'post_time', 'positive_class'] (type: list)
[23:00:52.999] [INFO] data_items[0] type: <class 'dict'>
[23:00:52.999] [INFO] data_items[0] keys: ['id', 'display_name', 'trial_name', 'data_type', 'description', 'time_range']
[23:03:47.659] [INFO] add_data_item 被调用
[23:03:47.659] [DEBUG] data_item_type = <class 'dict'> (type: type)
[23:03:47.659] [INFO] add_data_item 被调用
[23:03:47.659] [DEBUG] data_item_type = <class 'dict'> (type: type)
[23:03:47.659] [INFO] add_data_item 被调用
[23:03:47.659] [DEBUG] data_item_type = <class 'dict'> (type: type)
[23:03:47.659] [INFO] add_data_item 被调用
[23:03:47.659] [DEBUG] data_item_type = <class 'dict'> (type: type)
[23:03:51.324] [INFO] add_data_item 被调用
[23:03:51.324] [DEBUG] data_item_type = <class 'dict'> (type: type)
[23:03:52.194] [INFO] add_data_item 被调用
[23:03:52.194] [DEBUG] data_item_type = <class 'dict'> (type: type)
[23:03:53.159] [INFO] add_data_item 被调用
[23:03:53.159] [DEBUG] data_item_type = <class 'dict'> (type: type)
[23:03:54.226] [INFO] add_data_item 被调用
[23:03:54.226] [DEBUG] data_item_type = <class 'dict'> (type: type)
[23:03:56.522] [INFO] ============================================================
[23:03:56.523] [INFO] _on_run_clicked 被调用
[23:03:56.523] [INFO] _get_selected_data_items 被调用
[23:03:56.523] [DEBUG] selected_data_items_len = 4 (type: int)
[23:03:56.523] [DEBUG] selected_data_items_0_type = <class 'dict'> (type: type)
[23:03:56.523] [DEBUG] selected_data_items_1_type = <class 'dict'> (type: type)
[23:03:56.523] [DEBUG] selected_data_items_2_type = <class 'dict'> (type: type)
[23:03:56.523] [DEBUG] selected_data_items_3_type = <class 'dict'> (type: type)
[23:03:56.523] [INFO] 返回 4 个有效数据项
[23:03:56.523] [DEBUG] selected_data_type = <class 'list'> (type: type)
[23:03:56.523] [DEBUG] selected_data_len = 4 (type: int)
[23:03:56.523] [DEBUG] item_0_type = <class 'dict'> (type: type)
[23:03:56.523] [INFO] item[0] keys: ['id', 'display_name', 'trial_name', 'data_type', 'description', 'time_range']
[23:03:56.523] [DEBUG] item_1_type = <class 'dict'> (type: type)
[23:03:56.523] [INFO] item[1] keys: ['id', 'display_name', 'trial_name', 'data_type', 'description', 'time_range']
[23:03:56.523] [DEBUG] item_2_type = <class 'dict'> (type: type)
[23:03:56.523] [INFO] item[2] keys: ['id', 'display_name', 'trial_name', 'data_type', 'description', 'time_range']
[23:03:56.523] [DEBUG] item_3_type = <class 'dict'> (type: type)
[23:03:56.523] [INFO] item[3] keys: ['id', 'display_name', 'trial_name', 'data_type', 'description', 'time_range']
[23:03:56.523] [DEBUG] parameters_keys = ['pre_time', 'post_time', 'positive_class'] (type: list)
[23:03:56.523] [DEBUG] algorithm_name = ROCAnalysis (type: str)
[23:03:56.523] [DEBUG] current_algorithm = ROCAnalysis (type: str)
[23:03:56.523] [INFO] 发送请求: algorithm=ROCAnalysis, data_items数量=4
[23:03:56.523] [INFO] ============================================================
[23:03:56.523] [INFO] _on_run_analysis 被调用
[23:03:56.523] [DEBUG] params_type = <class 'dict'> (type: type)
[23:03:56.523] [DEBUG] algorithm_name = ROCAnalysis (type: str)
[23:03:56.523] [DEBUG] data_items_type = <class 'list'> (type: type)
[23:03:56.523] [DEBUG] data_items_len = 4 (type: int)
[23:03:56.523] [DEBUG] parameters_type = <class 'dict'> (type: type)
[23:03:56.523] [DEBUG] time_alignment_type = <class 'NoneType'> (type: type)
[23:03:56.523] [INFO] data_items[0] type: <class 'dict'>
[23:03:56.523] [INFO] data_items[0] keys: ['id', 'display_name', 'trial_name', 'data_type', 'description', 'time_range']
[23:03:56.523] [INFO] ============================================================
[23:03:56.523] [INFO] _run_analysis_async 被调用
[23:03:56.523] [DEBUG] algorithm_name = ROCAnalysis (type: str)
[23:03:56.523] [DEBUG] data_items_type = <class 'list'> (type: type)
[23:03:56.523] [DEBUG] data_items_len = 4 (type: int)
[23:03:56.523] [DEBUG] parameters_keys = ['pre_time', 'post_time', 'positive_class'] (type: list)
[23:03:56.524] [INFO] data_items[0] type: <class 'dict'>
[23:03:56.524] [INFO] data_items[0] keys: ['id', 'display_name', 'trial_name', 'data_type', 'description', 'time_range']
[23:04:03.489] [INFO] add_data_item 被调用
[23:04:03.489] [DEBUG] data_item_type = <class 'dict'> (type: type)
[23:04:04.321] [INFO] add_data_item 被调用
[23:04:04.321] [DEBUG] data_item_type = <class 'dict'> (type: type)
[23:04:06.287] [INFO] ============================================================
[23:04:06.287] [INFO] _on_run_clicked 被调用
[23:04:06.287] [INFO] _get_selected_data_items 被调用
[23:04:06.287] [DEBUG] selected_data_items_len = 2 (type: int)
[23:04:06.287] [DEBUG] selected_data_items_0_type = <class 'dict'> (type: type)
[23:04:06.287] [DEBUG] selected_data_items_1_type = <class 'dict'> (type: type)
[23:04:06.287] [INFO] 返回 2 个有效数据项
[23:04:06.287] [DEBUG] selected_data_type = <class 'list'> (type: type)
[23:04:06.287] [DEBUG] selected_data_len = 2 (type: int)
[23:04:06.287] [DEBUG] item_0_type = <class 'dict'> (type: type)
[23:04:06.287] [INFO] item[0] keys: ['id', 'display_name', 'trial_name', 'data_type', 'description', 'time_range']
[23:04:06.287] [DEBUG] item_1_type = <class 'dict'> (type: type)
[23:04:06.287] [INFO] item[1] keys: ['id', 'display_name', 'trial_name', 'data_type', 'description', 'time_range']
[23:04:06.287] [DEBUG] parameters_keys = ['pre_time', 'post_time', 'positive_class'] (type: list)
[23:04:06.287] [DEBUG] algorithm_name = ROCAnalysis (type: str)
[23:04:06.287] [DEBUG] current_algorithm = ROCAnalysis (type: str)
[23:04:06.287] [INFO] 发送请求: algorithm=ROCAnalysis, data_items数量=2
[23:04:06.287] [INFO] ============================================================
[23:04:06.287] [INFO] _on_run_analysis 被调用
[23:04:06.287] [DEBUG] params_type = <class 'dict'> (type: type)
[23:04:06.287] [DEBUG] algorithm_name = ROCAnalysis (type: str)
[23:04:06.287] [DEBUG] data_items_type = <class 'list'> (type: type)
[23:04:06.287] [DEBUG] data_items_len = 2 (type: int)
[23:04:06.287] [DEBUG] parameters_type = <class 'dict'> (type: type)
[23:04:06.287] [DEBUG] time_alignment_type = <class 'NoneType'> (type: type)
[23:04:06.287] [INFO] data_items[0] type: <class 'dict'>
[23:04:06.287] [INFO] data_items[0] keys: ['id', 'display_name', 'trial_name', 'data_type', 'description', 'time_range']
[23:04:06.287] [INFO] ============================================================
[23:04:06.287] [INFO] _run_analysis_async 被调用
[23:04:06.288] [DEBUG] algorithm_name = ROCAnalysis (type: str)
[23:04:06.288] [DEBUG] data_items_type = <class 'list'> (type: type)
[23:04:06.288] [DEBUG] data_items_len = 2 (type: int)
[23:04:06.288] [DEBUG] parameters_keys = ['pre_time', 'post_time', 'positive_class'] (type: list)
[23:04:06.288] [INFO] data_items[0] type: <class 'dict'>
[23:04:06.288] [INFO] data_items[0] keys: ['id', 'display_name', 'trial_name', 'data_type', 'description', 'time_range']
