[21:06:28.240] [INFO] ============================================================
[21:06:28.240] [INFO] NeuroPrime 调试日志
[21:06:28.240] [INFO] 启动时间: 2026-04-21 21:06:28
[21:06:28.240] [INFO] Python版本: 3.10.10 (tags/v3.10.10:aad5f6a, Feb  7 2023, 17:20:36) [MSC v.1929 64 bit (AMD64)]
[21:06:28.240] [INFO] 日志文件: c:\Users\buaal\Desktop\NeuroPrime\logs\debug_20260421_210628.log
[21:06:28.240] [INFO] ============================================================
[21:06:29.796] [INFO] [Scheduler] Removed pycache directory: c:\Users\buaal\Desktop\NeuroPrime\custom_algorithms\__pycache__
[21:06:29.796] [INFO] [Scheduler] NEUROPRIME_ROOT = c:\Users\buaal\Desktop\NeuroPrime
[21:06:29.796] [INFO] [Scheduler] Looking for custom algorithms in: c:\Users\buaal\Desktop\NeuroPrime\custom_algorithms
[21:06:29.797] [INFO] [Scheduler] Current working directory: c:\Users\buaal\Desktop\NeuroPrime
[21:06:29.797] [INFO] [Scheduler] Script directory: c:\Users\buaal\Desktop\NeuroPrime\src\algorithms
[21:06:29.797] [INFO] [Scheduler] Custom algorithms directory exists: c:\Users\buaal\Desktop\NeuroPrime\custom_algorithms
[21:06:29.797] [INFO] [Scheduler] Found 21 Python files: ['customalgorithm.py', 'customalgorithmnew.py', 'mnealgorithm.py', 'mnebadchanneldetectionalgorithm.py', 'mnebeamformingalgorithm.py', 'mnedipolefittingalgorithm.py', 'mneeffectiveconnectivityalgorithm.py', 'mneerpalgorithm.py', 'mnefilteringalgorithm.py', 'mnefunctionalconnectivityalgorithm.py', 'mneicaalgorithm.py', 'mneicaartifactremovalalgorithm.py', 'mnepowerspectrumalgorithm.py', 'mneresamplingalgorithm.py', 'mnesourcelocalizationalgorithm.py', 'mnespectralconnectivityalgorithm.py', 'mnetimefrequencyalgorithm.py', 'testscriptalgorithm.py', 'viewlfpdata.py', 'view_raw_lfp_data.py', '__init__.py']
[21:06:29.797] [INFO] [Scheduler] Loading custom algorithm from: c:\Users\buaal\Desktop\NeuroPrime\custom_algorithms\customalgorithm.py
[21:06:30.160] [INFO] [Scheduler] Loaded custom algorithm from ALGORITHM_INFO: CustomAlgorithm
[21:06:30.160] [ERROR] [Scheduler] Error loading custom algorithm from c:\Users\buaal\Desktop\NeuroPrime\custom_algorithms\customalgorithm.py: local variable 'found' referenced before assignment
[21:06:30.161] [ERROR] [Scheduler] Traceback: Traceback (most recent call last):
  File "c:\Users\buaal\Desktop\NeuroPrime\src\algorithms\scheduler.py", line 255, in _load_custom_algorithms
    if not found:
UnboundLocalError: local variable 'found' referenced before assignment

[21:06:30.161] [INFO] [Scheduler] Loading custom algorithm from: c:\Users\buaal\Desktop\NeuroPrime\custom_algorithms\customalgorithmnew.py
[21:06:30.163] [INFO] [Scheduler] Loaded custom algorithm from ALGORITHM_INFO: CustomAlgorithmNew
[21:06:30.163] [ERROR] [Scheduler] Error loading custom algorithm from c:\Users\buaal\Desktop\NeuroPrime\custom_algorithms\customalgorithmnew.py: local variable 'found' referenced before assignment
[21:06:30.163] [ERROR] [Scheduler] Traceback: Traceback (most recent call last):
  File "c:\Users\buaal\Desktop\NeuroPrime\src\algorithms\scheduler.py", line 255, in _load_custom_algorithms
    if not found:
UnboundLocalError: local variable 'found' referenced before assignment

[21:06:30.163] [INFO] [Scheduler] Loading custom algorithm from: c:\Users\buaal\Desktop\NeuroPrime\custom_algorithms\mnealgorithm.py
[21:06:30.195] [INFO] [Scheduler] Loaded custom algorithm from ALGORITHM_INFO: MNEAlgorithm
[21:06:30.195] [ERROR] [Scheduler] Error loading custom algorithm from c:\Users\buaal\Desktop\NeuroPrime\custom_algorithms\mnealgorithm.py: local variable 'found' referenced before assignment
[21:06:30.195] [ERROR] [Scheduler] Traceback: Traceback (most recent call last):
  File "c:\Users\buaal\Desktop\NeuroPrime\src\algorithms\scheduler.py", line 255, in _load_custom_algorithms
    if not found:
UnboundLocalError: local variable 'found' referenced before assignment

[21:06:30.195] [INFO] [Scheduler] Loading custom algorithm from: c:\Users\buaal\Desktop\NeuroPrime\custom_algorithms\mnebadchanneldetectionalgorithm.py
[21:06:30.198] [INFO] [Scheduler] Loaded custom algorithm from ALGORITHM_INFO: MNEBadChannelDetectionAlgorithm
[21:06:30.198] [ERROR] [Scheduler] Error loading custom algorithm from c:\Users\buaal\Desktop\NeuroPrime\custom_algorithms\mnebadchanneldetectionalgorithm.py: local variable 'found' referenced before assignment
[21:06:30.198] [ERROR] [Scheduler] Traceback: Traceback (most recent call last):
  File "c:\Users\buaal\Desktop\NeuroPrime\src\algorithms\scheduler.py", line 255, in _load_custom_algorithms
    if not found:
UnboundLocalError: local variable 'found' referenced before assignment

[21:06:30.199] [INFO] [Scheduler] Loading custom algorithm from: c:\Users\buaal\Desktop\NeuroPrime\custom_algorithms\mnebeamformingalgorithm.py
[21:06:30.202] [INFO] [Scheduler] Loaded custom algorithm from ALGORITHM_INFO: MNEBeamformingAlgorithm
[21:06:30.202] [ERROR] [Scheduler] Error loading custom algorithm from c:\Users\buaal\Desktop\NeuroPrime\custom_algorithms\mnebeamformingalgorithm.py: local variable 'found' referenced before assignment
[21:06:30.202] [ERROR] [Scheduler] Traceback: Traceback (most recent call last):
  File "c:\Users\buaal\Desktop\NeuroPrime\src\algorithms\scheduler.py", line 255, in _load_custom_algorithms
    if not found:
UnboundLocalError: local variable 'found' referenced before assignment

[21:06:30.202] [INFO] [Scheduler] Loading custom algorithm from: c:\Users\buaal\Desktop\NeuroPrime\custom_algorithms\mnedipolefittingalgorithm.py
[21:06:30.207] [INFO] [Scheduler] Loaded custom algorithm from ALGORITHM_INFO: MNEDipoleFittingAlgorithm
[21:06:30.207] [ERROR] [Scheduler] Error loading custom algorithm from c:\Users\buaal\Desktop\NeuroPrime\custom_algorithms\mnedipolefittingalgorithm.py: local variable 'found' referenced before assignment
[21:06:30.207] [ERROR] [Scheduler] Traceback: Traceback (most recent call last):
  File "c:\Users\buaal\Desktop\NeuroPrime\src\algorithms\scheduler.py", line 255, in _load_custom_algorithms
    if not found:
UnboundLocalError: local variable 'found' referenced before assignment

[21:06:30.207] [INFO] [Scheduler] Loading custom algorithm from: c:\Users\buaal\Desktop\NeuroPrime\custom_algorithms\mneeffectiveconnectivityalgorithm.py
[21:06:30.209] [INFO] [Scheduler] Loaded custom algorithm from ALGORITHM_INFO: MNEEffectiveConnectivityAlgorithm
[21:06:30.209] [ERROR] [Scheduler] Error loading custom algorithm from c:\Users\buaal\Desktop\NeuroPrime\custom_algorithms\mneeffectiveconnectivityalgorithm.py: local variable 'found' referenced before assignment
[21:06:30.210] [ERROR] [Scheduler] Traceback: Traceback (most recent call last):
  File "c:\Users\buaal\Desktop\NeuroPrime\src\algorithms\scheduler.py", line 255, in _load_custom_algorithms
    if not found:
UnboundLocalError: local variable 'found' referenced before assignment

[21:06:30.210] [INFO] [Scheduler] Loading custom algorithm from: c:\Users\buaal\Desktop\NeuroPrime\custom_algorithms\mneerpalgorithm.py
[21:06:30.213] [INFO] [Scheduler] Loaded custom algorithm from ALGORITHM_INFO: MNEERPAlgorithm
[21:06:30.213] [ERROR] [Scheduler] Error loading custom algorithm from c:\Users\buaal\Desktop\NeuroPrime\custom_algorithms\mneerpalgorithm.py: local variable 'found' referenced before assignment
[21:06:30.213] [ERROR] [Scheduler] Traceback: Traceback (most recent call last):
  File "c:\Users\buaal\Desktop\NeuroPrime\src\algorithms\scheduler.py", line 255, in _load_custom_algorithms
    if not found:
UnboundLocalError: local variable 'found' referenced before assignment

[21:06:30.213] [INFO] [Scheduler] Loading custom algorithm from: c:\Users\buaal\Desktop\NeuroPrime\custom_algorithms\mnefilteringalgorithm.py
[21:06:30.216] [INFO] [Scheduler] Loaded custom algorithm from ALGORITHM_INFO: MNEFilteringAlgorithm
[21:06:30.216] [ERROR] [Scheduler] Error loading custom algorithm from c:\Users\buaal\Desktop\NeuroPrime\custom_algorithms\mnefilteringalgorithm.py: local variable 'found' referenced before assignment
[21:06:30.216] [ERROR] [Scheduler] Traceback: Traceback (most recent call last):
  File "c:\Users\buaal\Desktop\NeuroPrime\src\algorithms\scheduler.py", line 255, in _load_custom_algorithms
    if not found:
UnboundLocalError: local variable 'found' referenced before assignment

[21:06:30.216] [INFO] [Scheduler] Loading custom algorithm from: c:\Users\buaal\Desktop\NeuroPrime\custom_algorithms\mnefunctionalconnectivityalgorithm.py
[21:06:30.219] [INFO] [Scheduler] Loaded custom algorithm from ALGORITHM_INFO: MNEFunctionalConnectivityAlgorithm
[21:06:30.220] [ERROR] [Scheduler] Error loading custom algorithm from c:\Users\buaal\Desktop\NeuroPrime\custom_algorithms\mnefunctionalconnectivityalgorithm.py: local variable 'found' referenced before assignment
[21:06:30.220] [ERROR] [Scheduler] Traceback: Traceback (most recent call last):
  File "c:\Users\buaal\Desktop\NeuroPrime\src\algorithms\scheduler.py", line 255, in _load_custom_algorithms
    if not found:
UnboundLocalError: local variable 'found' referenced before assignment

[21:06:30.220] [INFO] [Scheduler] Loading custom algorithm from: c:\Users\buaal\Desktop\NeuroPrime\custom_algorithms\mneicaalgorithm.py
[21:06:30.223] [INFO] [Scheduler] Loaded custom algorithm from ALGORITHM_INFO: MNEICAAlgorithm
[21:06:30.223] [ERROR] [Scheduler] Error loading custom algorithm from c:\Users\buaal\Desktop\NeuroPrime\custom_algorithms\mneicaalgorithm.py: local variable 'found' referenced before assignment
[21:06:30.223] [ERROR] [Scheduler] Traceback: Traceback (most recent call last):
  File "c:\Users\buaal\Desktop\NeuroPrime\src\algorithms\scheduler.py", line 255, in _load_custom_algorithms
    if not found:
UnboundLocalError: local variable 'found' referenced before assignment

[21:06:30.223] [INFO] [Scheduler] Loading custom algorithm from: c:\Users\buaal\Desktop\NeuroPrime\custom_algorithms\mneicaartifactremovalalgorithm.py
[21:06:30.225] [INFO] [Scheduler] Loaded custom algorithm from ALGORITHM_INFO: MNEICAArtifactRemovalAlgorithm
[21:06:30.225] [ERROR] [Scheduler] Error loading custom algorithm from c:\Users\buaal\Desktop\NeuroPrime\custom_algorithms\mneicaartifactremovalalgorithm.py: local variable 'found' referenced before assignment
[21:06:30.225] [ERROR] [Scheduler] Traceback: Traceback (most recent call last):
  File "c:\Users\buaal\Desktop\NeuroPrime\src\algorithms\scheduler.py", line 255, in _load_custom_algorithms
    if not found:
UnboundLocalError: local variable 'found' referenced before assignment

[21:06:30.225] [INFO] [Scheduler] Loading custom algorithm from: c:\Users\buaal\Desktop\NeuroPrime\custom_algorithms\mnepowerspectrumalgorithm.py
[21:06:30.227] [INFO] [Scheduler] Loaded custom algorithm from ALGORITHM_INFO: MNEPowerSpectrumAlgorithm
[21:06:30.227] [ERROR] [Scheduler] Error loading custom algorithm from c:\Users\buaal\Desktop\NeuroPrime\custom_algorithms\mnepowerspectrumalgorithm.py: local variable 'found' referenced before assignment
[21:06:30.228] [ERROR] [Scheduler] Traceback: Traceback (most recent call last):
  File "c:\Users\buaal\Desktop\NeuroPrime\src\algorithms\scheduler.py", line 255, in _load_custom_algorithms
    if not found:
UnboundLocalError: local variable 'found' referenced before assignment

[21:06:30.228] [INFO] [Scheduler] Loading custom algorithm from: c:\Users\buaal\Desktop\NeuroPrime\custom_algorithms\mneresamplingalgorithm.py
[21:06:30.231] [INFO] [Scheduler] Loaded custom algorithm from ALGORITHM_INFO: MNEResamplingAlgorithm
[21:06:30.231] [ERROR] [Scheduler] Error loading custom algorithm from c:\Users\buaal\Desktop\NeuroPrime\custom_algorithms\mneresamplingalgorithm.py: local variable 'found' referenced before assignment
[21:06:30.231] [ERROR] [Scheduler] Traceback: Traceback (most recent call last):
  File "c:\Users\buaal\Desktop\NeuroPrime\src\algorithms\scheduler.py", line 255, in _load_custom_algorithms
    if not found:
UnboundLocalError: local variable 'found' referenced before assignment

[21:06:30.231] [INFO] [Scheduler] Loading custom algorithm from: c:\Users\buaal\Desktop\NeuroPrime\custom_algorithms\mnesourcelocalizationalgorithm.py
[21:06:30.234] [INFO] [Scheduler] Loaded custom algorithm from ALGORITHM_INFO: MNESourceLocalizationAlgorithm
[21:06:30.235] [ERROR] [Scheduler] Error loading custom algorithm from c:\Users\buaal\Desktop\NeuroPrime\custom_algorithms\mnesourcelocalizationalgorithm.py: local variable 'found' referenced before assignment
[21:06:30.235] [ERROR] [Scheduler] Traceback: Traceback (most recent call last):
  File "c:\Users\buaal\Desktop\NeuroPrime\src\algorithms\scheduler.py", line 255, in _load_custom_algorithms
    if not found:
UnboundLocalError: local variable 'found' referenced before assignment

[21:06:30.235] [INFO] [Scheduler] Loading custom algorithm from: c:\Users\buaal\Desktop\NeuroPrime\custom_algorithms\mnespectralconnectivityalgorithm.py
[21:06:30.238] [INFO] [Scheduler] Loaded custom algorithm from ALGORITHM_INFO: MNESpectralConnectivityAlgorithm
[21:06:30.238] [ERROR] [Scheduler] Error loading custom algorithm from c:\Users\buaal\Desktop\NeuroPrime\custom_algorithms\mnespectralconnectivityalgorithm.py: local variable 'found' referenced before assignment
[21:06:30.238] [ERROR] [Scheduler] Traceback: Traceback (most recent call last):
  File "c:\Users\buaal\Desktop\NeuroPrime\src\algorithms\scheduler.py", line 255, in _load_custom_algorithms
    if not found:
UnboundLocalError: local variable 'found' referenced before assignment

[21:06:30.238] [INFO] [Scheduler] Loading custom algorithm from: c:\Users\buaal\Desktop\NeuroPrime\custom_algorithms\mnetimefrequencyalgorithm.py
[21:06:30.240] [INFO] [Scheduler] Loaded custom algorithm from ALGORITHM_INFO: MNETimeFrequencyAlgorithm
[21:06:30.240] [ERROR] [Scheduler] Error loading custom algorithm from c:\Users\buaal\Desktop\NeuroPrime\custom_algorithms\mnetimefrequencyalgorithm.py: local variable 'found' referenced before assignment
[21:06:30.240] [ERROR] [Scheduler] Traceback: Traceback (most recent call last):
  File "c:\Users\buaal\Desktop\NeuroPrime\src\algorithms\scheduler.py", line 255, in _load_custom_algorithms
    if not found:
UnboundLocalError: local variable 'found' referenced before assignment

[21:06:30.240] [INFO] [Scheduler] Loading custom algorithm from: c:\Users\buaal\Desktop\NeuroPrime\custom_algorithms\testscriptalgorithm.py
[21:06:30.241] [INFO] [Scheduler] Loaded custom algorithm from ALGORITHM_INFO: TestScriptAlgorithm
[21:06:30.241] [ERROR] [Scheduler] Error loading custom algorithm from c:\Users\buaal\Desktop\NeuroPrime\custom_algorithms\testscriptalgorithm.py: local variable 'found' referenced before assignment
[21:06:30.241] [ERROR] [Scheduler] Traceback: Traceback (most recent call last):
  File "c:\Users\buaal\Desktop\NeuroPrime\src\algorithms\scheduler.py", line 255, in _load_custom_algorithms
    if not found:
UnboundLocalError: local variable 'found' referenced before assignment

[21:06:30.241] [INFO] [Scheduler] Loading custom algorithm from: c:\Users\buaal\Desktop\NeuroPrime\custom_algorithms\viewlfpdata.py
[21:06:30.243] [INFO] [Scheduler] Loaded custom algorithm from ALGORITHM_INFO: ViewLFPData
[21:06:30.243] [ERROR] [Scheduler] Error loading custom algorithm from c:\Users\buaal\Desktop\NeuroPrime\custom_algorithms\viewlfpdata.py: local variable 'found' referenced before assignment
[21:06:30.243] [ERROR] [Scheduler] Traceback: Traceback (most recent call last):
  File "c:\Users\buaal\Desktop\NeuroPrime\src\algorithms\scheduler.py", line 255, in _load_custom_algorithms
    if not found:
UnboundLocalError: local variable 'found' referenced before assignment

[21:06:30.243] [INFO] [Scheduler] Loading custom algorithm from: c:\Users\buaal\Desktop\NeuroPrime\custom_algorithms\view_raw_lfp_data.py
[21:06:30.245] [INFO] [Scheduler] Loaded custom algorithm from ALGORITHM_INFO: ViewRawLFPData
[21:06:30.245] [ERROR] [Scheduler] Error loading custom algorithm from c:\Users\buaal\Desktop\NeuroPrime\custom_algorithms\view_raw_lfp_data.py: local variable 'found' referenced before assignment
[21:06:30.245] [ERROR] [Scheduler] Traceback: Traceback (most recent call last):
  File "c:\Users\buaal\Desktop\NeuroPrime\src\algorithms\scheduler.py", line 255, in _load_custom_algorithms
    if not found:
UnboundLocalError: local variable 'found' referenced before assignment

[21:06:39.027] [INFO] ============================================================
[21:06:39.028] [INFO] _populate_custom_algorithms started
[21:06:39.028] [INFO] Attempting to reload custom algorithms...
[21:06:39.028] [INFO] Removed module from cache: src.algorithms.base
[21:06:39.028] [INFO] Removed module from cache: src.algorithms.scheduler
[21:06:39.028] [INFO] Removed module from cache: src.algorithms.spike_detection
[21:06:39.028] [INFO] Removed module from cache: src.algorithms.lfp_analysis
[21:06:39.028] [INFO] Removed module from cache: src.algorithms.behavior_analysis
[21:06:39.028] [INFO] Removed module from cache: src.algorithms.decoding
[21:06:39.028] [INFO] Removed module from cache: src.algorithms
[21:06:39.037] [INFO] [Scheduler] Removed pycache directory: c:\Users\buaal\Desktop\NeuroPrime\custom_algorithms\__pycache__
[21:06:39.038] [INFO] [Scheduler] NEUROPRIME_ROOT = c:\Users\buaal\Desktop\NeuroPrime
[21:06:39.038] [INFO] [Scheduler] Looking for custom algorithms in: c:\Users\buaal\Desktop\NeuroPrime\custom_algorithms
[21:06:39.038] [INFO] [Scheduler] Current working directory: c:\Users\buaal\Desktop\NeuroPrime
[21:06:39.038] [INFO] [Scheduler] Script directory: c:\Users\buaal\Desktop\NeuroPrime\src\algorithms
[21:06:39.038] [INFO] [Scheduler] Custom algorithms directory exists: c:\Users\buaal\Desktop\NeuroPrime\custom_algorithms
[21:06:39.038] [INFO] [Scheduler] Found 21 Python files: ['customalgorithm.py', 'customalgorithmnew.py', 'mnealgorithm.py', 'mnebadchanneldetectionalgorithm.py', 'mnebeamformingalgorithm.py', 'mnedipolefittingalgorithm.py', 'mneeffectiveconnectivityalgorithm.py', 'mneerpalgorithm.py', 'mnefilteringalgorithm.py', 'mnefunctionalconnectivityalgorithm.py', 'mneicaalgorithm.py', 'mneicaartifactremovalalgorithm.py', 'mnepowerspectrumalgorithm.py', 'mneresamplingalgorithm.py', 'mnesourcelocalizationalgorithm.py', 'mnespectralconnectivityalgorithm.py', 'mnetimefrequencyalgorithm.py', 'testscriptalgorithm.py', 'viewlfpdata.py', 'view_raw_lfp_data.py', '__init__.py']
[21:06:39.038] [INFO] [Scheduler] Loading custom algorithm from: c:\Users\buaal\Desktop\NeuroPrime\custom_algorithms\customalgorithm.py
[21:06:39.048] [INFO] [Scheduler] Loaded custom algorithm from ALGORITHM_INFO: CustomAlgorithm
[21:06:39.048] [ERROR] [Scheduler] Error loading custom algorithm from c:\Users\buaal\Desktop\NeuroPrime\custom_algorithms\customalgorithm.py: local variable 'found' referenced before assignment
[21:06:39.048] [ERROR] [Scheduler] Traceback: Traceback (most recent call last):
  File "c:\Users\buaal\Desktop\NeuroPrime\src\algorithms\scheduler.py", line 255, in _load_custom_algorithms
    if not found:
UnboundLocalError: local variable 'found' referenced before assignment

[21:06:39.048] [INFO] [Scheduler] Loading custom algorithm from: c:\Users\buaal\Desktop\NeuroPrime\custom_algorithms\customalgorithmnew.py
[21:06:39.051] [INFO] [Scheduler] Loaded custom algorithm from ALGORITHM_INFO: CustomAlgorithmNew
[21:06:39.051] [ERROR] [Scheduler] Error loading custom algorithm from c:\Users\buaal\Desktop\NeuroPrime\custom_algorithms\customalgorithmnew.py: local variable 'found' referenced before assignment
[21:06:39.052] [ERROR] [Scheduler] Traceback: Traceback (most recent call last):
  File "c:\Users\buaal\Desktop\NeuroPrime\src\algorithms\scheduler.py", line 255, in _load_custom_algorithms
    if not found:
UnboundLocalError: local variable 'found' referenced before assignment

[21:06:39.052] [INFO] [Scheduler] Loading custom algorithm from: c:\Users\buaal\Desktop\NeuroPrime\custom_algorithms\mnealgorithm.py
[21:06:39.069] [INFO] [Scheduler] Loaded custom algorithm from ALGORITHM_INFO: MNEAlgorithm
[21:06:39.069] [ERROR] [Scheduler] Error loading custom algorithm from c:\Users\buaal\Desktop\NeuroPrime\custom_algorithms\mnealgorithm.py: local variable 'found' referenced before assignment
[21:06:39.069] [ERROR] [Scheduler] Traceback: Traceback (most recent call last):
  File "c:\Users\buaal\Desktop\NeuroPrime\src\algorithms\scheduler.py", line 255, in _load_custom_algorithms
    if not found:
UnboundLocalError: local variable 'found' referenced before assignment

[21:06:39.069] [INFO] [Scheduler] Loading custom algorithm from: c:\Users\buaal\Desktop\NeuroPrime\custom_algorithms\mnebadchanneldetectionalgorithm.py
[21:06:39.073] [INFO] [Scheduler] Loaded custom algorithm from ALGORITHM_INFO: MNEBadChannelDetectionAlgorithm
[21:06:39.073] [ERROR] [Scheduler] Error loading custom algorithm from c:\Users\buaal\Desktop\NeuroPrime\custom_algorithms\mnebadchanneldetectionalgorithm.py: local variable 'found' referenced before assignment
[21:06:39.073] [ERROR] [Scheduler] Traceback: Traceback (most recent call last):
  File "c:\Users\buaal\Desktop\NeuroPrime\src\algorithms\scheduler.py", line 255, in _load_custom_algorithms
    if not found:
UnboundLocalError: local variable 'found' referenced before assignment

[21:06:39.073] [INFO] [Scheduler] Loading custom algorithm from: c:\Users\buaal\Desktop\NeuroPrime\custom_algorithms\mnebeamformingalgorithm.py
[21:06:39.075] [INFO] [Scheduler] Loaded custom algorithm from ALGORITHM_INFO: MNEBeamformingAlgorithm
[21:06:39.075] [ERROR] [Scheduler] Error loading custom algorithm from c:\Users\buaal\Desktop\NeuroPrime\custom_algorithms\mnebeamformingalgorithm.py: local variable 'found' referenced before assignment
[21:06:39.075] [ERROR] [Scheduler] Traceback: Traceback (most recent call last):
  File "c:\Users\buaal\Desktop\NeuroPrime\src\algorithms\scheduler.py", line 255, in _load_custom_algorithms
    if not found:
UnboundLocalError: local variable 'found' referenced before assignment

[21:06:39.075] [INFO] [Scheduler] Loading custom algorithm from: c:\Users\buaal\Desktop\NeuroPrime\custom_algorithms\mnedipolefittingalgorithm.py
[21:06:39.077] [INFO] [Scheduler] Loaded custom algorithm from ALGORITHM_INFO: MNEDipoleFittingAlgorithm
[21:06:39.077] [ERROR] [Scheduler] Error loading custom algorithm from c:\Users\buaal\Desktop\NeuroPrime\custom_algorithms\mnedipolefittingalgorithm.py: local variable 'found' referenced before assignment
[21:06:39.077] [ERROR] [Scheduler] Traceback: Traceback (most recent call last):
  File "c:\Users\buaal\Desktop\NeuroPrime\src\algorithms\scheduler.py", line 255, in _load_custom_algorithms
    if not found:
UnboundLocalError: local variable 'found' referenced before assignment

[21:06:39.077] [INFO] [Scheduler] Loading custom algorithm from: c:\Users\buaal\Desktop\NeuroPrime\custom_algorithms\mneeffectiveconnectivityalgorithm.py
[21:06:39.080] [INFO] [Scheduler] Loaded custom algorithm from ALGORITHM_INFO: MNEEffectiveConnectivityAlgorithm
[21:06:39.080] [ERROR] [Scheduler] Error loading custom algorithm from c:\Users\buaal\Desktop\NeuroPrime\custom_algorithms\mneeffectiveconnectivityalgorithm.py: local variable 'found' referenced before assignment
[21:06:39.081] [ERROR] [Scheduler] Traceback: Traceback (most recent call last):
  File "c:\Users\buaal\Desktop\NeuroPrime\src\algorithms\scheduler.py", line 255, in _load_custom_algorithms
    if not found:
UnboundLocalError: local variable 'found' referenced before assignment

[21:06:39.081] [INFO] [Scheduler] Loading custom algorithm from: c:\Users\buaal\Desktop\NeuroPrime\custom_algorithms\mneerpalgorithm.py
[21:06:39.082] [INFO] [Scheduler] Loaded custom algorithm from ALGORITHM_INFO: MNEERPAlgorithm
[21:06:39.082] [ERROR] [Scheduler] Error loading custom algorithm from c:\Users\buaal\Desktop\NeuroPrime\custom_algorithms\mneerpalgorithm.py: local variable 'found' referenced before assignment
[21:06:39.082] [ERROR] [Scheduler] Traceback: Traceback (most recent call last):
  File "c:\Users\buaal\Desktop\NeuroPrime\src\algorithms\scheduler.py", line 255, in _load_custom_algorithms
    if not found:
UnboundLocalError: local variable 'found' referenced before assignment

[21:06:39.082] [INFO] [Scheduler] Loading custom algorithm from: c:\Users\buaal\Desktop\NeuroPrime\custom_algorithms\mnefilteringalgorithm.py
[21:06:39.085] [INFO] [Scheduler] Loaded custom algorithm from ALGORITHM_INFO: MNEFilteringAlgorithm
[21:06:39.085] [ERROR] [Scheduler] Error loading custom algorithm from c:\Users\buaal\Desktop\NeuroPrime\custom_algorithms\mnefilteringalgorithm.py: local variable 'found' referenced before assignment
[21:06:39.085] [ERROR] [Scheduler] Traceback: Traceback (most recent call last):
  File "c:\Users\buaal\Desktop\NeuroPrime\src\algorithms\scheduler.py", line 255, in _load_custom_algorithms
    if not found:
UnboundLocalError: local variable 'found' referenced before assignment

[21:06:39.085] [INFO] [Scheduler] Loading custom algorithm from: c:\Users\buaal\Desktop\NeuroPrime\custom_algorithms\mnefunctionalconnectivityalgorithm.py
[21:06:39.087] [INFO] [Scheduler] Loaded custom algorithm from ALGORITHM_INFO: MNEFunctionalConnectivityAlgorithm
[21:06:39.087] [ERROR] [Scheduler] Error loading custom algorithm from c:\Users\buaal\Desktop\NeuroPrime\custom_algorithms\mnefunctionalconnectivityalgorithm.py: local variable 'found' referenced before assignment
[21:06:39.087] [ERROR] [Scheduler] Traceback: Traceback (most recent call last):
  File "c:\Users\buaal\Desktop\NeuroPrime\src\algorithms\scheduler.py", line 255, in _load_custom_algorithms
    if not found:
UnboundLocalError: local variable 'found' referenced before assignment

[21:06:39.087] [INFO] [Scheduler] Loading custom algorithm from: c:\Users\buaal\Desktop\NeuroPrime\custom_algorithms\mneicaalgorithm.py
[21:06:39.089] [INFO] [Scheduler] Loaded custom algorithm from ALGORITHM_INFO: MNEICAAlgorithm
[21:06:39.089] [ERROR] [Scheduler] Error loading custom algorithm from c:\Users\buaal\Desktop\NeuroPrime\custom_algorithms\mneicaalgorithm.py: local variable 'found' referenced before assignment
[21:06:39.089] [ERROR] [Scheduler] Traceback: Traceback (most recent call last):
  File "c:\Users\buaal\Desktop\NeuroPrime\src\algorithms\scheduler.py", line 255, in _load_custom_algorithms
    if not found:
UnboundLocalError: local variable 'found' referenced before assignment

[21:06:39.089] [INFO] [Scheduler] Loading custom algorithm from: c:\Users\buaal\Desktop\NeuroPrime\custom_algorithms\mneicaartifactremovalalgorithm.py
[21:06:39.091] [INFO] [Scheduler] Loaded custom algorithm from ALGORITHM_INFO: MNEICAArtifactRemovalAlgorithm
[21:06:39.091] [ERROR] [Scheduler] Error loading custom algorithm from c:\Users\buaal\Desktop\NeuroPrime\custom_algorithms\mneicaartifactremovalalgorithm.py: local variable 'found' referenced before assignment
[21:06:39.091] [ERROR] [Scheduler] Traceback: Traceback (most recent call last):
  File "c:\Users\buaal\Desktop\NeuroPrime\src\algorithms\scheduler.py", line 255, in _load_custom_algorithms
    if not found:
UnboundLocalError: local variable 'found' referenced before assignment

[21:06:39.091] [INFO] [Scheduler] Loading custom algorithm from: c:\Users\buaal\Desktop\NeuroPrime\custom_algorithms\mnepowerspectrumalgorithm.py
[21:06:39.093] [INFO] [Scheduler] Loaded custom algorithm from ALGORITHM_INFO: MNEPowerSpectrumAlgorithm
[21:06:39.093] [ERROR] [Scheduler] Error loading custom algorithm from c:\Users\buaal\Desktop\NeuroPrime\custom_algorithms\mnepowerspectrumalgorithm.py: local variable 'found' referenced before assignment
[21:06:39.093] [ERROR] [Scheduler] Traceback: Traceback (most recent call last):
  File "c:\Users\buaal\Desktop\NeuroPrime\src\algorithms\scheduler.py", line 255, in _load_custom_algorithms
    if not found:
UnboundLocalError: local variable 'found' referenced before assignment

[21:06:39.093] [INFO] [Scheduler] Loading custom algorithm from: c:\Users\buaal\Desktop\NeuroPrime\custom_algorithms\mneresamplingalgorithm.py
[21:06:39.095] [INFO] [Scheduler] Loaded custom algorithm from ALGORITHM_INFO: MNEResamplingAlgorithm
[21:06:39.095] [ERROR] [Scheduler] Error loading custom algorithm from c:\Users\buaal\Desktop\NeuroPrime\custom_algorithms\mneresamplingalgorithm.py: local variable 'found' referenced before assignment
[21:06:39.096] [ERROR] [Scheduler] Traceback: Traceback (most recent call last):
  File "c:\Users\buaal\Desktop\NeuroPrime\src\algorithms\scheduler.py", line 255, in _load_custom_algorithms
    if not found:
UnboundLocalError: local variable 'found' referenced before assignment

[21:06:39.096] [INFO] [Scheduler] Loading custom algorithm from: c:\Users\buaal\Desktop\NeuroPrime\custom_algorithms\mnesourcelocalizationalgorithm.py
[21:06:39.098] [INFO] [Scheduler] Loaded custom algorithm from ALGORITHM_INFO: MNESourceLocalizationAlgorithm
[21:06:39.098] [ERROR] [Scheduler] Error loading custom algorithm from c:\Users\buaal\Desktop\NeuroPrime\custom_algorithms\mnesourcelocalizationalgorithm.py: local variable 'found' referenced before assignment
[21:06:39.098] [ERROR] [Scheduler] Traceback: Traceback (most recent call last):
  File "c:\Users\buaal\Desktop\NeuroPrime\src\algorithms\scheduler.py", line 255, in _load_custom_algorithms
    if not found:
UnboundLocalError: local variable 'found' referenced before assignment

[21:06:39.098] [INFO] [Scheduler] Loading custom algorithm from: c:\Users\buaal\Desktop\NeuroPrime\custom_algorithms\mnespectralconnectivityalgorithm.py
[21:06:39.101] [INFO] [Scheduler] Loaded custom algorithm from ALGORITHM_INFO: MNESpectralConnectivityAlgorithm
[21:06:39.101] [ERROR] [Scheduler] Error loading custom algorithm from c:\Users\buaal\Desktop\NeuroPrime\custom_algorithms\mnespectralconnectivityalgorithm.py: local variable 'found' referenced before assignment
[21:06:39.101] [ERROR] [Scheduler] Traceback: Traceback (most recent call last):
  File "c:\Users\buaal\Desktop\NeuroPrime\src\algorithms\scheduler.py", line 255, in _load_custom_algorithms
    if not found:
UnboundLocalError: local variable 'found' referenced before assignment

[21:06:39.101] [INFO] [Scheduler] Loading custom algorithm from: c:\Users\buaal\Desktop\NeuroPrime\custom_algorithms\mnetimefrequencyalgorithm.py
[21:06:39.104] [INFO] [Scheduler] Loaded custom algorithm from ALGORITHM_INFO: MNETimeFrequencyAlgorithm
[21:06:39.104] [ERROR] [Scheduler] Error loading custom algorithm from c:\Users\buaal\Desktop\NeuroPrime\custom_algorithms\mnetimefrequencyalgorithm.py: local variable 'found' referenced before assignment
[21:06:39.104] [ERROR] [Scheduler] Traceback: Traceback (most recent call last):
  File "c:\Users\buaal\Desktop\NeuroPrime\src\algorithms\scheduler.py", line 255, in _load_custom_algorithms
    if not found:
UnboundLocalError: local variable 'found' referenced before assignment

[21:06:39.104] [INFO] [Scheduler] Loading custom algorithm from: c:\Users\buaal\Desktop\NeuroPrime\custom_algorithms\testscriptalgorithm.py
[21:06:39.105] [INFO] [Scheduler] Loaded custom algorithm from ALGORITHM_INFO: TestScriptAlgorithm
[21:06:39.105] [ERROR] [Scheduler] Error loading custom algorithm from c:\Users\buaal\Desktop\NeuroPrime\custom_algorithms\testscriptalgorithm.py: local variable 'found' referenced before assignment
[21:06:39.105] [ERROR] [Scheduler] Traceback: Traceback (most recent call last):
  File "c:\Users\buaal\Desktop\NeuroPrime\src\algorithms\scheduler.py", line 255, in _load_custom_algorithms
    if not found:
UnboundLocalError: local variable 'found' referenced before assignment

[21:06:39.105] [INFO] [Scheduler] Loading custom algorithm from: c:\Users\buaal\Desktop\NeuroPrime\custom_algorithms\viewlfpdata.py
[21:06:39.108] [INFO] [Scheduler] Loaded custom algorithm from ALGORITHM_INFO: ViewLFPData
[21:06:39.108] [ERROR] [Scheduler] Error loading custom algorithm from c:\Users\buaal\Desktop\NeuroPrime\custom_algorithms\viewlfpdata.py: local variable 'found' referenced before assignment
[21:06:39.108] [ERROR] [Scheduler] Traceback: Traceback (most recent call last):
  File "c:\Users\buaal\Desktop\NeuroPrime\src\algorithms\scheduler.py", line 255, in _load_custom_algorithms
    if not found:
UnboundLocalError: local variable 'found' referenced before assignment

[21:06:39.108] [INFO] [Scheduler] Loading custom algorithm from: c:\Users\buaal\Desktop\NeuroPrime\custom_algorithms\view_raw_lfp_data.py
[21:06:39.109] [INFO] [Scheduler] Loaded custom algorithm from ALGORITHM_INFO: ViewRawLFPData
[21:06:39.109] [ERROR] [Scheduler] Error loading custom algorithm from c:\Users\buaal\Desktop\NeuroPrime\custom_algorithms\view_raw_lfp_data.py: local variable 'found' referenced before assignment
[21:06:39.110] [ERROR] [Scheduler] Traceback: Traceback (most recent call last):
  File "c:\Users\buaal\Desktop\NeuroPrime\src\algorithms\scheduler.py", line 255, in _load_custom_algorithms
    if not found:
UnboundLocalError: local variable 'found' referenced before assignment

[21:06:39.110] [INFO] Custom algorithms reload completed
[21:06:39.110] [INFO] Total algorithms available: 28
[21:06:39.110] [INFO] Added custom algorithm: MNEAlgorithm (category: 自定义算法)
[21:06:39.110] [INFO] Added custom algorithm: MNEBadChannelDetectionAlgorithm (category: 自定义算法)
[21:06:39.110] [INFO] Added custom algorithm: MNEBeamformingAlgorithm (category: 自定义算法)
[21:06:39.110] [INFO] Added custom algorithm: MNEDipoleFittingAlgorithm (category: 自定义算法)
[21:06:39.110] [INFO] Added custom algorithm: MNEEffectiveConnectivityAlgorithm (category: 自定义算法)
[21:06:39.110] [INFO] Added custom algorithm: MNEERPAlgorithm (category: 自定义算法)
[21:06:39.110] [INFO] Added custom algorithm: MNEFilteringAlgorithm (category: 自定义算法)
[21:06:39.110] [INFO] Added custom algorithm: MNEFunctionalConnectivityAlgorithm (category: 自定义算法)
[21:06:39.110] [INFO] Added custom algorithm: MNEICAAlgorithm (category: 自定义算法)
[21:06:39.110] [INFO] Added custom algorithm: MNEICAArtifactRemovalAlgorithm (category: 自定义算法)
[21:06:39.110] [INFO] Added custom algorithm: MNEPowerSpectrumAlgorithm (category: 自定义算法)
[21:06:39.110] [INFO] Added custom algorithm: MNEResamplingAlgorithm (category: 自定义算法)
[21:06:39.110] [INFO] Added custom algorithm: MNESourceLocalizationAlgorithm (category: 自定义算法)
[21:06:39.110] [INFO] Added custom algorithm: MNESpectralConnectivityAlgorithm (category: 自定义算法)
[21:06:39.110] [INFO] Added custom algorithm: MNETimeFrequencyAlgorithm (category: 自定义算法)
[21:06:39.110] [INFO] Added custom algorithm: ViewLFPData (category: 自定义算法)
[21:06:39.110] [INFO] Added custom algorithm: ViewRawLFPData (category: 自定义算法)
[21:06:39.110] [INFO] Total custom algorithms added: 17
[21:06:39.110] [INFO] ============================================================
[21:06:51.385] [INFO] add_data_item 被调用
[21:06:51.385] [DEBUG] data_item_type = <class 'dict'> (type: type)
[21:06:52.962] [INFO] ============================================================
[21:06:52.962] [INFO] _on_run_clicked 被调用
[21:06:52.962] [INFO] _get_selected_data_items 被调用
[21:06:52.962] [DEBUG] selected_data_items_len = 1 (type: int)
[21:06:52.962] [DEBUG] selected_data_items_0_type = <class 'dict'> (type: type)
[21:06:52.962] [INFO] 返回 1 个有效数据项
[21:06:52.962] [DEBUG] selected_data_type = <class 'list'> (type: type)
[21:06:52.962] [DEBUG] selected_data_len = 1 (type: int)
[21:06:52.962] [DEBUG] item_0_type = <class 'dict'> (type: type)
[21:06:52.962] [INFO] item[0] keys: ['id', 'display_name', 'trial_name', 'data_type', 'description', 'time_range']
[21:06:52.962] [INFO] 自定义算法使用默认参数: {'method': 'coherence', 'freq_min': 1.0, 'freq_max': 40.0, 'n_freqs': 20, 'tmin': 0.0, 'tmax': 1.0}
[21:06:52.962] [DEBUG] parameters_keys = ['method', 'freq_min', 'freq_max', 'n_freqs', 'tmin', 'tmax'] (type: list)
[21:06:52.962] [DEBUG] algorithm_name = MNESpectralConnectivityAlgorithm (type: str)
[21:06:52.962] [DEBUG] current_algorithm = MNESpectralConnectivityAlgorithm (type: str)
[21:06:52.962] [INFO] 发送请求: algorithm=MNESpectralConnectivityAlgorithm, data_items数量=1
[21:06:52.962] [INFO] ============================================================
[21:06:52.962] [INFO] _on_run_analysis 被调用
[21:06:52.962] [DEBUG] params_type = <class 'dict'> (type: type)
[21:06:52.962] [DEBUG] algorithm_name = MNESpectralConnectivityAlgorithm (type: str)
[21:06:52.962] [DEBUG] data_items_type = <class 'list'> (type: type)
[21:06:52.962] [DEBUG] data_items_len = 1 (type: int)
[21:06:52.962] [DEBUG] parameters_type = <class 'dict'> (type: type)
[21:06:52.962] [DEBUG] time_alignment_type = <class 'NoneType'> (type: type)
[21:06:52.962] [INFO] data_items[0] type: <class 'dict'>
[21:06:52.962] [INFO] data_items[0] keys: ['id', 'display_name', 'trial_name', 'data_type', 'description', 'time_range']
[21:06:52.962] [INFO] ============================================================
[21:06:52.963] [INFO] _run_analysis_async 被调用
[21:06:52.963] [DEBUG] algorithm_name = MNESpectralConnectivityAlgorithm (type: str)
[21:06:52.963] [DEBUG] data_items_type = <class 'list'> (type: type)
[21:06:52.963] [DEBUG] data_items_len = 1 (type: int)
[21:06:52.963] [DEBUG] parameters_keys = ['method', 'freq_min', 'freq_max', 'n_freqs', 'tmin', 'tmax'] (type: list)
[21:06:52.963] [INFO] data_items[0] type: <class 'dict'>
[21:06:52.963] [INFO] data_items[0] keys: ['id', 'display_name', 'trial_name', 'data_type', 'description', 'time_range']
