[21:17:04.421] [INFO] ============================================================
[21:17:04.421] [INFO] NeuroPrime 调试日志
[21:17:04.421] [INFO] 启动时间: 2026-04-19 21:17:04
[21:17:04.421] [INFO] Python版本: 3.10.10 (tags/v3.10.10:aad5f6a, Feb  7 2023, 17:20:36) [MSC v.1929 64 bit (AMD64)]
[21:17:04.421] [INFO] 日志文件: C:\Users\buaal\Desktop\NeuroPrime\logs\debug_20260419_211704.log
[21:17:04.421] [INFO] ============================================================
[21:17:06.412] [INFO] [Scheduler] Removed pycache directory: C:\Users\buaal\Desktop\NeuroPrime\custom_algorithms\__pycache__
[21:17:06.412] [INFO] [Scheduler] NEUROPRIME_ROOT = None
[21:17:06.412] [INFO] [Scheduler] Looking for custom algorithms in: C:\Users\buaal\Desktop\NeuroPrime\custom_algorithms
[21:17:06.412] [INFO] [Scheduler] Current working directory: C:\Users\buaal\Desktop\NeuroPrime
[21:17:06.412] [INFO] [Scheduler] Script directory: C:\Users\buaal\Desktop\NeuroPrime\src\algorithms
[21:17:06.412] [INFO] [Scheduler] Custom algorithms directory exists: C:\Users\buaal\Desktop\NeuroPrime\custom_algorithms
[21:17:06.412] [INFO] [Scheduler] Found 14 Python files: ['customalgorithm.py', 'customalgorithmnew.py', 'mnealgorithm.py', 'mnebadchanneldetectionalgorithm.py', 'mneerpalgorithm.py', 'mnefilteringalgorithm.py', 'mneicaalgorithm.py', 'mneresamplingalgorithm.py', 'mnesourcelocalizationalgorithm.py', 'mnetimefrequencyalgorithm.py', 'testscriptalgorithm.py', 'viewlfpdata.py', 'view_raw_lfp_data.py', '__init__.py']
[21:17:06.412] [INFO] [Scheduler] Loading custom algorithm from: C:\Users\buaal\Desktop\NeuroPrime\custom_algorithms\customalgorithm.py
[21:17:06.889] [INFO] [Scheduler] Loaded custom algorithm from ALGORITHM_INFO: CustomAlgorithm
[21:17:06.889] [ERROR] [Scheduler] Error loading custom algorithm from C:\Users\buaal\Desktop\NeuroPrime\custom_algorithms\customalgorithm.py: local variable 'found' referenced before assignment
[21:17:06.890] [ERROR] [Scheduler] Traceback: Traceback (most recent call last):
  File "C:\Users\buaal\Desktop\NeuroPrime\src\algorithms\scheduler.py", line 255, in _load_custom_algorithms
    if not found:
UnboundLocalError: local variable 'found' referenced before assignment

[21:17:06.890] [INFO] [Scheduler] Loading custom algorithm from: C:\Users\buaal\Desktop\NeuroPrime\custom_algorithms\customalgorithmnew.py
[21:17:06.896] [INFO] [Scheduler] Loaded custom algorithm from ALGORITHM_INFO: CustomAlgorithmNew
[21:17:06.896] [ERROR] [Scheduler] Error loading custom algorithm from C:\Users\buaal\Desktop\NeuroPrime\custom_algorithms\customalgorithmnew.py: local variable 'found' referenced before assignment
[21:17:06.896] [ERROR] [Scheduler] Traceback: Traceback (most recent call last):
  File "C:\Users\buaal\Desktop\NeuroPrime\src\algorithms\scheduler.py", line 255, in _load_custom_algorithms
    if not found:
UnboundLocalError: local variable 'found' referenced before assignment

[21:17:06.899] [INFO] [Scheduler] Loading custom algorithm from: C:\Users\buaal\Desktop\NeuroPrime\custom_algorithms\mnealgorithm.py
[21:17:06.947] [INFO] [Scheduler] Loaded custom algorithm from ALGORITHM_INFO: MNEAlgorithm
[21:17:06.947] [ERROR] [Scheduler] Error loading custom algorithm from C:\Users\buaal\Desktop\NeuroPrime\custom_algorithms\mnealgorithm.py: local variable 'found' referenced before assignment
[21:17:06.947] [ERROR] [Scheduler] Traceback: Traceback (most recent call last):
  File "C:\Users\buaal\Desktop\NeuroPrime\src\algorithms\scheduler.py", line 255, in _load_custom_algorithms
    if not found:
UnboundLocalError: local variable 'found' referenced before assignment

[21:17:06.947] [INFO] [Scheduler] Loading custom algorithm from: C:\Users\buaal\Desktop\NeuroPrime\custom_algorithms\mnebadchanneldetectionalgorithm.py
[21:17:06.954] [INFO] [Scheduler] Loaded custom algorithm from ALGORITHM_INFO: MNEBadChannelDetectionAlgorithm
[21:17:06.954] [ERROR] [Scheduler] Error loading custom algorithm from C:\Users\buaal\Desktop\NeuroPrime\custom_algorithms\mnebadchanneldetectionalgorithm.py: local variable 'found' referenced before assignment
[21:17:06.954] [ERROR] [Scheduler] Traceback: Traceback (most recent call last):
  File "C:\Users\buaal\Desktop\NeuroPrime\src\algorithms\scheduler.py", line 255, in _load_custom_algorithms
    if not found:
UnboundLocalError: local variable 'found' referenced before assignment

[21:17:06.954] [INFO] [Scheduler] Loading custom algorithm from: C:\Users\buaal\Desktop\NeuroPrime\custom_algorithms\mneerpalgorithm.py
[21:17:06.957] [INFO] [Scheduler] Loaded custom algorithm from ALGORITHM_INFO: MNEERPAlgorithm
[21:17:06.957] [ERROR] [Scheduler] Error loading custom algorithm from C:\Users\buaal\Desktop\NeuroPrime\custom_algorithms\mneerpalgorithm.py: local variable 'found' referenced before assignment
[21:17:06.957] [ERROR] [Scheduler] Traceback: Traceback (most recent call last):
  File "C:\Users\buaal\Desktop\NeuroPrime\src\algorithms\scheduler.py", line 255, in _load_custom_algorithms
    if not found:
UnboundLocalError: local variable 'found' referenced before assignment

[21:17:06.957] [INFO] [Scheduler] Loading custom algorithm from: C:\Users\buaal\Desktop\NeuroPrime\custom_algorithms\mnefilteringalgorithm.py
[21:17:06.965] [INFO] [Scheduler] Loaded custom algorithm from ALGORITHM_INFO: MNEFilteringAlgorithm
[21:17:06.965] [ERROR] [Scheduler] Error loading custom algorithm from C:\Users\buaal\Desktop\NeuroPrime\custom_algorithms\mnefilteringalgorithm.py: local variable 'found' referenced before assignment
[21:17:06.965] [ERROR] [Scheduler] Traceback: Traceback (most recent call last):
  File "C:\Users\buaal\Desktop\NeuroPrime\src\algorithms\scheduler.py", line 255, in _load_custom_algorithms
    if not found:
UnboundLocalError: local variable 'found' referenced before assignment

[21:17:06.965] [INFO] [Scheduler] Loading custom algorithm from: C:\Users\buaal\Desktop\NeuroPrime\custom_algorithms\mneicaalgorithm.py
[21:17:06.967] [INFO] [Scheduler] Loaded custom algorithm from ALGORITHM_INFO: MNEICAAlgorithm
[21:17:06.969] [ERROR] [Scheduler] Error loading custom algorithm from C:\Users\buaal\Desktop\NeuroPrime\custom_algorithms\mneicaalgorithm.py: local variable 'found' referenced before assignment
[21:17:06.969] [ERROR] [Scheduler] Traceback: Traceback (most recent call last):
  File "C:\Users\buaal\Desktop\NeuroPrime\src\algorithms\scheduler.py", line 255, in _load_custom_algorithms
    if not found:
UnboundLocalError: local variable 'found' referenced before assignment

[21:17:06.969] [INFO] [Scheduler] Loading custom algorithm from: C:\Users\buaal\Desktop\NeuroPrime\custom_algorithms\mneresamplingalgorithm.py
[21:17:06.974] [INFO] [Scheduler] Loaded custom algorithm from ALGORITHM_INFO: MNEResamplingAlgorithm
[21:17:06.974] [ERROR] [Scheduler] Error loading custom algorithm from C:\Users\buaal\Desktop\NeuroPrime\custom_algorithms\mneresamplingalgorithm.py: local variable 'found' referenced before assignment
[21:17:06.975] [ERROR] [Scheduler] Traceback: Traceback (most recent call last):
  File "C:\Users\buaal\Desktop\NeuroPrime\src\algorithms\scheduler.py", line 255, in _load_custom_algorithms
    if not found:
UnboundLocalError: local variable 'found' referenced before assignment

[21:17:06.975] [INFO] [Scheduler] Loading custom algorithm from: C:\Users\buaal\Desktop\NeuroPrime\custom_algorithms\mnesourcelocalizationalgorithm.py
[21:17:06.976] [INFO] [Scheduler] Loaded custom algorithm from ALGORITHM_INFO: MNESourceLocalizationAlgorithm
[21:17:06.976] [ERROR] [Scheduler] Error loading custom algorithm from C:\Users\buaal\Desktop\NeuroPrime\custom_algorithms\mnesourcelocalizationalgorithm.py: local variable 'found' referenced before assignment
[21:17:06.976] [ERROR] [Scheduler] Traceback: Traceback (most recent call last):
  File "C:\Users\buaal\Desktop\NeuroPrime\src\algorithms\scheduler.py", line 255, in _load_custom_algorithms
    if not found:
UnboundLocalError: local variable 'found' referenced before assignment

[21:17:06.976] [INFO] [Scheduler] Loading custom algorithm from: C:\Users\buaal\Desktop\NeuroPrime\custom_algorithms\mnetimefrequencyalgorithm.py
[21:17:06.980] [INFO] [Scheduler] Loaded custom algorithm from ALGORITHM_INFO: MNETimeFrequencyAlgorithm
[21:17:06.980] [ERROR] [Scheduler] Error loading custom algorithm from C:\Users\buaal\Desktop\NeuroPrime\custom_algorithms\mnetimefrequencyalgorithm.py: local variable 'found' referenced before assignment
[21:17:06.980] [ERROR] [Scheduler] Traceback: Traceback (most recent call last):
  File "C:\Users\buaal\Desktop\NeuroPrime\src\algorithms\scheduler.py", line 255, in _load_custom_algorithms
    if not found:
UnboundLocalError: local variable 'found' referenced before assignment

[21:17:06.980] [INFO] [Scheduler] Loading custom algorithm from: C:\Users\buaal\Desktop\NeuroPrime\custom_algorithms\testscriptalgorithm.py
[21:17:06.982] [INFO] [Scheduler] Loaded custom algorithm from ALGORITHM_INFO: TestScriptAlgorithm
[21:17:06.982] [ERROR] [Scheduler] Error loading custom algorithm from C:\Users\buaal\Desktop\NeuroPrime\custom_algorithms\testscriptalgorithm.py: local variable 'found' referenced before assignment
[21:17:06.984] [ERROR] [Scheduler] Traceback: Traceback (most recent call last):
  File "C:\Users\buaal\Desktop\NeuroPrime\src\algorithms\scheduler.py", line 255, in _load_custom_algorithms
    if not found:
UnboundLocalError: local variable 'found' referenced before assignment

[21:17:06.984] [INFO] [Scheduler] Loading custom algorithm from: C:\Users\buaal\Desktop\NeuroPrime\custom_algorithms\viewlfpdata.py
[21:17:06.987] [INFO] [Scheduler] Loaded custom algorithm from ALGORITHM_INFO: ViewLFPData
[21:17:06.987] [ERROR] [Scheduler] Error loading custom algorithm from C:\Users\buaal\Desktop\NeuroPrime\custom_algorithms\viewlfpdata.py: local variable 'found' referenced before assignment
[21:17:06.988] [ERROR] [Scheduler] Traceback: Traceback (most recent call last):
  File "C:\Users\buaal\Desktop\NeuroPrime\src\algorithms\scheduler.py", line 255, in _load_custom_algorithms
    if not found:
UnboundLocalError: local variable 'found' referenced before assignment

[21:17:06.988] [INFO] [Scheduler] Loading custom algorithm from: C:\Users\buaal\Desktop\NeuroPrime\custom_algorithms\view_raw_lfp_data.py
[21:17:06.992] [INFO] [Scheduler] Loaded custom algorithm from ALGORITHM_INFO: ViewRawLFPData
[21:17:06.992] [ERROR] [Scheduler] Error loading custom algorithm from C:\Users\buaal\Desktop\NeuroPrime\custom_algorithms\view_raw_lfp_data.py: local variable 'found' referenced before assignment
[21:17:06.992] [ERROR] [Scheduler] Traceback: Traceback (most recent call last):
  File "C:\Users\buaal\Desktop\NeuroPrime\src\algorithms\scheduler.py", line 255, in _load_custom_algorithms
    if not found:
UnboundLocalError: local variable 'found' referenced before assignment

