[23:19:24.410] [INFO] ============================================================
[23:19:24.411] [INFO] NeuroPrime 调试日志
[23:19:24.411] [INFO] 启动时间: 2026-04-21 23:19:24
[23:19:24.411] [INFO] Python版本: 3.10.10 (tags/v3.10.10:aad5f6a, Feb  7 2023, 17:20:36) [MSC v.1929 64 bit (AMD64)]
[23:19:24.411] [INFO] 日志文件: c:\Users\buaal\Desktop\NeuroPrime\logs\debug_20260421_231924.log
[23:19:24.411] [INFO] ============================================================
[23:19:25.951] [INFO] [Scheduler] Removed pycache directory: c:\Users\buaal\Desktop\NeuroPrime\custom_algorithms\__pycache__
[23:19:25.952] [INFO] [Scheduler] NEUROPRIME_ROOT = c:\Users\buaal\Desktop\NeuroPrime
[23:19:25.952] [INFO] [Scheduler] Looking for custom algorithms in: c:\Users\buaal\Desktop\NeuroPrime\custom_algorithms
[23:19:25.952] [INFO] [Scheduler] Current working directory: c:\Users\buaal\Desktop\NeuroPrime
[23:19:25.952] [INFO] [Scheduler] Script directory: c:\Users\buaal\Desktop\NeuroPrime\src\algorithms
[23:19:25.952] [INFO] [Scheduler] Custom algorithms directory exists: c:\Users\buaal\Desktop\NeuroPrime\custom_algorithms
[23:19:25.952] [INFO] [Scheduler] Found 21 Python files: ['customalgorithm.py', 'customalgorithmnew.py', 'mnealgorithm.py', 'mnebadchanneldetectionalgorithm.py', 'mnebeamformingalgorithm.py', 'mnedipolefittingalgorithm.py', 'mneeffectiveconnectivityalgorithm.py', 'mneerpalgorithm.py', 'mnefilteringalgorithm.py', 'mnefunctionalconnectivityalgorithm.py', 'mneicaalgorithm.py', 'mneicaartifactremovalalgorithm.py', 'mnepowerspectrumalgorithm.py', 'mneresamplingalgorithm.py', 'mnesourcelocalizationalgorithm.py', 'mnespectralconnectivityalgorithm.py', 'mnetimefrequencyalgorithm.py', 'testscriptalgorithm.py', 'viewlfpdata.py', 'view_raw_lfp_data.py', '__init__.py']
[23:19:25.953] [INFO] [Scheduler] Loading custom algorithm from: c:\Users\buaal\Desktop\NeuroPrime\custom_algorithms\customalgorithm.py
[23:19:26.300] [INFO] [Scheduler] Loaded custom algorithm from ALGORITHM_INFO: CustomAlgorithm
[23:19:26.300] [ERROR] [Scheduler] Error loading custom algorithm from c:\Users\buaal\Desktop\NeuroPrime\custom_algorithms\customalgorithm.py: local variable 'found' referenced before assignment
[23:19:26.300] [ERROR] [Scheduler] Traceback: Traceback (most recent call last):
  File "c:\Users\buaal\Desktop\NeuroPrime\src\algorithms\scheduler.py", line 257, in _load_custom_algorithms
    if not found:
UnboundLocalError: local variable 'found' referenced before assignment

[23:19:26.300] [INFO] [Scheduler] Loading custom algorithm from: c:\Users\buaal\Desktop\NeuroPrime\custom_algorithms\customalgorithmnew.py
[23:19:26.303] [INFO] [Scheduler] Loaded custom algorithm from ALGORITHM_INFO: CustomAlgorithmNew
[23:19:26.303] [ERROR] [Scheduler] Error loading custom algorithm from c:\Users\buaal\Desktop\NeuroPrime\custom_algorithms\customalgorithmnew.py: local variable 'found' referenced before assignment
[23:19:26.304] [ERROR] [Scheduler] Traceback: Traceback (most recent call last):
  File "c:\Users\buaal\Desktop\NeuroPrime\src\algorithms\scheduler.py", line 257, in _load_custom_algorithms
    if not found:
UnboundLocalError: local variable 'found' referenced before assignment

[23:19:26.304] [INFO] [Scheduler] Loading custom algorithm from: c:\Users\buaal\Desktop\NeuroPrime\custom_algorithms\mnealgorithm.py
[23:19:26.336] [INFO] [Scheduler] Loaded custom algorithm from ALGORITHM_INFO: MNEAlgorithm
[23:19:26.336] [ERROR] [Scheduler] Error loading custom algorithm from c:\Users\buaal\Desktop\NeuroPrime\custom_algorithms\mnealgorithm.py: local variable 'found' referenced before assignment
[23:19:26.337] [ERROR] [Scheduler] Traceback: Traceback (most recent call last):
  File "c:\Users\buaal\Desktop\NeuroPrime\src\algorithms\scheduler.py", line 257, in _load_custom_algorithms
    if not found:
UnboundLocalError: local variable 'found' referenced before assignment

[23:19:26.337] [INFO] [Scheduler] Loading custom algorithm from: c:\Users\buaal\Desktop\NeuroPrime\custom_algorithms\mnebadchanneldetectionalgorithm.py
[23:19:26.341] [INFO] [Scheduler] Loaded custom algorithm from ALGORITHM_INFO: MNEBadChannelDetectionAlgorithm
[23:19:26.341] [ERROR] [Scheduler] Error loading custom algorithm from c:\Users\buaal\Desktop\NeuroPrime\custom_algorithms\mnebadchanneldetectionalgorithm.py: local variable 'found' referenced before assignment
[23:19:26.341] [ERROR] [Scheduler] Traceback: Traceback (most recent call last):
  File "c:\Users\buaal\Desktop\NeuroPrime\src\algorithms\scheduler.py", line 257, in _load_custom_algorithms
    if not found:
UnboundLocalError: local variable 'found' referenced before assignment

[23:19:26.341] [INFO] [Scheduler] Loading custom algorithm from: c:\Users\buaal\Desktop\NeuroPrime\custom_algorithms\mnebeamformingalgorithm.py
[23:19:26.343] [INFO] [Scheduler] Loaded custom algorithm from ALGORITHM_INFO: MNEBeamformingAlgorithm
[23:19:26.343] [ERROR] [Scheduler] Error loading custom algorithm from c:\Users\buaal\Desktop\NeuroPrime\custom_algorithms\mnebeamformingalgorithm.py: local variable 'found' referenced before assignment
[23:19:26.343] [ERROR] [Scheduler] Traceback: Traceback (most recent call last):
  File "c:\Users\buaal\Desktop\NeuroPrime\src\algorithms\scheduler.py", line 257, in _load_custom_algorithms
    if not found:
UnboundLocalError: local variable 'found' referenced before assignment

[23:19:26.343] [INFO] [Scheduler] Loading custom algorithm from: c:\Users\buaal\Desktop\NeuroPrime\custom_algorithms\mnedipolefittingalgorithm.py
[23:19:26.346] [INFO] [Scheduler] Loaded custom algorithm from ALGORITHM_INFO: MNEDipoleFittingAlgorithm
[23:19:26.346] [ERROR] [Scheduler] Error loading custom algorithm from c:\Users\buaal\Desktop\NeuroPrime\custom_algorithms\mnedipolefittingalgorithm.py: local variable 'found' referenced before assignment
[23:19:26.346] [ERROR] [Scheduler] Traceback: Traceback (most recent call last):
  File "c:\Users\buaal\Desktop\NeuroPrime\src\algorithms\scheduler.py", line 257, in _load_custom_algorithms
    if not found:
UnboundLocalError: local variable 'found' referenced before assignment

[23:19:26.346] [INFO] [Scheduler] Loading custom algorithm from: c:\Users\buaal\Desktop\NeuroPrime\custom_algorithms\mneeffectiveconnectivityalgorithm.py
[23:19:26.351] [INFO] [Scheduler] Loaded custom algorithm from ALGORITHM_INFO: MNEEffectiveConnectivityAlgorithm
[23:19:26.351] [ERROR] [Scheduler] Error loading custom algorithm from c:\Users\buaal\Desktop\NeuroPrime\custom_algorithms\mneeffectiveconnectivityalgorithm.py: local variable 'found' referenced before assignment
[23:19:26.351] [ERROR] [Scheduler] Traceback: Traceback (most recent call last):
  File "c:\Users\buaal\Desktop\NeuroPrime\src\algorithms\scheduler.py", line 257, in _load_custom_algorithms
    if not found:
UnboundLocalError: local variable 'found' referenced before assignment

[23:19:26.351] [INFO] [Scheduler] Loading custom algorithm from: c:\Users\buaal\Desktop\NeuroPrime\custom_algorithms\mneerpalgorithm.py
[23:19:26.353] [INFO] [Scheduler] Loaded custom algorithm from ALGORITHM_INFO: MNEERPAlgorithm
[23:19:26.353] [ERROR] [Scheduler] Error loading custom algorithm from c:\Users\buaal\Desktop\NeuroPrime\custom_algorithms\mneerpalgorithm.py: local variable 'found' referenced before assignment
[23:19:26.354] [ERROR] [Scheduler] Traceback: Traceback (most recent call last):
  File "c:\Users\buaal\Desktop\NeuroPrime\src\algorithms\scheduler.py", line 257, in _load_custom_algorithms
    if not found:
UnboundLocalError: local variable 'found' referenced before assignment

[23:19:26.354] [INFO] [Scheduler] Loading custom algorithm from: c:\Users\buaal\Desktop\NeuroPrime\custom_algorithms\mnefilteringalgorithm.py
[23:19:26.356] [INFO] [Scheduler] Loaded custom algorithm from ALGORITHM_INFO: MNEFilteringAlgorithm
[23:19:26.356] [ERROR] [Scheduler] Error loading custom algorithm from c:\Users\buaal\Desktop\NeuroPrime\custom_algorithms\mnefilteringalgorithm.py: local variable 'found' referenced before assignment
[23:19:26.356] [ERROR] [Scheduler] Traceback: Traceback (most recent call last):
  File "c:\Users\buaal\Desktop\NeuroPrime\src\algorithms\scheduler.py", line 257, in _load_custom_algorithms
    if not found:
UnboundLocalError: local variable 'found' referenced before assignment

[23:19:26.357] [INFO] [Scheduler] Loading custom algorithm from: c:\Users\buaal\Desktop\NeuroPrime\custom_algorithms\mnefunctionalconnectivityalgorithm.py
[23:19:26.359] [INFO] [Scheduler] Loaded custom algorithm from ALGORITHM_INFO: MNEFunctionalConnectivityAlgorithm
[23:19:26.359] [ERROR] [Scheduler] Error loading custom algorithm from c:\Users\buaal\Desktop\NeuroPrime\custom_algorithms\mnefunctionalconnectivityalgorithm.py: local variable 'found' referenced before assignment
[23:19:26.359] [ERROR] [Scheduler] Traceback: Traceback (most recent call last):
  File "c:\Users\buaal\Desktop\NeuroPrime\src\algorithms\scheduler.py", line 257, in _load_custom_algorithms
    if not found:
UnboundLocalError: local variable 'found' referenced before assignment

[23:19:26.359] [INFO] [Scheduler] Loading custom algorithm from: c:\Users\buaal\Desktop\NeuroPrime\custom_algorithms\mneicaalgorithm.py
[23:19:26.361] [INFO] [Scheduler] Loaded custom algorithm from ALGORITHM_INFO: MNEICAAlgorithm
[23:19:26.361] [ERROR] [Scheduler] Error loading custom algorithm from c:\Users\buaal\Desktop\NeuroPrime\custom_algorithms\mneicaalgorithm.py: local variable 'found' referenced before assignment
[23:19:26.362] [ERROR] [Scheduler] Traceback: Traceback (most recent call last):
  File "c:\Users\buaal\Desktop\NeuroPrime\src\algorithms\scheduler.py", line 257, in _load_custom_algorithms
    if not found:
UnboundLocalError: local variable 'found' referenced before assignment

[23:19:26.362] [INFO] [Scheduler] Loading custom algorithm from: c:\Users\buaal\Desktop\NeuroPrime\custom_algorithms\mneicaartifactremovalalgorithm.py
[23:19:26.363] [INFO] [Scheduler] Loaded custom algorithm from ALGORITHM_INFO: MNEICAArtifactRemovalAlgorithm
[23:19:26.364] [ERROR] [Scheduler] Error loading custom algorithm from c:\Users\buaal\Desktop\NeuroPrime\custom_algorithms\mneicaartifactremovalalgorithm.py: local variable 'found' referenced before assignment
[23:19:26.364] [ERROR] [Scheduler] Traceback: Traceback (most recent call last):
  File "c:\Users\buaal\Desktop\NeuroPrime\src\algorithms\scheduler.py", line 257, in _load_custom_algorithms
    if not found:
UnboundLocalError: local variable 'found' referenced before assignment

[23:19:26.364] [INFO] [Scheduler] Loading custom algorithm from: c:\Users\buaal\Desktop\NeuroPrime\custom_algorithms\mnepowerspectrumalgorithm.py
[23:19:26.366] [INFO] [Scheduler] Loaded custom algorithm from ALGORITHM_INFO: MNEPowerSpectrumAlgorithm
[23:19:26.366] [ERROR] [Scheduler] Error loading custom algorithm from c:\Users\buaal\Desktop\NeuroPrime\custom_algorithms\mnepowerspectrumalgorithm.py: local variable 'found' referenced before assignment
[23:19:26.366] [ERROR] [Scheduler] Traceback: Traceback (most recent call last):
  File "c:\Users\buaal\Desktop\NeuroPrime\src\algorithms\scheduler.py", line 257, in _load_custom_algorithms
    if not found:
UnboundLocalError: local variable 'found' referenced before assignment

[23:19:26.366] [INFO] [Scheduler] Loading custom algorithm from: c:\Users\buaal\Desktop\NeuroPrime\custom_algorithms\mneresamplingalgorithm.py
[23:19:26.369] [INFO] [Scheduler] Loaded custom algorithm from ALGORITHM_INFO: MNEResamplingAlgorithm
[23:19:26.369] [ERROR] [Scheduler] Error loading custom algorithm from c:\Users\buaal\Desktop\NeuroPrime\custom_algorithms\mneresamplingalgorithm.py: local variable 'found' referenced before assignment
[23:19:26.370] [ERROR] [Scheduler] Traceback: Traceback (most recent call last):
  File "c:\Users\buaal\Desktop\NeuroPrime\src\algorithms\scheduler.py", line 257, in _load_custom_algorithms
    if not found:
UnboundLocalError: local variable 'found' referenced before assignment

[23:19:26.370] [INFO] [Scheduler] Loading custom algorithm from: c:\Users\buaal\Desktop\NeuroPrime\custom_algorithms\mnesourcelocalizationalgorithm.py
[23:19:26.373] [INFO] [Scheduler] Loaded custom algorithm from ALGORITHM_INFO: MNESourceLocalizationAlgorithm
[23:19:26.373] [ERROR] [Scheduler] Error loading custom algorithm from c:\Users\buaal\Desktop\NeuroPrime\custom_algorithms\mnesourcelocalizationalgorithm.py: local variable 'found' referenced before assignment
[23:19:26.373] [ERROR] [Scheduler] Traceback: Traceback (most recent call last):
  File "c:\Users\buaal\Desktop\NeuroPrime\src\algorithms\scheduler.py", line 257, in _load_custom_algorithms
    if not found:
UnboundLocalError: local variable 'found' referenced before assignment

[23:19:26.374] [INFO] [Scheduler] Loading custom algorithm from: c:\Users\buaal\Desktop\NeuroPrime\custom_algorithms\mnespectralconnectivityalgorithm.py
[23:19:26.376] [INFO] [Scheduler] Loaded custom algorithm from ALGORITHM_INFO: MNESpectralConnectivityAlgorithm
[23:19:26.376] [ERROR] [Scheduler] Error loading custom algorithm from c:\Users\buaal\Desktop\NeuroPrime\custom_algorithms\mnespectralconnectivityalgorithm.py: local variable 'found' referenced before assignment
[23:19:26.376] [ERROR] [Scheduler] Traceback: Traceback (most recent call last):
  File "c:\Users\buaal\Desktop\NeuroPrime\src\algorithms\scheduler.py", line 257, in _load_custom_algorithms
    if not found:
UnboundLocalError: local variable 'found' referenced before assignment

[23:19:26.376] [INFO] [Scheduler] Loading custom algorithm from: c:\Users\buaal\Desktop\NeuroPrime\custom_algorithms\mnetimefrequencyalgorithm.py
[23:19:26.379] [INFO] [Scheduler] Loaded custom algorithm from ALGORITHM_INFO: MNETimeFrequencyAlgorithm
[23:19:26.379] [ERROR] [Scheduler] Error loading custom algorithm from c:\Users\buaal\Desktop\NeuroPrime\custom_algorithms\mnetimefrequencyalgorithm.py: local variable 'found' referenced before assignment
[23:19:26.379] [ERROR] [Scheduler] Traceback: Traceback (most recent call last):
  File "c:\Users\buaal\Desktop\NeuroPrime\src\algorithms\scheduler.py", line 257, in _load_custom_algorithms
    if not found:
UnboundLocalError: local variable 'found' referenced before assignment

[23:19:26.379] [INFO] [Scheduler] Loading custom algorithm from: c:\Users\buaal\Desktop\NeuroPrime\custom_algorithms\testscriptalgorithm.py
[23:19:26.381] [INFO] [Scheduler] Loaded custom algorithm from ALGORITHM_INFO: TestScriptAlgorithm
[23:19:26.381] [ERROR] [Scheduler] Error loading custom algorithm from c:\Users\buaal\Desktop\NeuroPrime\custom_algorithms\testscriptalgorithm.py: local variable 'found' referenced before assignment
[23:19:26.381] [ERROR] [Scheduler] Traceback: Traceback (most recent call last):
  File "c:\Users\buaal\Desktop\NeuroPrime\src\algorithms\scheduler.py", line 257, in _load_custom_algorithms
    if not found:
UnboundLocalError: local variable 'found' referenced before assignment

[23:19:26.381] [INFO] [Scheduler] Loading custom algorithm from: c:\Users\buaal\Desktop\NeuroPrime\custom_algorithms\viewlfpdata.py
[23:19:26.383] [INFO] [Scheduler] Loaded custom algorithm from ALGORITHM_INFO: ViewLFPData
[23:19:26.383] [ERROR] [Scheduler] Error loading custom algorithm from c:\Users\buaal\Desktop\NeuroPrime\custom_algorithms\viewlfpdata.py: local variable 'found' referenced before assignment
[23:19:26.383] [ERROR] [Scheduler] Traceback: Traceback (most recent call last):
  File "c:\Users\buaal\Desktop\NeuroPrime\src\algorithms\scheduler.py", line 257, in _load_custom_algorithms
    if not found:
UnboundLocalError: local variable 'found' referenced before assignment

[23:19:26.383] [INFO] [Scheduler] Loading custom algorithm from: c:\Users\buaal\Desktop\NeuroPrime\custom_algorithms\view_raw_lfp_data.py
[23:19:26.386] [INFO] [Scheduler] Loaded custom algorithm from ALGORITHM_INFO: ViewRawLFPData
[23:19:26.386] [ERROR] [Scheduler] Error loading custom algorithm from c:\Users\buaal\Desktop\NeuroPrime\custom_algorithms\view_raw_lfp_data.py: local variable 'found' referenced before assignment
[23:19:26.387] [ERROR] [Scheduler] Traceback: Traceback (most recent call last):
  File "c:\Users\buaal\Desktop\NeuroPrime\src\algorithms\scheduler.py", line 257, in _load_custom_algorithms
    if not found:
UnboundLocalError: local variable 'found' referenced before assignment

[23:20:36.607] [INFO] [Scheduler] Removed pycache directory: c:\Users\buaal\Desktop\NeuroPrime\custom_algorithms\__pycache__
[23:20:36.607] [INFO] [Scheduler] NEUROPRIME_ROOT = c:\Users\buaal\Desktop\NeuroPrime
[23:20:36.607] [INFO] [Scheduler] Looking for custom algorithms in: c:\Users\buaal\Desktop\NeuroPrime\custom_algorithms
[23:20:36.607] [INFO] [Scheduler] Current working directory: c:\Users\buaal\Desktop\NeuroPrime
[23:20:36.607] [INFO] [Scheduler] Script directory: c:\Users\buaal\Desktop\NeuroPrime\src\algorithms
[23:20:36.607] [INFO] [Scheduler] Custom algorithms directory exists: c:\Users\buaal\Desktop\NeuroPrime\custom_algorithms
[23:20:36.607] [INFO] [Scheduler] Found 21 Python files: ['customalgorithm.py', 'customalgorithmnew.py', 'mnealgorithm.py', 'mnebadchanneldetectionalgorithm.py', 'mnebeamformingalgorithm.py', 'mnedipolefittingalgorithm.py', 'mneeffectiveconnectivityalgorithm.py', 'mneerpalgorithm.py', 'mnefilteringalgorithm.py', 'mnefunctionalconnectivityalgorithm.py', 'mneicaalgorithm.py', 'mneicaartifactremovalalgorithm.py', 'mnepowerspectrumalgorithm.py', 'mneresamplingalgorithm.py', 'mnesourcelocalizationalgorithm.py', 'mnespectralconnectivityalgorithm.py', 'mnetimefrequencyalgorithm.py', 'testscriptalgorithm.py', 'viewlfpdata.py', 'view_raw_lfp_data.py', '__init__.py']
[23:20:36.607] [INFO] [Scheduler] Loading custom algorithm from: c:\Users\buaal\Desktop\NeuroPrime\custom_algorithms\customalgorithm.py
[23:20:36.608] [INFO] [Scheduler] Loaded custom algorithm from ALGORITHM_INFO: CustomAlgorithm
[23:20:36.608] [ERROR] [Scheduler] Error loading custom algorithm from c:\Users\buaal\Desktop\NeuroPrime\custom_algorithms\customalgorithm.py: local variable 'found' referenced before assignment
[23:20:36.610] [ERROR] [Scheduler] Traceback: Traceback (most recent call last):
  File "c:\Users\buaal\Desktop\NeuroPrime\src\algorithms\scheduler.py", line 257, in _load_custom_algorithms
    if not found:
UnboundLocalError: local variable 'found' referenced before assignment

[23:20:36.610] [INFO] [Scheduler] Loading custom algorithm from: c:\Users\buaal\Desktop\NeuroPrime\custom_algorithms\customalgorithmnew.py
[23:20:36.611] [INFO] [Scheduler] Loaded custom algorithm from ALGORITHM_INFO: CustomAlgorithmNew
[23:20:36.611] [ERROR] [Scheduler] Error loading custom algorithm from c:\Users\buaal\Desktop\NeuroPrime\custom_algorithms\customalgorithmnew.py: local variable 'found' referenced before assignment
[23:20:36.611] [ERROR] [Scheduler] Traceback: Traceback (most recent call last):
  File "c:\Users\buaal\Desktop\NeuroPrime\src\algorithms\scheduler.py", line 257, in _load_custom_algorithms
    if not found:
UnboundLocalError: local variable 'found' referenced before assignment

[23:20:36.611] [INFO] [Scheduler] Loading custom algorithm from: c:\Users\buaal\Desktop\NeuroPrime\custom_algorithms\mnealgorithm.py
[23:20:36.639] [INFO] [Scheduler] Loaded custom algorithm from ALGORITHM_INFO: MNEAlgorithm
[23:20:36.639] [ERROR] [Scheduler] Error loading custom algorithm from c:\Users\buaal\Desktop\NeuroPrime\custom_algorithms\mnealgorithm.py: local variable 'found' referenced before assignment
[23:20:36.639] [ERROR] [Scheduler] Traceback: Traceback (most recent call last):
  File "c:\Users\buaal\Desktop\NeuroPrime\src\algorithms\scheduler.py", line 257, in _load_custom_algorithms
    if not found:
UnboundLocalError: local variable 'found' referenced before assignment

[23:20:36.639] [INFO] [Scheduler] Loading custom algorithm from: c:\Users\buaal\Desktop\NeuroPrime\custom_algorithms\mnebadchanneldetectionalgorithm.py
[23:20:36.639] [INFO] [Scheduler] Loaded custom algorithm from ALGORITHM_INFO: MNEBadChannelDetectionAlgorithm
[23:20:36.639] [ERROR] [Scheduler] Error loading custom algorithm from c:\Users\buaal\Desktop\NeuroPrime\custom_algorithms\mnebadchanneldetectionalgorithm.py: local variable 'found' referenced before assignment
[23:20:36.641] [ERROR] [Scheduler] Traceback: Traceback (most recent call last):
  File "c:\Users\buaal\Desktop\NeuroPrime\src\algorithms\scheduler.py", line 257, in _load_custom_algorithms
    if not found:
UnboundLocalError: local variable 'found' referenced before assignment

[23:20:36.641] [INFO] [Scheduler] Loading custom algorithm from: c:\Users\buaal\Desktop\NeuroPrime\custom_algorithms\mnebeamformingalgorithm.py
[23:20:36.643] [INFO] [Scheduler] Loaded custom algorithm from ALGORITHM_INFO: MNEBeamformingAlgorithm
[23:20:36.643] [ERROR] [Scheduler] Error loading custom algorithm from c:\Users\buaal\Desktop\NeuroPrime\custom_algorithms\mnebeamformingalgorithm.py: local variable 'found' referenced before assignment
[23:20:36.643] [ERROR] [Scheduler] Traceback: Traceback (most recent call last):
  File "c:\Users\buaal\Desktop\NeuroPrime\src\algorithms\scheduler.py", line 257, in _load_custom_algorithms
    if not found:
UnboundLocalError: local variable 'found' referenced before assignment

[23:20:36.643] [INFO] [Scheduler] Loading custom algorithm from: c:\Users\buaal\Desktop\NeuroPrime\custom_algorithms\mnedipolefittingalgorithm.py
[23:20:36.646] [INFO] [Scheduler] Loaded custom algorithm from ALGORITHM_INFO: MNEDipoleFittingAlgorithm
[23:20:36.646] [ERROR] [Scheduler] Error loading custom algorithm from c:\Users\buaal\Desktop\NeuroPrime\custom_algorithms\mnedipolefittingalgorithm.py: local variable 'found' referenced before assignment
[23:20:36.647] [ERROR] [Scheduler] Traceback: Traceback (most recent call last):
  File "c:\Users\buaal\Desktop\NeuroPrime\src\algorithms\scheduler.py", line 257, in _load_custom_algorithms
    if not found:
UnboundLocalError: local variable 'found' referenced before assignment

[23:20:36.647] [INFO] [Scheduler] Loading custom algorithm from: c:\Users\buaal\Desktop\NeuroPrime\custom_algorithms\mneeffectiveconnectivityalgorithm.py
[23:20:36.650] [INFO] [Scheduler] Loaded custom algorithm from ALGORITHM_INFO: MNEEffectiveConnectivityAlgorithm
[23:20:36.650] [ERROR] [Scheduler] Error loading custom algorithm from c:\Users\buaal\Desktop\NeuroPrime\custom_algorithms\mneeffectiveconnectivityalgorithm.py: local variable 'found' referenced before assignment
[23:20:36.650] [ERROR] [Scheduler] Traceback: Traceback (most recent call last):
  File "c:\Users\buaal\Desktop\NeuroPrime\src\algorithms\scheduler.py", line 257, in _load_custom_algorithms
    if not found:
UnboundLocalError: local variable 'found' referenced before assignment

[23:20:36.650] [INFO] [Scheduler] Loading custom algorithm from: c:\Users\buaal\Desktop\NeuroPrime\custom_algorithms\mneerpalgorithm.py
[23:20:36.652] [INFO] [Scheduler] Loaded custom algorithm from ALGORITHM_INFO: MNEERPAlgorithm
[23:20:36.652] [ERROR] [Scheduler] Error loading custom algorithm from c:\Users\buaal\Desktop\NeuroPrime\custom_algorithms\mneerpalgorithm.py: local variable 'found' referenced before assignment
[23:20:36.652] [ERROR] [Scheduler] Traceback: Traceback (most recent call last):
  File "c:\Users\buaal\Desktop\NeuroPrime\src\algorithms\scheduler.py", line 257, in _load_custom_algorithms
    if not found:
UnboundLocalError: local variable 'found' referenced before assignment

[23:20:36.652] [INFO] [Scheduler] Loading custom algorithm from: c:\Users\buaal\Desktop\NeuroPrime\custom_algorithms\mnefilteringalgorithm.py
[23:20:36.654] [INFO] [Scheduler] Loaded custom algorithm from ALGORITHM_INFO: MNEFilteringAlgorithm
[23:20:36.654] [ERROR] [Scheduler] Error loading custom algorithm from c:\Users\buaal\Desktop\NeuroPrime\custom_algorithms\mnefilteringalgorithm.py: local variable 'found' referenced before assignment
[23:20:36.654] [ERROR] [Scheduler] Traceback: Traceback (most recent call last):
  File "c:\Users\buaal\Desktop\NeuroPrime\src\algorithms\scheduler.py", line 257, in _load_custom_algorithms
    if not found:
UnboundLocalError: local variable 'found' referenced before assignment

[23:20:36.654] [INFO] [Scheduler] Loading custom algorithm from: c:\Users\buaal\Desktop\NeuroPrime\custom_algorithms\mnefunctionalconnectivityalgorithm.py
[23:20:36.657] [INFO] [Scheduler] Loaded custom algorithm from ALGORITHM_INFO: MNEFunctionalConnectivityAlgorithm
[23:20:36.657] [ERROR] [Scheduler] Error loading custom algorithm from c:\Users\buaal\Desktop\NeuroPrime\custom_algorithms\mnefunctionalconnectivityalgorithm.py: local variable 'found' referenced before assignment
[23:20:36.657] [ERROR] [Scheduler] Traceback: Traceback (most recent call last):
  File "c:\Users\buaal\Desktop\NeuroPrime\src\algorithms\scheduler.py", line 257, in _load_custom_algorithms
    if not found:
UnboundLocalError: local variable 'found' referenced before assignment

[23:20:36.657] [INFO] [Scheduler] Loading custom algorithm from: c:\Users\buaal\Desktop\NeuroPrime\custom_algorithms\mneicaalgorithm.py
[23:20:36.660] [INFO] [Scheduler] Loaded custom algorithm from ALGORITHM_INFO: MNEICAAlgorithm
[23:20:36.660] [ERROR] [Scheduler] Error loading custom algorithm from c:\Users\buaal\Desktop\NeuroPrime\custom_algorithms\mneicaalgorithm.py: local variable 'found' referenced before assignment
[23:20:36.660] [ERROR] [Scheduler] Traceback: Traceback (most recent call last):
  File "c:\Users\buaal\Desktop\NeuroPrime\src\algorithms\scheduler.py", line 257, in _load_custom_algorithms
    if not found:
UnboundLocalError: local variable 'found' referenced before assignment

[23:20:36.660] [INFO] [Scheduler] Loading custom algorithm from: c:\Users\buaal\Desktop\NeuroPrime\custom_algorithms\mneicaartifactremovalalgorithm.py
[23:20:36.662] [INFO] [Scheduler] Loaded custom algorithm from ALGORITHM_INFO: MNEICAArtifactRemovalAlgorithm
[23:20:36.662] [ERROR] [Scheduler] Error loading custom algorithm from c:\Users\buaal\Desktop\NeuroPrime\custom_algorithms\mneicaartifactremovalalgorithm.py: local variable 'found' referenced before assignment
[23:20:36.662] [ERROR] [Scheduler] Traceback: Traceback (most recent call last):
  File "c:\Users\buaal\Desktop\NeuroPrime\src\algorithms\scheduler.py", line 257, in _load_custom_algorithms
    if not found:
UnboundLocalError: local variable 'found' referenced before assignment

[23:20:36.663] [INFO] [Scheduler] Loading custom algorithm from: c:\Users\buaal\Desktop\NeuroPrime\custom_algorithms\mnepowerspectrumalgorithm.py
[23:20:36.664] [INFO] [Scheduler] Loaded custom algorithm from ALGORITHM_INFO: MNEPowerSpectrumAlgorithm
[23:20:36.664] [ERROR] [Scheduler] Error loading custom algorithm from c:\Users\buaal\Desktop\NeuroPrime\custom_algorithms\mnepowerspectrumalgorithm.py: local variable 'found' referenced before assignment
[23:20:36.664] [ERROR] [Scheduler] Traceback: Traceback (most recent call last):
  File "c:\Users\buaal\Desktop\NeuroPrime\src\algorithms\scheduler.py", line 257, in _load_custom_algorithms
    if not found:
UnboundLocalError: local variable 'found' referenced before assignment

[23:20:36.664] [INFO] [Scheduler] Loading custom algorithm from: c:\Users\buaal\Desktop\NeuroPrime\custom_algorithms\mneresamplingalgorithm.py
[23:20:36.665] [INFO] [Scheduler] Loaded custom algorithm from ALGORITHM_INFO: MNEResamplingAlgorithm
[23:20:36.667] [ERROR] [Scheduler] Error loading custom algorithm from c:\Users\buaal\Desktop\NeuroPrime\custom_algorithms\mneresamplingalgorithm.py: local variable 'found' referenced before assignment
[23:20:36.667] [ERROR] [Scheduler] Traceback: Traceback (most recent call last):
  File "c:\Users\buaal\Desktop\NeuroPrime\src\algorithms\scheduler.py", line 257, in _load_custom_algorithms
    if not found:
UnboundLocalError: local variable 'found' referenced before assignment

[23:20:36.667] [INFO] [Scheduler] Loading custom algorithm from: c:\Users\buaal\Desktop\NeuroPrime\custom_algorithms\mnesourcelocalizationalgorithm.py
[23:20:36.669] [INFO] [Scheduler] Loaded custom algorithm from ALGORITHM_INFO: MNESourceLocalizationAlgorithm
[23:20:36.669] [ERROR] [Scheduler] Error loading custom algorithm from c:\Users\buaal\Desktop\NeuroPrime\custom_algorithms\mnesourcelocalizationalgorithm.py: local variable 'found' referenced before assignment
[23:20:36.669] [ERROR] [Scheduler] Traceback: Traceback (most recent call last):
  File "c:\Users\buaal\Desktop\NeuroPrime\src\algorithms\scheduler.py", line 257, in _load_custom_algorithms
    if not found:
UnboundLocalError: local variable 'found' referenced before assignment

[23:20:36.669] [INFO] [Scheduler] Loading custom algorithm from: c:\Users\buaal\Desktop\NeuroPrime\custom_algorithms\mnespectralconnectivityalgorithm.py
[23:20:36.671] [INFO] [Scheduler] Loaded custom algorithm from ALGORITHM_INFO: MNESpectralConnectivityAlgorithm
[23:20:36.671] [ERROR] [Scheduler] Error loading custom algorithm from c:\Users\buaal\Desktop\NeuroPrime\custom_algorithms\mnespectralconnectivityalgorithm.py: local variable 'found' referenced before assignment
[23:20:36.671] [ERROR] [Scheduler] Traceback: Traceback (most recent call last):
  File "c:\Users\buaal\Desktop\NeuroPrime\src\algorithms\scheduler.py", line 257, in _load_custom_algorithms
    if not found:
UnboundLocalError: local variable 'found' referenced before assignment

[23:20:36.671] [INFO] [Scheduler] Loading custom algorithm from: c:\Users\buaal\Desktop\NeuroPrime\custom_algorithms\mnetimefrequencyalgorithm.py
[23:20:36.674] [INFO] [Scheduler] Loaded custom algorithm from ALGORITHM_INFO: MNETimeFrequencyAlgorithm
[23:20:36.674] [ERROR] [Scheduler] Error loading custom algorithm from c:\Users\buaal\Desktop\NeuroPrime\custom_algorithms\mnetimefrequencyalgorithm.py: local variable 'found' referenced before assignment
[23:20:36.674] [ERROR] [Scheduler] Traceback: Traceback (most recent call last):
  File "c:\Users\buaal\Desktop\NeuroPrime\src\algorithms\scheduler.py", line 257, in _load_custom_algorithms
    if not found:
UnboundLocalError: local variable 'found' referenced before assignment

[23:20:36.674] [INFO] [Scheduler] Loading custom algorithm from: c:\Users\buaal\Desktop\NeuroPrime\custom_algorithms\testscriptalgorithm.py
[23:20:36.675] [INFO] [Scheduler] Loaded custom algorithm from ALGORITHM_INFO: TestScriptAlgorithm
[23:20:36.675] [ERROR] [Scheduler] Error loading custom algorithm from c:\Users\buaal\Desktop\NeuroPrime\custom_algorithms\testscriptalgorithm.py: local variable 'found' referenced before assignment
[23:20:36.675] [ERROR] [Scheduler] Traceback: Traceback (most recent call last):
  File "c:\Users\buaal\Desktop\NeuroPrime\src\algorithms\scheduler.py", line 257, in _load_custom_algorithms
    if not found:
UnboundLocalError: local variable 'found' referenced before assignment

[23:20:36.675] [INFO] [Scheduler] Loading custom algorithm from: c:\Users\buaal\Desktop\NeuroPrime\custom_algorithms\viewlfpdata.py
[23:20:36.678] [INFO] [Scheduler] Loaded custom algorithm from ALGORITHM_INFO: ViewLFPData
[23:20:36.678] [ERROR] [Scheduler] Error loading custom algorithm from c:\Users\buaal\Desktop\NeuroPrime\custom_algorithms\viewlfpdata.py: local variable 'found' referenced before assignment
[23:20:36.678] [ERROR] [Scheduler] Traceback: Traceback (most recent call last):
  File "c:\Users\buaal\Desktop\NeuroPrime\src\algorithms\scheduler.py", line 257, in _load_custom_algorithms
    if not found:
UnboundLocalError: local variable 'found' referenced before assignment

[23:20:36.678] [INFO] [Scheduler] Loading custom algorithm from: c:\Users\buaal\Desktop\NeuroPrime\custom_algorithms\view_raw_lfp_data.py
[23:20:36.680] [INFO] [Scheduler] Loaded custom algorithm from ALGORITHM_INFO: ViewRawLFPData
[23:20:36.680] [ERROR] [Scheduler] Error loading custom algorithm from c:\Users\buaal\Desktop\NeuroPrime\custom_algorithms\view_raw_lfp_data.py: local variable 'found' referenced before assignment
[23:20:36.681] [ERROR] [Scheduler] Traceback: Traceback (most recent call last):
  File "c:\Users\buaal\Desktop\NeuroPrime\src\algorithms\scheduler.py", line 257, in _load_custom_algorithms
    if not found:
UnboundLocalError: local variable 'found' referenced before assignment

[23:20:38.729] [INFO] add_data_item 被调用
[23:20:38.729] [DEBUG] data_item_type = <class 'dict'> (type: type)
[23:20:39.596] [INFO] add_data_item 被调用
[23:20:39.597] [DEBUG] data_item_type = <class 'dict'> (type: type)
[23:20:42.811] [INFO] ============================================================
[23:20:42.811] [INFO] _on_run_clicked 被调用
[23:20:42.811] [INFO] _get_selected_data_items 被调用
[23:20:42.811] [DEBUG] selected_data_items_len = 2 (type: int)
[23:20:42.812] [DEBUG] selected_data_items_0_type = <class 'dict'> (type: type)
[23:20:42.812] [DEBUG] selected_data_items_1_type = <class 'dict'> (type: type)
[23:20:42.812] [INFO] 返回 2 个有效数据项
[23:20:42.812] [DEBUG] selected_data_type = <class 'list'> (type: type)
[23:20:42.812] [DEBUG] selected_data_len = 2 (type: int)
[23:20:42.812] [DEBUG] item_0_type = <class 'dict'> (type: type)
[23:20:42.812] [INFO] item[0] keys: ['id', 'display_name', 'trial_name', 'data_type', 'description', 'time_range']
[23:20:42.812] [DEBUG] item_1_type = <class 'dict'> (type: type)
[23:20:42.812] [INFO] item[1] keys: ['id', 'display_name', 'trial_name', 'data_type', 'description', 'time_range']
[23:20:42.812] [DEBUG] parameters_keys = ['solver', 'shrinkage', 'shrinkage_value', 'n_components', 'test_size', 'cv_folds', 'random_state', 'feature_type'] (type: list)
[23:20:42.812] [DEBUG] algorithm_name = LDADecoder (type: str)
[23:20:42.812] [DEBUG] current_algorithm = LDADecoder (type: str)
[23:20:42.812] [INFO] 发送请求: algorithm=LDADecoder, data_items数量=2
[23:20:42.812] [INFO] ============================================================
[23:20:42.812] [INFO] _on_run_analysis 被调用
[23:20:42.812] [DEBUG] params_type = <class 'dict'> (type: type)
[23:20:42.812] [DEBUG] algorithm_name = LDADecoder (type: str)
[23:20:42.812] [DEBUG] data_items_type = <class 'list'> (type: type)
[23:20:42.812] [DEBUG] data_items_len = 2 (type: int)
[23:20:42.812] [DEBUG] parameters_type = <class 'dict'> (type: type)
[23:20:42.812] [DEBUG] time_alignment_type = <class 'NoneType'> (type: type)
[23:20:42.812] [INFO] data_items[0] type: <class 'dict'>
[23:20:42.812] [INFO] data_items[0] keys: ['id', 'display_name', 'trial_name', 'data_type', 'description', 'time_range']
[23:20:42.820] [INFO] [Scheduler] Removed pycache directory: c:\Users\buaal\Desktop\NeuroPrime\custom_algorithms\__pycache__
[23:20:42.820] [INFO] [Scheduler] NEUROPRIME_ROOT = c:\Users\buaal\Desktop\NeuroPrime
[23:20:42.820] [INFO] [Scheduler] Looking for custom algorithms in: c:\Users\buaal\Desktop\NeuroPrime\custom_algorithms
[23:20:42.820] [INFO] [Scheduler] Current working directory: c:\Users\buaal\Desktop\NeuroPrime
[23:20:42.820] [INFO] [Scheduler] Script directory: c:\Users\buaal\Desktop\NeuroPrime\src\algorithms
[23:20:42.820] [INFO] [Scheduler] Custom algorithms directory exists: c:\Users\buaal\Desktop\NeuroPrime\custom_algorithms
[23:20:42.821] [INFO] [Scheduler] Found 21 Python files: ['customalgorithm.py', 'customalgorithmnew.py', 'mnealgorithm.py', 'mnebadchanneldetectionalgorithm.py', 'mnebeamformingalgorithm.py', 'mnedipolefittingalgorithm.py', 'mneeffectiveconnectivityalgorithm.py', 'mneerpalgorithm.py', 'mnefilteringalgorithm.py', 'mnefunctionalconnectivityalgorithm.py', 'mneicaalgorithm.py', 'mneicaartifactremovalalgorithm.py', 'mnepowerspectrumalgorithm.py', 'mneresamplingalgorithm.py', 'mnesourcelocalizationalgorithm.py', 'mnespectralconnectivityalgorithm.py', 'mnetimefrequencyalgorithm.py', 'testscriptalgorithm.py', 'viewlfpdata.py', 'view_raw_lfp_data.py', '__init__.py']
[23:20:42.821] [INFO] [Scheduler] Loading custom algorithm from: c:\Users\buaal\Desktop\NeuroPrime\custom_algorithms\customalgorithm.py
[23:20:42.822] [INFO] [Scheduler] Loaded custom algorithm from ALGORITHM_INFO: CustomAlgorithm
[23:20:42.823] [ERROR] [Scheduler] Error loading custom algorithm from c:\Users\buaal\Desktop\NeuroPrime\custom_algorithms\customalgorithm.py: local variable 'found' referenced before assignment
[23:20:42.823] [ERROR] [Scheduler] Traceback: Traceback (most recent call last):
  File "c:\Users\buaal\Desktop\NeuroPrime\src\algorithms\scheduler.py", line 257, in _load_custom_algorithms
    if not found:
UnboundLocalError: local variable 'found' referenced before assignment

[23:20:42.823] [INFO] [Scheduler] Loading custom algorithm from: c:\Users\buaal\Desktop\NeuroPrime\custom_algorithms\customalgorithmnew.py
[23:20:42.824] [INFO] [Scheduler] Loaded custom algorithm from ALGORITHM_INFO: CustomAlgorithmNew
[23:20:42.824] [ERROR] [Scheduler] Error loading custom algorithm from c:\Users\buaal\Desktop\NeuroPrime\custom_algorithms\customalgorithmnew.py: local variable 'found' referenced before assignment
[23:20:42.825] [ERROR] [Scheduler] Traceback: Traceback (most recent call last):
  File "c:\Users\buaal\Desktop\NeuroPrime\src\algorithms\scheduler.py", line 257, in _load_custom_algorithms
    if not found:
UnboundLocalError: local variable 'found' referenced before assignment

[23:20:42.825] [INFO] [Scheduler] Loading custom algorithm from: c:\Users\buaal\Desktop\NeuroPrime\custom_algorithms\mnealgorithm.py
[23:20:42.852] [INFO] [Scheduler] Loaded custom algorithm from ALGORITHM_INFO: MNEAlgorithm
[23:20:42.853] [ERROR] [Scheduler] Error loading custom algorithm from c:\Users\buaal\Desktop\NeuroPrime\custom_algorithms\mnealgorithm.py: local variable 'found' referenced before assignment
[23:20:42.853] [ERROR] [Scheduler] Traceback: Traceback (most recent call last):
  File "c:\Users\buaal\Desktop\NeuroPrime\src\algorithms\scheduler.py", line 257, in _load_custom_algorithms
    if not found:
UnboundLocalError: local variable 'found' referenced before assignment

[23:20:42.853] [INFO] [Scheduler] Loading custom algorithm from: c:\Users\buaal\Desktop\NeuroPrime\custom_algorithms\mnebadchanneldetectionalgorithm.py
[23:20:42.856] [INFO] [Scheduler] Loaded custom algorithm from ALGORITHM_INFO: MNEBadChannelDetectionAlgorithm
[23:20:42.856] [ERROR] [Scheduler] Error loading custom algorithm from c:\Users\buaal\Desktop\NeuroPrime\custom_algorithms\mnebadchanneldetectionalgorithm.py: local variable 'found' referenced before assignment
[23:20:42.856] [ERROR] [Scheduler] Traceback: Traceback (most recent call last):
  File "c:\Users\buaal\Desktop\NeuroPrime\src\algorithms\scheduler.py", line 257, in _load_custom_algorithms
    if not found:
UnboundLocalError: local variable 'found' referenced before assignment

[23:20:42.856] [INFO] [Scheduler] Loading custom algorithm from: c:\Users\buaal\Desktop\NeuroPrime\custom_algorithms\mnebeamformingalgorithm.py
[23:20:42.858] [INFO] [Scheduler] Loaded custom algorithm from ALGORITHM_INFO: MNEBeamformingAlgorithm
[23:20:42.858] [ERROR] [Scheduler] Error loading custom algorithm from c:\Users\buaal\Desktop\NeuroPrime\custom_algorithms\mnebeamformingalgorithm.py: local variable 'found' referenced before assignment
[23:20:42.858] [ERROR] [Scheduler] Traceback: Traceback (most recent call last):
  File "c:\Users\buaal\Desktop\NeuroPrime\src\algorithms\scheduler.py", line 257, in _load_custom_algorithms
    if not found:
UnboundLocalError: local variable 'found' referenced before assignment

[23:20:42.858] [INFO] [Scheduler] Loading custom algorithm from: c:\Users\buaal\Desktop\NeuroPrime\custom_algorithms\mnedipolefittingalgorithm.py
[23:20:42.861] [INFO] [Scheduler] Loaded custom algorithm from ALGORITHM_INFO: MNEDipoleFittingAlgorithm
[23:20:42.861] [ERROR] [Scheduler] Error loading custom algorithm from c:\Users\buaal\Desktop\NeuroPrime\custom_algorithms\mnedipolefittingalgorithm.py: local variable 'found' referenced before assignment
[23:20:42.861] [ERROR] [Scheduler] Traceback: Traceback (most recent call last):
  File "c:\Users\buaal\Desktop\NeuroPrime\src\algorithms\scheduler.py", line 257, in _load_custom_algorithms
    if not found:
UnboundLocalError: local variable 'found' referenced before assignment

[23:20:42.862] [INFO] [Scheduler] Loading custom algorithm from: c:\Users\buaal\Desktop\NeuroPrime\custom_algorithms\mneeffectiveconnectivityalgorithm.py
[23:20:42.863] [INFO] [Scheduler] Loaded custom algorithm from ALGORITHM_INFO: MNEEffectiveConnectivityAlgorithm
[23:20:42.863] [ERROR] [Scheduler] Error loading custom algorithm from c:\Users\buaal\Desktop\NeuroPrime\custom_algorithms\mneeffectiveconnectivityalgorithm.py: local variable 'found' referenced before assignment
[23:20:42.863] [ERROR] [Scheduler] Traceback: Traceback (most recent call last):
  File "c:\Users\buaal\Desktop\NeuroPrime\src\algorithms\scheduler.py", line 257, in _load_custom_algorithms
    if not found:
UnboundLocalError: local variable 'found' referenced before assignment

[23:20:42.863] [INFO] [Scheduler] Loading custom algorithm from: c:\Users\buaal\Desktop\NeuroPrime\custom_algorithms\mneerpalgorithm.py
[23:20:42.867] [INFO] [Scheduler] Loaded custom algorithm from ALGORITHM_INFO: MNEERPAlgorithm
[23:20:42.867] [ERROR] [Scheduler] Error loading custom algorithm from c:\Users\buaal\Desktop\NeuroPrime\custom_algorithms\mneerpalgorithm.py: local variable 'found' referenced before assignment
[23:20:42.867] [ERROR] [Scheduler] Traceback: Traceback (most recent call last):
  File "c:\Users\buaal\Desktop\NeuroPrime\src\algorithms\scheduler.py", line 257, in _load_custom_algorithms
    if not found:
UnboundLocalError: local variable 'found' referenced before assignment

[23:20:42.867] [INFO] [Scheduler] Loading custom algorithm from: c:\Users\buaal\Desktop\NeuroPrime\custom_algorithms\mnefilteringalgorithm.py
[23:20:42.869] [INFO] [Scheduler] Loaded custom algorithm from ALGORITHM_INFO: MNEFilteringAlgorithm
[23:20:42.869] [ERROR] [Scheduler] Error loading custom algorithm from c:\Users\buaal\Desktop\NeuroPrime\custom_algorithms\mnefilteringalgorithm.py: local variable 'found' referenced before assignment
[23:20:42.869] [ERROR] [Scheduler] Traceback: Traceback (most recent call last):
  File "c:\Users\buaal\Desktop\NeuroPrime\src\algorithms\scheduler.py", line 257, in _load_custom_algorithms
    if not found:
UnboundLocalError: local variable 'found' referenced before assignment

[23:20:42.869] [INFO] [Scheduler] Loading custom algorithm from: c:\Users\buaal\Desktop\NeuroPrime\custom_algorithms\mnefunctionalconnectivityalgorithm.py
[23:20:42.871] [INFO] [Scheduler] Loaded custom algorithm from ALGORITHM_INFO: MNEFunctionalConnectivityAlgorithm
[23:20:42.871] [ERROR] [Scheduler] Error loading custom algorithm from c:\Users\buaal\Desktop\NeuroPrime\custom_algorithms\mnefunctionalconnectivityalgorithm.py: local variable 'found' referenced before assignment
[23:20:42.872] [ERROR] [Scheduler] Traceback: Traceback (most recent call last):
  File "c:\Users\buaal\Desktop\NeuroPrime\src\algorithms\scheduler.py", line 257, in _load_custom_algorithms
    if not found:
UnboundLocalError: local variable 'found' referenced before assignment

[23:20:42.872] [INFO] [Scheduler] Loading custom algorithm from: c:\Users\buaal\Desktop\NeuroPrime\custom_algorithms\mneicaalgorithm.py
[23:20:42.873] [INFO] [Scheduler] Loaded custom algorithm from ALGORITHM_INFO: MNEICAAlgorithm
[23:20:42.873] [ERROR] [Scheduler] Error loading custom algorithm from c:\Users\buaal\Desktop\NeuroPrime\custom_algorithms\mneicaalgorithm.py: local variable 'found' referenced before assignment
[23:20:42.873] [ERROR] [Scheduler] Traceback: Traceback (most recent call last):
  File "c:\Users\buaal\Desktop\NeuroPrime\src\algorithms\scheduler.py", line 257, in _load_custom_algorithms
    if not found:
UnboundLocalError: local variable 'found' referenced before assignment

[23:20:42.873] [INFO] [Scheduler] Loading custom algorithm from: c:\Users\buaal\Desktop\NeuroPrime\custom_algorithms\mneicaartifactremovalalgorithm.py
[23:20:42.875] [INFO] [Scheduler] Loaded custom algorithm from ALGORITHM_INFO: MNEICAArtifactRemovalAlgorithm
[23:20:42.875] [ERROR] [Scheduler] Error loading custom algorithm from c:\Users\buaal\Desktop\NeuroPrime\custom_algorithms\mneicaartifactremovalalgorithm.py: local variable 'found' referenced before assignment
[23:20:42.875] [ERROR] [Scheduler] Traceback: Traceback (most recent call last):
  File "c:\Users\buaal\Desktop\NeuroPrime\src\algorithms\scheduler.py", line 257, in _load_custom_algorithms
    if not found:
UnboundLocalError: local variable 'found' referenced before assignment

[23:20:42.875] [INFO] [Scheduler] Loading custom algorithm from: c:\Users\buaal\Desktop\NeuroPrime\custom_algorithms\mnepowerspectrumalgorithm.py
[23:20:42.877] [INFO] [Scheduler] Loaded custom algorithm from ALGORITHM_INFO: MNEPowerSpectrumAlgorithm
[23:20:42.877] [ERROR] [Scheduler] Error loading custom algorithm from c:\Users\buaal\Desktop\NeuroPrime\custom_algorithms\mnepowerspectrumalgorithm.py: local variable 'found' referenced before assignment
[23:20:42.877] [ERROR] [Scheduler] Traceback: Traceback (most recent call last):
  File "c:\Users\buaal\Desktop\NeuroPrime\src\algorithms\scheduler.py", line 257, in _load_custom_algorithms
    if not found:
UnboundLocalError: local variable 'found' referenced before assignment

[23:20:42.877] [INFO] [Scheduler] Loading custom algorithm from: c:\Users\buaal\Desktop\NeuroPrime\custom_algorithms\mneresamplingalgorithm.py
[23:20:42.880] [INFO] [Scheduler] Loaded custom algorithm from ALGORITHM_INFO: MNEResamplingAlgorithm
[23:20:42.880] [ERROR] [Scheduler] Error loading custom algorithm from c:\Users\buaal\Desktop\NeuroPrime\custom_algorithms\mneresamplingalgorithm.py: local variable 'found' referenced before assignment
[23:20:42.881] [ERROR] [Scheduler] Traceback: Traceback (most recent call last):
  File "c:\Users\buaal\Desktop\NeuroPrime\src\algorithms\scheduler.py", line 257, in _load_custom_algorithms
    if not found:
UnboundLocalError: local variable 'found' referenced before assignment

[23:20:42.881] [INFO] [Scheduler] Loading custom algorithm from: c:\Users\buaal\Desktop\NeuroPrime\custom_algorithms\mnesourcelocalizationalgorithm.py
[23:20:42.883] [INFO] [Scheduler] Loaded custom algorithm from ALGORITHM_INFO: MNESourceLocalizationAlgorithm
[23:20:42.883] [ERROR] [Scheduler] Error loading custom algorithm from c:\Users\buaal\Desktop\NeuroPrime\custom_algorithms\mnesourcelocalizationalgorithm.py: local variable 'found' referenced before assignment
[23:20:42.883] [ERROR] [Scheduler] Traceback: Traceback (most recent call last):
  File "c:\Users\buaal\Desktop\NeuroPrime\src\algorithms\scheduler.py", line 257, in _load_custom_algorithms
    if not found:
UnboundLocalError: local variable 'found' referenced before assignment

[23:20:42.886] [INFO] [Scheduler] Loading custom algorithm from: c:\Users\buaal\Desktop\NeuroPrime\custom_algorithms\mnespectralconnectivityalgorithm.py
[23:20:42.886] [INFO] [Scheduler] Loaded custom algorithm from ALGORITHM_INFO: MNESpectralConnectivityAlgorithm
[23:20:42.886] [ERROR] [Scheduler] Error loading custom algorithm from c:\Users\buaal\Desktop\NeuroPrime\custom_algorithms\mnespectralconnectivityalgorithm.py: local variable 'found' referenced before assignment
[23:20:42.886] [ERROR] [Scheduler] Traceback: Traceback (most recent call last):
  File "c:\Users\buaal\Desktop\NeuroPrime\src\algorithms\scheduler.py", line 257, in _load_custom_algorithms
    if not found:
UnboundLocalError: local variable 'found' referenced before assignment

[23:20:42.886] [INFO] [Scheduler] Loading custom algorithm from: c:\Users\buaal\Desktop\NeuroPrime\custom_algorithms\mnetimefrequencyalgorithm.py
[23:20:42.890] [INFO] [Scheduler] Loaded custom algorithm from ALGORITHM_INFO: MNETimeFrequencyAlgorithm
[23:20:42.890] [ERROR] [Scheduler] Error loading custom algorithm from c:\Users\buaal\Desktop\NeuroPrime\custom_algorithms\mnetimefrequencyalgorithm.py: local variable 'found' referenced before assignment
[23:20:42.891] [ERROR] [Scheduler] Traceback: Traceback (most recent call last):
  File "c:\Users\buaal\Desktop\NeuroPrime\src\algorithms\scheduler.py", line 257, in _load_custom_algorithms
    if not found:
UnboundLocalError: local variable 'found' referenced before assignment

[23:20:42.891] [INFO] [Scheduler] Loading custom algorithm from: c:\Users\buaal\Desktop\NeuroPrime\custom_algorithms\testscriptalgorithm.py
[23:20:42.893] [INFO] [Scheduler] Loaded custom algorithm from ALGORITHM_INFO: TestScriptAlgorithm
[23:20:42.893] [ERROR] [Scheduler] Error loading custom algorithm from c:\Users\buaal\Desktop\NeuroPrime\custom_algorithms\testscriptalgorithm.py: local variable 'found' referenced before assignment
[23:20:42.893] [ERROR] [Scheduler] Traceback: Traceback (most recent call last):
  File "c:\Users\buaal\Desktop\NeuroPrime\src\algorithms\scheduler.py", line 257, in _load_custom_algorithms
    if not found:
UnboundLocalError: local variable 'found' referenced before assignment

[23:20:42.893] [INFO] [Scheduler] Loading custom algorithm from: c:\Users\buaal\Desktop\NeuroPrime\custom_algorithms\viewlfpdata.py
[23:20:42.895] [INFO] [Scheduler] Loaded custom algorithm from ALGORITHM_INFO: ViewLFPData
[23:20:42.895] [ERROR] [Scheduler] Error loading custom algorithm from c:\Users\buaal\Desktop\NeuroPrime\custom_algorithms\viewlfpdata.py: local variable 'found' referenced before assignment
[23:20:42.895] [ERROR] [Scheduler] Traceback: Traceback (most recent call last):
  File "c:\Users\buaal\Desktop\NeuroPrime\src\algorithms\scheduler.py", line 257, in _load_custom_algorithms
    if not found:
UnboundLocalError: local variable 'found' referenced before assignment

[23:20:42.895] [INFO] [Scheduler] Loading custom algorithm from: c:\Users\buaal\Desktop\NeuroPrime\custom_algorithms\view_raw_lfp_data.py
[23:20:42.899] [INFO] [Scheduler] Loaded custom algorithm from ALGORITHM_INFO: ViewRawLFPData
[23:20:42.899] [ERROR] [Scheduler] Error loading custom algorithm from c:\Users\buaal\Desktop\NeuroPrime\custom_algorithms\view_raw_lfp_data.py: local variable 'found' referenced before assignment
[23:20:42.899] [ERROR] [Scheduler] Traceback: Traceback (most recent call last):
  File "c:\Users\buaal\Desktop\NeuroPrime\src\algorithms\scheduler.py", line 257, in _load_custom_algorithms
    if not found:
UnboundLocalError: local variable 'found' referenced before assignment

[23:20:42.899] [INFO] ============================================================
[23:20:42.899] [INFO] _run_analysis_async 被调用
[23:20:42.899] [DEBUG] algorithm_name = LDADecoder (type: str)
[23:20:42.899] [DEBUG] data_items_type = <class 'list'> (type: type)
[23:20:42.899] [DEBUG] data_items_len = 2 (type: int)
[23:20:42.899] [DEBUG] parameters_keys = ['solver', 'shrinkage', 'shrinkage_value', 'n_components', 'test_size', 'cv_folds', 'random_state', 'feature_type'] (type: list)
[23:20:42.899] [INFO] data_items[0] type: <class 'dict'>
[23:20:42.899] [INFO] data_items[0] keys: ['id', 'display_name', 'trial_name', 'data_type', 'description', 'time_range']
