[18:06:34.165] [INFO] ============================================================
[18:06:34.165] [INFO] NeuroPrime 调试日志
[18:06:34.165] [INFO] 启动时间: 2026-04-16 18:06:34
[18:06:34.165] [INFO] Python版本: 3.10.10 (tags/v3.10.10:aad5f6a, Feb  7 2023, 17:20:36) [MSC v.1929 64 bit (AMD64)]
[18:06:34.165] [INFO] 日志文件: C:\Users\buaal\Desktop\NeuroPrime\logs\debug_20260416_180634.log
[18:06:34.165] [INFO] ============================================================
[18:06:35.246] [INFO] [Scheduler] Removed pycache directory: C:\Users\buaal\Desktop\NeuroPrime\custom_algorithms\__pycache__
[18:06:35.247] [INFO] [Scheduler] NEUROPRIME_ROOT = None
[18:06:35.247] [INFO] [Scheduler] Looking for custom algorithms in: C:\Users\buaal\Desktop\NeuroPrime\custom_algorithms
[18:06:35.247] [INFO] [Scheduler] Current working directory: C:\Users\buaal\Desktop\NeuroPrime
[18:06:35.247] [INFO] [Scheduler] Script directory: C:\Users\buaal\Desktop\NeuroPrime\src\algorithms
[18:06:35.247] [INFO] [Scheduler] Custom algorithms directory exists: C:\Users\buaal\Desktop\NeuroPrime\custom_algorithms
[18:06:35.248] [INFO] [Scheduler] Found 13 Python files: ['aaaa.py', 'bbbb.py', 'cccc.py', 'customalgorithm.py', 'customalgorithmnew.py', 'customalgorithmtest.py', 'new.py', 'newnew.py', 'newnewnew.py', 'newnewnewnewnewn.py', 'testscriptalgorithm.py', 'view_raw_lfp_data.py', '__init__.py']
[18:06:35.248] [INFO] [Scheduler] Loading custom algorithm from: C:\Users\buaal\Desktop\NeuroPrime\custom_algorithms\aaaa.py
[18:06:35.250] [INFO] [Scheduler] Loaded custom algorithm from ALGORITHM_INFO: aaaa
[18:06:35.250] [INFO] [Scheduler] Searching for algorithm classes in C:\Users\buaal\Desktop\NeuroPrime\custom_algorithms\aaaa.py...
[18:06:35.250] [INFO] [Scheduler] Loaded custom algorithm: CustomAlgorithm
[18:06:35.250] [INFO] [Scheduler] Loading custom algorithm from: C:\Users\buaal\Desktop\NeuroPrime\custom_algorithms\bbbb.py
[18:06:35.625] [INFO] [Scheduler] Loaded custom algorithm from ALGORITHM_INFO: bbbb
[18:06:35.625] [INFO] [Scheduler] Searching for algorithm classes in C:\Users\buaal\Desktop\NeuroPrime\custom_algorithms\bbbb.py...
[18:06:35.632] [INFO] [Scheduler] Loaded custom algorithm: CustomAlgorithm
[18:06:35.632] [INFO] [Scheduler] Loading custom algorithm from: C:\Users\buaal\Desktop\NeuroPrime\custom_algorithms\cccc.py
[18:06:35.635] [INFO] [Scheduler] Loaded custom algorithm from ALGORITHM_INFO: cccc
[18:06:35.635] [INFO] [Scheduler] Searching for algorithm classes in C:\Users\buaal\Desktop\NeuroPrime\custom_algorithms\cccc.py...
[18:06:35.635] [INFO] [Scheduler] Loaded custom algorithm: CustomAlgorithm
[18:06:35.635] [INFO] [Scheduler] Loading custom algorithm from: C:\Users\buaal\Desktop\NeuroPrime\custom_algorithms\customalgorithm.py
[18:06:35.636] [INFO] [Scheduler] Loaded custom algorithm from ALGORITHM_INFO: CustomAlgorithm
[18:06:35.636] [INFO] [Scheduler] Searching for algorithm classes in C:\Users\buaal\Desktop\NeuroPrime\custom_algorithms\customalgorithm.py...
[18:06:35.636] [INFO] [Scheduler] Loaded custom algorithm: CustomAlgorithm
[18:06:35.636] [INFO] [Scheduler] Loading custom algorithm from: C:\Users\buaal\Desktop\NeuroPrime\custom_algorithms\customalgorithmnew.py
[18:06:35.640] [INFO] [Scheduler] Loaded custom algorithm from ALGORITHM_INFO: CustomAlgorithmNew
[18:06:35.640] [INFO] [Scheduler] Searching for algorithm classes in C:\Users\buaal\Desktop\NeuroPrime\custom_algorithms\customalgorithmnew.py...
[18:06:35.640] [INFO] [Scheduler] Loaded custom algorithm: CustomAlgorithm
[18:06:35.640] [INFO] [Scheduler] Loading custom algorithm from: C:\Users\buaal\Desktop\NeuroPrime\custom_algorithms\customalgorithmtest.py
[18:06:35.646] [INFO] [Scheduler] Loaded custom algorithm from ALGORITHM_INFO: CustomAlgorithmTest
[18:06:35.646] [INFO] [Scheduler] Searching for algorithm classes in C:\Users\buaal\Desktop\NeuroPrime\custom_algorithms\customalgorithmtest.py...
[18:06:35.646] [INFO] [Scheduler] Loaded custom algorithm: CustomAlgorithm
[18:06:35.646] [INFO] [Scheduler] Loading custom algorithm from: C:\Users\buaal\Desktop\NeuroPrime\custom_algorithms\new.py
[18:06:35.649] [INFO] [Scheduler] Loaded custom algorithm from ALGORITHM_INFO: New
[18:06:35.650] [INFO] [Scheduler] Searching for algorithm classes in C:\Users\buaal\Desktop\NeuroPrime\custom_algorithms\new.py...
[18:06:35.650] [INFO] [Scheduler] Loaded custom algorithm: CustomAlgorithm
[18:06:35.650] [INFO] [Scheduler] Loading custom algorithm from: C:\Users\buaal\Desktop\NeuroPrime\custom_algorithms\newnew.py
[18:06:35.651] [INFO] [Scheduler] Loaded custom algorithm from ALGORITHM_INFO: newnew
[18:06:35.651] [INFO] [Scheduler] Searching for algorithm classes in C:\Users\buaal\Desktop\NeuroPrime\custom_algorithms\newnew.py...
[18:06:35.651] [INFO] [Scheduler] Loaded custom algorithm: CustomAlgorithm
[18:06:35.652] [INFO] [Scheduler] Loading custom algorithm from: C:\Users\buaal\Desktop\NeuroPrime\custom_algorithms\newnewnew.py
[18:06:35.653] [INFO] [Scheduler] Loaded custom algorithm from ALGORITHM_INFO: newnewnew
[18:06:35.653] [INFO] [Scheduler] Searching for algorithm classes in C:\Users\buaal\Desktop\NeuroPrime\custom_algorithms\newnewnew.py...
[18:06:35.653] [INFO] [Scheduler] Loaded custom algorithm: CustomAlgorithm
[18:06:35.653] [INFO] [Scheduler] Loading custom algorithm from: C:\Users\buaal\Desktop\NeuroPrime\custom_algorithms\newnewnewnewnewn.py
[18:06:35.653] [INFO] [Scheduler] Loaded custom algorithm from ALGORITHM_INFO: newnewnewnewnewn
[18:06:35.653] [INFO] [Scheduler] Searching for algorithm classes in C:\Users\buaal\Desktop\NeuroPrime\custom_algorithms\newnewnewnewnewn.py...
[18:06:35.656] [INFO] [Scheduler] Loaded custom algorithm: CustomAlgorithm
[18:06:35.656] [INFO] [Scheduler] Loading custom algorithm from: C:\Users\buaal\Desktop\NeuroPrime\custom_algorithms\testscriptalgorithm.py
[18:06:35.659] [INFO] [Scheduler] Loaded custom algorithm from ALGORITHM_INFO: TestScriptAlgorithm
[18:06:35.659] [INFO] [Scheduler] Searching for algorithm classes in C:\Users\buaal\Desktop\NeuroPrime\custom_algorithms\testscriptalgorithm.py...
[18:06:35.659] [INFO] [Scheduler] Loaded custom algorithm: CustomAlgorithm
[18:06:35.659] [INFO] [Scheduler] Loading custom algorithm from: C:\Users\buaal\Desktop\NeuroPrime\custom_algorithms\view_raw_lfp_data.py
[18:06:35.663] [INFO] [Scheduler] Loaded custom algorithm from ALGORITHM_INFO: ViewRawLFPData
[18:06:35.663] [INFO] [Scheduler] Searching for algorithm classes in C:\Users\buaal\Desktop\NeuroPrime\custom_algorithms\view_raw_lfp_data.py...
[18:06:35.663] [INFO] [Scheduler] Loaded custom algorithm: ViewRawLFPData
