[21:28:25.985] [INFO] ============================================================
[21:28:25.985] [INFO] NeuroPrime 调试日志
[21:28:25.985] [INFO] 启动时间: 2026-04-18 21:28:25
[21:28:25.985] [INFO] Python版本: 3.10.10 (tags/v3.10.10:aad5f6a, Feb  7 2023, 17:20:36) [MSC v.1929 64 bit (AMD64)]
[21:28:25.986] [INFO] 日志文件: c:\Users\buaal\Desktop\NeuroPrime\logs\debug_20260418_212825.log
[21:28:25.986] [INFO] ============================================================
[21:28:27.874] [INFO] [Scheduler] Removed pycache directory: c:\Users\buaal\Desktop\NeuroPrime\custom_algorithms\__pycache__
[21:28:27.876] [INFO] [Scheduler] NEUROPRIME_ROOT = c:\Users\buaal\Desktop\NeuroPrime
[21:28:27.876] [INFO] [Scheduler] Looking for custom algorithms in: c:\Users\buaal\Desktop\NeuroPrime\custom_algorithms
[21:28:27.876] [INFO] [Scheduler] Current working directory: c:\Users\buaal\Desktop\NeuroPrime
[21:28:27.876] [INFO] [Scheduler] Script directory: c:\Users\buaal\Desktop\NeuroPrime\src\algorithms
[21:28:27.876] [INFO] [Scheduler] Custom algorithms directory exists: c:\Users\buaal\Desktop\NeuroPrime\custom_algorithms
[21:28:27.877] [INFO] [Scheduler] Found 8 Python files: ['customalgorithm.py', 'customalgorithmnew.py', 'mnebasicalgorithm.py', 'mneicaalgorithm.py', 'testscriptalgorithm.py', 'viewlfpdata.py', 'view_raw_lfp_data.py', '__init__.py']
[21:28:27.877] [INFO] [Scheduler] Loading custom algorithm from: c:\Users\buaal\Desktop\NeuroPrime\custom_algorithms\customalgorithm.py
[21:28:28.258] [INFO] [Scheduler] Loaded custom algorithm from ALGORITHM_INFO: CustomAlgorithm
[21:28:28.258] [ERROR] [Scheduler] Error loading custom algorithm from c:\Users\buaal\Desktop\NeuroPrime\custom_algorithms\customalgorithm.py: local variable 'found' referenced before assignment
[21:28:28.258] [ERROR] [Scheduler] Traceback: Traceback (most recent call last):
  File "c:\Users\buaal\Desktop\NeuroPrime\src\algorithms\scheduler.py", line 255, in _load_custom_algorithms
    if not found:
UnboundLocalError: local variable 'found' referenced before assignment

[21:28:28.258] [INFO] [Scheduler] Loading custom algorithm from: c:\Users\buaal\Desktop\NeuroPrime\custom_algorithms\customalgorithmnew.py
[21:28:28.261] [INFO] [Scheduler] Loaded custom algorithm from ALGORITHM_INFO: CustomAlgorithmNew
[21:28:28.261] [ERROR] [Scheduler] Error loading custom algorithm from c:\Users\buaal\Desktop\NeuroPrime\custom_algorithms\customalgorithmnew.py: local variable 'found' referenced before assignment
[21:28:28.261] [ERROR] [Scheduler] Traceback: Traceback (most recent call last):
  File "c:\Users\buaal\Desktop\NeuroPrime\src\algorithms\scheduler.py", line 255, in _load_custom_algorithms
    if not found:
UnboundLocalError: local variable 'found' referenced before assignment

[21:28:28.261] [INFO] [Scheduler] Loading custom algorithm from: c:\Users\buaal\Desktop\NeuroPrime\custom_algorithms\mnebasicalgorithm.py
[21:28:28.306] [INFO] [Scheduler] Loaded custom algorithm from ALGORITHM_INFO: MNEBasicAlgorithm
[21:28:28.306] [ERROR] [Scheduler] Error loading custom algorithm from c:\Users\buaal\Desktop\NeuroPrime\custom_algorithms\mnebasicalgorithm.py: local variable 'found' referenced before assignment
[21:28:28.306] [ERROR] [Scheduler] Traceback: Traceback (most recent call last):
  File "c:\Users\buaal\Desktop\NeuroPrime\src\algorithms\scheduler.py", line 255, in _load_custom_algorithms
    if not found:
UnboundLocalError: local variable 'found' referenced before assignment

[21:28:28.306] [INFO] [Scheduler] Loading custom algorithm from: c:\Users\buaal\Desktop\NeuroPrime\custom_algorithms\mneicaalgorithm.py
[21:28:28.311] [INFO] [Scheduler] Loaded custom algorithm from ALGORITHM_INFO: MNEICAAlgorithm
[21:28:28.311] [ERROR] [Scheduler] Error loading custom algorithm from c:\Users\buaal\Desktop\NeuroPrime\custom_algorithms\mneicaalgorithm.py: local variable 'found' referenced before assignment
[21:28:28.312] [ERROR] [Scheduler] Traceback: Traceback (most recent call last):
  File "c:\Users\buaal\Desktop\NeuroPrime\src\algorithms\scheduler.py", line 255, in _load_custom_algorithms
    if not found:
UnboundLocalError: local variable 'found' referenced before assignment

[21:28:28.312] [INFO] [Scheduler] Loading custom algorithm from: c:\Users\buaal\Desktop\NeuroPrime\custom_algorithms\testscriptalgorithm.py
[21:28:28.316] [INFO] [Scheduler] Loaded custom algorithm from ALGORITHM_INFO: TestScriptAlgorithm
[21:28:28.316] [ERROR] [Scheduler] Error loading custom algorithm from c:\Users\buaal\Desktop\NeuroPrime\custom_algorithms\testscriptalgorithm.py: local variable 'found' referenced before assignment
[21:28:28.316] [ERROR] [Scheduler] Traceback: Traceback (most recent call last):
  File "c:\Users\buaal\Desktop\NeuroPrime\src\algorithms\scheduler.py", line 255, in _load_custom_algorithms
    if not found:
UnboundLocalError: local variable 'found' referenced before assignment

[21:28:28.316] [INFO] [Scheduler] Loading custom algorithm from: c:\Users\buaal\Desktop\NeuroPrime\custom_algorithms\viewlfpdata.py
[21:28:28.319] [INFO] [Scheduler] Loaded custom algorithm from ALGORITHM_INFO: ViewLFPData
[21:28:28.319] [ERROR] [Scheduler] Error loading custom algorithm from c:\Users\buaal\Desktop\NeuroPrime\custom_algorithms\viewlfpdata.py: local variable 'found' referenced before assignment
[21:28:28.319] [ERROR] [Scheduler] Traceback: Traceback (most recent call last):
  File "c:\Users\buaal\Desktop\NeuroPrime\src\algorithms\scheduler.py", line 255, in _load_custom_algorithms
    if not found:
UnboundLocalError: local variable 'found' referenced before assignment

[21:28:28.319] [INFO] [Scheduler] Loading custom algorithm from: c:\Users\buaal\Desktop\NeuroPrime\custom_algorithms\view_raw_lfp_data.py
[21:28:28.324] [INFO] [Scheduler] Loaded custom algorithm from ALGORITHM_INFO: ViewRawLFPData
[21:28:28.324] [ERROR] [Scheduler] Error loading custom algorithm from c:\Users\buaal\Desktop\NeuroPrime\custom_algorithms\view_raw_lfp_data.py: local variable 'found' referenced before assignment
[21:28:28.325] [ERROR] [Scheduler] Traceback: Traceback (most recent call last):
  File "c:\Users\buaal\Desktop\NeuroPrime\src\algorithms\scheduler.py", line 255, in _load_custom_algorithms
    if not found:
UnboundLocalError: local variable 'found' referenced before assignment

[21:28:37.189] [INFO] add_data_item 被调用
[21:28:37.189] [DEBUG] data_item_type = <class 'dict'> (type: type)
[21:28:37.189] [INFO] add_data_item 被调用
[21:28:37.189] [DEBUG] data_item_type = <class 'dict'> (type: type)
[21:28:37.189] [INFO] add_data_item 被调用
[21:28:37.189] [DEBUG] data_item_type = <class 'dict'> (type: type)
[21:28:37.189] [INFO] add_data_item 被调用
[21:28:37.189] [DEBUG] data_item_type = <class 'dict'> (type: type)
[21:28:37.812] [INFO] add_data_item 被调用
[21:28:37.812] [DEBUG] data_item_type = <class 'dict'> (type: type)
[21:28:39.852] [INFO] add_data_item 被调用
[21:28:39.852] [DEBUG] data_item_type = <class 'dict'> (type: type)
[21:28:40.954] [INFO] ============================================================
[21:28:40.954] [INFO] _populate_custom_algorithms started
[21:28:40.954] [INFO] Attempting to reload custom algorithms...
[21:28:40.955] [INFO] Removed module from cache: src.algorithms.base
[21:28:40.955] [INFO] Removed module from cache: src.algorithms.scheduler
[21:28:40.955] [INFO] Removed module from cache: src.algorithms.spike_detection
[21:28:40.955] [INFO] Removed module from cache: src.algorithms.lfp_analysis
[21:28:40.955] [INFO] Removed module from cache: src.algorithms.behavior_analysis
[21:28:40.955] [INFO] Removed module from cache: src.algorithms.decoding
[21:28:40.955] [INFO] Removed module from cache: src.algorithms
[21:28:40.958] [INFO] [Scheduler] Removed pycache directory: c:\Users\buaal\Desktop\NeuroPrime\custom_algorithms\__pycache__
[21:28:40.960] [INFO] [Scheduler] NEUROPRIME_ROOT = c:\Users\buaal\Desktop\NeuroPrime
[21:28:40.960] [INFO] [Scheduler] Looking for custom algorithms in: c:\Users\buaal\Desktop\NeuroPrime\custom_algorithms
[21:28:40.960] [INFO] [Scheduler] Current working directory: c:\Users\buaal\Desktop\NeuroPrime
[21:28:40.960] [INFO] [Scheduler] Script directory: c:\Users\buaal\Desktop\NeuroPrime\src\algorithms
[21:28:40.960] [INFO] [Scheduler] Custom algorithms directory exists: c:\Users\buaal\Desktop\NeuroPrime\custom_algorithms
[21:28:40.960] [INFO] [Scheduler] Found 8 Python files: ['customalgorithm.py', 'customalgorithmnew.py', 'mnebasicalgorithm.py', 'mneicaalgorithm.py', 'testscriptalgorithm.py', 'viewlfpdata.py', 'view_raw_lfp_data.py', '__init__.py']
[21:28:40.960] [INFO] [Scheduler] Loading custom algorithm from: c:\Users\buaal\Desktop\NeuroPrime\custom_algorithms\customalgorithm.py
[21:28:40.970] [INFO] [Scheduler] Loaded custom algorithm from ALGORITHM_INFO: CustomAlgorithm
[21:28:40.970] [ERROR] [Scheduler] Error loading custom algorithm from c:\Users\buaal\Desktop\NeuroPrime\custom_algorithms\customalgorithm.py: local variable 'found' referenced before assignment
[21:28:40.970] [ERROR] [Scheduler] Traceback: Traceback (most recent call last):
  File "c:\Users\buaal\Desktop\NeuroPrime\src\algorithms\scheduler.py", line 255, in _load_custom_algorithms
    if not found:
UnboundLocalError: local variable 'found' referenced before assignment

[21:28:40.970] [INFO] [Scheduler] Loading custom algorithm from: c:\Users\buaal\Desktop\NeuroPrime\custom_algorithms\customalgorithmnew.py
[21:28:40.971] [INFO] [Scheduler] Loaded custom algorithm from ALGORITHM_INFO: CustomAlgorithmNew
[21:28:40.971] [ERROR] [Scheduler] Error loading custom algorithm from c:\Users\buaal\Desktop\NeuroPrime\custom_algorithms\customalgorithmnew.py: local variable 'found' referenced before assignment
[21:28:40.971] [ERROR] [Scheduler] Traceback: Traceback (most recent call last):
  File "c:\Users\buaal\Desktop\NeuroPrime\src\algorithms\scheduler.py", line 255, in _load_custom_algorithms
    if not found:
UnboundLocalError: local variable 'found' referenced before assignment

[21:28:40.971] [INFO] [Scheduler] Loading custom algorithm from: c:\Users\buaal\Desktop\NeuroPrime\custom_algorithms\mnebasicalgorithm.py
[21:28:40.974] [INFO] [Scheduler] Loaded custom algorithm from ALGORITHM_INFO: MNEBasicAlgorithm
[21:28:40.974] [ERROR] [Scheduler] Error loading custom algorithm from c:\Users\buaal\Desktop\NeuroPrime\custom_algorithms\mnebasicalgorithm.py: local variable 'found' referenced before assignment
[21:28:40.976] [ERROR] [Scheduler] Traceback: Traceback (most recent call last):
  File "c:\Users\buaal\Desktop\NeuroPrime\src\algorithms\scheduler.py", line 255, in _load_custom_algorithms
    if not found:
UnboundLocalError: local variable 'found' referenced before assignment

[21:28:40.976] [INFO] [Scheduler] Loading custom algorithm from: c:\Users\buaal\Desktop\NeuroPrime\custom_algorithms\mneicaalgorithm.py
[21:28:40.978] [INFO] [Scheduler] Loaded custom algorithm from ALGORITHM_INFO: MNEICAAlgorithm
[21:28:40.978] [ERROR] [Scheduler] Error loading custom algorithm from c:\Users\buaal\Desktop\NeuroPrime\custom_algorithms\mneicaalgorithm.py: local variable 'found' referenced before assignment
[21:28:40.978] [ERROR] [Scheduler] Traceback: Traceback (most recent call last):
  File "c:\Users\buaal\Desktop\NeuroPrime\src\algorithms\scheduler.py", line 255, in _load_custom_algorithms
    if not found:
UnboundLocalError: local variable 'found' referenced before assignment

[21:28:40.978] [INFO] [Scheduler] Loading custom algorithm from: c:\Users\buaal\Desktop\NeuroPrime\custom_algorithms\testscriptalgorithm.py
[21:28:40.980] [INFO] [Scheduler] Loaded custom algorithm from ALGORITHM_INFO: TestScriptAlgorithm
[21:28:40.980] [ERROR] [Scheduler] Error loading custom algorithm from c:\Users\buaal\Desktop\NeuroPrime\custom_algorithms\testscriptalgorithm.py: local variable 'found' referenced before assignment
[21:28:40.980] [ERROR] [Scheduler] Traceback: Traceback (most recent call last):
  File "c:\Users\buaal\Desktop\NeuroPrime\src\algorithms\scheduler.py", line 255, in _load_custom_algorithms
    if not found:
UnboundLocalError: local variable 'found' referenced before assignment

[21:28:40.980] [INFO] [Scheduler] Loading custom algorithm from: c:\Users\buaal\Desktop\NeuroPrime\custom_algorithms\viewlfpdata.py
[21:28:40.982] [INFO] [Scheduler] Loaded custom algorithm from ALGORITHM_INFO: ViewLFPData
[21:28:40.982] [ERROR] [Scheduler] Error loading custom algorithm from c:\Users\buaal\Desktop\NeuroPrime\custom_algorithms\viewlfpdata.py: local variable 'found' referenced before assignment
[21:28:40.982] [ERROR] [Scheduler] Traceback: Traceback (most recent call last):
  File "c:\Users\buaal\Desktop\NeuroPrime\src\algorithms\scheduler.py", line 255, in _load_custom_algorithms
    if not found:
UnboundLocalError: local variable 'found' referenced before assignment

[21:28:40.982] [INFO] [Scheduler] Loading custom algorithm from: c:\Users\buaal\Desktop\NeuroPrime\custom_algorithms\view_raw_lfp_data.py
[21:28:40.983] [INFO] [Scheduler] Loaded custom algorithm from ALGORITHM_INFO: ViewRawLFPData
[21:28:40.983] [ERROR] [Scheduler] Error loading custom algorithm from c:\Users\buaal\Desktop\NeuroPrime\custom_algorithms\view_raw_lfp_data.py: local variable 'found' referenced before assignment
[21:28:40.983] [ERROR] [Scheduler] Traceback: Traceback (most recent call last):
  File "c:\Users\buaal\Desktop\NeuroPrime\src\algorithms\scheduler.py", line 255, in _load_custom_algorithms
    if not found:
UnboundLocalError: local variable 'found' referenced before assignment

[21:28:40.984] [INFO] Custom algorithms reload completed
[21:28:40.984] [INFO] Total algorithms available: 15
[21:28:40.984] [INFO] Added custom algorithm: MNEBasicAlgorithm (category: 自定义算法)
[21:28:40.984] [INFO] Added custom algorithm: MNE_ICA (category: 自定义算法)
[21:28:40.984] [INFO] Added custom algorithm: ViewLFPData (category: 自定义算法)
[21:28:40.984] [INFO] Added custom algorithm: ViewRawLFPData (category: 自定义算法)
[21:28:40.984] [INFO] Total custom algorithms added: 4
[21:28:40.984] [INFO] ============================================================
[21:28:45.572] [INFO] ============================================================
[21:28:45.572] [INFO] _on_run_clicked 被调用
[21:28:45.572] [INFO] _get_selected_data_items 被调用
[21:28:45.572] [DEBUG] selected_data_items_len = 1 (type: int)
[21:28:45.572] [DEBUG] selected_data_items_0_type = <class 'dict'> (type: type)
[21:28:45.572] [INFO] 返回 1 个有效数据项
[21:28:45.572] [DEBUG] selected_data_type = <class 'list'> (type: type)
[21:28:45.572] [DEBUG] selected_data_len = 1 (type: int)
[21:28:45.572] [DEBUG] item_0_type = <class 'dict'> (type: type)
[21:28:45.573] [INFO] item[0] keys: ['id', 'display_name', 'trial_name', 'data_type', 'description', 'time_range']
[21:28:45.573] [INFO] 自定义算法使用默认参数: {'n_components': 8, 'freq_min': 1.0, 'freq_max': 40.0, 'random_state': 42}
[21:28:45.573] [DEBUG] parameters_keys = ['n_components', 'freq_min', 'freq_max', 'random_state'] (type: list)
[21:28:45.573] [DEBUG] algorithm_name = MNE_ICA (type: str)
[21:28:45.573] [DEBUG] current_algorithm = MNE_ICA (type: str)
[21:28:45.573] [INFO] 发送请求: algorithm=MNE_ICA, data_items数量=1
[21:28:45.573] [INFO] ============================================================
[21:28:45.573] [INFO] _on_run_analysis 被调用
[21:28:45.573] [DEBUG] params_type = <class 'dict'> (type: type)
[21:28:45.573] [DEBUG] algorithm_name = MNE_ICA (type: str)
[21:28:45.573] [DEBUG] data_items_type = <class 'list'> (type: type)
[21:28:45.573] [DEBUG] data_items_len = 1 (type: int)
[21:28:45.573] [DEBUG] parameters_type = <class 'dict'> (type: type)
[21:28:45.573] [DEBUG] time_alignment_type = <class 'NoneType'> (type: type)
[21:28:45.573] [INFO] data_items[0] type: <class 'dict'>
[21:28:45.573] [INFO] data_items[0] keys: ['id', 'display_name', 'trial_name', 'data_type', 'description', 'time_range']
[21:28:45.573] [INFO] ============================================================
[21:28:45.573] [INFO] _run_analysis_async 被调用
[21:28:45.574] [DEBUG] algorithm_name = MNE_ICA (type: str)
[21:28:45.574] [DEBUG] data_items_type = <class 'list'> (type: type)
[21:28:45.574] [DEBUG] data_items_len = 1 (type: int)
[21:28:45.574] [DEBUG] parameters_keys = ['n_components', 'freq_min', 'freq_max', 'random_state'] (type: list)
[21:28:45.574] [INFO] data_items[0] type: <class 'dict'>
[21:28:45.574] [INFO] data_items[0] keys: ['id', 'display_name', 'trial_name', 'data_type', 'description', 'time_range']
