[23:14:16.619] [INFO] ============================================================
[23:14:16.619] [INFO] NeuroPrime 调试日志
[23:14:16.619] [INFO] 启动时间: 2026-04-13 23:14:16
[23:14:16.619] [INFO] Python版本: 3.10.10 (tags/v3.10.10:aad5f6a, Feb  7 2023, 17:20:36) [MSC v.1929 64 bit (AMD64)]
[23:14:16.619] [INFO] 日志文件: c:\Users\buaal\Desktop\NeuroPrime\logs\debug_20260413_231416.log
[23:14:16.619] [INFO] ============================================================
[23:14:17.616] [INFO] [Scheduler] NEUROPRIME_ROOT = c:\Users\buaal\Desktop\NeuroPrime
[23:14:17.616] [INFO] [Scheduler] Looking for custom algorithms in: c:\Users\buaal\Desktop\NeuroPrime\custom_algorithms
[23:14:17.616] [INFO] [Scheduler] Current working directory: c:\Users\buaal\Desktop\NeuroPrime
[23:14:17.616] [INFO] [Scheduler] Script directory: c:\Users\buaal\Desktop\NeuroPrime\src\algorithms
[23:14:17.616] [INFO] [Scheduler] Custom algorithms directory exists: c:\Users\buaal\Desktop\NeuroPrime\custom_algorithms
[23:14:17.623] [INFO] [Scheduler] Found 2 Python files: ['view_raw_lfp_data.py', '__init__.py']
[23:14:17.623] [INFO] [Scheduler] Loading custom algorithm from: c:\Users\buaal\Desktop\NeuroPrime\custom_algorithms\view_raw_lfp_data.py
[23:14:17.627] [INFO] [Scheduler] Loaded custom algorithm from ALGORITHM_INFO: ViewRawLFPData
[23:14:17.627] [INFO] [Scheduler] Searching for algorithm classes in c:\Users\buaal\Desktop\NeuroPrime\custom_algorithms\view_raw_lfp_data.py...
[23:14:17.627] [INFO] [Scheduler] Loaded custom algorithm: ViewRawLFPData
[23:14:26.764] [INFO] add_data_item 被调用
[23:14:26.764] [DEBUG] data_item_type = <class 'dict'> (type: type)
[23:14:27.643] [INFO] add_data_item 被调用
[23:14:27.643] [DEBUG] data_item_type = <class 'dict'> (type: type)
[23:14:33.367] [INFO] ============================================================
[23:14:33.367] [INFO] _on_run_clicked 被调用
[23:14:33.367] [INFO] _get_selected_data_items 被调用
[23:14:33.367] [DEBUG] selected_data_items_len = 2 (type: int)
[23:14:33.367] [DEBUG] selected_data_items_0_type = <class 'dict'> (type: type)
[23:14:33.367] [DEBUG] selected_data_items_1_type = <class 'dict'> (type: type)
[23:14:33.367] [INFO] 返回 2 个有效数据项
[23:14:33.367] [DEBUG] selected_data_type = <class 'list'> (type: type)
[23:14:33.367] [DEBUG] selected_data_len = 2 (type: int)
[23:14:33.367] [DEBUG] item_0_type = <class 'dict'> (type: type)
[23:14:33.367] [INFO] item[0] keys: ['id', 'display_name', 'trial_name', 'data_type', 'description', 'time_range']
[23:14:33.367] [DEBUG] item_1_type = <class 'dict'> (type: type)
[23:14:33.367] [INFO] item[1] keys: ['id', 'display_name', 'trial_name', 'data_type', 'description', 'time_range']
[23:14:33.367] [DEBUG] parameters_keys = ['pre_time', 'post_time', 'positive_class'] (type: list)
[23:14:33.367] [DEBUG] algorithm_name = ROCAnalysis (type: str)
[23:14:33.367] [DEBUG] current_algorithm = ROCAnalysis (type: str)
[23:14:33.367] [INFO] 发送请求: algorithm=ROCAnalysis, data_items数量=2
[23:14:33.367] [INFO] ============================================================
[23:14:33.367] [INFO] _on_run_analysis 被调用
[23:14:33.367] [DEBUG] params_type = <class 'dict'> (type: type)
[23:14:33.367] [DEBUG] algorithm_name = ROCAnalysis (type: str)
[23:14:33.367] [DEBUG] data_items_type = <class 'list'> (type: type)
[23:14:33.367] [DEBUG] data_items_len = 2 (type: int)
[23:14:33.367] [DEBUG] parameters_type = <class 'dict'> (type: type)
[23:14:33.367] [DEBUG] time_alignment_type = <class 'NoneType'> (type: type)
[23:14:33.367] [INFO] data_items[0] type: <class 'dict'>
[23:14:33.367] [INFO] data_items[0] keys: ['id', 'display_name', 'trial_name', 'data_type', 'description', 'time_range']
[23:14:33.367] [INFO] ============================================================
[23:14:33.367] [INFO] _run_analysis_async 被调用
[23:14:33.367] [DEBUG] algorithm_name = ROCAnalysis (type: str)
[23:14:33.367] [DEBUG] data_items_type = <class 'list'> (type: type)
[23:14:33.367] [DEBUG] data_items_len = 2 (type: int)
[23:14:33.367] [DEBUG] parameters_keys = ['pre_time', 'post_time', 'positive_class'] (type: list)
[23:14:33.367] [INFO] data_items[0] type: <class 'dict'>
[23:14:33.367] [INFO] data_items[0] keys: ['id', 'display_name', 'trial_name', 'data_type', 'description', 'time_range']
[23:15:09.853] [INFO] add_data_item 被调用
[23:15:09.853] [DEBUG] data_item_type = <class 'dict'> (type: type)
[23:15:10.787] [INFO] add_data_item 被调用
[23:15:10.787] [DEBUG] data_item_type = <class 'dict'> (type: type)
[23:15:12.886] [INFO] add_data_item 被调用
[23:15:12.886] [DEBUG] data_item_type = <class 'dict'> (type: type)
[23:15:13.804] [INFO] add_data_item 被调用
[23:15:13.804] [DEBUG] data_item_type = <class 'dict'> (type: type)
[23:15:15.989] [INFO] _get_selected_data_items 被调用
[23:15:15.990] [DEBUG] selected_data_items_len = 4 (type: int)
[23:15:15.990] [DEBUG] selected_data_items_0_type = <class 'dict'> (type: type)
[23:15:15.990] [DEBUG] selected_data_items_1_type = <class 'dict'> (type: type)
[23:15:15.990] [DEBUG] selected_data_items_2_type = <class 'dict'> (type: type)
[23:15:15.990] [DEBUG] selected_data_items_3_type = <class 'dict'> (type: type)
[23:15:15.990] [INFO] 返回 4 个有效数据项
[23:15:22.837] [INFO] ============================================================
[23:15:22.837] [INFO] _on_run_clicked 被调用
[23:15:22.837] [INFO] _get_selected_data_items 被调用
[23:15:22.837] [DEBUG] selected_data_items_len = 4 (type: int)
[23:15:22.837] [DEBUG] selected_data_items_0_type = <class 'dict'> (type: type)
[23:15:22.837] [DEBUG] selected_data_items_1_type = <class 'dict'> (type: type)
[23:15:22.837] [DEBUG] selected_data_items_2_type = <class 'dict'> (type: type)
[23:15:22.837] [DEBUG] selected_data_items_3_type = <class 'dict'> (type: type)
[23:15:22.837] [INFO] 返回 4 个有效数据项
[23:15:22.837] [DEBUG] selected_data_type = <class 'list'> (type: type)
[23:15:22.837] [DEBUG] selected_data_len = 4 (type: int)
[23:15:22.837] [DEBUG] item_0_type = <class 'dict'> (type: type)
[23:15:22.837] [INFO] item[0] keys: ['id', 'display_name', 'trial_name', 'data_type', 'description', 'time_range']
[23:15:22.837] [DEBUG] item_1_type = <class 'dict'> (type: type)
[23:15:22.837] [INFO] item[1] keys: ['id', 'display_name', 'trial_name', 'data_type', 'description', 'time_range']
[23:15:22.837] [DEBUG] item_2_type = <class 'dict'> (type: type)
[23:15:22.837] [INFO] item[2] keys: ['id', 'display_name', 'trial_name', 'data_type', 'description', 'time_range']
[23:15:22.837] [DEBUG] item_3_type = <class 'dict'> (type: type)
[23:15:22.837] [INFO] item[3] keys: ['id', 'display_name', 'trial_name', 'data_type', 'description', 'time_range']
[23:15:22.837] [DEBUG] parameters_keys = ['pre_time', 'post_time', 'positive_class'] (type: list)
[23:15:22.837] [DEBUG] algorithm_name = ROCAnalysis (type: str)
[23:15:22.837] [DEBUG] current_algorithm = ROCAnalysis (type: str)
[23:15:22.837] [INFO] 时间对齐配置: {'global_start': 0.0, 'global_duration': 83.996, 'sync_mode': 'global', 'data_configs': {'FC_Grating_014_Spikes': {'original_range': (0.0, 84.812), 'start_time': 0.0, 'duration': 83.996}, 'FC_Grating_014_Events': {'original_range': (0.0, 84.812), 'start_time': 0.0, 'duration': 83.996}, 'FC_Grating_015_Spikes': {'original_range': (0.0, 83.996), 'start_time': 0.0, 'duration': 83.996}, 'FC_Grating_015_Events': {'original_range': (0.0, 83.996), 'start_time': 0.0, 'duration': 83.996}}}
[23:15:22.837] [INFO] 发送请求: algorithm=ROCAnalysis, data_items数量=4
[23:15:22.837] [INFO] ============================================================
[23:15:22.837] [INFO] _on_run_analysis 被调用
[23:15:22.838] [DEBUG] params_type = <class 'dict'> (type: type)
[23:15:22.838] [DEBUG] algorithm_name = ROCAnalysis (type: str)
[23:15:22.838] [DEBUG] data_items_type = <class 'list'> (type: type)
[23:15:22.838] [DEBUG] data_items_len = 4 (type: int)
[23:15:22.838] [DEBUG] parameters_type = <class 'dict'> (type: type)
[23:15:22.838] [DEBUG] time_alignment_type = <class 'dict'> (type: type)
[23:15:22.838] [INFO] data_items[0] type: <class 'dict'>
[23:15:22.838] [INFO] data_items[0] keys: ['id', 'display_name', 'trial_name', 'data_type', 'description', 'time_range']
[23:15:22.838] [INFO] ============================================================
[23:15:22.838] [INFO] _run_analysis_async 被调用
[23:15:22.838] [DEBUG] algorithm_name = ROCAnalysis (type: str)
[23:15:22.838] [DEBUG] data_items_type = <class 'list'> (type: type)
[23:15:22.838] [DEBUG] data_items_len = 4 (type: int)
[23:15:22.838] [DEBUG] parameters_keys = ['pre_time', 'post_time', 'positive_class', 'time_alignment'] (type: list)
[23:15:22.838] [INFO] data_items[0] type: <class 'dict'>
[23:15:22.838] [INFO] data_items[0] keys: ['id', 'display_name', 'trial_name', 'data_type', 'description', 'time_range']
