[22:53:10.884] [INFO] ============================================================
[22:53:10.884] [INFO] NeuroPrime 调试日志
[22:53:10.884] [INFO] 启动时间: 2026-04-18 22:53:10
[22:53:10.885] [INFO] Python版本: 3.10.10 (tags/v3.10.10:aad5f6a, Feb  7 2023, 17:20:36) [MSC v.1929 64 bit (AMD64)]
[22:53:10.885] [INFO] 日志文件: c:\Users\buaal\Desktop\NeuroPrime\logs\debug_20260418_225310.log
[22:53:10.885] [INFO] ============================================================
[22:53:12.575] [INFO] [Scheduler] Removed pycache directory: c:\Users\buaal\Desktop\NeuroPrime\custom_algorithms\__pycache__
[22:53:12.579] [INFO] [Scheduler] NEUROPRIME_ROOT = c:\Users\buaal\Desktop\NeuroPrime
[22:53:12.579] [INFO] [Scheduler] Looking for custom algorithms in: c:\Users\buaal\Desktop\NeuroPrime\custom_algorithms
[22:53:12.579] [INFO] [Scheduler] Current working directory: c:\Users\buaal\Desktop\NeuroPrime
[22:53:12.579] [INFO] [Scheduler] Script directory: c:\Users\buaal\Desktop\NeuroPrime\src\algorithms
[22:53:12.579] [INFO] [Scheduler] Custom algorithms directory exists: c:\Users\buaal\Desktop\NeuroPrime\custom_algorithms
[22:53:12.580] [INFO] [Scheduler] Found 10 Python files: ['customalgorithm.py', 'customalgorithmnew.py', 'mnealgorithm.py', 'mnefilteringalgorithm.py', 'mneicaalgorithm.py', 'mnesourcelocalizationalgorithm.py', 'testscriptalgorithm.py', 'viewlfpdata.py', 'view_raw_lfp_data.py', '__init__.py']
[22:53:12.580] [INFO] [Scheduler] Loading custom algorithm from: c:\Users\buaal\Desktop\NeuroPrime\custom_algorithms\customalgorithm.py
[22:53:13.005] [INFO] [Scheduler] Loaded custom algorithm from ALGORITHM_INFO: CustomAlgorithm
[22:53:13.005] [ERROR] [Scheduler] Error loading custom algorithm from c:\Users\buaal\Desktop\NeuroPrime\custom_algorithms\customalgorithm.py: local variable 'found' referenced before assignment
[22:53:13.007] [ERROR] [Scheduler] Traceback: Traceback (most recent call last):
  File "c:\Users\buaal\Desktop\NeuroPrime\src\algorithms\scheduler.py", line 255, in _load_custom_algorithms
    if not found:
UnboundLocalError: local variable 'found' referenced before assignment

[22:53:13.007] [INFO] [Scheduler] Loading custom algorithm from: c:\Users\buaal\Desktop\NeuroPrime\custom_algorithms\customalgorithmnew.py
[22:53:13.011] [INFO] [Scheduler] Loaded custom algorithm from ALGORITHM_INFO: CustomAlgorithmNew
[22:53:13.011] [ERROR] [Scheduler] Error loading custom algorithm from c:\Users\buaal\Desktop\NeuroPrime\custom_algorithms\customalgorithmnew.py: local variable 'found' referenced before assignment
[22:53:13.011] [ERROR] [Scheduler] Traceback: Traceback (most recent call last):
  File "c:\Users\buaal\Desktop\NeuroPrime\src\algorithms\scheduler.py", line 255, in _load_custom_algorithms
    if not found:
UnboundLocalError: local variable 'found' referenced before assignment

[22:53:13.011] [INFO] [Scheduler] Loading custom algorithm from: c:\Users\buaal\Desktop\NeuroPrime\custom_algorithms\mnealgorithm.py
[22:53:13.044] [INFO] [Scheduler] Loaded custom algorithm from ALGORITHM_INFO: MNEAlgorithm
[22:53:13.044] [ERROR] [Scheduler] Error loading custom algorithm from c:\Users\buaal\Desktop\NeuroPrime\custom_algorithms\mnealgorithm.py: local variable 'found' referenced before assignment
[22:53:13.044] [ERROR] [Scheduler] Traceback: Traceback (most recent call last):
  File "c:\Users\buaal\Desktop\NeuroPrime\src\algorithms\scheduler.py", line 255, in _load_custom_algorithms
    if not found:
UnboundLocalError: local variable 'found' referenced before assignment

[22:53:13.044] [INFO] [Scheduler] Loading custom algorithm from: c:\Users\buaal\Desktop\NeuroPrime\custom_algorithms\mnefilteringalgorithm.py
[22:53:13.048] [INFO] [Scheduler] Loaded custom algorithm from ALGORITHM_INFO: MNEFilteringAlgorithm
[22:53:13.048] [ERROR] [Scheduler] Error loading custom algorithm from c:\Users\buaal\Desktop\NeuroPrime\custom_algorithms\mnefilteringalgorithm.py: local variable 'found' referenced before assignment
[22:53:13.048] [ERROR] [Scheduler] Traceback: Traceback (most recent call last):
  File "c:\Users\buaal\Desktop\NeuroPrime\src\algorithms\scheduler.py", line 255, in _load_custom_algorithms
    if not found:
UnboundLocalError: local variable 'found' referenced before assignment

[22:53:13.048] [INFO] [Scheduler] Loading custom algorithm from: c:\Users\buaal\Desktop\NeuroPrime\custom_algorithms\mneicaalgorithm.py
[22:53:13.051] [INFO] [Scheduler] Loaded custom algorithm from ALGORITHM_INFO: MNEICAAlgorithm
[22:53:13.051] [ERROR] [Scheduler] Error loading custom algorithm from c:\Users\buaal\Desktop\NeuroPrime\custom_algorithms\mneicaalgorithm.py: local variable 'found' referenced before assignment
[22:53:13.051] [ERROR] [Scheduler] Traceback: Traceback (most recent call last):
  File "c:\Users\buaal\Desktop\NeuroPrime\src\algorithms\scheduler.py", line 255, in _load_custom_algorithms
    if not found:
UnboundLocalError: local variable 'found' referenced before assignment

[22:53:13.051] [INFO] [Scheduler] Loading custom algorithm from: c:\Users\buaal\Desktop\NeuroPrime\custom_algorithms\mnesourcelocalizationalgorithm.py
[22:53:13.054] [INFO] [Scheduler] Loaded custom algorithm from ALGORITHM_INFO: MNESourceLocalizationAlgorithm
[22:53:13.054] [ERROR] [Scheduler] Error loading custom algorithm from c:\Users\buaal\Desktop\NeuroPrime\custom_algorithms\mnesourcelocalizationalgorithm.py: local variable 'found' referenced before assignment
[22:53:13.054] [ERROR] [Scheduler] Traceback: Traceback (most recent call last):
  File "c:\Users\buaal\Desktop\NeuroPrime\src\algorithms\scheduler.py", line 255, in _load_custom_algorithms
    if not found:
UnboundLocalError: local variable 'found' referenced before assignment

[22:53:13.054] [INFO] [Scheduler] Loading custom algorithm from: c:\Users\buaal\Desktop\NeuroPrime\custom_algorithms\testscriptalgorithm.py
[22:53:13.055] [INFO] [Scheduler] Loaded custom algorithm from ALGORITHM_INFO: TestScriptAlgorithm
[22:53:13.055] [ERROR] [Scheduler] Error loading custom algorithm from c:\Users\buaal\Desktop\NeuroPrime\custom_algorithms\testscriptalgorithm.py: local variable 'found' referenced before assignment
[22:53:13.055] [ERROR] [Scheduler] Traceback: Traceback (most recent call last):
  File "c:\Users\buaal\Desktop\NeuroPrime\src\algorithms\scheduler.py", line 255, in _load_custom_algorithms
    if not found:
UnboundLocalError: local variable 'found' referenced before assignment

[22:53:13.055] [INFO] [Scheduler] Loading custom algorithm from: c:\Users\buaal\Desktop\NeuroPrime\custom_algorithms\viewlfpdata.py
[22:53:13.055] [INFO] [Scheduler] Loaded custom algorithm from ALGORITHM_INFO: ViewLFPData
[22:53:13.055] [ERROR] [Scheduler] Error loading custom algorithm from c:\Users\buaal\Desktop\NeuroPrime\custom_algorithms\viewlfpdata.py: local variable 'found' referenced before assignment
[22:53:13.055] [ERROR] [Scheduler] Traceback: Traceback (most recent call last):
  File "c:\Users\buaal\Desktop\NeuroPrime\src\algorithms\scheduler.py", line 255, in _load_custom_algorithms
    if not found:
UnboundLocalError: local variable 'found' referenced before assignment

[22:53:13.055] [INFO] [Scheduler] Loading custom algorithm from: c:\Users\buaal\Desktop\NeuroPrime\custom_algorithms\view_raw_lfp_data.py
[22:53:13.055] [INFO] [Scheduler] Loaded custom algorithm from ALGORITHM_INFO: ViewRawLFPData
[22:53:13.055] [ERROR] [Scheduler] Error loading custom algorithm from c:\Users\buaal\Desktop\NeuroPrime\custom_algorithms\view_raw_lfp_data.py: local variable 'found' referenced before assignment
[22:53:13.055] [ERROR] [Scheduler] Traceback: Traceback (most recent call last):
  File "c:\Users\buaal\Desktop\NeuroPrime\src\algorithms\scheduler.py", line 255, in _load_custom_algorithms
    if not found:
UnboundLocalError: local variable 'found' referenced before assignment

[22:53:18.148] [INFO] ============================================================
[22:53:18.148] [INFO] _populate_custom_algorithms started
[22:53:18.148] [INFO] Attempting to reload custom algorithms...
[22:53:18.149] [INFO] Removed module from cache: src.algorithms.base
[22:53:18.149] [INFO] Removed module from cache: src.algorithms.scheduler
[22:53:18.149] [INFO] Removed module from cache: src.algorithms.spike_detection
[22:53:18.149] [INFO] Removed module from cache: src.algorithms.lfp_analysis
[22:53:18.149] [INFO] Removed module from cache: src.algorithms.behavior_analysis
[22:53:18.149] [INFO] Removed module from cache: src.algorithms.decoding
[22:53:18.149] [INFO] Removed module from cache: src.algorithms
[22:53:18.153] [INFO] [Scheduler] Removed pycache directory: c:\Users\buaal\Desktop\NeuroPrime\custom_algorithms\__pycache__
[22:53:18.153] [INFO] [Scheduler] NEUROPRIME_ROOT = c:\Users\buaal\Desktop\NeuroPrime
[22:53:18.153] [INFO] [Scheduler] Looking for custom algorithms in: c:\Users\buaal\Desktop\NeuroPrime\custom_algorithms
[22:53:18.153] [INFO] [Scheduler] Current working directory: c:\Users\buaal\Desktop\NeuroPrime
[22:53:18.153] [INFO] [Scheduler] Script directory: c:\Users\buaal\Desktop\NeuroPrime\src\algorithms
[22:53:18.153] [INFO] [Scheduler] Custom algorithms directory exists: c:\Users\buaal\Desktop\NeuroPrime\custom_algorithms
[22:53:18.155] [INFO] [Scheduler] Found 10 Python files: ['customalgorithm.py', 'customalgorithmnew.py', 'mnealgorithm.py', 'mnefilteringalgorithm.py', 'mneicaalgorithm.py', 'mnesourcelocalizationalgorithm.py', 'testscriptalgorithm.py', 'viewlfpdata.py', 'view_raw_lfp_data.py', '__init__.py']
[22:53:18.155] [INFO] [Scheduler] Loading custom algorithm from: c:\Users\buaal\Desktop\NeuroPrime\custom_algorithms\customalgorithm.py
[22:53:18.161] [INFO] [Scheduler] Loaded custom algorithm from ALGORITHM_INFO: CustomAlgorithm
[22:53:18.161] [ERROR] [Scheduler] Error loading custom algorithm from c:\Users\buaal\Desktop\NeuroPrime\custom_algorithms\customalgorithm.py: local variable 'found' referenced before assignment
[22:53:18.161] [ERROR] [Scheduler] Traceback: Traceback (most recent call last):
  File "c:\Users\buaal\Desktop\NeuroPrime\src\algorithms\scheduler.py", line 255, in _load_custom_algorithms
    if not found:
UnboundLocalError: local variable 'found' referenced before assignment

[22:53:18.161] [INFO] [Scheduler] Loading custom algorithm from: c:\Users\buaal\Desktop\NeuroPrime\custom_algorithms\customalgorithmnew.py
[22:53:18.164] [INFO] [Scheduler] Loaded custom algorithm from ALGORITHM_INFO: CustomAlgorithmNew
[22:53:18.164] [ERROR] [Scheduler] Error loading custom algorithm from c:\Users\buaal\Desktop\NeuroPrime\custom_algorithms\customalgorithmnew.py: local variable 'found' referenced before assignment
[22:53:18.164] [ERROR] [Scheduler] Traceback: Traceback (most recent call last):
  File "c:\Users\buaal\Desktop\NeuroPrime\src\algorithms\scheduler.py", line 255, in _load_custom_algorithms
    if not found:
UnboundLocalError: local variable 'found' referenced before assignment

[22:53:18.164] [INFO] [Scheduler] Loading custom algorithm from: c:\Users\buaal\Desktop\NeuroPrime\custom_algorithms\mnealgorithm.py
[22:53:18.189] [INFO] [Scheduler] Loaded custom algorithm from ALGORITHM_INFO: MNEAlgorithm
[22:53:18.189] [ERROR] [Scheduler] Error loading custom algorithm from c:\Users\buaal\Desktop\NeuroPrime\custom_algorithms\mnealgorithm.py: local variable 'found' referenced before assignment
[22:53:18.191] [ERROR] [Scheduler] Traceback: Traceback (most recent call last):
  File "c:\Users\buaal\Desktop\NeuroPrime\src\algorithms\scheduler.py", line 255, in _load_custom_algorithms
    if not found:
UnboundLocalError: local variable 'found' referenced before assignment

[22:53:18.191] [INFO] [Scheduler] Loading custom algorithm from: c:\Users\buaal\Desktop\NeuroPrime\custom_algorithms\mnefilteringalgorithm.py
[22:53:18.192] [INFO] [Scheduler] Loaded custom algorithm from ALGORITHM_INFO: MNEFilteringAlgorithm
[22:53:18.192] [ERROR] [Scheduler] Error loading custom algorithm from c:\Users\buaal\Desktop\NeuroPrime\custom_algorithms\mnefilteringalgorithm.py: local variable 'found' referenced before assignment
[22:53:18.193] [ERROR] [Scheduler] Traceback: Traceback (most recent call last):
  File "c:\Users\buaal\Desktop\NeuroPrime\src\algorithms\scheduler.py", line 255, in _load_custom_algorithms
    if not found:
UnboundLocalError: local variable 'found' referenced before assignment

[22:53:18.193] [INFO] [Scheduler] Loading custom algorithm from: c:\Users\buaal\Desktop\NeuroPrime\custom_algorithms\mneicaalgorithm.py
[22:53:18.195] [INFO] [Scheduler] Loaded custom algorithm from ALGORITHM_INFO: MNEICAAlgorithm
[22:53:18.195] [ERROR] [Scheduler] Error loading custom algorithm from c:\Users\buaal\Desktop\NeuroPrime\custom_algorithms\mneicaalgorithm.py: local variable 'found' referenced before assignment
[22:53:18.195] [ERROR] [Scheduler] Traceback: Traceback (most recent call last):
  File "c:\Users\buaal\Desktop\NeuroPrime\src\algorithms\scheduler.py", line 255, in _load_custom_algorithms
    if not found:
UnboundLocalError: local variable 'found' referenced before assignment

[22:53:18.195] [INFO] [Scheduler] Loading custom algorithm from: c:\Users\buaal\Desktop\NeuroPrime\custom_algorithms\mnesourcelocalizationalgorithm.py
[22:53:18.196] [INFO] [Scheduler] Loaded custom algorithm from ALGORITHM_INFO: MNESourceLocalizationAlgorithm
[22:53:18.198] [ERROR] [Scheduler] Error loading custom algorithm from c:\Users\buaal\Desktop\NeuroPrime\custom_algorithms\mnesourcelocalizationalgorithm.py: local variable 'found' referenced before assignment
[22:53:18.198] [ERROR] [Scheduler] Traceback: Traceback (most recent call last):
  File "c:\Users\buaal\Desktop\NeuroPrime\src\algorithms\scheduler.py", line 255, in _load_custom_algorithms
    if not found:
UnboundLocalError: local variable 'found' referenced before assignment

[22:53:18.198] [INFO] [Scheduler] Loading custom algorithm from: c:\Users\buaal\Desktop\NeuroPrime\custom_algorithms\testscriptalgorithm.py
[22:53:18.198] [INFO] [Scheduler] Loaded custom algorithm from ALGORITHM_INFO: TestScriptAlgorithm
[22:53:18.199] [ERROR] [Scheduler] Error loading custom algorithm from c:\Users\buaal\Desktop\NeuroPrime\custom_algorithms\testscriptalgorithm.py: local variable 'found' referenced before assignment
[22:53:18.199] [ERROR] [Scheduler] Traceback: Traceback (most recent call last):
  File "c:\Users\buaal\Desktop\NeuroPrime\src\algorithms\scheduler.py", line 255, in _load_custom_algorithms
    if not found:
UnboundLocalError: local variable 'found' referenced before assignment

[22:53:18.199] [INFO] [Scheduler] Loading custom algorithm from: c:\Users\buaal\Desktop\NeuroPrime\custom_algorithms\viewlfpdata.py
[22:53:18.200] [INFO] [Scheduler] Loaded custom algorithm from ALGORITHM_INFO: ViewLFPData
[22:53:18.200] [ERROR] [Scheduler] Error loading custom algorithm from c:\Users\buaal\Desktop\NeuroPrime\custom_algorithms\viewlfpdata.py: local variable 'found' referenced before assignment
[22:53:18.202] [ERROR] [Scheduler] Traceback: Traceback (most recent call last):
  File "c:\Users\buaal\Desktop\NeuroPrime\src\algorithms\scheduler.py", line 255, in _load_custom_algorithms
    if not found:
UnboundLocalError: local variable 'found' referenced before assignment

[22:53:18.202] [INFO] [Scheduler] Loading custom algorithm from: c:\Users\buaal\Desktop\NeuroPrime\custom_algorithms\view_raw_lfp_data.py
[22:53:18.203] [INFO] [Scheduler] Loaded custom algorithm from ALGORITHM_INFO: ViewRawLFPData
[22:53:18.203] [ERROR] [Scheduler] Error loading custom algorithm from c:\Users\buaal\Desktop\NeuroPrime\custom_algorithms\view_raw_lfp_data.py: local variable 'found' referenced before assignment
[22:53:18.203] [ERROR] [Scheduler] Traceback: Traceback (most recent call last):
  File "c:\Users\buaal\Desktop\NeuroPrime\src\algorithms\scheduler.py", line 255, in _load_custom_algorithms
    if not found:
UnboundLocalError: local variable 'found' referenced before assignment

[22:53:18.203] [INFO] Custom algorithms reload completed
[22:53:18.203] [INFO] Total algorithms available: 17
[22:53:18.203] [INFO] Added custom algorithm: MNEAlgorithm (category: 自定义算法)
[22:53:18.203] [INFO] Added custom algorithm: MNEFilteringAlgorithm (category: 自定义算法)
[22:53:18.204] [INFO] Added custom algorithm: MNEICAAlgorithm (category: 自定义算法)
[22:53:18.204] [INFO] Added custom algorithm: MNESourceLocalizationAlgorithm (category: 自定义算法)
[22:53:18.204] [INFO] Added custom algorithm: ViewLFPData (category: 自定义算法)
[22:53:18.204] [INFO] Added custom algorithm: ViewRawLFPData (category: 自定义算法)
[22:53:18.204] [INFO] Total custom algorithms added: 6
[22:53:18.204] [INFO] ============================================================
[22:53:24.502] [INFO] [Scheduler] Removed pycache directory: c:\Users\buaal\Desktop\NeuroPrime\custom_algorithms\__pycache__
[22:53:24.504] [INFO] [Scheduler] NEUROPRIME_ROOT = c:\Users\buaal\Desktop\NeuroPrime
[22:53:24.504] [INFO] [Scheduler] Looking for custom algorithms in: c:\Users\buaal\Desktop\NeuroPrime\custom_algorithms
[22:53:24.504] [INFO] [Scheduler] Current working directory: c:\Users\buaal\Desktop\NeuroPrime
[22:53:24.504] [INFO] [Scheduler] Script directory: c:\Users\buaal\Desktop\NeuroPrime\src\algorithms
[22:53:24.504] [INFO] [Scheduler] Custom algorithms directory exists: c:\Users\buaal\Desktop\NeuroPrime\custom_algorithms
[22:53:24.504] [INFO] [Scheduler] Found 11 Python files: ['customalgorithm.py', 'customalgorithmnew.py', 'mnealgorithm.py', 'mnefilteringalgorithm.py', 'mneicaalgorithm.py', 'mneresamplingalgorithm.py', 'mnesourcelocalizationalgorithm.py', 'testscriptalgorithm.py', 'viewlfpdata.py', 'view_raw_lfp_data.py', '__init__.py']
[22:53:24.504] [INFO] [Scheduler] Loading custom algorithm from: c:\Users\buaal\Desktop\NeuroPrime\custom_algorithms\customalgorithm.py
[22:53:24.507] [INFO] [Scheduler] Loaded custom algorithm from ALGORITHM_INFO: CustomAlgorithm
[22:53:24.507] [ERROR] [Scheduler] Error loading custom algorithm from c:\Users\buaal\Desktop\NeuroPrime\custom_algorithms\customalgorithm.py: local variable 'found' referenced before assignment
[22:53:24.507] [ERROR] [Scheduler] Traceback: Traceback (most recent call last):
  File "c:\Users\buaal\Desktop\NeuroPrime\src\algorithms\scheduler.py", line 255, in _load_custom_algorithms
    if not found:
UnboundLocalError: local variable 'found' referenced before assignment

[22:53:24.507] [INFO] [Scheduler] Loading custom algorithm from: c:\Users\buaal\Desktop\NeuroPrime\custom_algorithms\customalgorithmnew.py
[22:53:24.508] [INFO] [Scheduler] Loaded custom algorithm from ALGORITHM_INFO: CustomAlgorithmNew
[22:53:24.508] [ERROR] [Scheduler] Error loading custom algorithm from c:\Users\buaal\Desktop\NeuroPrime\custom_algorithms\customalgorithmnew.py: local variable 'found' referenced before assignment
[22:53:24.508] [ERROR] [Scheduler] Traceback: Traceback (most recent call last):
  File "c:\Users\buaal\Desktop\NeuroPrime\src\algorithms\scheduler.py", line 255, in _load_custom_algorithms
    if not found:
UnboundLocalError: local variable 'found' referenced before assignment

[22:53:24.508] [INFO] [Scheduler] Loading custom algorithm from: c:\Users\buaal\Desktop\NeuroPrime\custom_algorithms\mnealgorithm.py
[22:53:24.511] [INFO] [Scheduler] Loaded custom algorithm from ALGORITHM_INFO: MNEAlgorithm
[22:53:24.511] [ERROR] [Scheduler] Error loading custom algorithm from c:\Users\buaal\Desktop\NeuroPrime\custom_algorithms\mnealgorithm.py: local variable 'found' referenced before assignment
[22:53:24.513] [ERROR] [Scheduler] Traceback: Traceback (most recent call last):
  File "c:\Users\buaal\Desktop\NeuroPrime\src\algorithms\scheduler.py", line 255, in _load_custom_algorithms
    if not found:
UnboundLocalError: local variable 'found' referenced before assignment

[22:53:24.513] [INFO] [Scheduler] Loading custom algorithm from: c:\Users\buaal\Desktop\NeuroPrime\custom_algorithms\mnefilteringalgorithm.py
[22:53:24.516] [INFO] [Scheduler] Loaded custom algorithm from ALGORITHM_INFO: MNEFilteringAlgorithm
[22:53:24.516] [ERROR] [Scheduler] Error loading custom algorithm from c:\Users\buaal\Desktop\NeuroPrime\custom_algorithms\mnefilteringalgorithm.py: local variable 'found' referenced before assignment
[22:53:24.517] [ERROR] [Scheduler] Traceback: Traceback (most recent call last):
  File "c:\Users\buaal\Desktop\NeuroPrime\src\algorithms\scheduler.py", line 255, in _load_custom_algorithms
    if not found:
UnboundLocalError: local variable 'found' referenced before assignment

[22:53:24.517] [INFO] [Scheduler] Loading custom algorithm from: c:\Users\buaal\Desktop\NeuroPrime\custom_algorithms\mneicaalgorithm.py
[22:53:24.520] [INFO] [Scheduler] Loaded custom algorithm from ALGORITHM_INFO: MNEICAAlgorithm
[22:53:24.520] [ERROR] [Scheduler] Error loading custom algorithm from c:\Users\buaal\Desktop\NeuroPrime\custom_algorithms\mneicaalgorithm.py: local variable 'found' referenced before assignment
[22:53:24.520] [ERROR] [Scheduler] Traceback: Traceback (most recent call last):
  File "c:\Users\buaal\Desktop\NeuroPrime\src\algorithms\scheduler.py", line 255, in _load_custom_algorithms
    if not found:
UnboundLocalError: local variable 'found' referenced before assignment

[22:53:24.520] [INFO] [Scheduler] Loading custom algorithm from: c:\Users\buaal\Desktop\NeuroPrime\custom_algorithms\mneresamplingalgorithm.py
[22:53:24.523] [INFO] [Scheduler] Loaded custom algorithm from ALGORITHM_INFO: MNEResamplingAlgorithm
[22:53:24.523] [ERROR] [Scheduler] Error loading custom algorithm from c:\Users\buaal\Desktop\NeuroPrime\custom_algorithms\mneresamplingalgorithm.py: local variable 'found' referenced before assignment
[22:53:24.523] [ERROR] [Scheduler] Traceback: Traceback (most recent call last):
  File "c:\Users\buaal\Desktop\NeuroPrime\src\algorithms\scheduler.py", line 255, in _load_custom_algorithms
    if not found:
UnboundLocalError: local variable 'found' referenced before assignment

[22:53:24.523] [INFO] [Scheduler] Loading custom algorithm from: c:\Users\buaal\Desktop\NeuroPrime\custom_algorithms\mnesourcelocalizationalgorithm.py
[22:53:24.523] [INFO] [Scheduler] Loaded custom algorithm from ALGORITHM_INFO: MNESourceLocalizationAlgorithm
[22:53:24.523] [ERROR] [Scheduler] Error loading custom algorithm from c:\Users\buaal\Desktop\NeuroPrime\custom_algorithms\mnesourcelocalizationalgorithm.py: local variable 'found' referenced before assignment
[22:53:24.523] [ERROR] [Scheduler] Traceback: Traceback (most recent call last):
  File "c:\Users\buaal\Desktop\NeuroPrime\src\algorithms\scheduler.py", line 255, in _load_custom_algorithms
    if not found:
UnboundLocalError: local variable 'found' referenced before assignment

[22:53:24.523] [INFO] [Scheduler] Loading custom algorithm from: c:\Users\buaal\Desktop\NeuroPrime\custom_algorithms\testscriptalgorithm.py
[22:53:24.527] [INFO] [Scheduler] Loaded custom algorithm from ALGORITHM_INFO: TestScriptAlgorithm
[22:53:24.527] [ERROR] [Scheduler] Error loading custom algorithm from c:\Users\buaal\Desktop\NeuroPrime\custom_algorithms\testscriptalgorithm.py: local variable 'found' referenced before assignment
[22:53:24.527] [ERROR] [Scheduler] Traceback: Traceback (most recent call last):
  File "c:\Users\buaal\Desktop\NeuroPrime\src\algorithms\scheduler.py", line 255, in _load_custom_algorithms
    if not found:
UnboundLocalError: local variable 'found' referenced before assignment

[22:53:24.527] [INFO] [Scheduler] Loading custom algorithm from: c:\Users\buaal\Desktop\NeuroPrime\custom_algorithms\viewlfpdata.py
[22:53:24.532] [INFO] [Scheduler] Loaded custom algorithm from ALGORITHM_INFO: ViewLFPData
[22:53:24.532] [ERROR] [Scheduler] Error loading custom algorithm from c:\Users\buaal\Desktop\NeuroPrime\custom_algorithms\viewlfpdata.py: local variable 'found' referenced before assignment
[22:53:24.532] [ERROR] [Scheduler] Traceback: Traceback (most recent call last):
  File "c:\Users\buaal\Desktop\NeuroPrime\src\algorithms\scheduler.py", line 255, in _load_custom_algorithms
    if not found:
UnboundLocalError: local variable 'found' referenced before assignment

[22:53:24.532] [INFO] [Scheduler] Loading custom algorithm from: c:\Users\buaal\Desktop\NeuroPrime\custom_algorithms\view_raw_lfp_data.py
[22:53:24.534] [INFO] [Scheduler] Loaded custom algorithm from ALGORITHM_INFO: ViewRawLFPData
[22:53:24.534] [ERROR] [Scheduler] Error loading custom algorithm from c:\Users\buaal\Desktop\NeuroPrime\custom_algorithms\view_raw_lfp_data.py: local variable 'found' referenced before assignment
[22:53:24.534] [ERROR] [Scheduler] Traceback: Traceback (most recent call last):
  File "c:\Users\buaal\Desktop\NeuroPrime\src\algorithms\scheduler.py", line 255, in _load_custom_algorithms
    if not found:
UnboundLocalError: local variable 'found' referenced before assignment

[22:53:24.534] [INFO] ============================================================
[22:53:24.534] [INFO] _populate_custom_algorithms started
[22:53:24.534] [INFO] Attempting to reload custom algorithms...
[22:53:24.536] [INFO] Removed module from cache: src.algorithms.base
[22:53:24.536] [INFO] Removed module from cache: src.algorithms.scheduler
[22:53:24.536] [INFO] Removed module from cache: src.algorithms.spike_detection
[22:53:24.536] [INFO] Removed module from cache: src.algorithms.lfp_analysis
[22:53:24.536] [INFO] Removed module from cache: src.algorithms.behavior_analysis
[22:53:24.536] [INFO] Removed module from cache: src.algorithms.decoding
[22:53:24.536] [INFO] Removed module from cache: src.algorithms
[22:53:24.539] [INFO] [Scheduler] Removed pycache directory: c:\Users\buaal\Desktop\NeuroPrime\custom_algorithms\__pycache__
[22:53:24.539] [INFO] [Scheduler] NEUROPRIME_ROOT = c:\Users\buaal\Desktop\NeuroPrime
[22:53:24.539] [INFO] [Scheduler] Looking for custom algorithms in: c:\Users\buaal\Desktop\NeuroPrime\custom_algorithms
[22:53:24.539] [INFO] [Scheduler] Current working directory: c:\Users\buaal\Desktop\NeuroPrime
[22:53:24.539] [INFO] [Scheduler] Script directory: c:\Users\buaal\Desktop\NeuroPrime\src\algorithms
[22:53:24.539] [INFO] [Scheduler] Custom algorithms directory exists: c:\Users\buaal\Desktop\NeuroPrime\custom_algorithms
[22:53:24.539] [INFO] [Scheduler] Found 11 Python files: ['customalgorithm.py', 'customalgorithmnew.py', 'mnealgorithm.py', 'mnefilteringalgorithm.py', 'mneicaalgorithm.py', 'mneresamplingalgorithm.py', 'mnesourcelocalizationalgorithm.py', 'testscriptalgorithm.py', 'viewlfpdata.py', 'view_raw_lfp_data.py', '__init__.py']
[22:53:24.540] [INFO] [Scheduler] Loading custom algorithm from: c:\Users\buaal\Desktop\NeuroPrime\custom_algorithms\customalgorithm.py
[22:53:24.551] [INFO] [Scheduler] Loaded custom algorithm from ALGORITHM_INFO: CustomAlgorithm
[22:53:24.551] [ERROR] [Scheduler] Error loading custom algorithm from c:\Users\buaal\Desktop\NeuroPrime\custom_algorithms\customalgorithm.py: local variable 'found' referenced before assignment
[22:53:24.551] [ERROR] [Scheduler] Traceback: Traceback (most recent call last):
  File "c:\Users\buaal\Desktop\NeuroPrime\src\algorithms\scheduler.py", line 255, in _load_custom_algorithms
    if not found:
UnboundLocalError: local variable 'found' referenced before assignment

[22:53:24.551] [INFO] [Scheduler] Loading custom algorithm from: c:\Users\buaal\Desktop\NeuroPrime\custom_algorithms\customalgorithmnew.py
[22:53:24.554] [INFO] [Scheduler] Loaded custom algorithm from ALGORITHM_INFO: CustomAlgorithmNew
[22:53:24.554] [ERROR] [Scheduler] Error loading custom algorithm from c:\Users\buaal\Desktop\NeuroPrime\custom_algorithms\customalgorithmnew.py: local variable 'found' referenced before assignment
[22:53:24.554] [ERROR] [Scheduler] Traceback: Traceback (most recent call last):
  File "c:\Users\buaal\Desktop\NeuroPrime\src\algorithms\scheduler.py", line 255, in _load_custom_algorithms
    if not found:
UnboundLocalError: local variable 'found' referenced before assignment

[22:53:24.554] [INFO] [Scheduler] Loading custom algorithm from: c:\Users\buaal\Desktop\NeuroPrime\custom_algorithms\mnealgorithm.py
[22:53:24.557] [INFO] [Scheduler] Loaded custom algorithm from ALGORITHM_INFO: MNEAlgorithm
[22:53:24.557] [ERROR] [Scheduler] Error loading custom algorithm from c:\Users\buaal\Desktop\NeuroPrime\custom_algorithms\mnealgorithm.py: local variable 'found' referenced before assignment
[22:53:24.557] [ERROR] [Scheduler] Traceback: Traceback (most recent call last):
  File "c:\Users\buaal\Desktop\NeuroPrime\src\algorithms\scheduler.py", line 255, in _load_custom_algorithms
    if not found:
UnboundLocalError: local variable 'found' referenced before assignment

[22:53:24.557] [INFO] [Scheduler] Loading custom algorithm from: c:\Users\buaal\Desktop\NeuroPrime\custom_algorithms\mnefilteringalgorithm.py
[22:53:24.560] [INFO] [Scheduler] Loaded custom algorithm from ALGORITHM_INFO: MNEFilteringAlgorithm
[22:53:24.560] [ERROR] [Scheduler] Error loading custom algorithm from c:\Users\buaal\Desktop\NeuroPrime\custom_algorithms\mnefilteringalgorithm.py: local variable 'found' referenced before assignment
[22:53:24.560] [ERROR] [Scheduler] Traceback: Traceback (most recent call last):
  File "c:\Users\buaal\Desktop\NeuroPrime\src\algorithms\scheduler.py", line 255, in _load_custom_algorithms
    if not found:
UnboundLocalError: local variable 'found' referenced before assignment

[22:53:24.560] [INFO] [Scheduler] Loading custom algorithm from: c:\Users\buaal\Desktop\NeuroPrime\custom_algorithms\mneicaalgorithm.py
[22:53:24.563] [INFO] [Scheduler] Loaded custom algorithm from ALGORITHM_INFO: MNEICAAlgorithm
[22:53:24.563] [ERROR] [Scheduler] Error loading custom algorithm from c:\Users\buaal\Desktop\NeuroPrime\custom_algorithms\mneicaalgorithm.py: local variable 'found' referenced before assignment
[22:53:24.563] [ERROR] [Scheduler] Traceback: Traceback (most recent call last):
  File "c:\Users\buaal\Desktop\NeuroPrime\src\algorithms\scheduler.py", line 255, in _load_custom_algorithms
    if not found:
UnboundLocalError: local variable 'found' referenced before assignment

[22:53:24.563] [INFO] [Scheduler] Loading custom algorithm from: c:\Users\buaal\Desktop\NeuroPrime\custom_algorithms\mneresamplingalgorithm.py
[22:53:24.568] [INFO] [Scheduler] Loaded custom algorithm from ALGORITHM_INFO: MNEResamplingAlgorithm
[22:53:24.568] [ERROR] [Scheduler] Error loading custom algorithm from c:\Users\buaal\Desktop\NeuroPrime\custom_algorithms\mneresamplingalgorithm.py: local variable 'found' referenced before assignment
[22:53:24.568] [ERROR] [Scheduler] Traceback: Traceback (most recent call last):
  File "c:\Users\buaal\Desktop\NeuroPrime\src\algorithms\scheduler.py", line 255, in _load_custom_algorithms
    if not found:
UnboundLocalError: local variable 'found' referenced before assignment

[22:53:24.568] [INFO] [Scheduler] Loading custom algorithm from: c:\Users\buaal\Desktop\NeuroPrime\custom_algorithms\mnesourcelocalizationalgorithm.py
[22:53:24.571] [INFO] [Scheduler] Loaded custom algorithm from ALGORITHM_INFO: MNESourceLocalizationAlgorithm
[22:53:24.571] [ERROR] [Scheduler] Error loading custom algorithm from c:\Users\buaal\Desktop\NeuroPrime\custom_algorithms\mnesourcelocalizationalgorithm.py: local variable 'found' referenced before assignment
[22:53:24.571] [ERROR] [Scheduler] Traceback: Traceback (most recent call last):
  File "c:\Users\buaal\Desktop\NeuroPrime\src\algorithms\scheduler.py", line 255, in _load_custom_algorithms
    if not found:
UnboundLocalError: local variable 'found' referenced before assignment

[22:53:24.571] [INFO] [Scheduler] Loading custom algorithm from: c:\Users\buaal\Desktop\NeuroPrime\custom_algorithms\testscriptalgorithm.py
[22:53:24.573] [INFO] [Scheduler] Loaded custom algorithm from ALGORITHM_INFO: TestScriptAlgorithm
[22:53:24.573] [ERROR] [Scheduler] Error loading custom algorithm from c:\Users\buaal\Desktop\NeuroPrime\custom_algorithms\testscriptalgorithm.py: local variable 'found' referenced before assignment
[22:53:24.573] [ERROR] [Scheduler] Traceback: Traceback (most recent call last):
  File "c:\Users\buaal\Desktop\NeuroPrime\src\algorithms\scheduler.py", line 255, in _load_custom_algorithms
    if not found:
UnboundLocalError: local variable 'found' referenced before assignment

[22:53:24.573] [INFO] [Scheduler] Loading custom algorithm from: c:\Users\buaal\Desktop\NeuroPrime\custom_algorithms\viewlfpdata.py
[22:53:24.574] [INFO] [Scheduler] Loaded custom algorithm from ALGORITHM_INFO: ViewLFPData
[22:53:24.574] [ERROR] [Scheduler] Error loading custom algorithm from c:\Users\buaal\Desktop\NeuroPrime\custom_algorithms\viewlfpdata.py: local variable 'found' referenced before assignment
[22:53:24.574] [ERROR] [Scheduler] Traceback: Traceback (most recent call last):
  File "c:\Users\buaal\Desktop\NeuroPrime\src\algorithms\scheduler.py", line 255, in _load_custom_algorithms
    if not found:
UnboundLocalError: local variable 'found' referenced before assignment

[22:53:24.574] [INFO] [Scheduler] Loading custom algorithm from: c:\Users\buaal\Desktop\NeuroPrime\custom_algorithms\view_raw_lfp_data.py
[22:53:24.577] [INFO] [Scheduler] Loaded custom algorithm from ALGORITHM_INFO: ViewRawLFPData
[22:53:24.577] [ERROR] [Scheduler] Error loading custom algorithm from c:\Users\buaal\Desktop\NeuroPrime\custom_algorithms\view_raw_lfp_data.py: local variable 'found' referenced before assignment
[22:53:24.577] [ERROR] [Scheduler] Traceback: Traceback (most recent call last):
  File "c:\Users\buaal\Desktop\NeuroPrime\src\algorithms\scheduler.py", line 255, in _load_custom_algorithms
    if not found:
UnboundLocalError: local variable 'found' referenced before assignment

[22:53:24.577] [INFO] Custom algorithms reload completed
[22:53:24.577] [INFO] Total algorithms available: 18
[22:53:24.578] [INFO] Added custom algorithm: MNEAlgorithm (category: 自定义算法)
[22:53:24.578] [INFO] Added custom algorithm: MNEFilteringAlgorithm (category: 自定义算法)
[22:53:24.578] [INFO] Added custom algorithm: MNEICAAlgorithm (category: 自定义算法)
[22:53:24.578] [INFO] Added custom algorithm: MNEResamplingAlgorithm (category: 自定义算法)
[22:53:24.578] [INFO] Added custom algorithm: MNESourceLocalizationAlgorithm (category: 自定义算法)
[22:53:24.578] [INFO] Added custom algorithm: ViewLFPData (category: 自定义算法)
[22:53:24.578] [INFO] Added custom algorithm: ViewRawLFPData (category: 自定义算法)
[22:53:24.578] [INFO] Total custom algorithms added: 7
[22:53:24.579] [INFO] ============================================================
[22:53:27.464] [INFO] add_data_item 被调用
[22:53:27.464] [DEBUG] data_item_type = <class 'dict'> (type: type)
[22:53:27.464] [INFO] add_data_item 被调用
[22:53:27.464] [DEBUG] data_item_type = <class 'dict'> (type: type)
[22:53:27.464] [INFO] add_data_item 被调用
[22:53:27.464] [DEBUG] data_item_type = <class 'dict'> (type: type)
[22:53:27.464] [INFO] add_data_item 被调用
[22:53:27.464] [DEBUG] data_item_type = <class 'dict'> (type: type)
[22:53:30.643] [INFO] add_data_item 被调用
[22:53:30.643] [DEBUG] data_item_type = <class 'dict'> (type: type)
[22:53:40.360] [INFO] ============================================================
[22:53:40.360] [INFO] _on_run_clicked 被调用
[22:53:40.360] [INFO] _get_selected_data_items 被调用
[22:53:40.360] [DEBUG] selected_data_items_len = 1 (type: int)
[22:53:40.360] [DEBUG] selected_data_items_0_type = <class 'dict'> (type: type)
[22:53:40.360] [INFO] 返回 1 个有效数据项
[22:53:40.362] [DEBUG] selected_data_type = <class 'list'> (type: type)
[22:53:40.362] [DEBUG] selected_data_len = 1 (type: int)
[22:53:40.362] [DEBUG] item_0_type = <class 'dict'> (type: type)
[22:53:40.362] [INFO] item[0] keys: ['id', 'display_name', 'trial_name', 'data_type', 'description', 'time_range']
[22:53:40.362] [INFO] 自定义算法使用默认参数: {'new_sampling_rate': 1000.0, 'n_jobs': 1, 'filter_before': True}
[22:53:40.362] [DEBUG] parameters_keys = ['new_sampling_rate', 'n_jobs', 'filter_before'] (type: list)
[22:53:40.362] [DEBUG] algorithm_name = MNEResamplingAlgorithm (type: str)
[22:53:40.362] [DEBUG] current_algorithm = MNEResamplingAlgorithm (type: str)
[22:53:40.362] [INFO] 发送请求: algorithm=MNEResamplingAlgorithm, data_items数量=1
[22:53:40.362] [INFO] ============================================================
[22:53:40.362] [INFO] _on_run_analysis 被调用
[22:53:40.362] [DEBUG] params_type = <class 'dict'> (type: type)
[22:53:40.362] [DEBUG] algorithm_name = MNEResamplingAlgorithm (type: str)
[22:53:40.362] [DEBUG] data_items_type = <class 'list'> (type: type)
[22:53:40.362] [DEBUG] data_items_len = 1 (type: int)
[22:53:40.362] [DEBUG] parameters_type = <class 'dict'> (type: type)
[22:53:40.362] [DEBUG] time_alignment_type = <class 'NoneType'> (type: type)
[22:53:40.362] [INFO] data_items[0] type: <class 'dict'>
[22:53:40.362] [INFO] data_items[0] keys: ['id', 'display_name', 'trial_name', 'data_type', 'description', 'time_range']
[22:53:40.362] [INFO] ============================================================
[22:53:40.362] [INFO] _run_analysis_async 被调用
[22:53:40.362] [DEBUG] algorithm_name = MNEResamplingAlgorithm (type: str)
[22:53:40.362] [DEBUG] data_items_type = <class 'list'> (type: type)
[22:53:40.362] [DEBUG] data_items_len = 1 (type: int)
[22:53:40.362] [DEBUG] parameters_keys = ['new_sampling_rate', 'n_jobs', 'filter_before'] (type: list)
[22:53:40.362] [INFO] data_items[0] type: <class 'dict'>
[22:53:40.362] [INFO] data_items[0] keys: ['id', 'display_name', 'trial_name', 'data_type', 'description', 'time_range']
