[19:36:56.256] [INFO] ============================================================
[19:36:56.256] [INFO] NeuroPrime 调试日志
[19:36:56.256] [INFO] 启动时间: 2026-04-16 19:36:56
[19:36:56.256] [INFO] Python版本: 3.10.10 (tags/v3.10.10:aad5f6a, Feb  7 2023, 17:20:36) [MSC v.1929 64 bit (AMD64)]
[19:36:56.257] [INFO] 日志文件: c:\Users\buaal\Desktop\NeuroPrime\logs\debug_20260416_193656.log
[19:36:56.257] [INFO] ============================================================
[19:36:57.533] [INFO] [Scheduler] Removed pycache directory: c:\Users\buaal\Desktop\NeuroPrime\custom_algorithms\__pycache__
[19:36:57.534] [INFO] [Scheduler] NEUROPRIME_ROOT = c:\Users\buaal\Desktop\NeuroPrime
[19:36:57.534] [INFO] [Scheduler] Looking for custom algorithms in: c:\Users\buaal\Desktop\NeuroPrime\custom_algorithms
[19:36:57.534] [INFO] [Scheduler] Current working directory: c:\Users\buaal\Desktop\NeuroPrime
[19:36:57.534] [INFO] [Scheduler] Script directory: c:\Users\buaal\Desktop\NeuroPrime\src\algorithms
[19:36:57.534] [INFO] [Scheduler] Custom algorithms directory exists: c:\Users\buaal\Desktop\NeuroPrime\custom_algorithms
[19:36:57.535] [INFO] [Scheduler] Found 13 Python files: ['aaaa.py', 'bbbb.py', 'cccc.py', 'customalgorithm.py', 'customalgorithmnew.py', 'customalgorithmtest.py', 'new.py', 'newnew.py', 'newnewnew.py', 'newnewnewnewnewn.py', 'testscriptalgorithm.py', 'view_raw_lfp_data.py', '__init__.py']
[19:36:57.535] [INFO] [Scheduler] Loading custom algorithm from: c:\Users\buaal\Desktop\NeuroPrime\custom_algorithms\aaaa.py
[19:36:57.545] [INFO] [Scheduler] Loaded custom algorithm from ALGORITHM_INFO: aaaa
[19:36:57.546] [ERROR] [Scheduler] Error loading custom algorithm from c:\Users\buaal\Desktop\NeuroPrime\custom_algorithms\aaaa.py: local variable 'found' referenced before assignment
[19:36:57.546] [ERROR] [Scheduler] Traceback: Traceback (most recent call last):
  File "c:\Users\buaal\Desktop\NeuroPrime\src\algorithms\scheduler.py", line 255, in _load_custom_algorithms
    if not found:
UnboundLocalError: local variable 'found' referenced before assignment

[19:36:57.546] [INFO] [Scheduler] Loading custom algorithm from: c:\Users\buaal\Desktop\NeuroPrime\custom_algorithms\bbbb.py
[19:36:57.894] [INFO] [Scheduler] Loaded custom algorithm from ALGORITHM_INFO: bbbb
[19:36:57.894] [ERROR] [Scheduler] Error loading custom algorithm from c:\Users\buaal\Desktop\NeuroPrime\custom_algorithms\bbbb.py: local variable 'found' referenced before assignment
[19:36:57.894] [ERROR] [Scheduler] Traceback: Traceback (most recent call last):
  File "c:\Users\buaal\Desktop\NeuroPrime\src\algorithms\scheduler.py", line 255, in _load_custom_algorithms
    if not found:
UnboundLocalError: local variable 'found' referenced before assignment

[19:36:57.894] [INFO] [Scheduler] Loading custom algorithm from: c:\Users\buaal\Desktop\NeuroPrime\custom_algorithms\cccc.py
[19:36:57.898] [INFO] [Scheduler] Loaded custom algorithm from ALGORITHM_INFO: cccc
[19:36:57.898] [ERROR] [Scheduler] Error loading custom algorithm from c:\Users\buaal\Desktop\NeuroPrime\custom_algorithms\cccc.py: local variable 'found' referenced before assignment
[19:36:57.898] [ERROR] [Scheduler] Traceback: Traceback (most recent call last):
  File "c:\Users\buaal\Desktop\NeuroPrime\src\algorithms\scheduler.py", line 255, in _load_custom_algorithms
    if not found:
UnboundLocalError: local variable 'found' referenced before assignment

[19:36:57.898] [INFO] [Scheduler] Loading custom algorithm from: c:\Users\buaal\Desktop\NeuroPrime\custom_algorithms\customalgorithm.py
[19:36:57.900] [INFO] [Scheduler] Loaded custom algorithm from ALGORITHM_INFO: CustomAlgorithm
[19:36:57.901] [ERROR] [Scheduler] Error loading custom algorithm from c:\Users\buaal\Desktop\NeuroPrime\custom_algorithms\customalgorithm.py: local variable 'found' referenced before assignment
[19:36:57.901] [ERROR] [Scheduler] Traceback: Traceback (most recent call last):
  File "c:\Users\buaal\Desktop\NeuroPrime\src\algorithms\scheduler.py", line 255, in _load_custom_algorithms
    if not found:
UnboundLocalError: local variable 'found' referenced before assignment

[19:36:57.901] [INFO] [Scheduler] Loading custom algorithm from: c:\Users\buaal\Desktop\NeuroPrime\custom_algorithms\customalgorithmnew.py
[19:36:57.905] [INFO] [Scheduler] Loaded custom algorithm from ALGORITHM_INFO: CustomAlgorithmNew
[19:36:57.905] [ERROR] [Scheduler] Error loading custom algorithm from c:\Users\buaal\Desktop\NeuroPrime\custom_algorithms\customalgorithmnew.py: local variable 'found' referenced before assignment
[19:36:57.905] [ERROR] [Scheduler] Traceback: Traceback (most recent call last):
  File "c:\Users\buaal\Desktop\NeuroPrime\src\algorithms\scheduler.py", line 255, in _load_custom_algorithms
    if not found:
UnboundLocalError: local variable 'found' referenced before assignment

[19:36:57.905] [INFO] [Scheduler] Loading custom algorithm from: c:\Users\buaal\Desktop\NeuroPrime\custom_algorithms\customalgorithmtest.py
[19:36:57.908] [INFO] [Scheduler] Loaded custom algorithm from ALGORITHM_INFO: CustomAlgorithmTest
[19:36:57.908] [ERROR] [Scheduler] Error loading custom algorithm from c:\Users\buaal\Desktop\NeuroPrime\custom_algorithms\customalgorithmtest.py: local variable 'found' referenced before assignment
[19:36:57.908] [ERROR] [Scheduler] Traceback: Traceback (most recent call last):
  File "c:\Users\buaal\Desktop\NeuroPrime\src\algorithms\scheduler.py", line 255, in _load_custom_algorithms
    if not found:
UnboundLocalError: local variable 'found' referenced before assignment

[19:36:57.908] [INFO] [Scheduler] Loading custom algorithm from: c:\Users\buaal\Desktop\NeuroPrime\custom_algorithms\new.py
[19:36:57.910] [INFO] [Scheduler] Loaded custom algorithm from ALGORITHM_INFO: New
[19:36:57.910] [ERROR] [Scheduler] Error loading custom algorithm from c:\Users\buaal\Desktop\NeuroPrime\custom_algorithms\new.py: local variable 'found' referenced before assignment
[19:36:57.910] [ERROR] [Scheduler] Traceback: Traceback (most recent call last):
  File "c:\Users\buaal\Desktop\NeuroPrime\src\algorithms\scheduler.py", line 255, in _load_custom_algorithms
    if not found:
UnboundLocalError: local variable 'found' referenced before assignment

[19:36:57.910] [INFO] [Scheduler] Loading custom algorithm from: c:\Users\buaal\Desktop\NeuroPrime\custom_algorithms\newnew.py
[19:36:57.912] [INFO] [Scheduler] Loaded custom algorithm from ALGORITHM_INFO: newnew
[19:36:57.912] [ERROR] [Scheduler] Error loading custom algorithm from c:\Users\buaal\Desktop\NeuroPrime\custom_algorithms\newnew.py: local variable 'found' referenced before assignment
[19:36:57.912] [ERROR] [Scheduler] Traceback: Traceback (most recent call last):
  File "c:\Users\buaal\Desktop\NeuroPrime\src\algorithms\scheduler.py", line 255, in _load_custom_algorithms
    if not found:
UnboundLocalError: local variable 'found' referenced before assignment

[19:36:57.912] [INFO] [Scheduler] Loading custom algorithm from: c:\Users\buaal\Desktop\NeuroPrime\custom_algorithms\newnewnew.py
[19:36:57.914] [INFO] [Scheduler] Loaded custom algorithm from ALGORITHM_INFO: newnewnew
[19:36:57.914] [ERROR] [Scheduler] Error loading custom algorithm from c:\Users\buaal\Desktop\NeuroPrime\custom_algorithms\newnewnew.py: local variable 'found' referenced before assignment
[19:36:57.914] [ERROR] [Scheduler] Traceback: Traceback (most recent call last):
  File "c:\Users\buaal\Desktop\NeuroPrime\src\algorithms\scheduler.py", line 255, in _load_custom_algorithms
    if not found:
UnboundLocalError: local variable 'found' referenced before assignment

[19:36:57.914] [INFO] [Scheduler] Loading custom algorithm from: c:\Users\buaal\Desktop\NeuroPrime\custom_algorithms\newnewnewnewnewn.py
[19:36:57.918] [INFO] [Scheduler] Loaded custom algorithm from ALGORITHM_INFO: newnewnewnewnewn
[19:36:57.918] [ERROR] [Scheduler] Error loading custom algorithm from c:\Users\buaal\Desktop\NeuroPrime\custom_algorithms\newnewnewnewnewn.py: local variable 'found' referenced before assignment
[19:36:57.918] [ERROR] [Scheduler] Traceback: Traceback (most recent call last):
  File "c:\Users\buaal\Desktop\NeuroPrime\src\algorithms\scheduler.py", line 255, in _load_custom_algorithms
    if not found:
UnboundLocalError: local variable 'found' referenced before assignment

[19:36:57.918] [INFO] [Scheduler] Loading custom algorithm from: c:\Users\buaal\Desktop\NeuroPrime\custom_algorithms\testscriptalgorithm.py
[19:36:57.921] [INFO] [Scheduler] Loaded custom algorithm from ALGORITHM_INFO: TestScriptAlgorithm
[19:36:57.921] [ERROR] [Scheduler] Error loading custom algorithm from c:\Users\buaal\Desktop\NeuroPrime\custom_algorithms\testscriptalgorithm.py: local variable 'found' referenced before assignment
[19:36:57.921] [ERROR] [Scheduler] Traceback: Traceback (most recent call last):
  File "c:\Users\buaal\Desktop\NeuroPrime\src\algorithms\scheduler.py", line 255, in _load_custom_algorithms
    if not found:
UnboundLocalError: local variable 'found' referenced before assignment

[19:36:57.921] [INFO] [Scheduler] Loading custom algorithm from: c:\Users\buaal\Desktop\NeuroPrime\custom_algorithms\view_raw_lfp_data.py
[19:36:57.924] [INFO] [Scheduler] Loaded custom algorithm from ALGORITHM_INFO: ViewRawLFPData
[19:36:57.924] [ERROR] [Scheduler] Error loading custom algorithm from c:\Users\buaal\Desktop\NeuroPrime\custom_algorithms\view_raw_lfp_data.py: local variable 'found' referenced before assignment
[19:36:57.924] [ERROR] [Scheduler] Traceback: Traceback (most recent call last):
  File "c:\Users\buaal\Desktop\NeuroPrime\src\algorithms\scheduler.py", line 255, in _load_custom_algorithms
    if not found:
UnboundLocalError: local variable 'found' referenced before assignment

