[20:46:41.316] [INFO] ============================================================
[20:46:41.316] [INFO] NeuroPrime 调试日志
[20:46:41.316] [INFO] 启动时间: 2026-04-17 20:46:41
[20:46:41.316] [INFO] Python版本: 3.10.10 (tags/v3.10.10:aad5f6a, Feb  7 2023, 17:20:36) [MSC v.1929 64 bit (AMD64)]
[20:46:41.316] [INFO] 日志文件: C:\Users\buaal\Desktop\NeuroPrime\logs\debug_20260417_204641.log
[20:46:41.316] [INFO] ============================================================
[20:46:43.473] [INFO] [Scheduler] Removed pycache directory: C:\Users\buaal\Desktop\NeuroPrime\custom_algorithms\__pycache__
[20:46:43.473] [INFO] [Scheduler] NEUROPRIME_ROOT = C:\Users\buaal\Desktop\NeuroPrime
[20:46:43.473] [INFO] [Scheduler] Looking for custom algorithms in: C:\Users\buaal\Desktop\NeuroPrime\custom_algorithms
[20:46:43.473] [INFO] [Scheduler] Current working directory: C:\Users\buaal\Desktop\NeuroPrime
[20:46:43.473] [INFO] [Scheduler] Script directory: C:\Users\buaal\Desktop\NeuroPrime\src\algorithms
[20:46:43.473] [INFO] [Scheduler] Custom algorithms directory exists: C:\Users\buaal\Desktop\NeuroPrime\custom_algorithms
[20:46:43.476] [INFO] [Scheduler] Found 12 Python files: ['aaaa.py', 'cccc.py', 'customalgorithm.py', 'customalgorithmnew.py', 'customalgorithmtest.py', 'new.py', 'newnew.py', 'newnewnew.py', 'newnewnewnewnewn.py', 'testscriptalgorithm.py', 'view_raw_lfp_data.py', '__init__.py']
[20:46:43.476] [INFO] [Scheduler] Loading custom algorithm from: C:\Users\buaal\Desktop\NeuroPrime\custom_algorithms\aaaa.py
[20:46:43.486] [INFO] [Scheduler] Loaded custom algorithm from ALGORITHM_INFO: aaaa
[20:46:43.486] [ERROR] [Scheduler] Error loading custom algorithm from C:\Users\buaal\Desktop\NeuroPrime\custom_algorithms\aaaa.py: local variable 'found' referenced before assignment
[20:46:43.486] [ERROR] [Scheduler] Traceback: Traceback (most recent call last):
  File "C:\Users\buaal\Desktop\NeuroPrime\src\algorithms\scheduler.py", line 255, in _load_custom_algorithms
    if not found:
UnboundLocalError: local variable 'found' referenced before assignment

[20:46:43.486] [INFO] [Scheduler] Loading custom algorithm from: C:\Users\buaal\Desktop\NeuroPrime\custom_algorithms\cccc.py
[20:46:43.490] [INFO] [Scheduler] Loaded custom algorithm from ALGORITHM_INFO: cccc
[20:46:43.490] [ERROR] [Scheduler] Error loading custom algorithm from C:\Users\buaal\Desktop\NeuroPrime\custom_algorithms\cccc.py: local variable 'found' referenced before assignment
[20:46:43.490] [ERROR] [Scheduler] Traceback: Traceback (most recent call last):
  File "C:\Users\buaal\Desktop\NeuroPrime\src\algorithms\scheduler.py", line 255, in _load_custom_algorithms
    if not found:
UnboundLocalError: local variable 'found' referenced before assignment

[20:46:43.490] [INFO] [Scheduler] Loading custom algorithm from: C:\Users\buaal\Desktop\NeuroPrime\custom_algorithms\customalgorithm.py
[20:46:44.076] [INFO] [Scheduler] Loaded custom algorithm from ALGORITHM_INFO: CustomAlgorithm
[20:46:44.076] [ERROR] [Scheduler] Error loading custom algorithm from C:\Users\buaal\Desktop\NeuroPrime\custom_algorithms\customalgorithm.py: local variable 'found' referenced before assignment
[20:46:44.076] [ERROR] [Scheduler] Traceback: Traceback (most recent call last):
  File "C:\Users\buaal\Desktop\NeuroPrime\src\algorithms\scheduler.py", line 255, in _load_custom_algorithms
    if not found:
UnboundLocalError: local variable 'found' referenced before assignment

[20:46:44.076] [INFO] [Scheduler] Loading custom algorithm from: C:\Users\buaal\Desktop\NeuroPrime\custom_algorithms\customalgorithmnew.py
[20:46:44.083] [INFO] [Scheduler] Loaded custom algorithm from ALGORITHM_INFO: CustomAlgorithmNew
[20:46:44.083] [ERROR] [Scheduler] Error loading custom algorithm from C:\Users\buaal\Desktop\NeuroPrime\custom_algorithms\customalgorithmnew.py: local variable 'found' referenced before assignment
[20:46:44.083] [ERROR] [Scheduler] Traceback: Traceback (most recent call last):
  File "C:\Users\buaal\Desktop\NeuroPrime\src\algorithms\scheduler.py", line 255, in _load_custom_algorithms
    if not found:
UnboundLocalError: local variable 'found' referenced before assignment

[20:46:44.083] [INFO] [Scheduler] Loading custom algorithm from: C:\Users\buaal\Desktop\NeuroPrime\custom_algorithms\customalgorithmtest.py
[20:46:44.086] [INFO] [Scheduler] Loaded custom algorithm from ALGORITHM_INFO: CustomAlgorithmTest
[20:46:44.086] [ERROR] [Scheduler] Error loading custom algorithm from C:\Users\buaal\Desktop\NeuroPrime\custom_algorithms\customalgorithmtest.py: local variable 'found' referenced before assignment
[20:46:44.086] [ERROR] [Scheduler] Traceback: Traceback (most recent call last):
  File "C:\Users\buaal\Desktop\NeuroPrime\src\algorithms\scheduler.py", line 255, in _load_custom_algorithms
    if not found:
UnboundLocalError: local variable 'found' referenced before assignment

[20:46:44.086] [INFO] [Scheduler] Loading custom algorithm from: C:\Users\buaal\Desktop\NeuroPrime\custom_algorithms\new.py
[20:46:44.090] [INFO] [Scheduler] Loaded custom algorithm from ALGORITHM_INFO: New
[20:46:44.090] [ERROR] [Scheduler] Error loading custom algorithm from C:\Users\buaal\Desktop\NeuroPrime\custom_algorithms\new.py: local variable 'found' referenced before assignment
[20:46:44.090] [ERROR] [Scheduler] Traceback: Traceback (most recent call last):
  File "C:\Users\buaal\Desktop\NeuroPrime\src\algorithms\scheduler.py", line 255, in _load_custom_algorithms
    if not found:
UnboundLocalError: local variable 'found' referenced before assignment

[20:46:44.090] [INFO] [Scheduler] Loading custom algorithm from: C:\Users\buaal\Desktop\NeuroPrime\custom_algorithms\newnew.py
[20:46:44.095] [INFO] [Scheduler] Loaded custom algorithm from ALGORITHM_INFO: newnew
[20:46:44.095] [ERROR] [Scheduler] Error loading custom algorithm from C:\Users\buaal\Desktop\NeuroPrime\custom_algorithms\newnew.py: local variable 'found' referenced before assignment
[20:46:44.095] [ERROR] [Scheduler] Traceback: Traceback (most recent call last):
  File "C:\Users\buaal\Desktop\NeuroPrime\src\algorithms\scheduler.py", line 255, in _load_custom_algorithms
    if not found:
UnboundLocalError: local variable 'found' referenced before assignment

[20:46:44.095] [INFO] [Scheduler] Loading custom algorithm from: C:\Users\buaal\Desktop\NeuroPrime\custom_algorithms\newnewnew.py
[20:46:44.101] [INFO] [Scheduler] Loaded custom algorithm from ALGORITHM_INFO: newnewnew
[20:46:44.101] [ERROR] [Scheduler] Error loading custom algorithm from C:\Users\buaal\Desktop\NeuroPrime\custom_algorithms\newnewnew.py: local variable 'found' referenced before assignment
[20:46:44.101] [ERROR] [Scheduler] Traceback: Traceback (most recent call last):
  File "C:\Users\buaal\Desktop\NeuroPrime\src\algorithms\scheduler.py", line 255, in _load_custom_algorithms
    if not found:
UnboundLocalError: local variable 'found' referenced before assignment

[20:46:44.101] [INFO] [Scheduler] Loading custom algorithm from: C:\Users\buaal\Desktop\NeuroPrime\custom_algorithms\newnewnewnewnewn.py
[20:46:44.109] [INFO] [Scheduler] Loaded custom algorithm from ALGORITHM_INFO: newnewnewnewnewn
[20:46:44.109] [ERROR] [Scheduler] Error loading custom algorithm from C:\Users\buaal\Desktop\NeuroPrime\custom_algorithms\newnewnewnewnewn.py: local variable 'found' referenced before assignment
[20:46:44.110] [ERROR] [Scheduler] Traceback: Traceback (most recent call last):
  File "C:\Users\buaal\Desktop\NeuroPrime\src\algorithms\scheduler.py", line 255, in _load_custom_algorithms
    if not found:
UnboundLocalError: local variable 'found' referenced before assignment

[20:46:44.110] [INFO] [Scheduler] Loading custom algorithm from: C:\Users\buaal\Desktop\NeuroPrime\custom_algorithms\testscriptalgorithm.py
[20:46:44.110] [INFO] [Scheduler] Loaded custom algorithm from ALGORITHM_INFO: TestScriptAlgorithm
[20:46:44.110] [ERROR] [Scheduler] Error loading custom algorithm from C:\Users\buaal\Desktop\NeuroPrime\custom_algorithms\testscriptalgorithm.py: local variable 'found' referenced before assignment
[20:46:44.113] [ERROR] [Scheduler] Traceback: Traceback (most recent call last):
  File "C:\Users\buaal\Desktop\NeuroPrime\src\algorithms\scheduler.py", line 255, in _load_custom_algorithms
    if not found:
UnboundLocalError: local variable 'found' referenced before assignment

[20:46:44.113] [INFO] [Scheduler] Loading custom algorithm from: C:\Users\buaal\Desktop\NeuroPrime\custom_algorithms\view_raw_lfp_data.py
[20:46:44.115] [INFO] [Scheduler] Loaded custom algorithm from ALGORITHM_INFO: ViewRawLFPData
[20:46:44.115] [ERROR] [Scheduler] Error loading custom algorithm from C:\Users\buaal\Desktop\NeuroPrime\custom_algorithms\view_raw_lfp_data.py: local variable 'found' referenced before assignment
[20:46:44.115] [ERROR] [Scheduler] Traceback: Traceback (most recent call last):
  File "C:\Users\buaal\Desktop\NeuroPrime\src\algorithms\scheduler.py", line 255, in _load_custom_algorithms
    if not found:
UnboundLocalError: local variable 'found' referenced before assignment

[20:48:06.983] [INFO] ============================================================
[20:48:06.983] [INFO] _populate_custom_algorithms started
[20:48:06.983] [INFO] Attempting to reload custom algorithms...
[20:48:07.047] [INFO] [Scheduler] Removed pycache directory: C:\Users\buaal\Desktop\NeuroPrime\custom_algorithms\__pycache__
[20:48:07.048] [INFO] [Scheduler] NEUROPRIME_ROOT = C:\Users\buaal\Desktop\NeuroPrime
[20:48:07.048] [INFO] [Scheduler] Looking for custom algorithms in: C:\Users\buaal\Desktop\NeuroPrime\custom_algorithms
[20:48:07.048] [INFO] [Scheduler] Current working directory: C:\Users\buaal\Desktop\NeuroPrime
[20:48:07.048] [INFO] [Scheduler] Script directory: C:\Users\buaal\Desktop\NeuroPrime\src\algorithms
[20:48:07.048] [INFO] [Scheduler] Custom algorithms directory exists: C:\Users\buaal\Desktop\NeuroPrime\custom_algorithms
[20:48:07.048] [INFO] [Scheduler] Found 12 Python files: ['aaaa.py', 'cccc.py', 'customalgorithm.py', 'customalgorithmnew.py', 'customalgorithmtest.py', 'new.py', 'newnew.py', 'newnewnew.py', 'newnewnewnewnewn.py', 'testscriptalgorithm.py', 'view_raw_lfp_data.py', '__init__.py']
[20:48:07.048] [INFO] [Scheduler] Loading custom algorithm from: C:\Users\buaal\Desktop\NeuroPrime\custom_algorithms\aaaa.py
[20:48:07.052] [INFO] [Scheduler] Loaded custom algorithm from ALGORITHM_INFO: aaaa
[20:48:07.052] [ERROR] [Scheduler] Error loading custom algorithm from C:\Users\buaal\Desktop\NeuroPrime\custom_algorithms\aaaa.py: local variable 'found' referenced before assignment
[20:48:07.054] [ERROR] [Scheduler] Traceback: Traceback (most recent call last):
  File "C:\Users\buaal\Desktop\NeuroPrime\src\algorithms\scheduler.py", line 255, in _load_custom_algorithms
    if not found:
UnboundLocalError: local variable 'found' referenced before assignment

[20:48:07.054] [INFO] [Scheduler] Loading custom algorithm from: C:\Users\buaal\Desktop\NeuroPrime\custom_algorithms\cccc.py
[20:48:07.055] [INFO] [Scheduler] Loaded custom algorithm from ALGORITHM_INFO: cccc
[20:48:07.055] [ERROR] [Scheduler] Error loading custom algorithm from C:\Users\buaal\Desktop\NeuroPrime\custom_algorithms\cccc.py: local variable 'found' referenced before assignment
[20:48:07.058] [ERROR] [Scheduler] Traceback: Traceback (most recent call last):
  File "C:\Users\buaal\Desktop\NeuroPrime\src\algorithms\scheduler.py", line 255, in _load_custom_algorithms
    if not found:
UnboundLocalError: local variable 'found' referenced before assignment

[20:48:07.058] [INFO] [Scheduler] Loading custom algorithm from: C:\Users\buaal\Desktop\NeuroPrime\custom_algorithms\customalgorithm.py
[20:48:07.061] [INFO] [Scheduler] Loaded custom algorithm from ALGORITHM_INFO: CustomAlgorithm
[20:48:07.061] [ERROR] [Scheduler] Error loading custom algorithm from C:\Users\buaal\Desktop\NeuroPrime\custom_algorithms\customalgorithm.py: local variable 'found' referenced before assignment
[20:48:07.061] [ERROR] [Scheduler] Traceback: Traceback (most recent call last):
  File "C:\Users\buaal\Desktop\NeuroPrime\src\algorithms\scheduler.py", line 255, in _load_custom_algorithms
    if not found:
UnboundLocalError: local variable 'found' referenced before assignment

[20:48:07.061] [INFO] [Scheduler] Loading custom algorithm from: C:\Users\buaal\Desktop\NeuroPrime\custom_algorithms\customalgorithmnew.py
[20:48:07.063] [INFO] [Scheduler] Loaded custom algorithm from ALGORITHM_INFO: CustomAlgorithmNew
[20:48:07.063] [ERROR] [Scheduler] Error loading custom algorithm from C:\Users\buaal\Desktop\NeuroPrime\custom_algorithms\customalgorithmnew.py: local variable 'found' referenced before assignment
[20:48:07.063] [ERROR] [Scheduler] Traceback: Traceback (most recent call last):
  File "C:\Users\buaal\Desktop\NeuroPrime\src\algorithms\scheduler.py", line 255, in _load_custom_algorithms
    if not found:
UnboundLocalError: local variable 'found' referenced before assignment

[20:48:07.063] [INFO] [Scheduler] Loading custom algorithm from: C:\Users\buaal\Desktop\NeuroPrime\custom_algorithms\customalgorithmtest.py
[20:48:07.068] [INFO] [Scheduler] Loaded custom algorithm from ALGORITHM_INFO: CustomAlgorithmTest
[20:48:07.068] [ERROR] [Scheduler] Error loading custom algorithm from C:\Users\buaal\Desktop\NeuroPrime\custom_algorithms\customalgorithmtest.py: local variable 'found' referenced before assignment
[20:48:07.068] [ERROR] [Scheduler] Traceback: Traceback (most recent call last):
  File "C:\Users\buaal\Desktop\NeuroPrime\src\algorithms\scheduler.py", line 255, in _load_custom_algorithms
    if not found:
UnboundLocalError: local variable 'found' referenced before assignment

[20:48:07.068] [INFO] [Scheduler] Loading custom algorithm from: C:\Users\buaal\Desktop\NeuroPrime\custom_algorithms\new.py
[20:48:07.070] [INFO] [Scheduler] Loaded custom algorithm from ALGORITHM_INFO: New
[20:48:07.070] [ERROR] [Scheduler] Error loading custom algorithm from C:\Users\buaal\Desktop\NeuroPrime\custom_algorithms\new.py: local variable 'found' referenced before assignment
[20:48:07.070] [ERROR] [Scheduler] Traceback: Traceback (most recent call last):
  File "C:\Users\buaal\Desktop\NeuroPrime\src\algorithms\scheduler.py", line 255, in _load_custom_algorithms
    if not found:
UnboundLocalError: local variable 'found' referenced before assignment

[20:48:07.070] [INFO] [Scheduler] Loading custom algorithm from: C:\Users\buaal\Desktop\NeuroPrime\custom_algorithms\newnew.py
[20:48:07.075] [INFO] [Scheduler] Loaded custom algorithm from ALGORITHM_INFO: newnew
[20:48:07.075] [ERROR] [Scheduler] Error loading custom algorithm from C:\Users\buaal\Desktop\NeuroPrime\custom_algorithms\newnew.py: local variable 'found' referenced before assignment
[20:48:07.075] [ERROR] [Scheduler] Traceback: Traceback (most recent call last):
  File "C:\Users\buaal\Desktop\NeuroPrime\src\algorithms\scheduler.py", line 255, in _load_custom_algorithms
    if not found:
UnboundLocalError: local variable 'found' referenced before assignment

[20:48:07.075] [INFO] [Scheduler] Loading custom algorithm from: C:\Users\buaal\Desktop\NeuroPrime\custom_algorithms\newnewnew.py
[20:48:07.078] [INFO] [Scheduler] Loaded custom algorithm from ALGORITHM_INFO: newnewnew
[20:48:07.078] [ERROR] [Scheduler] Error loading custom algorithm from C:\Users\buaal\Desktop\NeuroPrime\custom_algorithms\newnewnew.py: local variable 'found' referenced before assignment
[20:48:07.079] [ERROR] [Scheduler] Traceback: Traceback (most recent call last):
  File "C:\Users\buaal\Desktop\NeuroPrime\src\algorithms\scheduler.py", line 255, in _load_custom_algorithms
    if not found:
UnboundLocalError: local variable 'found' referenced before assignment

[20:48:07.079] [INFO] [Scheduler] Loading custom algorithm from: C:\Users\buaal\Desktop\NeuroPrime\custom_algorithms\newnewnewnewnewn.py
[20:48:07.079] [INFO] [Scheduler] Loaded custom algorithm from ALGORITHM_INFO: newnewnewnewnewn
[20:48:07.079] [ERROR] [Scheduler] Error loading custom algorithm from C:\Users\buaal\Desktop\NeuroPrime\custom_algorithms\newnewnewnewnewn.py: local variable 'found' referenced before assignment
[20:48:07.079] [ERROR] [Scheduler] Traceback: Traceback (most recent call last):
  File "C:\Users\buaal\Desktop\NeuroPrime\src\algorithms\scheduler.py", line 255, in _load_custom_algorithms
    if not found:
UnboundLocalError: local variable 'found' referenced before assignment

[20:48:07.079] [INFO] [Scheduler] Loading custom algorithm from: C:\Users\buaal\Desktop\NeuroPrime\custom_algorithms\testscriptalgorithm.py
[20:48:07.085] [INFO] [Scheduler] Loaded custom algorithm from ALGORITHM_INFO: TestScriptAlgorithm
[20:48:07.085] [ERROR] [Scheduler] Error loading custom algorithm from C:\Users\buaal\Desktop\NeuroPrime\custom_algorithms\testscriptalgorithm.py: local variable 'found' referenced before assignment
[20:48:07.085] [ERROR] [Scheduler] Traceback: Traceback (most recent call last):
  File "C:\Users\buaal\Desktop\NeuroPrime\src\algorithms\scheduler.py", line 255, in _load_custom_algorithms
    if not found:
UnboundLocalError: local variable 'found' referenced before assignment

[20:48:07.085] [INFO] [Scheduler] Loading custom algorithm from: C:\Users\buaal\Desktop\NeuroPrime\custom_algorithms\view_raw_lfp_data.py
[20:48:07.091] [INFO] [Scheduler] Loaded custom algorithm from ALGORITHM_INFO: ViewRawLFPData
[20:48:07.091] [ERROR] [Scheduler] Error loading custom algorithm from C:\Users\buaal\Desktop\NeuroPrime\custom_algorithms\view_raw_lfp_data.py: local variable 'found' referenced before assignment
[20:48:07.091] [ERROR] [Scheduler] Traceback: Traceback (most recent call last):
  File "C:\Users\buaal\Desktop\NeuroPrime\src\algorithms\scheduler.py", line 255, in _load_custom_algorithms
    if not found:
UnboundLocalError: local variable 'found' referenced before assignment

[20:48:07.091] [INFO] Custom algorithms reload completed
[20:48:07.091] [INFO] Total algorithms available: 19
[20:48:07.091] [INFO] Algorithm list: ['SpikeDetectionThreshold:Spike', 'SpikeSortingPCA:Spike', 'LFPPowerSpectrum:LFP', 'LFPSpectrogram:LFP', 'PSTHAnalysis:Behavior', 'RasterPlotAnalysis:Behavior', 'TuningCurveAnalysis:Behavior', 'ROCAnalysis:Behavior', 'LDADecoder:Decoding', 'aaaa:自定义算法', 'cccc:自定义算法', 'CustomAlgorithm:Custom', 'CustomAlgorithmNew:Custom', 'CustomAlgorithmTest:自定义算法', 'New:自定义算法', 'newnew:自定义算法', 'newnewnew:自定义算法', 'newnewnewnewnewn:自定义算法', 'ViewRawLFPData:自定义算法']
[20:48:07.091] [INFO] Added custom algorithm: aaaa (category: 自定义算法)
[20:48:07.091] [INFO] Added custom algorithm: cccc (category: 自定义算法)
[20:48:07.091] [INFO] Added custom algorithm: CustomAlgorithm (category: Custom)
[20:48:07.091] [INFO] Added custom algorithm: CustomAlgorithmNew (category: Custom)
[20:48:07.091] [INFO] Added custom algorithm: CustomAlgorithmTest (category: 自定义算法)
[20:48:07.091] [INFO] Added custom algorithm: New (category: 自定义算法)
[20:48:07.091] [INFO] Added custom algorithm: newnew (category: 自定义算法)
[20:48:07.091] [INFO] Added custom algorithm: newnewnew (category: 自定义算法)
[20:48:07.091] [INFO] Added custom algorithm: newnewnewnewnewn (category: 自定义算法)
[20:48:07.091] [INFO] Added custom algorithm: ViewRawLFPData (category: 自定义算法)
[20:48:07.091] [INFO] Total custom algorithms added: 10
[20:48:07.091] [INFO] ============================================================
[20:48:13.859] [INFO] [Scheduler] NEUROPRIME_ROOT = C:\Users\buaal\Desktop\NeuroPrime
[20:48:13.859] [INFO] [Scheduler] Looking for custom algorithms in: C:\Users\buaal\Desktop\NeuroPrime\custom_algorithms
[20:48:13.859] [INFO] [Scheduler] Current working directory: C:\Users\buaal\Desktop\NeuroPrime
[20:48:13.859] [INFO] [Scheduler] Script directory: C:\Users\buaal\Desktop\NeuroPrime\src\algorithms
[20:48:13.859] [INFO] [Scheduler] Custom algorithms directory exists: C:\Users\buaal\Desktop\NeuroPrime\custom_algorithms
[20:48:13.859] [INFO] [Scheduler] Found 12 Python files: ['aaaa.py', 'cccc.py', 'customalgorithm.py', 'customalgorithmnew.py', 'customalgorithmtest.py', 'new.py', 'newnew.py', 'newnewnew.py', 'newnewnewnewnewn.py', 'testscriptalgorithm.py', 'view_raw_lfp_data.py', '__init__.py']
[20:48:13.859] [INFO] [Scheduler] Loading custom algorithm from: C:\Users\buaal\Desktop\NeuroPrime\custom_algorithms\aaaa.py
[20:48:13.864] [INFO] [Scheduler] Loaded custom algorithm from ALGORITHM_INFO: aaaa
[20:48:13.864] [ERROR] [Scheduler] Error loading custom algorithm from C:\Users\buaal\Desktop\NeuroPrime\custom_algorithms\aaaa.py: local variable 'found' referenced before assignment
[20:48:13.864] [ERROR] [Scheduler] Traceback: Traceback (most recent call last):
  File "C:\Users\buaal\Desktop\NeuroPrime\src\algorithms\scheduler.py", line 255, in _load_custom_algorithms
    if not found:
UnboundLocalError: local variable 'found' referenced before assignment

[20:48:13.864] [INFO] [Scheduler] Loading custom algorithm from: C:\Users\buaal\Desktop\NeuroPrime\custom_algorithms\cccc.py
[20:48:13.868] [INFO] [Scheduler] Loaded custom algorithm from ALGORITHM_INFO: cccc
[20:48:13.868] [ERROR] [Scheduler] Error loading custom algorithm from C:\Users\buaal\Desktop\NeuroPrime\custom_algorithms\cccc.py: local variable 'found' referenced before assignment
[20:48:13.868] [ERROR] [Scheduler] Traceback: Traceback (most recent call last):
  File "C:\Users\buaal\Desktop\NeuroPrime\src\algorithms\scheduler.py", line 255, in _load_custom_algorithms
    if not found:
UnboundLocalError: local variable 'found' referenced before assignment

[20:48:13.868] [INFO] [Scheduler] Loading custom algorithm from: C:\Users\buaal\Desktop\NeuroPrime\custom_algorithms\customalgorithm.py
[20:48:13.869] [INFO] [Scheduler] Loaded custom algorithm from ALGORITHM_INFO: CustomAlgorithm
[20:48:13.869] [ERROR] [Scheduler] Error loading custom algorithm from C:\Users\buaal\Desktop\NeuroPrime\custom_algorithms\customalgorithm.py: local variable 'found' referenced before assignment
[20:48:13.869] [ERROR] [Scheduler] Traceback: Traceback (most recent call last):
  File "C:\Users\buaal\Desktop\NeuroPrime\src\algorithms\scheduler.py", line 255, in _load_custom_algorithms
    if not found:
UnboundLocalError: local variable 'found' referenced before assignment

[20:48:13.869] [INFO] [Scheduler] Loading custom algorithm from: C:\Users\buaal\Desktop\NeuroPrime\custom_algorithms\customalgorithmnew.py
[20:48:13.875] [INFO] [Scheduler] Loaded custom algorithm from ALGORITHM_INFO: CustomAlgorithmNew
[20:48:13.876] [ERROR] [Scheduler] Error loading custom algorithm from C:\Users\buaal\Desktop\NeuroPrime\custom_algorithms\customalgorithmnew.py: local variable 'found' referenced before assignment
[20:48:13.876] [ERROR] [Scheduler] Traceback: Traceback (most recent call last):
  File "C:\Users\buaal\Desktop\NeuroPrime\src\algorithms\scheduler.py", line 255, in _load_custom_algorithms
    if not found:
UnboundLocalError: local variable 'found' referenced before assignment

[20:48:13.876] [INFO] [Scheduler] Loading custom algorithm from: C:\Users\buaal\Desktop\NeuroPrime\custom_algorithms\customalgorithmtest.py
[20:48:13.878] [INFO] [Scheduler] Loaded custom algorithm from ALGORITHM_INFO: CustomAlgorithmTest
[20:48:13.880] [ERROR] [Scheduler] Error loading custom algorithm from C:\Users\buaal\Desktop\NeuroPrime\custom_algorithms\customalgorithmtest.py: local variable 'found' referenced before assignment
[20:48:13.880] [ERROR] [Scheduler] Traceback: Traceback (most recent call last):
  File "C:\Users\buaal\Desktop\NeuroPrime\src\algorithms\scheduler.py", line 255, in _load_custom_algorithms
    if not found:
UnboundLocalError: local variable 'found' referenced before assignment

[20:48:13.880] [INFO] [Scheduler] Loading custom algorithm from: C:\Users\buaal\Desktop\NeuroPrime\custom_algorithms\new.py
[20:48:13.882] [INFO] [Scheduler] Loaded custom algorithm from ALGORITHM_INFO: New
[20:48:13.882] [ERROR] [Scheduler] Error loading custom algorithm from C:\Users\buaal\Desktop\NeuroPrime\custom_algorithms\new.py: local variable 'found' referenced before assignment
[20:48:13.883] [ERROR] [Scheduler] Traceback: Traceback (most recent call last):
  File "C:\Users\buaal\Desktop\NeuroPrime\src\algorithms\scheduler.py", line 255, in _load_custom_algorithms
    if not found:
UnboundLocalError: local variable 'found' referenced before assignment

[20:48:13.883] [INFO] [Scheduler] Loading custom algorithm from: C:\Users\buaal\Desktop\NeuroPrime\custom_algorithms\newnew.py
[20:48:13.884] [INFO] [Scheduler] Loaded custom algorithm from ALGORITHM_INFO: newnew
[20:48:13.884] [ERROR] [Scheduler] Error loading custom algorithm from C:\Users\buaal\Desktop\NeuroPrime\custom_algorithms\newnew.py: local variable 'found' referenced before assignment
[20:48:13.886] [ERROR] [Scheduler] Traceback: Traceback (most recent call last):
  File "C:\Users\buaal\Desktop\NeuroPrime\src\algorithms\scheduler.py", line 255, in _load_custom_algorithms
    if not found:
UnboundLocalError: local variable 'found' referenced before assignment

[20:48:13.886] [INFO] [Scheduler] Loading custom algorithm from: C:\Users\buaal\Desktop\NeuroPrime\custom_algorithms\newnewnew.py
[20:48:13.888] [INFO] [Scheduler] Loaded custom algorithm from ALGORITHM_INFO: newnewnew
[20:48:13.888] [ERROR] [Scheduler] Error loading custom algorithm from C:\Users\buaal\Desktop\NeuroPrime\custom_algorithms\newnewnew.py: local variable 'found' referenced before assignment
[20:48:13.890] [ERROR] [Scheduler] Traceback: Traceback (most recent call last):
  File "C:\Users\buaal\Desktop\NeuroPrime\src\algorithms\scheduler.py", line 255, in _load_custom_algorithms
    if not found:
UnboundLocalError: local variable 'found' referenced before assignment

[20:48:13.890] [INFO] [Scheduler] Loading custom algorithm from: C:\Users\buaal\Desktop\NeuroPrime\custom_algorithms\newnewnewnewnewn.py
[20:48:13.893] [INFO] [Scheduler] Loaded custom algorithm from ALGORITHM_INFO: newnewnewnewnewn
[20:48:13.893] [ERROR] [Scheduler] Error loading custom algorithm from C:\Users\buaal\Desktop\NeuroPrime\custom_algorithms\newnewnewnewnewn.py: local variable 'found' referenced before assignment
[20:48:13.893] [ERROR] [Scheduler] Traceback: Traceback (most recent call last):
  File "C:\Users\buaal\Desktop\NeuroPrime\src\algorithms\scheduler.py", line 255, in _load_custom_algorithms
    if not found:
UnboundLocalError: local variable 'found' referenced before assignment

[20:48:13.893] [INFO] [Scheduler] Loading custom algorithm from: C:\Users\buaal\Desktop\NeuroPrime\custom_algorithms\testscriptalgorithm.py
[20:48:13.894] [INFO] [Scheduler] Loaded custom algorithm from ALGORITHM_INFO: TestScriptAlgorithm
[20:48:13.894] [ERROR] [Scheduler] Error loading custom algorithm from C:\Users\buaal\Desktop\NeuroPrime\custom_algorithms\testscriptalgorithm.py: local variable 'found' referenced before assignment
[20:48:13.896] [ERROR] [Scheduler] Traceback: Traceback (most recent call last):
  File "C:\Users\buaal\Desktop\NeuroPrime\src\algorithms\scheduler.py", line 255, in _load_custom_algorithms
    if not found:
UnboundLocalError: local variable 'found' referenced before assignment

[20:48:13.896] [INFO] [Scheduler] Loading custom algorithm from: C:\Users\buaal\Desktop\NeuroPrime\custom_algorithms\view_raw_lfp_data.py
[20:48:13.900] [INFO] [Scheduler] Loaded custom algorithm from ALGORITHM_INFO: ViewRawLFPData
[20:48:13.900] [ERROR] [Scheduler] Error loading custom algorithm from C:\Users\buaal\Desktop\NeuroPrime\custom_algorithms\view_raw_lfp_data.py: local variable 'found' referenced before assignment
[20:48:13.900] [ERROR] [Scheduler] Traceback: Traceback (most recent call last):
  File "C:\Users\buaal\Desktop\NeuroPrime\src\algorithms\scheduler.py", line 255, in _load_custom_algorithms
    if not found:
UnboundLocalError: local variable 'found' referenced before assignment

[20:48:21.548] [INFO] [Scheduler] NEUROPRIME_ROOT = C:\Users\buaal\Desktop\NeuroPrime
[20:48:21.548] [INFO] [Scheduler] Looking for custom algorithms in: C:\Users\buaal\Desktop\NeuroPrime\custom_algorithms
[20:48:21.548] [INFO] [Scheduler] Current working directory: C:\Users\buaal\Desktop\NeuroPrime
[20:48:21.548] [INFO] [Scheduler] Script directory: C:\Users\buaal\Desktop\NeuroPrime\src\algorithms
[20:48:21.548] [INFO] [Scheduler] Custom algorithms directory exists: C:\Users\buaal\Desktop\NeuroPrime\custom_algorithms
[20:48:21.550] [INFO] [Scheduler] Found 11 Python files: ['cccc.py', 'customalgorithm.py', 'customalgorithmnew.py', 'customalgorithmtest.py', 'new.py', 'newnew.py', 'newnewnew.py', 'newnewnewnewnewn.py', 'testscriptalgorithm.py', 'view_raw_lfp_data.py', '__init__.py']
[20:48:21.550] [INFO] [Scheduler] Loading custom algorithm from: C:\Users\buaal\Desktop\NeuroPrime\custom_algorithms\cccc.py
[20:48:21.555] [INFO] [Scheduler] Loaded custom algorithm from ALGORITHM_INFO: cccc
[20:48:21.555] [ERROR] [Scheduler] Error loading custom algorithm from C:\Users\buaal\Desktop\NeuroPrime\custom_algorithms\cccc.py: local variable 'found' referenced before assignment
[20:48:21.555] [ERROR] [Scheduler] Traceback: Traceback (most recent call last):
  File "C:\Users\buaal\Desktop\NeuroPrime\src\algorithms\scheduler.py", line 255, in _load_custom_algorithms
    if not found:
UnboundLocalError: local variable 'found' referenced before assignment

[20:48:21.555] [INFO] [Scheduler] Loading custom algorithm from: C:\Users\buaal\Desktop\NeuroPrime\custom_algorithms\customalgorithm.py
[20:48:21.560] [INFO] [Scheduler] Loaded custom algorithm from ALGORITHM_INFO: CustomAlgorithm
[20:48:21.560] [ERROR] [Scheduler] Error loading custom algorithm from C:\Users\buaal\Desktop\NeuroPrime\custom_algorithms\customalgorithm.py: local variable 'found' referenced before assignment
[20:48:21.560] [ERROR] [Scheduler] Traceback: Traceback (most recent call last):
  File "C:\Users\buaal\Desktop\NeuroPrime\src\algorithms\scheduler.py", line 255, in _load_custom_algorithms
    if not found:
UnboundLocalError: local variable 'found' referenced before assignment

[20:48:21.560] [INFO] [Scheduler] Loading custom algorithm from: C:\Users\buaal\Desktop\NeuroPrime\custom_algorithms\customalgorithmnew.py
[20:48:21.583] [INFO] [Scheduler] Loaded custom algorithm from ALGORITHM_INFO: CustomAlgorithmNew
[20:48:21.583] [ERROR] [Scheduler] Error loading custom algorithm from C:\Users\buaal\Desktop\NeuroPrime\custom_algorithms\customalgorithmnew.py: local variable 'found' referenced before assignment
[20:48:21.583] [ERROR] [Scheduler] Traceback: Traceback (most recent call last):
  File "C:\Users\buaal\Desktop\NeuroPrime\src\algorithms\scheduler.py", line 255, in _load_custom_algorithms
    if not found:
UnboundLocalError: local variable 'found' referenced before assignment

[20:48:21.583] [INFO] [Scheduler] Loading custom algorithm from: C:\Users\buaal\Desktop\NeuroPrime\custom_algorithms\customalgorithmtest.py
[20:48:21.587] [INFO] [Scheduler] Loaded custom algorithm from ALGORITHM_INFO: CustomAlgorithmTest
[20:48:21.589] [ERROR] [Scheduler] Error loading custom algorithm from C:\Users\buaal\Desktop\NeuroPrime\custom_algorithms\customalgorithmtest.py: local variable 'found' referenced before assignment
[20:48:21.589] [ERROR] [Scheduler] Traceback: Traceback (most recent call last):
  File "C:\Users\buaal\Desktop\NeuroPrime\src\algorithms\scheduler.py", line 255, in _load_custom_algorithms
    if not found:
UnboundLocalError: local variable 'found' referenced before assignment

[20:48:21.589] [INFO] [Scheduler] Loading custom algorithm from: C:\Users\buaal\Desktop\NeuroPrime\custom_algorithms\new.py
[20:48:21.591] [INFO] [Scheduler] Loaded custom algorithm from ALGORITHM_INFO: New
[20:48:21.591] [ERROR] [Scheduler] Error loading custom algorithm from C:\Users\buaal\Desktop\NeuroPrime\custom_algorithms\new.py: local variable 'found' referenced before assignment
[20:48:21.595] [ERROR] [Scheduler] Traceback: Traceback (most recent call last):
  File "C:\Users\buaal\Desktop\NeuroPrime\src\algorithms\scheduler.py", line 255, in _load_custom_algorithms
    if not found:
UnboundLocalError: local variable 'found' referenced before assignment

[20:48:21.595] [INFO] [Scheduler] Loading custom algorithm from: C:\Users\buaal\Desktop\NeuroPrime\custom_algorithms\newnew.py
[20:48:21.598] [INFO] [Scheduler] Loaded custom algorithm from ALGORITHM_INFO: newnew
[20:48:21.598] [ERROR] [Scheduler] Error loading custom algorithm from C:\Users\buaal\Desktop\NeuroPrime\custom_algorithms\newnew.py: local variable 'found' referenced before assignment
[20:48:21.598] [ERROR] [Scheduler] Traceback: Traceback (most recent call last):
  File "C:\Users\buaal\Desktop\NeuroPrime\src\algorithms\scheduler.py", line 255, in _load_custom_algorithms
    if not found:
UnboundLocalError: local variable 'found' referenced before assignment

[20:48:21.598] [INFO] [Scheduler] Loading custom algorithm from: C:\Users\buaal\Desktop\NeuroPrime\custom_algorithms\newnewnew.py
[20:48:21.602] [INFO] [Scheduler] Loaded custom algorithm from ALGORITHM_INFO: newnewnew
[20:48:21.602] [ERROR] [Scheduler] Error loading custom algorithm from C:\Users\buaal\Desktop\NeuroPrime\custom_algorithms\newnewnew.py: local variable 'found' referenced before assignment
[20:48:21.602] [ERROR] [Scheduler] Traceback: Traceback (most recent call last):
  File "C:\Users\buaal\Desktop\NeuroPrime\src\algorithms\scheduler.py", line 255, in _load_custom_algorithms
    if not found:
UnboundLocalError: local variable 'found' referenced before assignment

[20:48:21.602] [INFO] [Scheduler] Loading custom algorithm from: C:\Users\buaal\Desktop\NeuroPrime\custom_algorithms\newnewnewnewnewn.py
[20:48:21.608] [INFO] [Scheduler] Loaded custom algorithm from ALGORITHM_INFO: newnewnewnewnewn
[20:48:21.610] [ERROR] [Scheduler] Error loading custom algorithm from C:\Users\buaal\Desktop\NeuroPrime\custom_algorithms\newnewnewnewnewn.py: local variable 'found' referenced before assignment
[20:48:21.610] [ERROR] [Scheduler] Traceback: Traceback (most recent call last):
  File "C:\Users\buaal\Desktop\NeuroPrime\src\algorithms\scheduler.py", line 255, in _load_custom_algorithms
    if not found:
UnboundLocalError: local variable 'found' referenced before assignment

[20:48:21.610] [INFO] [Scheduler] Loading custom algorithm from: C:\Users\buaal\Desktop\NeuroPrime\custom_algorithms\testscriptalgorithm.py
[20:48:21.612] [INFO] [Scheduler] Loaded custom algorithm from ALGORITHM_INFO: TestScriptAlgorithm
[20:48:21.612] [ERROR] [Scheduler] Error loading custom algorithm from C:\Users\buaal\Desktop\NeuroPrime\custom_algorithms\testscriptalgorithm.py: local variable 'found' referenced before assignment
[20:48:21.614] [ERROR] [Scheduler] Traceback: Traceback (most recent call last):
  File "C:\Users\buaal\Desktop\NeuroPrime\src\algorithms\scheduler.py", line 255, in _load_custom_algorithms
    if not found:
UnboundLocalError: local variable 'found' referenced before assignment

[20:48:21.614] [INFO] [Scheduler] Loading custom algorithm from: C:\Users\buaal\Desktop\NeuroPrime\custom_algorithms\view_raw_lfp_data.py
[20:48:21.619] [INFO] [Scheduler] Loaded custom algorithm from ALGORITHM_INFO: ViewRawLFPData
[20:48:21.619] [ERROR] [Scheduler] Error loading custom algorithm from C:\Users\buaal\Desktop\NeuroPrime\custom_algorithms\view_raw_lfp_data.py: local variable 'found' referenced before assignment
[20:48:21.619] [ERROR] [Scheduler] Traceback: Traceback (most recent call last):
  File "C:\Users\buaal\Desktop\NeuroPrime\src\algorithms\scheduler.py", line 255, in _load_custom_algorithms
    if not found:
UnboundLocalError: local variable 'found' referenced before assignment

[20:48:21.633] [INFO] [Scheduler] NEUROPRIME_ROOT = C:\Users\buaal\Desktop\NeuroPrime
[20:48:21.633] [INFO] [Scheduler] Looking for custom algorithms in: C:\Users\buaal\Desktop\NeuroPrime\custom_algorithms
[20:48:21.633] [INFO] [Scheduler] Current working directory: C:\Users\buaal\Desktop\NeuroPrime
[20:48:21.633] [INFO] [Scheduler] Script directory: C:\Users\buaal\Desktop\NeuroPrime\src\algorithms
[20:48:21.633] [INFO] [Scheduler] Custom algorithms directory exists: C:\Users\buaal\Desktop\NeuroPrime\custom_algorithms
[20:48:21.633] [INFO] [Scheduler] Found 11 Python files: ['cccc.py', 'customalgorithm.py', 'customalgorithmnew.py', 'customalgorithmtest.py', 'new.py', 'newnew.py', 'newnewnew.py', 'newnewnewnewnewn.py', 'testscriptalgorithm.py', 'view_raw_lfp_data.py', '__init__.py']
[20:48:21.633] [INFO] [Scheduler] Loading custom algorithm from: C:\Users\buaal\Desktop\NeuroPrime\custom_algorithms\cccc.py
[20:48:21.641] [INFO] [Scheduler] Loaded custom algorithm from ALGORITHM_INFO: cccc
[20:48:21.641] [ERROR] [Scheduler] Error loading custom algorithm from C:\Users\buaal\Desktop\NeuroPrime\custom_algorithms\cccc.py: local variable 'found' referenced before assignment
[20:48:21.641] [ERROR] [Scheduler] Traceback: Traceback (most recent call last):
  File "C:\Users\buaal\Desktop\NeuroPrime\src\algorithms\scheduler.py", line 255, in _load_custom_algorithms
    if not found:
UnboundLocalError: local variable 'found' referenced before assignment

[20:48:21.641] [INFO] [Scheduler] Loading custom algorithm from: C:\Users\buaal\Desktop\NeuroPrime\custom_algorithms\customalgorithm.py
[20:48:21.646] [INFO] [Scheduler] Loaded custom algorithm from ALGORITHM_INFO: CustomAlgorithm
[20:48:21.646] [ERROR] [Scheduler] Error loading custom algorithm from C:\Users\buaal\Desktop\NeuroPrime\custom_algorithms\customalgorithm.py: local variable 'found' referenced before assignment
[20:48:21.646] [ERROR] [Scheduler] Traceback: Traceback (most recent call last):
  File "C:\Users\buaal\Desktop\NeuroPrime\src\algorithms\scheduler.py", line 255, in _load_custom_algorithms
    if not found:
UnboundLocalError: local variable 'found' referenced before assignment

[20:48:21.646] [INFO] [Scheduler] Loading custom algorithm from: C:\Users\buaal\Desktop\NeuroPrime\custom_algorithms\customalgorithmnew.py
[20:48:21.651] [INFO] [Scheduler] Loaded custom algorithm from ALGORITHM_INFO: CustomAlgorithmNew
[20:48:21.651] [ERROR] [Scheduler] Error loading custom algorithm from C:\Users\buaal\Desktop\NeuroPrime\custom_algorithms\customalgorithmnew.py: local variable 'found' referenced before assignment
[20:48:21.651] [ERROR] [Scheduler] Traceback: Traceback (most recent call last):
  File "C:\Users\buaal\Desktop\NeuroPrime\src\algorithms\scheduler.py", line 255, in _load_custom_algorithms
    if not found:
UnboundLocalError: local variable 'found' referenced before assignment

[20:48:21.651] [INFO] [Scheduler] Loading custom algorithm from: C:\Users\buaal\Desktop\NeuroPrime\custom_algorithms\customalgorithmtest.py
[20:48:21.658] [INFO] [Scheduler] Loaded custom algorithm from ALGORITHM_INFO: CustomAlgorithmTest
[20:48:21.658] [ERROR] [Scheduler] Error loading custom algorithm from C:\Users\buaal\Desktop\NeuroPrime\custom_algorithms\customalgorithmtest.py: local variable 'found' referenced before assignment
[20:48:21.658] [ERROR] [Scheduler] Traceback: Traceback (most recent call last):
  File "C:\Users\buaal\Desktop\NeuroPrime\src\algorithms\scheduler.py", line 255, in _load_custom_algorithms
    if not found:
UnboundLocalError: local variable 'found' referenced before assignment

[20:48:21.658] [INFO] [Scheduler] Loading custom algorithm from: C:\Users\buaal\Desktop\NeuroPrime\custom_algorithms\new.py
[20:48:21.662] [INFO] [Scheduler] Loaded custom algorithm from ALGORITHM_INFO: New
[20:48:21.662] [ERROR] [Scheduler] Error loading custom algorithm from C:\Users\buaal\Desktop\NeuroPrime\custom_algorithms\new.py: local variable 'found' referenced before assignment
[20:48:21.662] [ERROR] [Scheduler] Traceback: Traceback (most recent call last):
  File "C:\Users\buaal\Desktop\NeuroPrime\src\algorithms\scheduler.py", line 255, in _load_custom_algorithms
    if not found:
UnboundLocalError: local variable 'found' referenced before assignment

[20:48:21.662] [INFO] [Scheduler] Loading custom algorithm from: C:\Users\buaal\Desktop\NeuroPrime\custom_algorithms\newnew.py
[20:48:21.665] [INFO] [Scheduler] Loaded custom algorithm from ALGORITHM_INFO: newnew
[20:48:21.665] [ERROR] [Scheduler] Error loading custom algorithm from C:\Users\buaal\Desktop\NeuroPrime\custom_algorithms\newnew.py: local variable 'found' referenced before assignment
[20:48:21.665] [ERROR] [Scheduler] Traceback: Traceback (most recent call last):
  File "C:\Users\buaal\Desktop\NeuroPrime\src\algorithms\scheduler.py", line 255, in _load_custom_algorithms
    if not found:
UnboundLocalError: local variable 'found' referenced before assignment

[20:48:21.665] [INFO] [Scheduler] Loading custom algorithm from: C:\Users\buaal\Desktop\NeuroPrime\custom_algorithms\newnewnew.py
[20:48:21.670] [INFO] [Scheduler] Loaded custom algorithm from ALGORITHM_INFO: newnewnew
[20:48:21.670] [ERROR] [Scheduler] Error loading custom algorithm from C:\Users\buaal\Desktop\NeuroPrime\custom_algorithms\newnewnew.py: local variable 'found' referenced before assignment
[20:48:21.671] [ERROR] [Scheduler] Traceback: Traceback (most recent call last):
  File "C:\Users\buaal\Desktop\NeuroPrime\src\algorithms\scheduler.py", line 255, in _load_custom_algorithms
    if not found:
UnboundLocalError: local variable 'found' referenced before assignment

[20:48:21.671] [INFO] [Scheduler] Loading custom algorithm from: C:\Users\buaal\Desktop\NeuroPrime\custom_algorithms\newnewnewnewnewn.py
[20:48:21.673] [INFO] [Scheduler] Loaded custom algorithm from ALGORITHM_INFO: newnewnewnewnewn
[20:48:21.673] [ERROR] [Scheduler] Error loading custom algorithm from C:\Users\buaal\Desktop\NeuroPrime\custom_algorithms\newnewnewnewnewn.py: local variable 'found' referenced before assignment
[20:48:21.673] [ERROR] [Scheduler] Traceback: Traceback (most recent call last):
  File "C:\Users\buaal\Desktop\NeuroPrime\src\algorithms\scheduler.py", line 255, in _load_custom_algorithms
    if not found:
UnboundLocalError: local variable 'found' referenced before assignment

[20:48:21.673] [INFO] [Scheduler] Loading custom algorithm from: C:\Users\buaal\Desktop\NeuroPrime\custom_algorithms\testscriptalgorithm.py
[20:48:21.680] [INFO] [Scheduler] Loaded custom algorithm from ALGORITHM_INFO: TestScriptAlgorithm
[20:48:21.680] [ERROR] [Scheduler] Error loading custom algorithm from C:\Users\buaal\Desktop\NeuroPrime\custom_algorithms\testscriptalgorithm.py: local variable 'found' referenced before assignment
[20:48:21.680] [ERROR] [Scheduler] Traceback: Traceback (most recent call last):
  File "C:\Users\buaal\Desktop\NeuroPrime\src\algorithms\scheduler.py", line 255, in _load_custom_algorithms
    if not found:
UnboundLocalError: local variable 'found' referenced before assignment

[20:48:21.680] [INFO] [Scheduler] Loading custom algorithm from: C:\Users\buaal\Desktop\NeuroPrime\custom_algorithms\view_raw_lfp_data.py
[20:48:21.682] [INFO] [Scheduler] Loaded custom algorithm from ALGORITHM_INFO: ViewRawLFPData
[20:48:21.682] [ERROR] [Scheduler] Error loading custom algorithm from C:\Users\buaal\Desktop\NeuroPrime\custom_algorithms\view_raw_lfp_data.py: local variable 'found' referenced before assignment
[20:48:21.682] [ERROR] [Scheduler] Traceback: Traceback (most recent call last):
  File "C:\Users\buaal\Desktop\NeuroPrime\src\algorithms\scheduler.py", line 255, in _load_custom_algorithms
    if not found:
UnboundLocalError: local variable 'found' referenced before assignment

[20:48:21.695] [INFO] [Scheduler] Removed pycache directory: C:\Users\buaal\Desktop\NeuroPrime\custom_algorithms\__pycache__
[20:48:21.697] [INFO] [Scheduler] NEUROPRIME_ROOT = C:\Users\buaal\Desktop\NeuroPrime
[20:48:21.697] [INFO] [Scheduler] Looking for custom algorithms in: C:\Users\buaal\Desktop\NeuroPrime\custom_algorithms
[20:48:21.697] [INFO] [Scheduler] Current working directory: C:\Users\buaal\Desktop\NeuroPrime
[20:48:21.697] [INFO] [Scheduler] Script directory: C:\Users\buaal\Desktop\NeuroPrime\src\algorithms
[20:48:21.698] [INFO] [Scheduler] Custom algorithms directory exists: C:\Users\buaal\Desktop\NeuroPrime\custom_algorithms
[20:48:21.698] [INFO] [Scheduler] Found 11 Python files: ['cccc.py', 'customalgorithm.py', 'customalgorithmnew.py', 'customalgorithmtest.py', 'new.py', 'newnew.py', 'newnewnew.py', 'newnewnewnewnewn.py', 'testscriptalgorithm.py', 'view_raw_lfp_data.py', '__init__.py']
[20:48:21.698] [INFO] [Scheduler] Loading custom algorithm from: C:\Users\buaal\Desktop\NeuroPrime\custom_algorithms\cccc.py
[20:48:21.702] [INFO] [Scheduler] Loaded custom algorithm from ALGORITHM_INFO: cccc
[20:48:21.702] [ERROR] [Scheduler] Error loading custom algorithm from C:\Users\buaal\Desktop\NeuroPrime\custom_algorithms\cccc.py: local variable 'found' referenced before assignment
[20:48:21.702] [ERROR] [Scheduler] Traceback: Traceback (most recent call last):
  File "C:\Users\buaal\Desktop\NeuroPrime\src\algorithms\scheduler.py", line 255, in _load_custom_algorithms
    if not found:
UnboundLocalError: local variable 'found' referenced before assignment

[20:48:21.702] [INFO] [Scheduler] Loading custom algorithm from: C:\Users\buaal\Desktop\NeuroPrime\custom_algorithms\customalgorithm.py
[20:48:21.710] [INFO] [Scheduler] Loaded custom algorithm from ALGORITHM_INFO: CustomAlgorithm
[20:48:21.710] [ERROR] [Scheduler] Error loading custom algorithm from C:\Users\buaal\Desktop\NeuroPrime\custom_algorithms\customalgorithm.py: local variable 'found' referenced before assignment
[20:48:21.710] [ERROR] [Scheduler] Traceback: Traceback (most recent call last):
  File "C:\Users\buaal\Desktop\NeuroPrime\src\algorithms\scheduler.py", line 255, in _load_custom_algorithms
    if not found:
UnboundLocalError: local variable 'found' referenced before assignment

[20:48:21.710] [INFO] [Scheduler] Loading custom algorithm from: C:\Users\buaal\Desktop\NeuroPrime\custom_algorithms\customalgorithmnew.py
[20:48:21.715] [INFO] [Scheduler] Loaded custom algorithm from ALGORITHM_INFO: CustomAlgorithmNew
[20:48:21.715] [ERROR] [Scheduler] Error loading custom algorithm from C:\Users\buaal\Desktop\NeuroPrime\custom_algorithms\customalgorithmnew.py: local variable 'found' referenced before assignment
[20:48:21.716] [ERROR] [Scheduler] Traceback: Traceback (most recent call last):
  File "C:\Users\buaal\Desktop\NeuroPrime\src\algorithms\scheduler.py", line 255, in _load_custom_algorithms
    if not found:
UnboundLocalError: local variable 'found' referenced before assignment

[20:48:21.716] [INFO] [Scheduler] Loading custom algorithm from: C:\Users\buaal\Desktop\NeuroPrime\custom_algorithms\customalgorithmtest.py
[20:48:21.718] [INFO] [Scheduler] Loaded custom algorithm from ALGORITHM_INFO: CustomAlgorithmTest
[20:48:21.718] [ERROR] [Scheduler] Error loading custom algorithm from C:\Users\buaal\Desktop\NeuroPrime\custom_algorithms\customalgorithmtest.py: local variable 'found' referenced before assignment
[20:48:21.720] [ERROR] [Scheduler] Traceback: Traceback (most recent call last):
  File "C:\Users\buaal\Desktop\NeuroPrime\src\algorithms\scheduler.py", line 255, in _load_custom_algorithms
    if not found:
UnboundLocalError: local variable 'found' referenced before assignment

[20:48:21.720] [INFO] [Scheduler] Loading custom algorithm from: C:\Users\buaal\Desktop\NeuroPrime\custom_algorithms\new.py
[20:48:21.723] [INFO] [Scheduler] Loaded custom algorithm from ALGORITHM_INFO: New
[20:48:21.723] [ERROR] [Scheduler] Error loading custom algorithm from C:\Users\buaal\Desktop\NeuroPrime\custom_algorithms\new.py: local variable 'found' referenced before assignment
[20:48:21.723] [ERROR] [Scheduler] Traceback: Traceback (most recent call last):
  File "C:\Users\buaal\Desktop\NeuroPrime\src\algorithms\scheduler.py", line 255, in _load_custom_algorithms
    if not found:
UnboundLocalError: local variable 'found' referenced before assignment

[20:48:21.723] [INFO] [Scheduler] Loading custom algorithm from: C:\Users\buaal\Desktop\NeuroPrime\custom_algorithms\newnew.py
[20:48:21.729] [INFO] [Scheduler] Loaded custom algorithm from ALGORITHM_INFO: newnew
[20:48:21.729] [ERROR] [Scheduler] Error loading custom algorithm from C:\Users\buaal\Desktop\NeuroPrime\custom_algorithms\newnew.py: local variable 'found' referenced before assignment
[20:48:21.729] [ERROR] [Scheduler] Traceback: Traceback (most recent call last):
  File "C:\Users\buaal\Desktop\NeuroPrime\src\algorithms\scheduler.py", line 255, in _load_custom_algorithms
    if not found:
UnboundLocalError: local variable 'found' referenced before assignment

[20:48:21.729] [INFO] [Scheduler] Loading custom algorithm from: C:\Users\buaal\Desktop\NeuroPrime\custom_algorithms\newnewnew.py
[20:48:21.733] [INFO] [Scheduler] Loaded custom algorithm from ALGORITHM_INFO: newnewnew
[20:48:21.733] [ERROR] [Scheduler] Error loading custom algorithm from C:\Users\buaal\Desktop\NeuroPrime\custom_algorithms\newnewnew.py: local variable 'found' referenced before assignment
[20:48:21.733] [ERROR] [Scheduler] Traceback: Traceback (most recent call last):
  File "C:\Users\buaal\Desktop\NeuroPrime\src\algorithms\scheduler.py", line 255, in _load_custom_algorithms
    if not found:
UnboundLocalError: local variable 'found' referenced before assignment

[20:48:21.733] [INFO] [Scheduler] Loading custom algorithm from: C:\Users\buaal\Desktop\NeuroPrime\custom_algorithms\newnewnewnewnewn.py
[20:48:21.737] [INFO] [Scheduler] Loaded custom algorithm from ALGORITHM_INFO: newnewnewnewnewn
[20:48:21.737] [ERROR] [Scheduler] Error loading custom algorithm from C:\Users\buaal\Desktop\NeuroPrime\custom_algorithms\newnewnewnewnewn.py: local variable 'found' referenced before assignment
[20:48:21.737] [ERROR] [Scheduler] Traceback: Traceback (most recent call last):
  File "C:\Users\buaal\Desktop\NeuroPrime\src\algorithms\scheduler.py", line 255, in _load_custom_algorithms
    if not found:
UnboundLocalError: local variable 'found' referenced before assignment

[20:48:21.737] [INFO] [Scheduler] Loading custom algorithm from: C:\Users\buaal\Desktop\NeuroPrime\custom_algorithms\testscriptalgorithm.py
[20:48:21.740] [INFO] [Scheduler] Loaded custom algorithm from ALGORITHM_INFO: TestScriptAlgorithm
[20:48:21.740] [ERROR] [Scheduler] Error loading custom algorithm from C:\Users\buaal\Desktop\NeuroPrime\custom_algorithms\testscriptalgorithm.py: local variable 'found' referenced before assignment
[20:48:21.740] [ERROR] [Scheduler] Traceback: Traceback (most recent call last):
  File "C:\Users\buaal\Desktop\NeuroPrime\src\algorithms\scheduler.py", line 255, in _load_custom_algorithms
    if not found:
UnboundLocalError: local variable 'found' referenced before assignment

[20:48:21.740] [INFO] [Scheduler] Loading custom algorithm from: C:\Users\buaal\Desktop\NeuroPrime\custom_algorithms\view_raw_lfp_data.py
[20:48:21.744] [INFO] [Scheduler] Loaded custom algorithm from ALGORITHM_INFO: ViewRawLFPData
[20:48:21.744] [ERROR] [Scheduler] Error loading custom algorithm from C:\Users\buaal\Desktop\NeuroPrime\custom_algorithms\view_raw_lfp_data.py: local variable 'found' referenced before assignment
[20:48:21.744] [ERROR] [Scheduler] Traceback: Traceback (most recent call last):
  File "C:\Users\buaal\Desktop\NeuroPrime\src\algorithms\scheduler.py", line 255, in _load_custom_algorithms
    if not found:
UnboundLocalError: local variable 'found' referenced before assignment

[20:48:21.744] [INFO] ============================================================
[20:48:21.744] [INFO] _populate_custom_algorithms started
[20:48:21.744] [INFO] Attempting to reload custom algorithms...
[20:48:21.755] [INFO] [Scheduler] Removed pycache directory: C:\Users\buaal\Desktop\NeuroPrime\custom_algorithms\__pycache__
[20:48:21.755] [INFO] [Scheduler] NEUROPRIME_ROOT = C:\Users\buaal\Desktop\NeuroPrime
[20:48:21.755] [INFO] [Scheduler] Looking for custom algorithms in: C:\Users\buaal\Desktop\NeuroPrime\custom_algorithms
[20:48:21.758] [INFO] [Scheduler] Current working directory: C:\Users\buaal\Desktop\NeuroPrime
[20:48:21.758] [INFO] [Scheduler] Script directory: C:\Users\buaal\Desktop\NeuroPrime\src\algorithms
[20:48:21.758] [INFO] [Scheduler] Custom algorithms directory exists: C:\Users\buaal\Desktop\NeuroPrime\custom_algorithms
[20:48:21.758] [INFO] [Scheduler] Found 11 Python files: ['cccc.py', 'customalgorithm.py', 'customalgorithmnew.py', 'customalgorithmtest.py', 'new.py', 'newnew.py', 'newnewnew.py', 'newnewnewnewnewn.py', 'testscriptalgorithm.py', 'view_raw_lfp_data.py', '__init__.py']
[20:48:21.758] [INFO] [Scheduler] Loading custom algorithm from: C:\Users\buaal\Desktop\NeuroPrime\custom_algorithms\cccc.py
[20:48:21.760] [INFO] [Scheduler] Loaded custom algorithm from ALGORITHM_INFO: cccc
[20:48:21.760] [ERROR] [Scheduler] Error loading custom algorithm from C:\Users\buaal\Desktop\NeuroPrime\custom_algorithms\cccc.py: local variable 'found' referenced before assignment
[20:48:21.760] [ERROR] [Scheduler] Traceback: Traceback (most recent call last):
  File "C:\Users\buaal\Desktop\NeuroPrime\src\algorithms\scheduler.py", line 255, in _load_custom_algorithms
    if not found:
UnboundLocalError: local variable 'found' referenced before assignment

[20:48:21.760] [INFO] [Scheduler] Loading custom algorithm from: C:\Users\buaal\Desktop\NeuroPrime\custom_algorithms\customalgorithm.py
[20:48:21.765] [INFO] [Scheduler] Loaded custom algorithm from ALGORITHM_INFO: CustomAlgorithm
[20:48:21.765] [ERROR] [Scheduler] Error loading custom algorithm from C:\Users\buaal\Desktop\NeuroPrime\custom_algorithms\customalgorithm.py: local variable 'found' referenced before assignment
[20:48:21.768] [ERROR] [Scheduler] Traceback: Traceback (most recent call last):
  File "C:\Users\buaal\Desktop\NeuroPrime\src\algorithms\scheduler.py", line 255, in _load_custom_algorithms
    if not found:
UnboundLocalError: local variable 'found' referenced before assignment

[20:48:21.768] [INFO] [Scheduler] Loading custom algorithm from: C:\Users\buaal\Desktop\NeuroPrime\custom_algorithms\customalgorithmnew.py
[20:48:21.774] [INFO] [Scheduler] Loaded custom algorithm from ALGORITHM_INFO: CustomAlgorithmNew
[20:48:21.775] [ERROR] [Scheduler] Error loading custom algorithm from C:\Users\buaal\Desktop\NeuroPrime\custom_algorithms\customalgorithmnew.py: local variable 'found' referenced before assignment
[20:48:21.775] [ERROR] [Scheduler] Traceback: Traceback (most recent call last):
  File "C:\Users\buaal\Desktop\NeuroPrime\src\algorithms\scheduler.py", line 255, in _load_custom_algorithms
    if not found:
UnboundLocalError: local variable 'found' referenced before assignment

[20:48:21.775] [INFO] [Scheduler] Loading custom algorithm from: C:\Users\buaal\Desktop\NeuroPrime\custom_algorithms\customalgorithmtest.py
[20:48:21.778] [INFO] [Scheduler] Loaded custom algorithm from ALGORITHM_INFO: CustomAlgorithmTest
[20:48:21.778] [ERROR] [Scheduler] Error loading custom algorithm from C:\Users\buaal\Desktop\NeuroPrime\custom_algorithms\customalgorithmtest.py: local variable 'found' referenced before assignment
[20:48:21.778] [ERROR] [Scheduler] Traceback: Traceback (most recent call last):
  File "C:\Users\buaal\Desktop\NeuroPrime\src\algorithms\scheduler.py", line 255, in _load_custom_algorithms
    if not found:
UnboundLocalError: local variable 'found' referenced before assignment

[20:48:21.778] [INFO] [Scheduler] Loading custom algorithm from: C:\Users\buaal\Desktop\NeuroPrime\custom_algorithms\new.py
[20:48:21.780] [INFO] [Scheduler] Loaded custom algorithm from ALGORITHM_INFO: New
[20:48:21.780] [ERROR] [Scheduler] Error loading custom algorithm from C:\Users\buaal\Desktop\NeuroPrime\custom_algorithms\new.py: local variable 'found' referenced before assignment
[20:48:21.783] [ERROR] [Scheduler] Traceback: Traceback (most recent call last):
  File "C:\Users\buaal\Desktop\NeuroPrime\src\algorithms\scheduler.py", line 255, in _load_custom_algorithms
    if not found:
UnboundLocalError: local variable 'found' referenced before assignment

[20:48:21.783] [INFO] [Scheduler] Loading custom algorithm from: C:\Users\buaal\Desktop\NeuroPrime\custom_algorithms\newnew.py
[20:48:21.785] [INFO] [Scheduler] Loaded custom algorithm from ALGORITHM_INFO: newnew
[20:48:21.785] [ERROR] [Scheduler] Error loading custom algorithm from C:\Users\buaal\Desktop\NeuroPrime\custom_algorithms\newnew.py: local variable 'found' referenced before assignment
[20:48:21.785] [ERROR] [Scheduler] Traceback: Traceback (most recent call last):
  File "C:\Users\buaal\Desktop\NeuroPrime\src\algorithms\scheduler.py", line 255, in _load_custom_algorithms
    if not found:
UnboundLocalError: local variable 'found' referenced before assignment

[20:48:21.785] [INFO] [Scheduler] Loading custom algorithm from: C:\Users\buaal\Desktop\NeuroPrime\custom_algorithms\newnewnew.py
[20:48:21.790] [INFO] [Scheduler] Loaded custom algorithm from ALGORITHM_INFO: newnewnew
[20:48:21.790] [ERROR] [Scheduler] Error loading custom algorithm from C:\Users\buaal\Desktop\NeuroPrime\custom_algorithms\newnewnew.py: local variable 'found' referenced before assignment
[20:48:21.792] [ERROR] [Scheduler] Traceback: Traceback (most recent call last):
  File "C:\Users\buaal\Desktop\NeuroPrime\src\algorithms\scheduler.py", line 255, in _load_custom_algorithms
    if not found:
UnboundLocalError: local variable 'found' referenced before assignment

[20:48:21.792] [INFO] [Scheduler] Loading custom algorithm from: C:\Users\buaal\Desktop\NeuroPrime\custom_algorithms\newnewnewnewnewn.py
[20:48:21.795] [INFO] [Scheduler] Loaded custom algorithm from ALGORITHM_INFO: newnewnewnewnewn
[20:48:21.795] [ERROR] [Scheduler] Error loading custom algorithm from C:\Users\buaal\Desktop\NeuroPrime\custom_algorithms\newnewnewnewnewn.py: local variable 'found' referenced before assignment
[20:48:21.795] [ERROR] [Scheduler] Traceback: Traceback (most recent call last):
  File "C:\Users\buaal\Desktop\NeuroPrime\src\algorithms\scheduler.py", line 255, in _load_custom_algorithms
    if not found:
UnboundLocalError: local variable 'found' referenced before assignment

[20:48:21.795] [INFO] [Scheduler] Loading custom algorithm from: C:\Users\buaal\Desktop\NeuroPrime\custom_algorithms\testscriptalgorithm.py
[20:48:21.798] [INFO] [Scheduler] Loaded custom algorithm from ALGORITHM_INFO: TestScriptAlgorithm
[20:48:21.798] [ERROR] [Scheduler] Error loading custom algorithm from C:\Users\buaal\Desktop\NeuroPrime\custom_algorithms\testscriptalgorithm.py: local variable 'found' referenced before assignment
[20:48:21.800] [ERROR] [Scheduler] Traceback: Traceback (most recent call last):
  File "C:\Users\buaal\Desktop\NeuroPrime\src\algorithms\scheduler.py", line 255, in _load_custom_algorithms
    if not found:
UnboundLocalError: local variable 'found' referenced before assignment

[20:48:21.800] [INFO] [Scheduler] Loading custom algorithm from: C:\Users\buaal\Desktop\NeuroPrime\custom_algorithms\view_raw_lfp_data.py
[20:48:21.805] [INFO] [Scheduler] Loaded custom algorithm from ALGORITHM_INFO: ViewRawLFPData
[20:48:21.805] [ERROR] [Scheduler] Error loading custom algorithm from C:\Users\buaal\Desktop\NeuroPrime\custom_algorithms\view_raw_lfp_data.py: local variable 'found' referenced before assignment
[20:48:21.806] [ERROR] [Scheduler] Traceback: Traceback (most recent call last):
  File "C:\Users\buaal\Desktop\NeuroPrime\src\algorithms\scheduler.py", line 255, in _load_custom_algorithms
    if not found:
UnboundLocalError: local variable 'found' referenced before assignment

[20:48:21.806] [INFO] Custom algorithms reload completed
[20:48:21.806] [INFO] Total algorithms available: 18
[20:48:21.806] [INFO] Algorithm list: ['SpikeDetectionThreshold:Spike', 'SpikeSortingPCA:Spike', 'LFPPowerSpectrum:LFP', 'LFPSpectrogram:LFP', 'PSTHAnalysis:Behavior', 'RasterPlotAnalysis:Behavior', 'TuningCurveAnalysis:Behavior', 'ROCAnalysis:Behavior', 'LDADecoder:Decoding', 'cccc:自定义算法', 'CustomAlgorithm:Custom', 'CustomAlgorithmNew:Custom', 'CustomAlgorithmTest:自定义算法', 'New:自定义算法', 'newnew:自定义算法', 'newnewnew:自定义算法', 'newnewnewnewnewn:自定义算法', 'ViewRawLFPData:自定义算法']
[20:48:21.806] [INFO] Added custom algorithm: cccc (category: 自定义算法)
[20:48:21.806] [INFO] Added custom algorithm: CustomAlgorithm (category: Custom)
[20:48:21.806] [INFO] Added custom algorithm: CustomAlgorithmNew (category: Custom)
[20:48:21.806] [INFO] Added custom algorithm: CustomAlgorithmTest (category: 自定义算法)
[20:48:21.806] [INFO] Added custom algorithm: New (category: 自定义算法)
[20:48:21.806] [INFO] Added custom algorithm: newnew (category: 自定义算法)
[20:48:21.806] [INFO] Added custom algorithm: newnewnew (category: 自定义算法)
[20:48:21.806] [INFO] Added custom algorithm: newnewnewnewnewn (category: 自定义算法)
[20:48:21.806] [INFO] Added custom algorithm: ViewRawLFPData (category: 自定义算法)
[20:48:21.806] [INFO] Total custom algorithms added: 9
[20:48:21.806] [INFO] ============================================================
[20:53:16.592] [INFO] [Scheduler] NEUROPRIME_ROOT = C:\Users\buaal\Desktop\NeuroPrime
[20:53:16.592] [INFO] [Scheduler] Looking for custom algorithms in: C:\Users\buaal\Desktop\NeuroPrime\custom_algorithms
[20:53:16.593] [INFO] [Scheduler] Current working directory: C:\Users\buaal\Desktop\NeuroPrime
[20:53:16.593] [INFO] [Scheduler] Script directory: C:\Users\buaal\Desktop\NeuroPrime\src\algorithms
[20:53:16.593] [INFO] [Scheduler] Custom algorithms directory exists: C:\Users\buaal\Desktop\NeuroPrime\custom_algorithms
[20:53:16.593] [INFO] [Scheduler] Found 11 Python files: ['cccc.py', 'customalgorithm.py', 'customalgorithmnew.py', 'customalgorithmtest.py', 'new.py', 'newnew.py', 'newnewnew.py', 'newnewnewnewnewn.py', 'testscriptalgorithm.py', 'view_raw_lfp_data.py', '__init__.py']
[20:53:16.593] [INFO] [Scheduler] Loading custom algorithm from: C:\Users\buaal\Desktop\NeuroPrime\custom_algorithms\cccc.py
[20:53:16.596] [INFO] [Scheduler] Loaded custom algorithm from ALGORITHM_INFO: cccc
[20:53:16.596] [ERROR] [Scheduler] Error loading custom algorithm from C:\Users\buaal\Desktop\NeuroPrime\custom_algorithms\cccc.py: local variable 'found' referenced before assignment
[20:53:16.596] [ERROR] [Scheduler] Traceback: Traceback (most recent call last):
  File "C:\Users\buaal\Desktop\NeuroPrime\src\algorithms\scheduler.py", line 255, in _load_custom_algorithms
    if not found:
UnboundLocalError: local variable 'found' referenced before assignment

[20:53:16.596] [INFO] [Scheduler] Loading custom algorithm from: C:\Users\buaal\Desktop\NeuroPrime\custom_algorithms\customalgorithm.py
[20:53:16.599] [INFO] [Scheduler] Loaded custom algorithm from ALGORITHM_INFO: CustomAlgorithm
[20:53:16.599] [ERROR] [Scheduler] Error loading custom algorithm from C:\Users\buaal\Desktop\NeuroPrime\custom_algorithms\customalgorithm.py: local variable 'found' referenced before assignment
[20:53:16.600] [ERROR] [Scheduler] Traceback: Traceback (most recent call last):
  File "C:\Users\buaal\Desktop\NeuroPrime\src\algorithms\scheduler.py", line 255, in _load_custom_algorithms
    if not found:
UnboundLocalError: local variable 'found' referenced before assignment

[20:53:16.600] [INFO] [Scheduler] Loading custom algorithm from: C:\Users\buaal\Desktop\NeuroPrime\custom_algorithms\customalgorithmnew.py
[20:53:16.602] [INFO] [Scheduler] Loaded custom algorithm from ALGORITHM_INFO: CustomAlgorithmNew
[20:53:16.602] [ERROR] [Scheduler] Error loading custom algorithm from C:\Users\buaal\Desktop\NeuroPrime\custom_algorithms\customalgorithmnew.py: local variable 'found' referenced before assignment
[20:53:16.602] [ERROR] [Scheduler] Traceback: Traceback (most recent call last):
  File "C:\Users\buaal\Desktop\NeuroPrime\src\algorithms\scheduler.py", line 255, in _load_custom_algorithms
    if not found:
UnboundLocalError: local variable 'found' referenced before assignment

[20:53:16.602] [INFO] [Scheduler] Loading custom algorithm from: C:\Users\buaal\Desktop\NeuroPrime\custom_algorithms\customalgorithmtest.py
[20:53:16.604] [INFO] [Scheduler] Loaded custom algorithm from ALGORITHM_INFO: CustomAlgorithmTest
[20:53:16.604] [ERROR] [Scheduler] Error loading custom algorithm from C:\Users\buaal\Desktop\NeuroPrime\custom_algorithms\customalgorithmtest.py: local variable 'found' referenced before assignment
[20:53:16.604] [ERROR] [Scheduler] Traceback: Traceback (most recent call last):
  File "C:\Users\buaal\Desktop\NeuroPrime\src\algorithms\scheduler.py", line 255, in _load_custom_algorithms
    if not found:
UnboundLocalError: local variable 'found' referenced before assignment

[20:53:16.604] [INFO] [Scheduler] Loading custom algorithm from: C:\Users\buaal\Desktop\NeuroPrime\custom_algorithms\new.py
[20:53:16.608] [INFO] [Scheduler] Loaded custom algorithm from ALGORITHM_INFO: New
[20:53:16.608] [ERROR] [Scheduler] Error loading custom algorithm from C:\Users\buaal\Desktop\NeuroPrime\custom_algorithms\new.py: local variable 'found' referenced before assignment
[20:53:16.608] [ERROR] [Scheduler] Traceback: Traceback (most recent call last):
  File "C:\Users\buaal\Desktop\NeuroPrime\src\algorithms\scheduler.py", line 255, in _load_custom_algorithms
    if not found:
UnboundLocalError: local variable 'found' referenced before assignment

[20:53:16.608] [INFO] [Scheduler] Loading custom algorithm from: C:\Users\buaal\Desktop\NeuroPrime\custom_algorithms\newnew.py
[20:53:16.611] [INFO] [Scheduler] Loaded custom algorithm from ALGORITHM_INFO: newnew
[20:53:16.611] [ERROR] [Scheduler] Error loading custom algorithm from C:\Users\buaal\Desktop\NeuroPrime\custom_algorithms\newnew.py: local variable 'found' referenced before assignment
[20:53:16.611] [ERROR] [Scheduler] Traceback: Traceback (most recent call last):
  File "C:\Users\buaal\Desktop\NeuroPrime\src\algorithms\scheduler.py", line 255, in _load_custom_algorithms
    if not found:
UnboundLocalError: local variable 'found' referenced before assignment

[20:53:16.611] [INFO] [Scheduler] Loading custom algorithm from: C:\Users\buaal\Desktop\NeuroPrime\custom_algorithms\newnewnew.py
[20:53:16.613] [INFO] [Scheduler] Loaded custom algorithm from ALGORITHM_INFO: newnewnew
[20:53:16.613] [ERROR] [Scheduler] Error loading custom algorithm from C:\Users\buaal\Desktop\NeuroPrime\custom_algorithms\newnewnew.py: local variable 'found' referenced before assignment
[20:53:16.613] [ERROR] [Scheduler] Traceback: Traceback (most recent call last):
  File "C:\Users\buaal\Desktop\NeuroPrime\src\algorithms\scheduler.py", line 255, in _load_custom_algorithms
    if not found:
UnboundLocalError: local variable 'found' referenced before assignment

[20:53:16.613] [INFO] [Scheduler] Loading custom algorithm from: C:\Users\buaal\Desktop\NeuroPrime\custom_algorithms\newnewnewnewnewn.py
[20:53:16.616] [INFO] [Scheduler] Loaded custom algorithm from ALGORITHM_INFO: newnewnewnewnewn
[20:53:16.616] [ERROR] [Scheduler] Error loading custom algorithm from C:\Users\buaal\Desktop\NeuroPrime\custom_algorithms\newnewnewnewnewn.py: local variable 'found' referenced before assignment
[20:53:16.616] [ERROR] [Scheduler] Traceback: Traceback (most recent call last):
  File "C:\Users\buaal\Desktop\NeuroPrime\src\algorithms\scheduler.py", line 255, in _load_custom_algorithms
    if not found:
UnboundLocalError: local variable 'found' referenced before assignment

[20:53:16.616] [INFO] [Scheduler] Loading custom algorithm from: C:\Users\buaal\Desktop\NeuroPrime\custom_algorithms\testscriptalgorithm.py
[20:53:16.617] [INFO] [Scheduler] Loaded custom algorithm from ALGORITHM_INFO: TestScriptAlgorithm
[20:53:16.617] [ERROR] [Scheduler] Error loading custom algorithm from C:\Users\buaal\Desktop\NeuroPrime\custom_algorithms\testscriptalgorithm.py: local variable 'found' referenced before assignment
[20:53:16.617] [ERROR] [Scheduler] Traceback: Traceback (most recent call last):
  File "C:\Users\buaal\Desktop\NeuroPrime\src\algorithms\scheduler.py", line 255, in _load_custom_algorithms
    if not found:
UnboundLocalError: local variable 'found' referenced before assignment

[20:53:16.617] [INFO] [Scheduler] Loading custom algorithm from: C:\Users\buaal\Desktop\NeuroPrime\custom_algorithms\view_raw_lfp_data.py
[20:53:16.622] [INFO] [Scheduler] Loaded custom algorithm from ALGORITHM_INFO: ViewRawLFPData
[20:53:16.622] [ERROR] [Scheduler] Error loading custom algorithm from C:\Users\buaal\Desktop\NeuroPrime\custom_algorithms\view_raw_lfp_data.py: local variable 'found' referenced before assignment
[20:53:16.623] [ERROR] [Scheduler] Traceback: Traceback (most recent call last):
  File "C:\Users\buaal\Desktop\NeuroPrime\src\algorithms\scheduler.py", line 255, in _load_custom_algorithms
    if not found:
UnboundLocalError: local variable 'found' referenced before assignment

[20:53:23.244] [INFO] [Scheduler] NEUROPRIME_ROOT = C:\Users\buaal\Desktop\NeuroPrime
[20:53:23.244] [INFO] [Scheduler] Looking for custom algorithms in: C:\Users\buaal\Desktop\NeuroPrime\custom_algorithms
[20:53:23.244] [INFO] [Scheduler] Current working directory: C:\Users\buaal\Desktop\NeuroPrime
[20:53:23.244] [INFO] [Scheduler] Script directory: C:\Users\buaal\Desktop\NeuroPrime\src\algorithms
[20:53:23.244] [INFO] [Scheduler] Custom algorithms directory exists: C:\Users\buaal\Desktop\NeuroPrime\custom_algorithms
[20:53:23.244] [INFO] [Scheduler] Found 11 Python files: ['cccc.py', 'customalgorithm.py', 'customalgorithmnew.py', 'customalgorithmtest.py', 'new.py', 'newnew.py', 'newnewnew.py', 'newnewnewnewnewn.py', 'testscriptalgorithm.py', 'view_raw_lfp_data.py', '__init__.py']
[20:53:23.244] [INFO] [Scheduler] Loading custom algorithm from: C:\Users\buaal\Desktop\NeuroPrime\custom_algorithms\cccc.py
[20:53:23.253] [INFO] [Scheduler] Loaded custom algorithm from ALGORITHM_INFO: cccc
[20:53:23.253] [ERROR] [Scheduler] Error loading custom algorithm from C:\Users\buaal\Desktop\NeuroPrime\custom_algorithms\cccc.py: local variable 'found' referenced before assignment
[20:53:23.253] [ERROR] [Scheduler] Traceback: Traceback (most recent call last):
  File "C:\Users\buaal\Desktop\NeuroPrime\src\algorithms\scheduler.py", line 255, in _load_custom_algorithms
    if not found:
UnboundLocalError: local variable 'found' referenced before assignment

[20:53:23.253] [INFO] [Scheduler] Loading custom algorithm from: C:\Users\buaal\Desktop\NeuroPrime\custom_algorithms\customalgorithm.py
[20:53:23.255] [INFO] [Scheduler] Loaded custom algorithm from ALGORITHM_INFO: CustomAlgorithm
[20:53:23.255] [ERROR] [Scheduler] Error loading custom algorithm from C:\Users\buaal\Desktop\NeuroPrime\custom_algorithms\customalgorithm.py: local variable 'found' referenced before assignment
[20:53:23.255] [ERROR] [Scheduler] Traceback: Traceback (most recent call last):
  File "C:\Users\buaal\Desktop\NeuroPrime\src\algorithms\scheduler.py", line 255, in _load_custom_algorithms
    if not found:
UnboundLocalError: local variable 'found' referenced before assignment

[20:53:23.255] [INFO] [Scheduler] Loading custom algorithm from: C:\Users\buaal\Desktop\NeuroPrime\custom_algorithms\customalgorithmnew.py
[20:53:23.260] [INFO] [Scheduler] Loaded custom algorithm from ALGORITHM_INFO: CustomAlgorithmNew
[20:53:23.260] [ERROR] [Scheduler] Error loading custom algorithm from C:\Users\buaal\Desktop\NeuroPrime\custom_algorithms\customalgorithmnew.py: local variable 'found' referenced before assignment
[20:53:23.260] [ERROR] [Scheduler] Traceback: Traceback (most recent call last):
  File "C:\Users\buaal\Desktop\NeuroPrime\src\algorithms\scheduler.py", line 255, in _load_custom_algorithms
    if not found:
UnboundLocalError: local variable 'found' referenced before assignment

[20:53:23.260] [INFO] [Scheduler] Loading custom algorithm from: C:\Users\buaal\Desktop\NeuroPrime\custom_algorithms\customalgorithmtest.py
[20:53:23.265] [INFO] [Scheduler] Loaded custom algorithm from ALGORITHM_INFO: CustomAlgorithmTest
[20:53:23.265] [ERROR] [Scheduler] Error loading custom algorithm from C:\Users\buaal\Desktop\NeuroPrime\custom_algorithms\customalgorithmtest.py: local variable 'found' referenced before assignment
[20:53:23.265] [ERROR] [Scheduler] Traceback: Traceback (most recent call last):
  File "C:\Users\buaal\Desktop\NeuroPrime\src\algorithms\scheduler.py", line 255, in _load_custom_algorithms
    if not found:
UnboundLocalError: local variable 'found' referenced before assignment

[20:53:23.265] [INFO] [Scheduler] Loading custom algorithm from: C:\Users\buaal\Desktop\NeuroPrime\custom_algorithms\new.py
[20:53:23.269] [INFO] [Scheduler] Loaded custom algorithm from ALGORITHM_INFO: New
[20:53:23.269] [ERROR] [Scheduler] Error loading custom algorithm from C:\Users\buaal\Desktop\NeuroPrime\custom_algorithms\new.py: local variable 'found' referenced before assignment
[20:53:23.269] [ERROR] [Scheduler] Traceback: Traceback (most recent call last):
  File "C:\Users\buaal\Desktop\NeuroPrime\src\algorithms\scheduler.py", line 255, in _load_custom_algorithms
    if not found:
UnboundLocalError: local variable 'found' referenced before assignment

[20:53:23.269] [INFO] [Scheduler] Loading custom algorithm from: C:\Users\buaal\Desktop\NeuroPrime\custom_algorithms\newnew.py
[20:53:23.270] [INFO] [Scheduler] Loaded custom algorithm from ALGORITHM_INFO: newnew
[20:53:23.270] [ERROR] [Scheduler] Error loading custom algorithm from C:\Users\buaal\Desktop\NeuroPrime\custom_algorithms\newnew.py: local variable 'found' referenced before assignment
[20:53:23.272] [ERROR] [Scheduler] Traceback: Traceback (most recent call last):
  File "C:\Users\buaal\Desktop\NeuroPrime\src\algorithms\scheduler.py", line 255, in _load_custom_algorithms
    if not found:
UnboundLocalError: local variable 'found' referenced before assignment

[20:53:23.272] [INFO] [Scheduler] Loading custom algorithm from: C:\Users\buaal\Desktop\NeuroPrime\custom_algorithms\newnewnew.py
[20:53:23.273] [INFO] [Scheduler] Loaded custom algorithm from ALGORITHM_INFO: newnewnew
[20:53:23.273] [ERROR] [Scheduler] Error loading custom algorithm from C:\Users\buaal\Desktop\NeuroPrime\custom_algorithms\newnewnew.py: local variable 'found' referenced before assignment
[20:53:23.273] [ERROR] [Scheduler] Traceback: Traceback (most recent call last):
  File "C:\Users\buaal\Desktop\NeuroPrime\src\algorithms\scheduler.py", line 255, in _load_custom_algorithms
    if not found:
UnboundLocalError: local variable 'found' referenced before assignment

[20:53:23.273] [INFO] [Scheduler] Loading custom algorithm from: C:\Users\buaal\Desktop\NeuroPrime\custom_algorithms\newnewnewnewnewn.py
[20:53:23.276] [INFO] [Scheduler] Loaded custom algorithm from ALGORITHM_INFO: newnewnewnewnewn
[20:53:23.276] [ERROR] [Scheduler] Error loading custom algorithm from C:\Users\buaal\Desktop\NeuroPrime\custom_algorithms\newnewnewnewnewn.py: local variable 'found' referenced before assignment
[20:53:23.276] [ERROR] [Scheduler] Traceback: Traceback (most recent call last):
  File "C:\Users\buaal\Desktop\NeuroPrime\src\algorithms\scheduler.py", line 255, in _load_custom_algorithms
    if not found:
UnboundLocalError: local variable 'found' referenced before assignment

[20:53:23.276] [INFO] [Scheduler] Loading custom algorithm from: C:\Users\buaal\Desktop\NeuroPrime\custom_algorithms\testscriptalgorithm.py
[20:53:23.280] [INFO] [Scheduler] Loaded custom algorithm from ALGORITHM_INFO: TestScriptAlgorithm
[20:53:23.280] [ERROR] [Scheduler] Error loading custom algorithm from C:\Users\buaal\Desktop\NeuroPrime\custom_algorithms\testscriptalgorithm.py: local variable 'found' referenced before assignment
[20:53:23.281] [ERROR] [Scheduler] Traceback: Traceback (most recent call last):
  File "C:\Users\buaal\Desktop\NeuroPrime\src\algorithms\scheduler.py", line 255, in _load_custom_algorithms
    if not found:
UnboundLocalError: local variable 'found' referenced before assignment

[20:53:23.281] [INFO] [Scheduler] Loading custom algorithm from: C:\Users\buaal\Desktop\NeuroPrime\custom_algorithms\view_raw_lfp_data.py
[20:53:23.283] [INFO] [Scheduler] Loaded custom algorithm from ALGORITHM_INFO: ViewRawLFPData
[20:53:23.283] [ERROR] [Scheduler] Error loading custom algorithm from C:\Users\buaal\Desktop\NeuroPrime\custom_algorithms\view_raw_lfp_data.py: local variable 'found' referenced before assignment
[20:53:23.284] [ERROR] [Scheduler] Traceback: Traceback (most recent call last):
  File "C:\Users\buaal\Desktop\NeuroPrime\src\algorithms\scheduler.py", line 255, in _load_custom_algorithms
    if not found:
UnboundLocalError: local variable 'found' referenced before assignment

