[19:39:04.421] [INFO] ============================================================
[19:39:04.421] [INFO] NeuroPrime 调试日志
[19:39:04.421] [INFO] 启动时间: 2026-04-16 19:39:04
[19:39:04.422] [INFO] Python版本: 3.10.10 (tags/v3.10.10:aad5f6a, Feb  7 2023, 17:20:36) [MSC v.1929 64 bit (AMD64)]
[19:39:04.422] [INFO] 日志文件: c:\Users\buaal\Desktop\NeuroPrime\logs\debug_20260416_193904.log
[19:39:04.422] [INFO] ============================================================
[19:39:05.766] [INFO] [Scheduler] Removed pycache directory: c:\Users\buaal\Desktop\NeuroPrime\custom_algorithms\__pycache__
[19:39:05.766] [INFO] [Scheduler] NEUROPRIME_ROOT = c:\Users\buaal\Desktop\NeuroPrime
[19:39:05.766] [INFO] [Scheduler] Looking for custom algorithms in: c:\Users\buaal\Desktop\NeuroPrime\custom_algorithms
[19:39:05.766] [INFO] [Scheduler] Current working directory: c:\Users\buaal\Desktop\NeuroPrime
[19:39:05.766] [INFO] [Scheduler] Script directory: c:\Users\buaal\Desktop\NeuroPrime\src\algorithms
[19:39:05.767] [INFO] [Scheduler] Custom algorithms directory exists: c:\Users\buaal\Desktop\NeuroPrime\custom_algorithms
[19:39:05.767] [INFO] [Scheduler] Found 13 Python files: ['aaaa.py', 'bbbb.py', 'cccc.py', 'customalgorithm.py', 'customalgorithmnew.py', 'customalgorithmtest.py', 'new.py', 'newnew.py', 'newnewnew.py', 'newnewnewnewnewn.py', 'testscriptalgorithm.py', 'view_raw_lfp_data.py', '__init__.py']
[19:39:05.767] [INFO] [Scheduler] Loading custom algorithm from: c:\Users\buaal\Desktop\NeuroPrime\custom_algorithms\aaaa.py
[19:39:05.778] [INFO] [Scheduler] Loaded custom algorithm from ALGORITHM_INFO: aaaa
[19:39:05.779] [ERROR] [Scheduler] Error loading custom algorithm from c:\Users\buaal\Desktop\NeuroPrime\custom_algorithms\aaaa.py: local variable 'found' referenced before assignment
[19:39:05.779] [ERROR] [Scheduler] Traceback: Traceback (most recent call last):
  File "c:\Users\buaal\Desktop\NeuroPrime\src\algorithms\scheduler.py", line 255, in _load_custom_algorithms
    if not found:
UnboundLocalError: local variable 'found' referenced before assignment

[19:39:05.779] [INFO] [Scheduler] Loading custom algorithm from: c:\Users\buaal\Desktop\NeuroPrime\custom_algorithms\bbbb.py
[19:39:06.103] [INFO] [Scheduler] Loaded custom algorithm from ALGORITHM_INFO: bbbb
[19:39:06.104] [ERROR] [Scheduler] Error loading custom algorithm from c:\Users\buaal\Desktop\NeuroPrime\custom_algorithms\bbbb.py: local variable 'found' referenced before assignment
[19:39:06.104] [ERROR] [Scheduler] Traceback: Traceback (most recent call last):
  File "c:\Users\buaal\Desktop\NeuroPrime\src\algorithms\scheduler.py", line 255, in _load_custom_algorithms
    if not found:
UnboundLocalError: local variable 'found' referenced before assignment

[19:39:06.104] [INFO] [Scheduler] Loading custom algorithm from: c:\Users\buaal\Desktop\NeuroPrime\custom_algorithms\cccc.py
[19:39:06.107] [INFO] [Scheduler] Loaded custom algorithm from ALGORITHM_INFO: cccc
[19:39:06.107] [ERROR] [Scheduler] Error loading custom algorithm from c:\Users\buaal\Desktop\NeuroPrime\custom_algorithms\cccc.py: local variable 'found' referenced before assignment
[19:39:06.107] [ERROR] [Scheduler] Traceback: Traceback (most recent call last):
  File "c:\Users\buaal\Desktop\NeuroPrime\src\algorithms\scheduler.py", line 255, in _load_custom_algorithms
    if not found:
UnboundLocalError: local variable 'found' referenced before assignment

[19:39:06.107] [INFO] [Scheduler] Loading custom algorithm from: c:\Users\buaal\Desktop\NeuroPrime\custom_algorithms\customalgorithm.py
[19:39:06.109] [INFO] [Scheduler] Loaded custom algorithm from ALGORITHM_INFO: CustomAlgorithm
[19:39:06.109] [ERROR] [Scheduler] Error loading custom algorithm from c:\Users\buaal\Desktop\NeuroPrime\custom_algorithms\customalgorithm.py: local variable 'found' referenced before assignment
[19:39:06.109] [ERROR] [Scheduler] Traceback: Traceback (most recent call last):
  File "c:\Users\buaal\Desktop\NeuroPrime\src\algorithms\scheduler.py", line 255, in _load_custom_algorithms
    if not found:
UnboundLocalError: local variable 'found' referenced before assignment

[19:39:06.110] [INFO] [Scheduler] Loading custom algorithm from: c:\Users\buaal\Desktop\NeuroPrime\custom_algorithms\customalgorithmnew.py
[19:39:06.111] [INFO] [Scheduler] Loaded custom algorithm from ALGORITHM_INFO: CustomAlgorithmNew
[19:39:06.111] [ERROR] [Scheduler] Error loading custom algorithm from c:\Users\buaal\Desktop\NeuroPrime\custom_algorithms\customalgorithmnew.py: local variable 'found' referenced before assignment
[19:39:06.111] [ERROR] [Scheduler] Traceback: Traceback (most recent call last):
  File "c:\Users\buaal\Desktop\NeuroPrime\src\algorithms\scheduler.py", line 255, in _load_custom_algorithms
    if not found:
UnboundLocalError: local variable 'found' referenced before assignment

[19:39:06.111] [INFO] [Scheduler] Loading custom algorithm from: c:\Users\buaal\Desktop\NeuroPrime\custom_algorithms\customalgorithmtest.py
[19:39:06.115] [INFO] [Scheduler] Loaded custom algorithm from ALGORITHM_INFO: CustomAlgorithmTest
[19:39:06.115] [ERROR] [Scheduler] Error loading custom algorithm from c:\Users\buaal\Desktop\NeuroPrime\custom_algorithms\customalgorithmtest.py: local variable 'found' referenced before assignment
[19:39:06.115] [ERROR] [Scheduler] Traceback: Traceback (most recent call last):
  File "c:\Users\buaal\Desktop\NeuroPrime\src\algorithms\scheduler.py", line 255, in _load_custom_algorithms
    if not found:
UnboundLocalError: local variable 'found' referenced before assignment

[19:39:06.115] [INFO] [Scheduler] Loading custom algorithm from: c:\Users\buaal\Desktop\NeuroPrime\custom_algorithms\new.py
[19:39:06.118] [INFO] [Scheduler] Loaded custom algorithm from ALGORITHM_INFO: New
[19:39:06.118] [ERROR] [Scheduler] Error loading custom algorithm from c:\Users\buaal\Desktop\NeuroPrime\custom_algorithms\new.py: local variable 'found' referenced before assignment
[19:39:06.119] [ERROR] [Scheduler] Traceback: Traceback (most recent call last):
  File "c:\Users\buaal\Desktop\NeuroPrime\src\algorithms\scheduler.py", line 255, in _load_custom_algorithms
    if not found:
UnboundLocalError: local variable 'found' referenced before assignment

[19:39:06.119] [INFO] [Scheduler] Loading custom algorithm from: c:\Users\buaal\Desktop\NeuroPrime\custom_algorithms\newnew.py
[19:39:06.121] [INFO] [Scheduler] Loaded custom algorithm from ALGORITHM_INFO: newnew
[19:39:06.121] [ERROR] [Scheduler] Error loading custom algorithm from c:\Users\buaal\Desktop\NeuroPrime\custom_algorithms\newnew.py: local variable 'found' referenced before assignment
[19:39:06.121] [ERROR] [Scheduler] Traceback: Traceback (most recent call last):
  File "c:\Users\buaal\Desktop\NeuroPrime\src\algorithms\scheduler.py", line 255, in _load_custom_algorithms
    if not found:
UnboundLocalError: local variable 'found' referenced before assignment

[19:39:06.121] [INFO] [Scheduler] Loading custom algorithm from: c:\Users\buaal\Desktop\NeuroPrime\custom_algorithms\newnewnew.py
[19:39:06.124] [INFO] [Scheduler] Loaded custom algorithm from ALGORITHM_INFO: newnewnew
[19:39:06.124] [ERROR] [Scheduler] Error loading custom algorithm from c:\Users\buaal\Desktop\NeuroPrime\custom_algorithms\newnewnew.py: local variable 'found' referenced before assignment
[19:39:06.125] [ERROR] [Scheduler] Traceback: Traceback (most recent call last):
  File "c:\Users\buaal\Desktop\NeuroPrime\src\algorithms\scheduler.py", line 255, in _load_custom_algorithms
    if not found:
UnboundLocalError: local variable 'found' referenced before assignment

[19:39:06.125] [INFO] [Scheduler] Loading custom algorithm from: c:\Users\buaal\Desktop\NeuroPrime\custom_algorithms\newnewnewnewnewn.py
[19:39:06.127] [INFO] [Scheduler] Loaded custom algorithm from ALGORITHM_INFO: newnewnewnewnewn
[19:39:06.127] [ERROR] [Scheduler] Error loading custom algorithm from c:\Users\buaal\Desktop\NeuroPrime\custom_algorithms\newnewnewnewnewn.py: local variable 'found' referenced before assignment
[19:39:06.127] [ERROR] [Scheduler] Traceback: Traceback (most recent call last):
  File "c:\Users\buaal\Desktop\NeuroPrime\src\algorithms\scheduler.py", line 255, in _load_custom_algorithms
    if not found:
UnboundLocalError: local variable 'found' referenced before assignment

[19:39:06.127] [INFO] [Scheduler] Loading custom algorithm from: c:\Users\buaal\Desktop\NeuroPrime\custom_algorithms\testscriptalgorithm.py
[19:39:06.130] [INFO] [Scheduler] Loaded custom algorithm from ALGORITHM_INFO: TestScriptAlgorithm
[19:39:06.130] [ERROR] [Scheduler] Error loading custom algorithm from c:\Users\buaal\Desktop\NeuroPrime\custom_algorithms\testscriptalgorithm.py: local variable 'found' referenced before assignment
[19:39:06.130] [ERROR] [Scheduler] Traceback: Traceback (most recent call last):
  File "c:\Users\buaal\Desktop\NeuroPrime\src\algorithms\scheduler.py", line 255, in _load_custom_algorithms
    if not found:
UnboundLocalError: local variable 'found' referenced before assignment

[19:39:06.130] [INFO] [Scheduler] Loading custom algorithm from: c:\Users\buaal\Desktop\NeuroPrime\custom_algorithms\view_raw_lfp_data.py
[19:39:06.133] [INFO] [Scheduler] Loaded custom algorithm from ALGORITHM_INFO: ViewRawLFPData
[19:39:06.133] [ERROR] [Scheduler] Error loading custom algorithm from c:\Users\buaal\Desktop\NeuroPrime\custom_algorithms\view_raw_lfp_data.py: local variable 'found' referenced before assignment
[19:39:06.133] [ERROR] [Scheduler] Traceback: Traceback (most recent call last):
  File "c:\Users\buaal\Desktop\NeuroPrime\src\algorithms\scheduler.py", line 255, in _load_custom_algorithms
    if not found:
UnboundLocalError: local variable 'found' referenced before assignment

[19:39:12.909] [INFO] ============================================================
[19:39:12.909] [INFO] _populate_custom_algorithms started
[19:39:12.909] [INFO] Attempting to reload custom algorithms...
[19:39:12.914] [INFO] [Scheduler] Removed pycache directory: c:\Users\buaal\Desktop\NeuroPrime\custom_algorithms\__pycache__
[19:39:12.915] [INFO] [Scheduler] NEUROPRIME_ROOT = c:\Users\buaal\Desktop\NeuroPrime
[19:39:12.915] [INFO] [Scheduler] Looking for custom algorithms in: c:\Users\buaal\Desktop\NeuroPrime\custom_algorithms
[19:39:12.915] [INFO] [Scheduler] Current working directory: c:\Users\buaal\Desktop\NeuroPrime
[19:39:12.915] [INFO] [Scheduler] Script directory: c:\Users\buaal\Desktop\NeuroPrime\src\algorithms
[19:39:12.915] [INFO] [Scheduler] Custom algorithms directory exists: c:\Users\buaal\Desktop\NeuroPrime\custom_algorithms
[19:39:12.915] [INFO] [Scheduler] Found 13 Python files: ['aaaa.py', 'bbbb.py', 'cccc.py', 'customalgorithm.py', 'customalgorithmnew.py', 'customalgorithmtest.py', 'new.py', 'newnew.py', 'newnewnew.py', 'newnewnewnewnewn.py', 'testscriptalgorithm.py', 'view_raw_lfp_data.py', '__init__.py']
[19:39:12.915] [INFO] [Scheduler] Loading custom algorithm from: c:\Users\buaal\Desktop\NeuroPrime\custom_algorithms\aaaa.py
[19:39:12.920] [INFO] [Scheduler] Loaded custom algorithm from ALGORITHM_INFO: aaaa
[19:39:12.920] [ERROR] [Scheduler] Error loading custom algorithm from c:\Users\buaal\Desktop\NeuroPrime\custom_algorithms\aaaa.py: local variable 'found' referenced before assignment
[19:39:12.920] [ERROR] [Scheduler] Traceback: Traceback (most recent call last):
  File "c:\Users\buaal\Desktop\NeuroPrime\src\algorithms\scheduler.py", line 255, in _load_custom_algorithms
    if not found:
UnboundLocalError: local variable 'found' referenced before assignment

[19:39:12.920] [INFO] [Scheduler] Loading custom algorithm from: c:\Users\buaal\Desktop\NeuroPrime\custom_algorithms\bbbb.py
[19:39:12.923] [INFO] [Scheduler] Loaded custom algorithm from ALGORITHM_INFO: bbbb
[19:39:12.923] [ERROR] [Scheduler] Error loading custom algorithm from c:\Users\buaal\Desktop\NeuroPrime\custom_algorithms\bbbb.py: local variable 'found' referenced before assignment
[19:39:12.923] [ERROR] [Scheduler] Traceback: Traceback (most recent call last):
  File "c:\Users\buaal\Desktop\NeuroPrime\src\algorithms\scheduler.py", line 255, in _load_custom_algorithms
    if not found:
UnboundLocalError: local variable 'found' referenced before assignment

[19:39:12.923] [INFO] [Scheduler] Loading custom algorithm from: c:\Users\buaal\Desktop\NeuroPrime\custom_algorithms\cccc.py
[19:39:12.925] [INFO] [Scheduler] Loaded custom algorithm from ALGORITHM_INFO: cccc
[19:39:12.925] [ERROR] [Scheduler] Error loading custom algorithm from c:\Users\buaal\Desktop\NeuroPrime\custom_algorithms\cccc.py: local variable 'found' referenced before assignment
[19:39:12.925] [ERROR] [Scheduler] Traceback: Traceback (most recent call last):
  File "c:\Users\buaal\Desktop\NeuroPrime\src\algorithms\scheduler.py", line 255, in _load_custom_algorithms
    if not found:
UnboundLocalError: local variable 'found' referenced before assignment

[19:39:12.925] [INFO] [Scheduler] Loading custom algorithm from: c:\Users\buaal\Desktop\NeuroPrime\custom_algorithms\customalgorithm.py
[19:39:12.926] [INFO] [Scheduler] Loaded custom algorithm from ALGORITHM_INFO: CustomAlgorithm
[19:39:12.927] [ERROR] [Scheduler] Error loading custom algorithm from c:\Users\buaal\Desktop\NeuroPrime\custom_algorithms\customalgorithm.py: local variable 'found' referenced before assignment
[19:39:12.927] [ERROR] [Scheduler] Traceback: Traceback (most recent call last):
  File "c:\Users\buaal\Desktop\NeuroPrime\src\algorithms\scheduler.py", line 255, in _load_custom_algorithms
    if not found:
UnboundLocalError: local variable 'found' referenced before assignment

[19:39:12.927] [INFO] [Scheduler] Loading custom algorithm from: c:\Users\buaal\Desktop\NeuroPrime\custom_algorithms\customalgorithmnew.py
[19:39:12.929] [INFO] [Scheduler] Loaded custom algorithm from ALGORITHM_INFO: CustomAlgorithmNew
[19:39:12.929] [ERROR] [Scheduler] Error loading custom algorithm from c:\Users\buaal\Desktop\NeuroPrime\custom_algorithms\customalgorithmnew.py: local variable 'found' referenced before assignment
[19:39:12.929] [ERROR] [Scheduler] Traceback: Traceback (most recent call last):
  File "c:\Users\buaal\Desktop\NeuroPrime\src\algorithms\scheduler.py", line 255, in _load_custom_algorithms
    if not found:
UnboundLocalError: local variable 'found' referenced before assignment

[19:39:12.929] [INFO] [Scheduler] Loading custom algorithm from: c:\Users\buaal\Desktop\NeuroPrime\custom_algorithms\customalgorithmtest.py
[19:39:12.931] [INFO] [Scheduler] Loaded custom algorithm from ALGORITHM_INFO: CustomAlgorithmTest
[19:39:12.931] [ERROR] [Scheduler] Error loading custom algorithm from c:\Users\buaal\Desktop\NeuroPrime\custom_algorithms\customalgorithmtest.py: local variable 'found' referenced before assignment
[19:39:12.932] [ERROR] [Scheduler] Traceback: Traceback (most recent call last):
  File "c:\Users\buaal\Desktop\NeuroPrime\src\algorithms\scheduler.py", line 255, in _load_custom_algorithms
    if not found:
UnboundLocalError: local variable 'found' referenced before assignment

[19:39:12.932] [INFO] [Scheduler] Loading custom algorithm from: c:\Users\buaal\Desktop\NeuroPrime\custom_algorithms\new.py
[19:39:12.933] [INFO] [Scheduler] Loaded custom algorithm from ALGORITHM_INFO: New
[19:39:12.933] [ERROR] [Scheduler] Error loading custom algorithm from c:\Users\buaal\Desktop\NeuroPrime\custom_algorithms\new.py: local variable 'found' referenced before assignment
[19:39:12.934] [ERROR] [Scheduler] Traceback: Traceback (most recent call last):
  File "c:\Users\buaal\Desktop\NeuroPrime\src\algorithms\scheduler.py", line 255, in _load_custom_algorithms
    if not found:
UnboundLocalError: local variable 'found' referenced before assignment

[19:39:12.934] [INFO] [Scheduler] Loading custom algorithm from: c:\Users\buaal\Desktop\NeuroPrime\custom_algorithms\newnew.py
[19:39:12.935] [INFO] [Scheduler] Loaded custom algorithm from ALGORITHM_INFO: newnew
[19:39:12.935] [ERROR] [Scheduler] Error loading custom algorithm from c:\Users\buaal\Desktop\NeuroPrime\custom_algorithms\newnew.py: local variable 'found' referenced before assignment
[19:39:12.935] [ERROR] [Scheduler] Traceback: Traceback (most recent call last):
  File "c:\Users\buaal\Desktop\NeuroPrime\src\algorithms\scheduler.py", line 255, in _load_custom_algorithms
    if not found:
UnboundLocalError: local variable 'found' referenced before assignment

[19:39:12.935] [INFO] [Scheduler] Loading custom algorithm from: c:\Users\buaal\Desktop\NeuroPrime\custom_algorithms\newnewnew.py
[19:39:12.936] [INFO] [Scheduler] Loaded custom algorithm from ALGORITHM_INFO: newnewnew
[19:39:12.936] [ERROR] [Scheduler] Error loading custom algorithm from c:\Users\buaal\Desktop\NeuroPrime\custom_algorithms\newnewnew.py: local variable 'found' referenced before assignment
[19:39:12.937] [ERROR] [Scheduler] Traceback: Traceback (most recent call last):
  File "c:\Users\buaal\Desktop\NeuroPrime\src\algorithms\scheduler.py", line 255, in _load_custom_algorithms
    if not found:
UnboundLocalError: local variable 'found' referenced before assignment

[19:39:12.937] [INFO] [Scheduler] Loading custom algorithm from: c:\Users\buaal\Desktop\NeuroPrime\custom_algorithms\newnewnewnewnewn.py
[19:39:12.939] [INFO] [Scheduler] Loaded custom algorithm from ALGORITHM_INFO: newnewnewnewnewn
[19:39:12.939] [ERROR] [Scheduler] Error loading custom algorithm from c:\Users\buaal\Desktop\NeuroPrime\custom_algorithms\newnewnewnewnewn.py: local variable 'found' referenced before assignment
[19:39:12.939] [ERROR] [Scheduler] Traceback: Traceback (most recent call last):
  File "c:\Users\buaal\Desktop\NeuroPrime\src\algorithms\scheduler.py", line 255, in _load_custom_algorithms
    if not found:
UnboundLocalError: local variable 'found' referenced before assignment

[19:39:12.939] [INFO] [Scheduler] Loading custom algorithm from: c:\Users\buaal\Desktop\NeuroPrime\custom_algorithms\testscriptalgorithm.py
[19:39:12.942] [INFO] [Scheduler] Loaded custom algorithm from ALGORITHM_INFO: TestScriptAlgorithm
[19:39:12.942] [ERROR] [Scheduler] Error loading custom algorithm from c:\Users\buaal\Desktop\NeuroPrime\custom_algorithms\testscriptalgorithm.py: local variable 'found' referenced before assignment
[19:39:12.942] [ERROR] [Scheduler] Traceback: Traceback (most recent call last):
  File "c:\Users\buaal\Desktop\NeuroPrime\src\algorithms\scheduler.py", line 255, in _load_custom_algorithms
    if not found:
UnboundLocalError: local variable 'found' referenced before assignment

[19:39:12.942] [INFO] [Scheduler] Loading custom algorithm from: c:\Users\buaal\Desktop\NeuroPrime\custom_algorithms\view_raw_lfp_data.py
[19:39:12.943] [INFO] [Scheduler] Loaded custom algorithm from ALGORITHM_INFO: ViewRawLFPData
[19:39:12.943] [ERROR] [Scheduler] Error loading custom algorithm from c:\Users\buaal\Desktop\NeuroPrime\custom_algorithms\view_raw_lfp_data.py: local variable 'found' referenced before assignment
[19:39:12.945] [ERROR] [Scheduler] Traceback: Traceback (most recent call last):
  File "c:\Users\buaal\Desktop\NeuroPrime\src\algorithms\scheduler.py", line 255, in _load_custom_algorithms
    if not found:
UnboundLocalError: local variable 'found' referenced before assignment

[19:39:12.945] [INFO] Custom algorithms reload completed
[19:39:12.945] [INFO] Total algorithms available: 20
[19:39:12.945] [INFO] Algorithm list: ['SpikeDetectionThreshold:Spike', 'SpikeSortingPCA:Spike', 'LFPPowerSpectrum:LFP', 'LFPSpectrogram:LFP', 'PSTHAnalysis:Behavior', 'RasterPlotAnalysis:Behavior', 'TuningCurveAnalysis:Behavior', 'ROCAnalysis:Behavior', 'LDADecoder:Decoding', 'aaaa:自定义算法', 'bbbb:自定义算法', 'cccc:自定义算法', 'CustomAlgorithm:Custom', 'CustomAlgorithmNew:Custom', 'CustomAlgorithmTest:自定义算法', 'New:自定义算法', 'newnew:自定义算法', 'newnewnew:自定义算法', 'newnewnewnewnewn:自定义算法', 'ViewRawLFPData:自定义算法']
[19:39:12.945] [INFO] Added custom algorithm: aaaa (category: 自定义算法)
[19:39:12.945] [INFO] Added custom algorithm: bbbb (category: 自定义算法)
[19:39:12.945] [INFO] Added custom algorithm: cccc (category: 自定义算法)
[19:39:12.945] [INFO] Added custom algorithm: CustomAlgorithm (category: Custom)
[19:39:12.945] [INFO] Added custom algorithm: CustomAlgorithmNew (category: Custom)
[19:39:12.945] [INFO] Added custom algorithm: CustomAlgorithmTest (category: 自定义算法)
[19:39:12.945] [INFO] Added custom algorithm: New (category: 自定义算法)
[19:39:12.945] [INFO] Added custom algorithm: newnew (category: 自定义算法)
[19:39:12.945] [INFO] Added custom algorithm: newnewnew (category: 自定义算法)
[19:39:12.945] [INFO] Added custom algorithm: newnewnewnewnewn (category: 自定义算法)
[19:39:12.945] [INFO] Added custom algorithm: ViewRawLFPData (category: 自定义算法)
[19:39:12.945] [INFO] Total custom algorithms added: 11
[19:39:12.945] [INFO] ============================================================
