[18:22:58.806] [INFO] ============================================================
[18:22:58.806] [INFO] NeuroPrime 调试日志
[18:22:58.806] [INFO] 启动时间: 2026-04-12 18:22:58
[18:22:58.806] [INFO] Python版本: 3.10.10 (tags/v3.10.10:aad5f6a, Feb  7 2023, 17:20:36) [MSC v.1929 64 bit (AMD64)]
[18:22:58.806] [INFO] 日志文件: c:\Users\buaal\Desktop\NeuroPrime\logs\debug_20260412_182258.log
[18:22:58.806] [INFO] ============================================================
[18:23:00.787] [INFO] [Scheduler] NEUROPRIME_ROOT = c:\Users\buaal\Desktop\NeuroPrime
[18:23:00.787] [INFO] [Scheduler] Looking for custom algorithms in: c:\Users\buaal\Desktop\NeuroPrime\custom_algorithms
[18:23:00.787] [INFO] [Scheduler] Current working directory: c:\Users\buaal\Desktop\NeuroPrime
[18:23:00.787] [INFO] [Scheduler] Script directory: c:\Users\buaal\Desktop\NeuroPrime\src\algorithms
[18:23:00.787] [INFO] [Scheduler] Custom algorithms directory exists: c:\Users\buaal\Desktop\NeuroPrime\custom_algorithms
[18:23:00.787] [INFO] [Scheduler] Found 2 Python files: ['view_raw_lfp_data.py', '__init__.py']
[18:23:00.787] [INFO] [Scheduler] Loading custom algorithm from: c:\Users\buaal\Desktop\NeuroPrime\custom_algorithms\view_raw_lfp_data.py
[18:23:00.797] [INFO] [Scheduler] Loaded custom algorithm from ALGORITHM_INFO: ViewRawLFPData
[18:23:00.797] [INFO] [Scheduler] Searching for algorithm classes in c:\Users\buaal\Desktop\NeuroPrime\custom_algorithms\view_raw_lfp_data.py...
[18:23:00.797] [INFO] [Scheduler] Loaded custom algorithm: BaseAlgorithm
[18:23:11.266] [INFO] add_data_item 被调用
[18:23:11.266] [DEBUG] data_item_type = <class 'dict'> (type: type)
[18:23:12.374] [INFO] ============================================================
[18:23:12.374] [INFO] _populate_custom_algorithms started
[18:23:12.374] [INFO] Attempting to reload custom algorithms...
[18:23:12.374] [INFO] [Scheduler] NEUROPRIME_ROOT = c:\Users\buaal\Desktop\NeuroPrime
[18:23:12.374] [INFO] [Scheduler] Looking for custom algorithms in: c:\Users\buaal\Desktop\NeuroPrime\custom_algorithms
[18:23:12.374] [INFO] [Scheduler] Current working directory: c:\Users\buaal\Desktop\NeuroPrime
[18:23:12.374] [INFO] [Scheduler] Script directory: c:\Users\buaal\Desktop\NeuroPrime\src\algorithms
[18:23:12.374] [INFO] [Scheduler] Custom algorithms directory exists: c:\Users\buaal\Desktop\NeuroPrime\custom_algorithms
[18:23:12.377] [INFO] [Scheduler] Found 2 Python files: ['view_raw_lfp_data.py', '__init__.py']
[18:23:12.377] [INFO] [Scheduler] Loading custom algorithm from: c:\Users\buaal\Desktop\NeuroPrime\custom_algorithms\view_raw_lfp_data.py
[18:23:12.377] [INFO] [Scheduler] Loaded custom algorithm from ALGORITHM_INFO: ViewRawLFPData
[18:23:12.377] [INFO] [Scheduler] Searching for algorithm classes in c:\Users\buaal\Desktop\NeuroPrime\custom_algorithms\view_raw_lfp_data.py...
[18:23:12.377] [INFO] [Scheduler] Loaded custom algorithm: BaseAlgorithm
[18:23:12.377] [INFO] Custom algorithms reload completed
[18:23:12.377] [INFO] Total algorithms available: 9
[18:23:12.377] [INFO] Algorithm list: ['SpikeDetectionThreshold:Spike', 'SpikeSortingPCA:Spike', 'LFPPowerSpectrum:LFP', 'LFPSpectrogram:LFP', 'PSTHAnalysis:Behavior', 'RasterPlotAnalysis:Behavior', 'TuningCurveAnalysis:Behavior', 'LDADecoder:Decoding', 'ViewRawLFPData:自定义算法']
[18:23:12.377] [INFO] Added custom algorithm: ViewRawLFPData (category: 自定义算法)
[18:23:12.377] [INFO] Total custom algorithms added: 1
[18:23:12.377] [INFO] ============================================================
[18:23:20.747] [INFO] ============================================================
[18:23:20.747] [INFO] _on_run_clicked 被调用
[18:23:20.747] [INFO] _get_selected_data_items 被调用
[18:23:20.747] [DEBUG] selected_data_items_len = 1 (type: int)
[18:23:20.747] [DEBUG] selected_data_items_0_type = <class 'dict'> (type: type)
[18:23:20.747] [INFO] 返回 1 个有效数据项
[18:23:20.747] [DEBUG] selected_data_type = <class 'list'> (type: type)
[18:23:20.747] [DEBUG] selected_data_len = 1 (type: int)
[18:23:20.747] [DEBUG] item_0_type = <class 'dict'> (type: type)
[18:23:20.747] [INFO] item[0] keys: ['id', 'display_name', 'trial_name', 'data_type', 'description', 'time_range']
[18:23:20.747] [INFO] 自定义算法使用默认参数: {}
[18:23:20.747] [DEBUG] parameters_keys = [] (type: list)
[18:23:20.747] [DEBUG] algorithm_name = ViewRawLFPData (type: str)
[18:23:20.747] [DEBUG] current_algorithm = ViewRawLFPData (type: str)
[18:23:20.747] [INFO] 发送请求: algorithm=ViewRawLFPData, data_items数量=1
[18:23:20.747] [INFO] ============================================================
[18:23:20.747] [INFO] _on_run_analysis 被调用
[18:23:20.747] [DEBUG] params_type = <class 'dict'> (type: type)
[18:23:20.747] [DEBUG] algorithm_name = ViewRawLFPData (type: str)
[18:23:20.747] [DEBUG] data_items_type = <class 'list'> (type: type)
[18:23:20.747] [DEBUG] data_items_len = 1 (type: int)
[18:23:20.747] [DEBUG] parameters_type = <class 'dict'> (type: type)
[18:23:20.747] [DEBUG] time_alignment_type = <class 'NoneType'> (type: type)
[18:23:20.747] [INFO] data_items[0] type: <class 'dict'>
[18:23:20.747] [INFO] data_items[0] keys: ['id', 'display_name', 'trial_name', 'data_type', 'description', 'time_range']
[18:23:20.747] [INFO] ============================================================
[18:23:20.747] [INFO] _run_analysis_async 被调用
[18:23:20.747] [DEBUG] algorithm_name = ViewRawLFPData (type: str)
[18:23:20.747] [DEBUG] data_items_type = <class 'list'> (type: type)
[18:23:20.747] [DEBUG] data_items_len = 1 (type: int)
[18:23:20.747] [DEBUG] parameters_keys = [] (type: list)
[18:23:20.747] [INFO] data_items[0] type: <class 'dict'>
[18:23:20.747] [INFO] data_items[0] keys: ['id', 'display_name', 'trial_name', 'data_type', 'description', 'time_range']
