[22:48:08.069] [INFO] ============================================================
[22:48:08.069] [INFO] NeuroPrime 调试日志
[22:48:08.069] [INFO] 启动时间: 2026-04-13 22:48:08
[22:48:08.069] [INFO] Python版本: 3.10.10 (tags/v3.10.10:aad5f6a, Feb  7 2023, 17:20:36) [MSC v.1929 64 bit (AMD64)]
[22:48:08.069] [INFO] 日志文件: c:\Users\buaal\Desktop\NeuroPrime\logs\debug_20260413_224808.log
[22:48:08.069] [INFO] ============================================================
[22:48:09.239] [INFO] [Scheduler] NEUROPRIME_ROOT = c:\Users\buaal\Desktop\NeuroPrime
[22:48:09.239] [INFO] [Scheduler] Looking for custom algorithms in: c:\Users\buaal\Desktop\NeuroPrime\custom_algorithms
[22:48:09.239] [INFO] [Scheduler] Current working directory: c:\Users\buaal\Desktop\NeuroPrime
[22:48:09.239] [INFO] [Scheduler] Script directory: c:\Users\buaal\Desktop\NeuroPrime\src\algorithms
[22:48:09.239] [INFO] [Scheduler] Custom algorithms directory exists: c:\Users\buaal\Desktop\NeuroPrime\custom_algorithms
[22:48:09.239] [INFO] [Scheduler] Found 2 Python files: ['view_raw_lfp_data.py', '__init__.py']
[22:48:09.239] [INFO] [Scheduler] Loading custom algorithm from: c:\Users\buaal\Desktop\NeuroPrime\custom_algorithms\view_raw_lfp_data.py
[22:48:09.250] [INFO] [Scheduler] Loaded custom algorithm from ALGORITHM_INFO: ViewRawLFPData
[22:48:09.250] [INFO] [Scheduler] Searching for algorithm classes in c:\Users\buaal\Desktop\NeuroPrime\custom_algorithms\view_raw_lfp_data.py...
[22:48:09.250] [INFO] [Scheduler] Loaded custom algorithm: ViewRawLFPData
[22:48:21.680] [INFO] add_data_item 被调用
[22:48:21.680] [DEBUG] data_item_type = <class 'dict'> (type: type)
[22:48:22.637] [INFO] add_data_item 被调用
[22:48:22.637] [DEBUG] data_item_type = <class 'dict'> (type: type)
[22:48:28.590] [INFO] ============================================================
[22:48:28.590] [INFO] _on_run_clicked 被调用
[22:48:28.590] [INFO] _get_selected_data_items 被调用
[22:48:28.590] [DEBUG] selected_data_items_len = 2 (type: int)
[22:48:28.590] [DEBUG] selected_data_items_0_type = <class 'dict'> (type: type)
[22:48:28.590] [DEBUG] selected_data_items_1_type = <class 'dict'> (type: type)
[22:48:28.590] [INFO] 返回 2 个有效数据项
[22:48:28.590] [DEBUG] selected_data_type = <class 'list'> (type: type)
[22:48:28.590] [DEBUG] selected_data_len = 2 (type: int)
[22:48:28.590] [DEBUG] item_0_type = <class 'dict'> (type: type)
[22:48:28.590] [INFO] item[0] keys: ['id', 'display_name', 'trial_name', 'data_type', 'description', 'time_range']
[22:48:28.590] [DEBUG] item_1_type = <class 'dict'> (type: type)
[22:48:28.590] [INFO] item[1] keys: ['id', 'display_name', 'trial_name', 'data_type', 'description', 'time_range']
[22:48:28.590] [DEBUG] parameters_keys = ['pre_time', 'post_time', 'positive_class'] (type: list)
[22:48:28.590] [DEBUG] algorithm_name = ROCAnalysis (type: str)
[22:48:28.590] [DEBUG] current_algorithm = ROCAnalysis (type: str)
[22:48:28.590] [INFO] 发送请求: algorithm=ROCAnalysis, data_items数量=2
[22:48:28.590] [INFO] ============================================================
[22:48:28.590] [INFO] _on_run_analysis 被调用
[22:48:28.590] [DEBUG] params_type = <class 'dict'> (type: type)
[22:48:28.590] [DEBUG] algorithm_name = ROCAnalysis (type: str)
[22:48:28.590] [DEBUG] data_items_type = <class 'list'> (type: type)
[22:48:28.590] [DEBUG] data_items_len = 2 (type: int)
[22:48:28.590] [DEBUG] parameters_type = <class 'dict'> (type: type)
[22:48:28.590] [DEBUG] time_alignment_type = <class 'NoneType'> (type: type)
[22:48:28.590] [INFO] data_items[0] type: <class 'dict'>
[22:48:28.590] [INFO] data_items[0] keys: ['id', 'display_name', 'trial_name', 'data_type', 'description', 'time_range']
[22:48:28.592] [INFO] ============================================================
[22:48:28.592] [INFO] _run_analysis_async 被调用
[22:48:28.592] [DEBUG] algorithm_name = ROCAnalysis (type: str)
[22:48:28.592] [DEBUG] data_items_type = <class 'list'> (type: type)
[22:48:28.592] [DEBUG] data_items_len = 2 (type: int)
[22:48:28.592] [DEBUG] parameters_keys = ['pre_time', 'post_time', 'positive_class'] (type: list)
[22:48:28.592] [INFO] data_items[0] type: <class 'dict'>
[22:48:28.592] [INFO] data_items[0] keys: ['id', 'display_name', 'trial_name', 'data_type', 'description', 'time_range']
[22:48:28.639] [ERROR] 运行分析时出错 异常: 'VisualizationArea' object has no attribute 'display_roc_curve'
[22:48:28.639] [ERROR] 异常堆栈:
[22:48:28.639] [ERROR]   Traceback (most recent call last):
[22:48:28.639] [ERROR]     File "c:\Users\buaal\Desktop\NeuroPrime\src\ui\main_window.py", line 1424, in _run_analysis_async
[22:48:28.639] [ERROR]       self._display_analysis_results(algorithm_name, output, data_items, parameters)
[22:48:28.639] [ERROR]     File "c:\Users\buaal\Desktop\NeuroPrime\src\ui\main_window.py", line 1729, in _display_analysis_results
[22:48:28.639] [ERROR]       self.visualization_area.display_roc_curve({
[22:48:28.639] [ERROR]   AttributeError: 'VisualizationArea' object has no attribute 'display_roc_curve'
[22:48:28.639] [ERROR]   
