[16:50:55.572] [INFO] ============================================================
[16:50:55.572] [INFO] NeuroPrime 调试日志
[16:50:55.573] [INFO] 启动时间: 2026-04-14 16:50:55
[16:50:55.573] [INFO] Python版本: 3.10.10 (tags/v3.10.10:aad5f6a, Feb  7 2023, 17:20:36) [MSC v.1929 64 bit (AMD64)]
[16:50:55.573] [INFO] 日志文件: c:\Users\buaal\Desktop\NeuroPrime\logs\debug_20260414_165055.log
[16:50:55.573] [INFO] ============================================================
[16:50:57.105] [INFO] [Scheduler] NEUROPRIME_ROOT = c:\Users\buaal\Desktop\NeuroPrime
[16:50:57.105] [INFO] [Scheduler] Looking for custom algorithms in: c:\Users\buaal\Desktop\NeuroPrime\custom_algorithms
[16:50:57.105] [INFO] [Scheduler] Current working directory: c:\Users\buaal\Desktop\NeuroPrime
[16:50:57.105] [INFO] [Scheduler] Script directory: c:\Users\buaal\Desktop\NeuroPrime\src\algorithms
[16:50:57.105] [INFO] [Scheduler] Custom algorithms directory exists: c:\Users\buaal\Desktop\NeuroPrime\custom_algorithms
[16:50:57.105] [INFO] [Scheduler] Found 2 Python files: ['view_raw_lfp_data.py', '__init__.py']
[16:50:57.105] [INFO] [Scheduler] Loading custom algorithm from: c:\Users\buaal\Desktop\NeuroPrime\custom_algorithms\view_raw_lfp_data.py
[16:50:57.115] [INFO] [Scheduler] Loaded custom algorithm from ALGORITHM_INFO: ViewRawLFPData
[16:50:57.115] [INFO] [Scheduler] Searching for algorithm classes in c:\Users\buaal\Desktop\NeuroPrime\custom_algorithms\view_raw_lfp_data.py...
[16:50:57.115] [INFO] [Scheduler] Loaded custom algorithm: ViewRawLFPData
[16:51:24.426] [INFO] add_data_item 被调用
[16:51:24.426] [DEBUG] data_item_type = <class 'dict'> (type: type)
[16:51:27.171] [INFO] ============================================================
[16:51:27.171] [INFO] _on_run_clicked 被调用
[16:51:27.171] [INFO] _get_selected_data_items 被调用
[16:51:27.171] [DEBUG] selected_data_items_len = 1 (type: int)
[16:51:27.171] [DEBUG] selected_data_items_0_type = <class 'dict'> (type: type)
[16:51:27.171] [INFO] 返回 1 个有效数据项
[16:51:27.171] [DEBUG] selected_data_type = <class 'list'> (type: type)
[16:51:27.171] [DEBUG] selected_data_len = 1 (type: int)
[16:51:27.171] [DEBUG] item_0_type = <class 'dict'> (type: type)
[16:51:27.171] [INFO] item[0] keys: ['id', 'display_name', 'trial_name', 'data_type', 'description', 'time_range']
[16:51:27.171] [DEBUG] parameters_keys = ['window_type', 'nfft', 'noverlap', 'freq_low', 'freq_high', 'average_method', 'smooth_sigma'] (type: list)
[16:51:27.171] [DEBUG] algorithm_name = LFPPowerSpectrum (type: str)
[16:51:27.171] [DEBUG] current_algorithm = LFPPowerSpectrum (type: str)
[16:51:27.171] [INFO] 发送请求: algorithm=LFPPowerSpectrum, data_items数量=1
[16:51:27.171] [INFO] ============================================================
[16:51:27.171] [INFO] _on_run_analysis 被调用
[16:51:27.171] [DEBUG] params_type = <class 'dict'> (type: type)
[16:51:27.171] [DEBUG] algorithm_name = LFPPowerSpectrum (type: str)
[16:51:27.171] [DEBUG] data_items_type = <class 'list'> (type: type)
[16:51:27.171] [DEBUG] data_items_len = 1 (type: int)
[16:51:27.171] [DEBUG] parameters_type = <class 'dict'> (type: type)
[16:51:27.171] [DEBUG] time_alignment_type = <class 'NoneType'> (type: type)
[16:51:27.171] [INFO] data_items[0] type: <class 'dict'>
[16:51:27.173] [INFO] data_items[0] keys: ['id', 'display_name', 'trial_name', 'data_type', 'description', 'time_range']
[16:51:27.173] [INFO] ============================================================
[16:51:27.173] [INFO] _run_analysis_async 被调用
[16:51:27.173] [DEBUG] algorithm_name = LFPPowerSpectrum (type: str)
[16:51:27.173] [DEBUG] data_items_type = <class 'list'> (type: type)
[16:51:27.173] [DEBUG] data_items_len = 1 (type: int)
[16:51:27.173] [DEBUG] parameters_keys = ['window_type', 'nfft', 'noverlap', 'freq_low', 'freq_high', 'average_method', 'smooth_sigma'] (type: list)
[16:51:27.173] [INFO] data_items[0] type: <class 'dict'>
[16:51:27.173] [INFO] data_items[0] keys: ['id', 'display_name', 'trial_name', 'data_type', 'description', 'time_range']
[16:51:41.066] [INFO] add_data_item 被调用
[16:51:41.066] [DEBUG] data_item_type = <class 'dict'> (type: type)
[16:51:43.226] [INFO] _get_selected_data_items 被调用
[16:51:43.226] [DEBUG] selected_data_items_len = 2 (type: int)
[16:51:43.226] [DEBUG] selected_data_items_0_type = <class 'dict'> (type: type)
[16:51:43.226] [DEBUG] selected_data_items_1_type = <class 'dict'> (type: type)
[16:51:43.226] [INFO] 返回 2 个有效数据项
[16:51:52.294] [INFO] ============================================================
[16:51:52.294] [INFO] _on_run_clicked 被调用
[16:51:52.294] [INFO] _get_selected_data_items 被调用
[16:51:52.294] [DEBUG] selected_data_items_len = 2 (type: int)
[16:51:52.294] [DEBUG] selected_data_items_0_type = <class 'dict'> (type: type)
[16:51:52.294] [DEBUG] selected_data_items_1_type = <class 'dict'> (type: type)
[16:51:52.294] [INFO] 返回 2 个有效数据项
[16:51:52.294] [DEBUG] selected_data_type = <class 'list'> (type: type)
[16:51:52.294] [DEBUG] selected_data_len = 2 (type: int)
[16:51:52.294] [DEBUG] item_0_type = <class 'dict'> (type: type)
[16:51:52.294] [INFO] item[0] keys: ['id', 'display_name', 'trial_name', 'data_type', 'description', 'time_range']
[16:51:52.294] [DEBUG] item_1_type = <class 'dict'> (type: type)
[16:51:52.294] [INFO] item[1] keys: ['id', 'display_name', 'trial_name', 'data_type', 'description', 'time_range']
[16:51:52.294] [DEBUG] parameters_keys = ['window_type', 'nfft', 'noverlap', 'freq_low', 'freq_high', 'average_method', 'smooth_sigma'] (type: list)
[16:51:52.294] [DEBUG] algorithm_name = LFPPowerSpectrum (type: str)
[16:51:52.294] [DEBUG] current_algorithm = LFPPowerSpectrum (type: str)
[16:51:52.294] [INFO] 时间对齐配置: {'global_start': 0.0, 'global_duration': 83.996, 'sync_mode': 'global', 'data_configs': {'FC_Grating_014_LFP': {'original_range': (0.0, 84.812), 'start_time': 0.0, 'duration': 83.996}, 'FC_Grating_015_LFP': {'original_range': (0.0, 83.996), 'start_time': 0.0, 'duration': 83.996}}}
[16:51:52.294] [INFO] 发送请求: algorithm=LFPPowerSpectrum, data_items数量=2
[16:51:52.294] [INFO] ============================================================
[16:51:52.294] [INFO] _on_run_analysis 被调用
[16:51:52.294] [DEBUG] params_type = <class 'dict'> (type: type)
[16:51:52.294] [DEBUG] algorithm_name = LFPPowerSpectrum (type: str)
[16:51:52.294] [DEBUG] data_items_type = <class 'list'> (type: type)
[16:51:52.294] [DEBUG] data_items_len = 2 (type: int)
[16:51:52.294] [DEBUG] parameters_type = <class 'dict'> (type: type)
[16:51:52.294] [DEBUG] time_alignment_type = <class 'dict'> (type: type)
[16:51:52.294] [INFO] data_items[0] type: <class 'dict'>
[16:51:52.294] [INFO] data_items[0] keys: ['id', 'display_name', 'trial_name', 'data_type', 'description', 'time_range']
[16:51:52.294] [INFO] ============================================================
[16:51:52.294] [INFO] _run_analysis_async 被调用
[16:51:52.294] [DEBUG] algorithm_name = LFPPowerSpectrum (type: str)
[16:51:52.294] [DEBUG] data_items_type = <class 'list'> (type: type)
[16:51:52.294] [DEBUG] data_items_len = 2 (type: int)
[16:51:52.294] [DEBUG] parameters_keys = ['window_type', 'nfft', 'noverlap', 'freq_low', 'freq_high', 'average_method', 'smooth_sigma', 'time_alignment'] (type: list)
[16:51:52.294] [INFO] data_items[0] type: <class 'dict'>
[16:51:52.294] [INFO] data_items[0] keys: ['id', 'display_name', 'trial_name', 'data_type', 'description', 'time_range']
[16:52:14.882] [INFO] ============================================================
[16:52:14.882] [INFO] _on_run_clicked 被调用
[16:52:14.883] [INFO] _get_selected_data_items 被调用
[16:52:14.883] [DEBUG] selected_data_items_len = 1 (type: int)
[16:52:14.883] [DEBUG] selected_data_items_0_type = <class 'dict'> (type: type)
[16:52:14.883] [INFO] 返回 1 个有效数据项
[16:52:14.883] [DEBUG] selected_data_type = <class 'list'> (type: type)
[16:52:14.883] [DEBUG] selected_data_len = 1 (type: int)
[16:52:14.883] [DEBUG] item_0_type = <class 'dict'> (type: type)
[16:52:14.883] [INFO] item[0] keys: ['id', 'display_name', 'trial_name', 'data_type', 'description', 'time_range']
[16:52:14.883] [DEBUG] parameters_keys = ['window_type', 'nperseg', 'noverlap', 'nfft', 'freq_low', 'freq_high', 'channel_idx'] (type: list)
[16:52:14.883] [DEBUG] algorithm_name = LFPSpectrogram (type: str)
[16:52:14.883] [DEBUG] current_algorithm = LFPSpectrogram (type: str)
[16:52:14.883] [INFO] 时间对齐配置: {'global_start': 0.0, 'global_duration': 83.996, 'sync_mode': 'global', 'data_configs': {'FC_Grating_014_LFP': {'original_range': (0.0, 84.812), 'start_time': 0.0, 'duration': 83.996}, 'FC_Grating_015_LFP': {'original_range': (0.0, 83.996), 'start_time': 0.0, 'duration': 83.996}}}
[16:52:14.883] [INFO] 发送请求: algorithm=LFPSpectrogram, data_items数量=1
[16:52:14.883] [INFO] ============================================================
[16:52:14.883] [INFO] _on_run_analysis 被调用
[16:52:14.883] [DEBUG] params_type = <class 'dict'> (type: type)
[16:52:14.883] [DEBUG] algorithm_name = LFPSpectrogram (type: str)
[16:52:14.883] [DEBUG] data_items_type = <class 'list'> (type: type)
[16:52:14.883] [DEBUG] data_items_len = 1 (type: int)
[16:52:14.883] [DEBUG] parameters_type = <class 'dict'> (type: type)
[16:52:14.883] [DEBUG] time_alignment_type = <class 'dict'> (type: type)
[16:52:14.883] [INFO] data_items[0] type: <class 'dict'>
[16:52:14.883] [INFO] data_items[0] keys: ['id', 'display_name', 'trial_name', 'data_type', 'description', 'time_range']
[16:52:14.883] [INFO] ============================================================
[16:52:14.883] [INFO] _run_analysis_async 被调用
[16:52:14.883] [DEBUG] algorithm_name = LFPSpectrogram (type: str)
[16:52:14.883] [DEBUG] data_items_type = <class 'list'> (type: type)
[16:52:14.883] [DEBUG] data_items_len = 1 (type: int)
[16:52:14.883] [DEBUG] parameters_keys = ['window_type', 'nperseg', 'noverlap', 'nfft', 'freq_low', 'freq_high', 'channel_idx', 'time_alignment'] (type: list)
[16:52:14.883] [INFO] data_items[0] type: <class 'dict'>
[16:52:14.883] [INFO] data_items[0] keys: ['id', 'display_name', 'trial_name', 'data_type', 'description', 'time_range']
[16:52:31.675] [INFO] ============================================================
[16:52:31.675] [INFO] _on_run_clicked 被调用
[16:52:31.675] [INFO] _get_selected_data_items 被调用
[16:52:31.675] [DEBUG] selected_data_items_len = 1 (type: int)
[16:52:31.675] [DEBUG] selected_data_items_0_type = <class 'dict'> (type: type)
[16:52:31.675] [INFO] 返回 1 个有效数据项
[16:52:31.675] [DEBUG] selected_data_type = <class 'list'> (type: type)
[16:52:31.675] [DEBUG] selected_data_len = 1 (type: int)
[16:52:31.675] [DEBUG] item_0_type = <class 'dict'> (type: type)
[16:52:31.675] [INFO] item[0] keys: ['id', 'display_name', 'trial_name', 'data_type', 'description', 'time_range']
[16:52:31.675] [DEBUG] parameters_keys = ['window_type', 'nperseg', 'noverlap', 'nfft', 'freq_low', 'freq_high', 'channel_idx'] (type: list)
[16:52:31.675] [DEBUG] algorithm_name = LFPSpectrogram (type: str)
[16:52:31.675] [DEBUG] current_algorithm = LFPSpectrogram (type: str)
[16:52:31.675] [INFO] 时间对齐配置: {'global_start': 0.0, 'global_duration': 83.996, 'sync_mode': 'global', 'data_configs': {'FC_Grating_014_LFP': {'original_range': (0.0, 84.812), 'start_time': 0.0, 'duration': 83.996}, 'FC_Grating_015_LFP': {'original_range': (0.0, 83.996), 'start_time': 0.0, 'duration': 83.996}}}
[16:52:31.675] [INFO] 发送请求: algorithm=LFPSpectrogram, data_items数量=1
[16:52:31.675] [INFO] ============================================================
[16:52:31.675] [INFO] _on_run_analysis 被调用
[16:52:31.675] [DEBUG] params_type = <class 'dict'> (type: type)
[16:52:31.675] [DEBUG] algorithm_name = LFPSpectrogram (type: str)
[16:52:31.675] [DEBUG] data_items_type = <class 'list'> (type: type)
[16:52:31.675] [DEBUG] data_items_len = 1 (type: int)
[16:52:31.675] [DEBUG] parameters_type = <class 'dict'> (type: type)
[16:52:31.675] [DEBUG] time_alignment_type = <class 'dict'> (type: type)
[16:52:31.675] [INFO] data_items[0] type: <class 'dict'>
[16:52:31.675] [INFO] data_items[0] keys: ['id', 'display_name', 'trial_name', 'data_type', 'description', 'time_range']
[16:52:31.675] [INFO] ============================================================
[16:52:31.675] [INFO] _run_analysis_async 被调用
[16:52:31.675] [DEBUG] algorithm_name = LFPSpectrogram (type: str)
[16:52:31.675] [DEBUG] data_items_type = <class 'list'> (type: type)
[16:52:31.675] [DEBUG] data_items_len = 1 (type: int)
[16:52:31.675] [DEBUG] parameters_keys = ['window_type', 'nperseg', 'noverlap', 'nfft', 'freq_low', 'freq_high', 'channel_idx', 'time_alignment'] (type: list)
[16:52:31.675] [INFO] data_items[0] type: <class 'dict'>
[16:52:31.675] [INFO] data_items[0] keys: ['id', 'display_name', 'trial_name', 'data_type', 'description', 'time_range']
[16:52:42.666] [INFO] ============================================================
[16:52:42.666] [INFO] _on_run_clicked 被调用
[16:52:42.666] [INFO] _get_selected_data_items 被调用
[16:52:42.666] [DEBUG] selected_data_items_len = 1 (type: int)
[16:52:42.666] [DEBUG] selected_data_items_0_type = <class 'dict'> (type: type)
[16:52:42.666] [INFO] 返回 1 个有效数据项
[16:52:42.666] [DEBUG] selected_data_type = <class 'list'> (type: type)
[16:52:42.666] [DEBUG] selected_data_len = 1 (type: int)
[16:52:42.666] [DEBUG] item_0_type = <class 'dict'> (type: type)
[16:52:42.666] [INFO] item[0] keys: ['id', 'display_name', 'trial_name', 'data_type', 'description', 'time_range']
[16:52:42.666] [DEBUG] parameters_keys = ['window_type', 'nperseg', 'noverlap', 'nfft', 'freq_low', 'freq_high', 'channel_idx'] (type: list)
[16:52:42.666] [DEBUG] algorithm_name = LFPSpectrogram (type: str)
[16:52:42.666] [DEBUG] current_algorithm = LFPSpectrogram (type: str)
[16:52:42.666] [INFO] 时间对齐配置: {'global_start': 0.0, 'global_duration': 83.996, 'sync_mode': 'global', 'data_configs': {'FC_Grating_014_LFP': {'original_range': (0.0, 84.812), 'start_time': 0.0, 'duration': 83.996}, 'FC_Grating_015_LFP': {'original_range': (0.0, 83.996), 'start_time': 0.0, 'duration': 83.996}}}
[16:52:42.666] [INFO] 发送请求: algorithm=LFPSpectrogram, data_items数量=1
[16:52:42.666] [INFO] ============================================================
[16:52:42.666] [INFO] _on_run_analysis 被调用
[16:52:42.666] [DEBUG] params_type = <class 'dict'> (type: type)
[16:52:42.666] [DEBUG] algorithm_name = LFPSpectrogram (type: str)
[16:52:42.666] [DEBUG] data_items_type = <class 'list'> (type: type)
[16:52:42.666] [DEBUG] data_items_len = 1 (type: int)
[16:52:42.666] [DEBUG] parameters_type = <class 'dict'> (type: type)
[16:52:42.666] [DEBUG] time_alignment_type = <class 'dict'> (type: type)
[16:52:42.666] [INFO] data_items[0] type: <class 'dict'>
[16:52:42.666] [INFO] data_items[0] keys: ['id', 'display_name', 'trial_name', 'data_type', 'description', 'time_range']
[16:52:42.666] [INFO] ============================================================
[16:52:42.666] [INFO] _run_analysis_async 被调用
[16:52:42.666] [DEBUG] algorithm_name = LFPSpectrogram (type: str)
[16:52:42.666] [DEBUG] data_items_type = <class 'list'> (type: type)
[16:52:42.666] [DEBUG] data_items_len = 1 (type: int)
[16:52:42.666] [DEBUG] parameters_keys = ['window_type', 'nperseg', 'noverlap', 'nfft', 'freq_low', 'freq_high', 'channel_idx', 'time_alignment'] (type: list)
[16:52:42.666] [INFO] data_items[0] type: <class 'dict'>
[16:52:42.666] [INFO] data_items[0] keys: ['id', 'display_name', 'trial_name', 'data_type', 'description', 'time_range']
[16:52:57.599] [INFO] add_data_item 被调用
[16:52:57.599] [DEBUG] data_item_type = <class 'dict'> (type: type)
[16:52:58.874] [INFO] add_data_item 被调用
[16:52:58.876] [DEBUG] data_item_type = <class 'dict'> (type: type)
[16:53:01.013] [INFO] ============================================================
[16:53:01.013] [INFO] _on_run_clicked 被调用
[16:53:01.013] [INFO] _get_selected_data_items 被调用
[16:53:01.013] [DEBUG] selected_data_items_len = 2 (type: int)
[16:53:01.013] [DEBUG] selected_data_items_0_type = <class 'dict'> (type: type)
[16:53:01.013] [DEBUG] selected_data_items_1_type = <class 'dict'> (type: type)
[16:53:01.013] [INFO] 返回 2 个有效数据项
[16:53:01.013] [DEBUG] selected_data_type = <class 'list'> (type: type)
[16:53:01.013] [DEBUG] selected_data_len = 2 (type: int)
[16:53:01.014] [DEBUG] item_0_type = <class 'dict'> (type: type)
[16:53:01.014] [INFO] item[0] keys: ['id', 'display_name', 'trial_name', 'data_type', 'description', 'time_range']
[16:53:01.014] [DEBUG] item_1_type = <class 'dict'> (type: type)
[16:53:01.014] [INFO] item[1] keys: ['id', 'display_name', 'trial_name', 'data_type', 'description', 'time_range']
[16:53:01.014] [DEBUG] parameters_keys = ['pre_time', 'post_time', 'bin_size', 'smoothing_sigma', 'event_type'] (type: list)
[16:53:01.014] [DEBUG] algorithm_name = PSTHAnalysis (type: str)
[16:53:01.014] [DEBUG] current_algorithm = PSTHAnalysis (type: str)
[16:53:01.014] [INFO] 时间对齐配置: {'global_start': 0.0, 'global_duration': 83.996, 'sync_mode': 'global', 'data_configs': {'FC_Grating_014_LFP': {'original_range': (0.0, 84.812), 'start_time': 0.0, 'duration': 83.996}, 'FC_Grating_015_LFP': {'original_range': (0.0, 83.996), 'start_time': 0.0, 'duration': 83.996}}}
[16:53:01.014] [INFO] 发送请求: algorithm=PSTHAnalysis, data_items数量=2
[16:53:01.014] [INFO] ============================================================
[16:53:01.014] [INFO] _on_run_analysis 被调用
[16:53:01.014] [DEBUG] params_type = <class 'dict'> (type: type)
[16:53:01.014] [DEBUG] algorithm_name = PSTHAnalysis (type: str)
[16:53:01.014] [DEBUG] data_items_type = <class 'list'> (type: type)
[16:53:01.014] [DEBUG] data_items_len = 2 (type: int)
[16:53:01.014] [DEBUG] parameters_type = <class 'dict'> (type: type)
[16:53:01.014] [DEBUG] time_alignment_type = <class 'dict'> (type: type)
[16:53:01.014] [INFO] data_items[0] type: <class 'dict'>
[16:53:01.014] [INFO] data_items[0] keys: ['id', 'display_name', 'trial_name', 'data_type', 'description', 'time_range']
[16:53:01.014] [INFO] ============================================================
[16:53:01.014] [INFO] _run_analysis_async 被调用
[16:53:01.014] [DEBUG] algorithm_name = PSTHAnalysis (type: str)
[16:53:01.014] [DEBUG] data_items_type = <class 'list'> (type: type)
[16:53:01.014] [DEBUG] data_items_len = 2 (type: int)
[16:53:01.014] [DEBUG] parameters_keys = ['pre_time', 'post_time', 'bin_size', 'smoothing_sigma', 'event_type', 'time_alignment'] (type: list)
[16:53:01.014] [INFO] data_items[0] type: <class 'dict'>
[16:53:01.014] [INFO] data_items[0] keys: ['id', 'display_name', 'trial_name', 'data_type', 'description', 'time_range']
[16:53:06.849] [INFO] add_data_item 被调用
[16:53:06.854] [DEBUG] data_item_type = <class 'dict'> (type: type)
[16:53:08.054] [INFO] add_data_item 被调用
[16:53:08.054] [DEBUG] data_item_type = <class 'dict'> (type: type)
[16:53:09.874] [INFO] ============================================================
[16:53:09.874] [INFO] _on_run_clicked 被调用
[16:53:09.874] [INFO] _get_selected_data_items 被调用
[16:53:09.874] [DEBUG] selected_data_items_len = 4 (type: int)
[16:53:09.874] [DEBUG] selected_data_items_0_type = <class 'dict'> (type: type)
[16:53:09.874] [DEBUG] selected_data_items_1_type = <class 'dict'> (type: type)
[16:53:09.874] [DEBUG] selected_data_items_2_type = <class 'dict'> (type: type)
[16:53:09.874] [DEBUG] selected_data_items_3_type = <class 'dict'> (type: type)
[16:53:09.874] [INFO] 返回 4 个有效数据项
[16:53:09.874] [DEBUG] selected_data_type = <class 'list'> (type: type)
[16:53:09.874] [DEBUG] selected_data_len = 4 (type: int)
[16:53:09.874] [DEBUG] item_0_type = <class 'dict'> (type: type)
[16:53:09.876] [INFO] item[0] keys: ['id', 'display_name', 'trial_name', 'data_type', 'description', 'time_range']
[16:53:09.876] [DEBUG] item_1_type = <class 'dict'> (type: type)
[16:53:09.876] [INFO] item[1] keys: ['id', 'display_name', 'trial_name', 'data_type', 'description', 'time_range']
[16:53:09.876] [DEBUG] item_2_type = <class 'dict'> (type: type)
[16:53:09.876] [INFO] item[2] keys: ['id', 'display_name', 'trial_name', 'data_type', 'description', 'time_range']
[16:53:09.876] [DEBUG] item_3_type = <class 'dict'> (type: type)
[16:53:09.876] [INFO] item[3] keys: ['id', 'display_name', 'trial_name', 'data_type', 'description', 'time_range']
[16:53:09.876] [DEBUG] parameters_keys = ['pre_time', 'post_time', 'bin_size', 'smoothing_sigma', 'event_type'] (type: list)
[16:53:09.876] [DEBUG] algorithm_name = PSTHAnalysis (type: str)
[16:53:09.876] [DEBUG] current_algorithm = PSTHAnalysis (type: str)
[16:53:09.876] [INFO] 时间对齐配置: {'global_start': 0.0, 'global_duration': 83.996, 'sync_mode': 'global', 'data_configs': {'FC_Grating_014_LFP': {'original_range': (0.0, 84.812), 'start_time': 0.0, 'duration': 83.996}, 'FC_Grating_015_LFP': {'original_range': (0.0, 83.996), 'start_time': 0.0, 'duration': 83.996}}}
[16:53:09.876] [INFO] 发送请求: algorithm=PSTHAnalysis, data_items数量=4
[16:53:09.876] [INFO] ============================================================
[16:53:09.876] [INFO] _on_run_analysis 被调用
[16:53:09.876] [DEBUG] params_type = <class 'dict'> (type: type)
[16:53:09.876] [DEBUG] algorithm_name = PSTHAnalysis (type: str)
[16:53:09.876] [DEBUG] data_items_type = <class 'list'> (type: type)
[16:53:09.876] [DEBUG] data_items_len = 4 (type: int)
[16:53:09.876] [DEBUG] parameters_type = <class 'dict'> (type: type)
[16:53:09.876] [DEBUG] time_alignment_type = <class 'dict'> (type: type)
[16:53:09.876] [INFO] data_items[0] type: <class 'dict'>
[16:53:09.876] [INFO] data_items[0] keys: ['id', 'display_name', 'trial_name', 'data_type', 'description', 'time_range']
[16:53:09.876] [INFO] ============================================================
[16:53:09.876] [INFO] _run_analysis_async 被调用
[16:53:09.876] [DEBUG] algorithm_name = PSTHAnalysis (type: str)
[16:53:09.876] [DEBUG] data_items_type = <class 'list'> (type: type)
[16:53:09.876] [DEBUG] data_items_len = 4 (type: int)
[16:53:09.876] [DEBUG] parameters_keys = ['pre_time', 'post_time', 'bin_size', 'smoothing_sigma', 'event_type', 'time_alignment'] (type: list)
[16:53:09.876] [INFO] data_items[0] type: <class 'dict'>
[16:53:09.876] [INFO] data_items[0] keys: ['id', 'display_name', 'trial_name', 'data_type', 'description', 'time_range']
[16:53:20.241] [INFO] ============================================================
[16:53:20.241] [INFO] _on_run_clicked 被调用
[16:53:20.241] [INFO] _get_selected_data_items 被调用
[16:53:20.241] [DEBUG] selected_data_items_len = 4 (type: int)
[16:53:20.241] [DEBUG] selected_data_items_0_type = <class 'dict'> (type: type)
[16:53:20.241] [DEBUG] selected_data_items_1_type = <class 'dict'> (type: type)
[16:53:20.241] [DEBUG] selected_data_items_2_type = <class 'dict'> (type: type)
[16:53:20.241] [DEBUG] selected_data_items_3_type = <class 'dict'> (type: type)
[16:53:20.241] [INFO] 返回 4 个有效数据项
[16:53:20.241] [DEBUG] selected_data_type = <class 'list'> (type: type)
[16:53:20.241] [DEBUG] selected_data_len = 4 (type: int)
[16:53:20.241] [DEBUG] item_0_type = <class 'dict'> (type: type)
[16:53:20.241] [INFO] item[0] keys: ['id', 'display_name', 'trial_name', 'data_type', 'description', 'time_range']
[16:53:20.241] [DEBUG] item_1_type = <class 'dict'> (type: type)
[16:53:20.241] [INFO] item[1] keys: ['id', 'display_name', 'trial_name', 'data_type', 'description', 'time_range']
[16:53:20.241] [DEBUG] item_2_type = <class 'dict'> (type: type)
[16:53:20.241] [INFO] item[2] keys: ['id', 'display_name', 'trial_name', 'data_type', 'description', 'time_range']
[16:53:20.241] [DEBUG] item_3_type = <class 'dict'> (type: type)
[16:53:20.241] [INFO] item[3] keys: ['id', 'display_name', 'trial_name', 'data_type', 'description', 'time_range']
[16:53:20.241] [DEBUG] parameters_keys = ['pre_time', 'post_time', 'positive_class'] (type: list)
[16:53:20.241] [DEBUG] algorithm_name = ROCAnalysis (type: str)
[16:53:20.241] [DEBUG] current_algorithm = ROCAnalysis (type: str)
[16:53:20.241] [INFO] 时间对齐配置: {'global_start': 0.0, 'global_duration': 83.996, 'sync_mode': 'global', 'data_configs': {'FC_Grating_014_LFP': {'original_range': (0.0, 84.812), 'start_time': 0.0, 'duration': 83.996}, 'FC_Grating_015_LFP': {'original_range': (0.0, 83.996), 'start_time': 0.0, 'duration': 83.996}}}
[16:53:20.241] [INFO] 发送请求: algorithm=ROCAnalysis, data_items数量=4
[16:53:20.241] [INFO] ============================================================
[16:53:20.241] [INFO] _on_run_analysis 被调用
[16:53:20.241] [DEBUG] params_type = <class 'dict'> (type: type)
[16:53:20.241] [DEBUG] algorithm_name = ROCAnalysis (type: str)
[16:53:20.241] [DEBUG] data_items_type = <class 'list'> (type: type)
[16:53:20.241] [DEBUG] data_items_len = 4 (type: int)
[16:53:20.241] [DEBUG] parameters_type = <class 'dict'> (type: type)
[16:53:20.241] [DEBUG] time_alignment_type = <class 'dict'> (type: type)
[16:53:20.241] [INFO] data_items[0] type: <class 'dict'>
[16:53:20.241] [INFO] data_items[0] keys: ['id', 'display_name', 'trial_name', 'data_type', 'description', 'time_range']
[16:53:20.241] [INFO] ============================================================
[16:53:20.241] [INFO] _run_analysis_async 被调用
[16:53:20.241] [DEBUG] algorithm_name = ROCAnalysis (type: str)
[16:53:20.241] [DEBUG] data_items_type = <class 'list'> (type: type)
[16:53:20.241] [DEBUG] data_items_len = 4 (type: int)
[16:53:20.241] [DEBUG] parameters_keys = ['pre_time', 'post_time', 'positive_class', 'time_alignment'] (type: list)
[16:53:20.241] [INFO] data_items[0] type: <class 'dict'>
[16:53:20.241] [INFO] data_items[0] keys: ['id', 'display_name', 'trial_name', 'data_type', 'description', 'time_range']
