[21:01:15.700] [INFO] ============================================================
[21:01:15.700] [INFO] NeuroPrime 调试日志
[21:01:15.700] [INFO] 启动时间: 2026-04-21 21:01:15
[21:01:15.700] [INFO] Python版本: 3.10.10 (tags/v3.10.10:aad5f6a, Feb  7 2023, 17:20:36) [MSC v.1929 64 bit (AMD64)]
[21:01:15.700] [INFO] 日志文件: c:\Users\buaal\Desktop\NeuroPrime\logs\debug_20260421_210115.log
[21:01:15.700] [INFO] ============================================================
[21:01:17.476] [INFO] [Scheduler] Removed pycache directory: c:\Users\buaal\Desktop\NeuroPrime\custom_algorithms\__pycache__
[21:01:17.477] [INFO] [Scheduler] NEUROPRIME_ROOT = c:\Users\buaal\Desktop\NeuroPrime
[21:01:17.477] [INFO] [Scheduler] Looking for custom algorithms in: c:\Users\buaal\Desktop\NeuroPrime\custom_algorithms
[21:01:17.477] [INFO] [Scheduler] Current working directory: c:\Users\buaal\Desktop\NeuroPrime
[21:01:17.477] [INFO] [Scheduler] Script directory: c:\Users\buaal\Desktop\NeuroPrime\src\algorithms
[21:01:17.477] [INFO] [Scheduler] Custom algorithms directory exists: c:\Users\buaal\Desktop\NeuroPrime\custom_algorithms
[21:01:17.478] [INFO] [Scheduler] Found 21 Python files: ['customalgorithm.py', 'customalgorithmnew.py', 'mnealgorithm.py', 'mnebadchanneldetectionalgorithm.py', 'mnebeamformingalgorithm.py', 'mnedipolefittingalgorithm.py', 'mneeffectiveconnectivityalgorithm.py', 'mneerpalgorithm.py', 'mnefilteringalgorithm.py', 'mnefunctionalconnectivityalgorithm.py', 'mneicaalgorithm.py', 'mneicaartifactremovalalgorithm.py', 'mnepowerspectrumalgorithm.py', 'mneresamplingalgorithm.py', 'mnesourcelocalizationalgorithm.py', 'mnespectralconnectivityalgorithm.py', 'mnetimefrequencyalgorithm.py', 'testscriptalgorithm.py', 'viewlfpdata.py', 'view_raw_lfp_data.py', '__init__.py']
[21:01:17.478] [INFO] [Scheduler] Loading custom algorithm from: c:\Users\buaal\Desktop\NeuroPrime\custom_algorithms\customalgorithm.py
[21:01:17.876] [INFO] [Scheduler] Loaded custom algorithm from ALGORITHM_INFO: CustomAlgorithm
[21:01:17.876] [ERROR] [Scheduler] Error loading custom algorithm from c:\Users\buaal\Desktop\NeuroPrime\custom_algorithms\customalgorithm.py: local variable 'found' referenced before assignment
[21:01:17.876] [ERROR] [Scheduler] Traceback: Traceback (most recent call last):
  File "c:\Users\buaal\Desktop\NeuroPrime\src\algorithms\scheduler.py", line 255, in _load_custom_algorithms
    if not found:
UnboundLocalError: local variable 'found' referenced before assignment

[21:01:17.876] [INFO] [Scheduler] Loading custom algorithm from: c:\Users\buaal\Desktop\NeuroPrime\custom_algorithms\customalgorithmnew.py
[21:01:17.879] [INFO] [Scheduler] Loaded custom algorithm from ALGORITHM_INFO: CustomAlgorithmNew
[21:01:17.879] [ERROR] [Scheduler] Error loading custom algorithm from c:\Users\buaal\Desktop\NeuroPrime\custom_algorithms\customalgorithmnew.py: local variable 'found' referenced before assignment
[21:01:17.879] [ERROR] [Scheduler] Traceback: Traceback (most recent call last):
  File "c:\Users\buaal\Desktop\NeuroPrime\src\algorithms\scheduler.py", line 255, in _load_custom_algorithms
    if not found:
UnboundLocalError: local variable 'found' referenced before assignment

[21:01:17.879] [INFO] [Scheduler] Loading custom algorithm from: c:\Users\buaal\Desktop\NeuroPrime\custom_algorithms\mnealgorithm.py
[21:01:17.913] [INFO] [Scheduler] Loaded custom algorithm from ALGORITHM_INFO: MNEAlgorithm
[21:01:17.913] [ERROR] [Scheduler] Error loading custom algorithm from c:\Users\buaal\Desktop\NeuroPrime\custom_algorithms\mnealgorithm.py: local variable 'found' referenced before assignment
[21:01:17.913] [ERROR] [Scheduler] Traceback: Traceback (most recent call last):
  File "c:\Users\buaal\Desktop\NeuroPrime\src\algorithms\scheduler.py", line 255, in _load_custom_algorithms
    if not found:
UnboundLocalError: local variable 'found' referenced before assignment

[21:01:17.913] [INFO] [Scheduler] Loading custom algorithm from: c:\Users\buaal\Desktop\NeuroPrime\custom_algorithms\mnebadchanneldetectionalgorithm.py
[21:01:17.915] [INFO] [Scheduler] Loaded custom algorithm from ALGORITHM_INFO: MNEBadChannelDetectionAlgorithm
[21:01:17.915] [ERROR] [Scheduler] Error loading custom algorithm from c:\Users\buaal\Desktop\NeuroPrime\custom_algorithms\mnebadchanneldetectionalgorithm.py: local variable 'found' referenced before assignment
[21:01:17.916] [ERROR] [Scheduler] Traceback: Traceback (most recent call last):
  File "c:\Users\buaal\Desktop\NeuroPrime\src\algorithms\scheduler.py", line 255, in _load_custom_algorithms
    if not found:
UnboundLocalError: local variable 'found' referenced before assignment

[21:01:17.916] [INFO] [Scheduler] Loading custom algorithm from: c:\Users\buaal\Desktop\NeuroPrime\custom_algorithms\mnebeamformingalgorithm.py
[21:01:17.919] [INFO] [Scheduler] Loaded custom algorithm from ALGORITHM_INFO: MNEBeamformingAlgorithm
[21:01:17.919] [ERROR] [Scheduler] Error loading custom algorithm from c:\Users\buaal\Desktop\NeuroPrime\custom_algorithms\mnebeamformingalgorithm.py: local variable 'found' referenced before assignment
[21:01:17.919] [ERROR] [Scheduler] Traceback: Traceback (most recent call last):
  File "c:\Users\buaal\Desktop\NeuroPrime\src\algorithms\scheduler.py", line 255, in _load_custom_algorithms
    if not found:
UnboundLocalError: local variable 'found' referenced before assignment

[21:01:17.919] [INFO] [Scheduler] Loading custom algorithm from: c:\Users\buaal\Desktop\NeuroPrime\custom_algorithms\mnedipolefittingalgorithm.py
[21:01:17.923] [INFO] [Scheduler] Loaded custom algorithm from ALGORITHM_INFO: MNEDipoleFittingAlgorithm
[21:01:17.923] [ERROR] [Scheduler] Error loading custom algorithm from c:\Users\buaal\Desktop\NeuroPrime\custom_algorithms\mnedipolefittingalgorithm.py: local variable 'found' referenced before assignment
[21:01:17.924] [ERROR] [Scheduler] Traceback: Traceback (most recent call last):
  File "c:\Users\buaal\Desktop\NeuroPrime\src\algorithms\scheduler.py", line 255, in _load_custom_algorithms
    if not found:
UnboundLocalError: local variable 'found' referenced before assignment

[21:01:17.924] [INFO] [Scheduler] Loading custom algorithm from: c:\Users\buaal\Desktop\NeuroPrime\custom_algorithms\mneeffectiveconnectivityalgorithm.py
[21:01:17.927] [INFO] [Scheduler] Loaded custom algorithm from ALGORITHM_INFO: MNEEffectiveConnectivityAlgorithm
[21:01:17.927] [ERROR] [Scheduler] Error loading custom algorithm from c:\Users\buaal\Desktop\NeuroPrime\custom_algorithms\mneeffectiveconnectivityalgorithm.py: local variable 'found' referenced before assignment
[21:01:17.927] [ERROR] [Scheduler] Traceback: Traceback (most recent call last):
  File "c:\Users\buaal\Desktop\NeuroPrime\src\algorithms\scheduler.py", line 255, in _load_custom_algorithms
    if not found:
UnboundLocalError: local variable 'found' referenced before assignment

[21:01:17.927] [INFO] [Scheduler] Loading custom algorithm from: c:\Users\buaal\Desktop\NeuroPrime\custom_algorithms\mneerpalgorithm.py
[21:01:17.929] [INFO] [Scheduler] Loaded custom algorithm from ALGORITHM_INFO: MNEERPAlgorithm
[21:01:17.929] [ERROR] [Scheduler] Error loading custom algorithm from c:\Users\buaal\Desktop\NeuroPrime\custom_algorithms\mneerpalgorithm.py: local variable 'found' referenced before assignment
[21:01:17.929] [ERROR] [Scheduler] Traceback: Traceback (most recent call last):
  File "c:\Users\buaal\Desktop\NeuroPrime\src\algorithms\scheduler.py", line 255, in _load_custom_algorithms
    if not found:
UnboundLocalError: local variable 'found' referenced before assignment

[21:01:17.929] [INFO] [Scheduler] Loading custom algorithm from: c:\Users\buaal\Desktop\NeuroPrime\custom_algorithms\mnefilteringalgorithm.py
[21:01:17.931] [INFO] [Scheduler] Loaded custom algorithm from ALGORITHM_INFO: MNEFilteringAlgorithm
[21:01:17.931] [ERROR] [Scheduler] Error loading custom algorithm from c:\Users\buaal\Desktop\NeuroPrime\custom_algorithms\mnefilteringalgorithm.py: local variable 'found' referenced before assignment
[21:01:17.931] [ERROR] [Scheduler] Traceback: Traceback (most recent call last):
  File "c:\Users\buaal\Desktop\NeuroPrime\src\algorithms\scheduler.py", line 255, in _load_custom_algorithms
    if not found:
UnboundLocalError: local variable 'found' referenced before assignment

[21:01:17.932] [INFO] [Scheduler] Loading custom algorithm from: c:\Users\buaal\Desktop\NeuroPrime\custom_algorithms\mnefunctionalconnectivityalgorithm.py
[21:01:17.933] [INFO] [Scheduler] Loaded custom algorithm from ALGORITHM_INFO: MNEFunctionalConnectivityAlgorithm
[21:01:17.933] [ERROR] [Scheduler] Error loading custom algorithm from c:\Users\buaal\Desktop\NeuroPrime\custom_algorithms\mnefunctionalconnectivityalgorithm.py: local variable 'found' referenced before assignment
[21:01:17.933] [ERROR] [Scheduler] Traceback: Traceback (most recent call last):
  File "c:\Users\buaal\Desktop\NeuroPrime\src\algorithms\scheduler.py", line 255, in _load_custom_algorithms
    if not found:
UnboundLocalError: local variable 'found' referenced before assignment

[21:01:17.933] [INFO] [Scheduler] Loading custom algorithm from: c:\Users\buaal\Desktop\NeuroPrime\custom_algorithms\mneicaalgorithm.py
[21:01:17.936] [INFO] [Scheduler] Loaded custom algorithm from ALGORITHM_INFO: MNEICAAlgorithm
[21:01:17.936] [ERROR] [Scheduler] Error loading custom algorithm from c:\Users\buaal\Desktop\NeuroPrime\custom_algorithms\mneicaalgorithm.py: local variable 'found' referenced before assignment
[21:01:17.937] [ERROR] [Scheduler] Traceback: Traceback (most recent call last):
  File "c:\Users\buaal\Desktop\NeuroPrime\src\algorithms\scheduler.py", line 255, in _load_custom_algorithms
    if not found:
UnboundLocalError: local variable 'found' referenced before assignment

[21:01:17.937] [INFO] [Scheduler] Loading custom algorithm from: c:\Users\buaal\Desktop\NeuroPrime\custom_algorithms\mneicaartifactremovalalgorithm.py
[21:01:17.941] [INFO] [Scheduler] Loaded custom algorithm from ALGORITHM_INFO: MNEICAArtifactRemovalAlgorithm
[21:01:17.941] [ERROR] [Scheduler] Error loading custom algorithm from c:\Users\buaal\Desktop\NeuroPrime\custom_algorithms\mneicaartifactremovalalgorithm.py: local variable 'found' referenced before assignment
[21:01:17.941] [ERROR] [Scheduler] Traceback: Traceback (most recent call last):
  File "c:\Users\buaal\Desktop\NeuroPrime\src\algorithms\scheduler.py", line 255, in _load_custom_algorithms
    if not found:
UnboundLocalError: local variable 'found' referenced before assignment

[21:01:17.942] [INFO] [Scheduler] Loading custom algorithm from: c:\Users\buaal\Desktop\NeuroPrime\custom_algorithms\mnepowerspectrumalgorithm.py
[21:01:17.946] [INFO] [Scheduler] Loaded custom algorithm from ALGORITHM_INFO: MNEPowerSpectrumAlgorithm
[21:01:17.946] [ERROR] [Scheduler] Error loading custom algorithm from c:\Users\buaal\Desktop\NeuroPrime\custom_algorithms\mnepowerspectrumalgorithm.py: local variable 'found' referenced before assignment
[21:01:17.947] [ERROR] [Scheduler] Traceback: Traceback (most recent call last):
  File "c:\Users\buaal\Desktop\NeuroPrime\src\algorithms\scheduler.py", line 255, in _load_custom_algorithms
    if not found:
UnboundLocalError: local variable 'found' referenced before assignment

[21:01:17.947] [INFO] [Scheduler] Loading custom algorithm from: c:\Users\buaal\Desktop\NeuroPrime\custom_algorithms\mneresamplingalgorithm.py
[21:01:17.948] [INFO] [Scheduler] Loaded custom algorithm from ALGORITHM_INFO: MNEResamplingAlgorithm
[21:01:17.949] [ERROR] [Scheduler] Error loading custom algorithm from c:\Users\buaal\Desktop\NeuroPrime\custom_algorithms\mneresamplingalgorithm.py: local variable 'found' referenced before assignment
[21:01:17.949] [ERROR] [Scheduler] Traceback: Traceback (most recent call last):
  File "c:\Users\buaal\Desktop\NeuroPrime\src\algorithms\scheduler.py", line 255, in _load_custom_algorithms
    if not found:
UnboundLocalError: local variable 'found' referenced before assignment

[21:01:17.949] [INFO] [Scheduler] Loading custom algorithm from: c:\Users\buaal\Desktop\NeuroPrime\custom_algorithms\mnesourcelocalizationalgorithm.py
[21:01:17.951] [INFO] [Scheduler] Loaded custom algorithm from ALGORITHM_INFO: MNESourceLocalizationAlgorithm
[21:01:17.951] [ERROR] [Scheduler] Error loading custom algorithm from c:\Users\buaal\Desktop\NeuroPrime\custom_algorithms\mnesourcelocalizationalgorithm.py: local variable 'found' referenced before assignment
[21:01:17.951] [ERROR] [Scheduler] Traceback: Traceback (most recent call last):
  File "c:\Users\buaal\Desktop\NeuroPrime\src\algorithms\scheduler.py", line 255, in _load_custom_algorithms
    if not found:
UnboundLocalError: local variable 'found' referenced before assignment

[21:01:17.951] [INFO] [Scheduler] Loading custom algorithm from: c:\Users\buaal\Desktop\NeuroPrime\custom_algorithms\mnespectralconnectivityalgorithm.py
[21:01:17.955] [INFO] [Scheduler] Loaded custom algorithm from ALGORITHM_INFO: MNESpectralConnectivityAlgorithm
[21:01:17.955] [ERROR] [Scheduler] Error loading custom algorithm from c:\Users\buaal\Desktop\NeuroPrime\custom_algorithms\mnespectralconnectivityalgorithm.py: local variable 'found' referenced before assignment
[21:01:17.956] [ERROR] [Scheduler] Traceback: Traceback (most recent call last):
  File "c:\Users\buaal\Desktop\NeuroPrime\src\algorithms\scheduler.py", line 255, in _load_custom_algorithms
    if not found:
UnboundLocalError: local variable 'found' referenced before assignment

[21:01:17.956] [INFO] [Scheduler] Loading custom algorithm from: c:\Users\buaal\Desktop\NeuroPrime\custom_algorithms\mnetimefrequencyalgorithm.py
[21:01:17.959] [INFO] [Scheduler] Loaded custom algorithm from ALGORITHM_INFO: MNETimeFrequencyAlgorithm
[21:01:17.959] [ERROR] [Scheduler] Error loading custom algorithm from c:\Users\buaal\Desktop\NeuroPrime\custom_algorithms\mnetimefrequencyalgorithm.py: local variable 'found' referenced before assignment
[21:01:17.959] [ERROR] [Scheduler] Traceback: Traceback (most recent call last):
  File "c:\Users\buaal\Desktop\NeuroPrime\src\algorithms\scheduler.py", line 255, in _load_custom_algorithms
    if not found:
UnboundLocalError: local variable 'found' referenced before assignment

[21:01:17.959] [INFO] [Scheduler] Loading custom algorithm from: c:\Users\buaal\Desktop\NeuroPrime\custom_algorithms\testscriptalgorithm.py
[21:01:17.961] [INFO] [Scheduler] Loaded custom algorithm from ALGORITHM_INFO: TestScriptAlgorithm
[21:01:17.961] [ERROR] [Scheduler] Error loading custom algorithm from c:\Users\buaal\Desktop\NeuroPrime\custom_algorithms\testscriptalgorithm.py: local variable 'found' referenced before assignment
[21:01:17.961] [ERROR] [Scheduler] Traceback: Traceback (most recent call last):
  File "c:\Users\buaal\Desktop\NeuroPrime\src\algorithms\scheduler.py", line 255, in _load_custom_algorithms
    if not found:
UnboundLocalError: local variable 'found' referenced before assignment

[21:01:17.961] [INFO] [Scheduler] Loading custom algorithm from: c:\Users\buaal\Desktop\NeuroPrime\custom_algorithms\viewlfpdata.py
[21:01:17.963] [INFO] [Scheduler] Loaded custom algorithm from ALGORITHM_INFO: ViewLFPData
[21:01:17.963] [ERROR] [Scheduler] Error loading custom algorithm from c:\Users\buaal\Desktop\NeuroPrime\custom_algorithms\viewlfpdata.py: local variable 'found' referenced before assignment
[21:01:17.963] [ERROR] [Scheduler] Traceback: Traceback (most recent call last):
  File "c:\Users\buaal\Desktop\NeuroPrime\src\algorithms\scheduler.py", line 255, in _load_custom_algorithms
    if not found:
UnboundLocalError: local variable 'found' referenced before assignment

[21:01:17.963] [INFO] [Scheduler] Loading custom algorithm from: c:\Users\buaal\Desktop\NeuroPrime\custom_algorithms\view_raw_lfp_data.py
[21:01:17.965] [INFO] [Scheduler] Loaded custom algorithm from ALGORITHM_INFO: ViewRawLFPData
[21:01:17.965] [ERROR] [Scheduler] Error loading custom algorithm from c:\Users\buaal\Desktop\NeuroPrime\custom_algorithms\view_raw_lfp_data.py: local variable 'found' referenced before assignment
[21:01:17.965] [ERROR] [Scheduler] Traceback: Traceback (most recent call last):
  File "c:\Users\buaal\Desktop\NeuroPrime\src\algorithms\scheduler.py", line 255, in _load_custom_algorithms
    if not found:
UnboundLocalError: local variable 'found' referenced before assignment

[21:01:30.017] [INFO] add_data_item 被调用
[21:01:30.020] [DEBUG] data_item_type = <class 'dict'> (type: type)
[21:01:31.374] [INFO] ============================================================
[21:01:31.375] [INFO] _populate_custom_algorithms started
[21:01:31.375] [INFO] Attempting to reload custom algorithms...
[21:01:31.375] [INFO] Removed module from cache: src.algorithms.base
[21:01:31.375] [INFO] Removed module from cache: src.algorithms.scheduler
[21:01:31.375] [INFO] Removed module from cache: src.algorithms.spike_detection
[21:01:31.375] [INFO] Removed module from cache: src.algorithms.lfp_analysis
[21:01:31.375] [INFO] Removed module from cache: src.algorithms.behavior_analysis
[21:01:31.375] [INFO] Removed module from cache: src.algorithms.decoding
[21:01:31.375] [INFO] Removed module from cache: src.algorithms
[21:01:31.383] [INFO] [Scheduler] Removed pycache directory: c:\Users\buaal\Desktop\NeuroPrime\custom_algorithms\__pycache__
[21:01:31.383] [INFO] [Scheduler] NEUROPRIME_ROOT = c:\Users\buaal\Desktop\NeuroPrime
[21:01:31.383] [INFO] [Scheduler] Looking for custom algorithms in: c:\Users\buaal\Desktop\NeuroPrime\custom_algorithms
[21:01:31.383] [INFO] [Scheduler] Current working directory: c:\Users\buaal\Desktop\NeuroPrime
[21:01:31.383] [INFO] [Scheduler] Script directory: c:\Users\buaal\Desktop\NeuroPrime\src\algorithms
[21:01:31.383] [INFO] [Scheduler] Custom algorithms directory exists: c:\Users\buaal\Desktop\NeuroPrime\custom_algorithms
[21:01:31.383] [INFO] [Scheduler] Found 21 Python files: ['customalgorithm.py', 'customalgorithmnew.py', 'mnealgorithm.py', 'mnebadchanneldetectionalgorithm.py', 'mnebeamformingalgorithm.py', 'mnedipolefittingalgorithm.py', 'mneeffectiveconnectivityalgorithm.py', 'mneerpalgorithm.py', 'mnefilteringalgorithm.py', 'mnefunctionalconnectivityalgorithm.py', 'mneicaalgorithm.py', 'mneicaartifactremovalalgorithm.py', 'mnepowerspectrumalgorithm.py', 'mneresamplingalgorithm.py', 'mnesourcelocalizationalgorithm.py', 'mnespectralconnectivityalgorithm.py', 'mnetimefrequencyalgorithm.py', 'testscriptalgorithm.py', 'viewlfpdata.py', 'view_raw_lfp_data.py', '__init__.py']
[21:01:31.383] [INFO] [Scheduler] Loading custom algorithm from: c:\Users\buaal\Desktop\NeuroPrime\custom_algorithms\customalgorithm.py
[21:01:31.394] [INFO] [Scheduler] Loaded custom algorithm from ALGORITHM_INFO: CustomAlgorithm
[21:01:31.395] [ERROR] [Scheduler] Error loading custom algorithm from c:\Users\buaal\Desktop\NeuroPrime\custom_algorithms\customalgorithm.py: local variable 'found' referenced before assignment
[21:01:31.395] [ERROR] [Scheduler] Traceback: Traceback (most recent call last):
  File "c:\Users\buaal\Desktop\NeuroPrime\src\algorithms\scheduler.py", line 255, in _load_custom_algorithms
    if not found:
UnboundLocalError: local variable 'found' referenced before assignment

[21:01:31.395] [INFO] [Scheduler] Loading custom algorithm from: c:\Users\buaal\Desktop\NeuroPrime\custom_algorithms\customalgorithmnew.py
[21:01:31.396] [INFO] [Scheduler] Loaded custom algorithm from ALGORITHM_INFO: CustomAlgorithmNew
[21:01:31.396] [ERROR] [Scheduler] Error loading custom algorithm from c:\Users\buaal\Desktop\NeuroPrime\custom_algorithms\customalgorithmnew.py: local variable 'found' referenced before assignment
[21:01:31.396] [ERROR] [Scheduler] Traceback: Traceback (most recent call last):
  File "c:\Users\buaal\Desktop\NeuroPrime\src\algorithms\scheduler.py", line 255, in _load_custom_algorithms
    if not found:
UnboundLocalError: local variable 'found' referenced before assignment

[21:01:31.396] [INFO] [Scheduler] Loading custom algorithm from: c:\Users\buaal\Desktop\NeuroPrime\custom_algorithms\mnealgorithm.py
[21:01:31.407] [INFO] [Scheduler] Loaded custom algorithm from ALGORITHM_INFO: MNEAlgorithm
[21:01:31.407] [ERROR] [Scheduler] Error loading custom algorithm from c:\Users\buaal\Desktop\NeuroPrime\custom_algorithms\mnealgorithm.py: local variable 'found' referenced before assignment
[21:01:31.408] [ERROR] [Scheduler] Traceback: Traceback (most recent call last):
  File "c:\Users\buaal\Desktop\NeuroPrime\src\algorithms\scheduler.py", line 255, in _load_custom_algorithms
    if not found:
UnboundLocalError: local variable 'found' referenced before assignment

[21:01:31.408] [INFO] [Scheduler] Loading custom algorithm from: c:\Users\buaal\Desktop\NeuroPrime\custom_algorithms\mnebadchanneldetectionalgorithm.py
[21:01:31.411] [INFO] [Scheduler] Loaded custom algorithm from ALGORITHM_INFO: MNEBadChannelDetectionAlgorithm
[21:01:31.411] [ERROR] [Scheduler] Error loading custom algorithm from c:\Users\buaal\Desktop\NeuroPrime\custom_algorithms\mnebadchanneldetectionalgorithm.py: local variable 'found' referenced before assignment
[21:01:31.411] [ERROR] [Scheduler] Traceback: Traceback (most recent call last):
  File "c:\Users\buaal\Desktop\NeuroPrime\src\algorithms\scheduler.py", line 255, in _load_custom_algorithms
    if not found:
UnboundLocalError: local variable 'found' referenced before assignment

[21:01:31.411] [INFO] [Scheduler] Loading custom algorithm from: c:\Users\buaal\Desktop\NeuroPrime\custom_algorithms\mnebeamformingalgorithm.py
[21:01:31.413] [INFO] [Scheduler] Loaded custom algorithm from ALGORITHM_INFO: MNEBeamformingAlgorithm
[21:01:31.413] [ERROR] [Scheduler] Error loading custom algorithm from c:\Users\buaal\Desktop\NeuroPrime\custom_algorithms\mnebeamformingalgorithm.py: local variable 'found' referenced before assignment
[21:01:31.413] [ERROR] [Scheduler] Traceback: Traceback (most recent call last):
  File "c:\Users\buaal\Desktop\NeuroPrime\src\algorithms\scheduler.py", line 255, in _load_custom_algorithms
    if not found:
UnboundLocalError: local variable 'found' referenced before assignment

[21:01:31.414] [INFO] [Scheduler] Loading custom algorithm from: c:\Users\buaal\Desktop\NeuroPrime\custom_algorithms\mnedipolefittingalgorithm.py
[21:01:31.417] [INFO] [Scheduler] Loaded custom algorithm from ALGORITHM_INFO: MNEDipoleFittingAlgorithm
[21:01:31.417] [ERROR] [Scheduler] Error loading custom algorithm from c:\Users\buaal\Desktop\NeuroPrime\custom_algorithms\mnedipolefittingalgorithm.py: local variable 'found' referenced before assignment
[21:01:31.417] [ERROR] [Scheduler] Traceback: Traceback (most recent call last):
  File "c:\Users\buaal\Desktop\NeuroPrime\src\algorithms\scheduler.py", line 255, in _load_custom_algorithms
    if not found:
UnboundLocalError: local variable 'found' referenced before assignment

[21:01:31.417] [INFO] [Scheduler] Loading custom algorithm from: c:\Users\buaal\Desktop\NeuroPrime\custom_algorithms\mneeffectiveconnectivityalgorithm.py
[21:01:31.421] [INFO] [Scheduler] Loaded custom algorithm from ALGORITHM_INFO: MNEEffectiveConnectivityAlgorithm
[21:01:31.421] [ERROR] [Scheduler] Error loading custom algorithm from c:\Users\buaal\Desktop\NeuroPrime\custom_algorithms\mneeffectiveconnectivityalgorithm.py: local variable 'found' referenced before assignment
[21:01:31.421] [ERROR] [Scheduler] Traceback: Traceback (most recent call last):
  File "c:\Users\buaal\Desktop\NeuroPrime\src\algorithms\scheduler.py", line 255, in _load_custom_algorithms
    if not found:
UnboundLocalError: local variable 'found' referenced before assignment

[21:01:31.421] [INFO] [Scheduler] Loading custom algorithm from: c:\Users\buaal\Desktop\NeuroPrime\custom_algorithms\mneerpalgorithm.py
[21:01:31.426] [INFO] [Scheduler] Loaded custom algorithm from ALGORITHM_INFO: MNEERPAlgorithm
[21:01:31.426] [ERROR] [Scheduler] Error loading custom algorithm from c:\Users\buaal\Desktop\NeuroPrime\custom_algorithms\mneerpalgorithm.py: local variable 'found' referenced before assignment
[21:01:31.426] [ERROR] [Scheduler] Traceback: Traceback (most recent call last):
  File "c:\Users\buaal\Desktop\NeuroPrime\src\algorithms\scheduler.py", line 255, in _load_custom_algorithms
    if not found:
UnboundLocalError: local variable 'found' referenced before assignment

[21:01:31.426] [INFO] [Scheduler] Loading custom algorithm from: c:\Users\buaal\Desktop\NeuroPrime\custom_algorithms\mnefilteringalgorithm.py
[21:01:31.427] [INFO] [Scheduler] Loaded custom algorithm from ALGORITHM_INFO: MNEFilteringAlgorithm
[21:01:31.427] [ERROR] [Scheduler] Error loading custom algorithm from c:\Users\buaal\Desktop\NeuroPrime\custom_algorithms\mnefilteringalgorithm.py: local variable 'found' referenced before assignment
[21:01:31.427] [ERROR] [Scheduler] Traceback: Traceback (most recent call last):
  File "c:\Users\buaal\Desktop\NeuroPrime\src\algorithms\scheduler.py", line 255, in _load_custom_algorithms
    if not found:
UnboundLocalError: local variable 'found' referenced before assignment

[21:01:31.427] [INFO] [Scheduler] Loading custom algorithm from: c:\Users\buaal\Desktop\NeuroPrime\custom_algorithms\mnefunctionalconnectivityalgorithm.py
[21:01:31.427] [INFO] [Scheduler] Loaded custom algorithm from ALGORITHM_INFO: MNEFunctionalConnectivityAlgorithm
[21:01:31.427] [ERROR] [Scheduler] Error loading custom algorithm from c:\Users\buaal\Desktop\NeuroPrime\custom_algorithms\mnefunctionalconnectivityalgorithm.py: local variable 'found' referenced before assignment
[21:01:31.427] [ERROR] [Scheduler] Traceback: Traceback (most recent call last):
  File "c:\Users\buaal\Desktop\NeuroPrime\src\algorithms\scheduler.py", line 255, in _load_custom_algorithms
    if not found:
UnboundLocalError: local variable 'found' referenced before assignment

[21:01:31.427] [INFO] [Scheduler] Loading custom algorithm from: c:\Users\buaal\Desktop\NeuroPrime\custom_algorithms\mneicaalgorithm.py
[21:01:31.433] [INFO] [Scheduler] Loaded custom algorithm from ALGORITHM_INFO: MNEICAAlgorithm
[21:01:31.433] [ERROR] [Scheduler] Error loading custom algorithm from c:\Users\buaal\Desktop\NeuroPrime\custom_algorithms\mneicaalgorithm.py: local variable 'found' referenced before assignment
[21:01:31.433] [ERROR] [Scheduler] Traceback: Traceback (most recent call last):
  File "c:\Users\buaal\Desktop\NeuroPrime\src\algorithms\scheduler.py", line 255, in _load_custom_algorithms
    if not found:
UnboundLocalError: local variable 'found' referenced before assignment

[21:01:31.433] [INFO] [Scheduler] Loading custom algorithm from: c:\Users\buaal\Desktop\NeuroPrime\custom_algorithms\mneicaartifactremovalalgorithm.py
[21:01:31.435] [INFO] [Scheduler] Loaded custom algorithm from ALGORITHM_INFO: MNEICAArtifactRemovalAlgorithm
[21:01:31.436] [ERROR] [Scheduler] Error loading custom algorithm from c:\Users\buaal\Desktop\NeuroPrime\custom_algorithms\mneicaartifactremovalalgorithm.py: local variable 'found' referenced before assignment
[21:01:31.436] [ERROR] [Scheduler] Traceback: Traceback (most recent call last):
  File "c:\Users\buaal\Desktop\NeuroPrime\src\algorithms\scheduler.py", line 255, in _load_custom_algorithms
    if not found:
UnboundLocalError: local variable 'found' referenced before assignment

[21:01:31.436] [INFO] [Scheduler] Loading custom algorithm from: c:\Users\buaal\Desktop\NeuroPrime\custom_algorithms\mnepowerspectrumalgorithm.py
[21:01:31.438] [INFO] [Scheduler] Loaded custom algorithm from ALGORITHM_INFO: MNEPowerSpectrumAlgorithm
[21:01:31.438] [ERROR] [Scheduler] Error loading custom algorithm from c:\Users\buaal\Desktop\NeuroPrime\custom_algorithms\mnepowerspectrumalgorithm.py: local variable 'found' referenced before assignment
[21:01:31.439] [ERROR] [Scheduler] Traceback: Traceback (most recent call last):
  File "c:\Users\buaal\Desktop\NeuroPrime\src\algorithms\scheduler.py", line 255, in _load_custom_algorithms
    if not found:
UnboundLocalError: local variable 'found' referenced before assignment

[21:01:31.439] [INFO] [Scheduler] Loading custom algorithm from: c:\Users\buaal\Desktop\NeuroPrime\custom_algorithms\mneresamplingalgorithm.py
[21:01:31.440] [INFO] [Scheduler] Loaded custom algorithm from ALGORITHM_INFO: MNEResamplingAlgorithm
[21:01:31.440] [ERROR] [Scheduler] Error loading custom algorithm from c:\Users\buaal\Desktop\NeuroPrime\custom_algorithms\mneresamplingalgorithm.py: local variable 'found' referenced before assignment
[21:01:31.440] [ERROR] [Scheduler] Traceback: Traceback (most recent call last):
  File "c:\Users\buaal\Desktop\NeuroPrime\src\algorithms\scheduler.py", line 255, in _load_custom_algorithms
    if not found:
UnboundLocalError: local variable 'found' referenced before assignment

[21:01:31.440] [INFO] [Scheduler] Loading custom algorithm from: c:\Users\buaal\Desktop\NeuroPrime\custom_algorithms\mnesourcelocalizationalgorithm.py
[21:01:31.442] [INFO] [Scheduler] Loaded custom algorithm from ALGORITHM_INFO: MNESourceLocalizationAlgorithm
[21:01:31.442] [ERROR] [Scheduler] Error loading custom algorithm from c:\Users\buaal\Desktop\NeuroPrime\custom_algorithms\mnesourcelocalizationalgorithm.py: local variable 'found' referenced before assignment
[21:01:31.443] [ERROR] [Scheduler] Traceback: Traceback (most recent call last):
  File "c:\Users\buaal\Desktop\NeuroPrime\src\algorithms\scheduler.py", line 255, in _load_custom_algorithms
    if not found:
UnboundLocalError: local variable 'found' referenced before assignment

[21:01:31.443] [INFO] [Scheduler] Loading custom algorithm from: c:\Users\buaal\Desktop\NeuroPrime\custom_algorithms\mnespectralconnectivityalgorithm.py
[21:01:31.446] [INFO] [Scheduler] Loaded custom algorithm from ALGORITHM_INFO: MNESpectralConnectivityAlgorithm
[21:01:31.446] [ERROR] [Scheduler] Error loading custom algorithm from c:\Users\buaal\Desktop\NeuroPrime\custom_algorithms\mnespectralconnectivityalgorithm.py: local variable 'found' referenced before assignment
[21:01:31.446] [ERROR] [Scheduler] Traceback: Traceback (most recent call last):
  File "c:\Users\buaal\Desktop\NeuroPrime\src\algorithms\scheduler.py", line 255, in _load_custom_algorithms
    if not found:
UnboundLocalError: local variable 'found' referenced before assignment

[21:01:31.446] [INFO] [Scheduler] Loading custom algorithm from: c:\Users\buaal\Desktop\NeuroPrime\custom_algorithms\mnetimefrequencyalgorithm.py
[21:01:31.448] [INFO] [Scheduler] Loaded custom algorithm from ALGORITHM_INFO: MNETimeFrequencyAlgorithm
[21:01:31.448] [ERROR] [Scheduler] Error loading custom algorithm from c:\Users\buaal\Desktop\NeuroPrime\custom_algorithms\mnetimefrequencyalgorithm.py: local variable 'found' referenced before assignment
[21:01:31.449] [ERROR] [Scheduler] Traceback: Traceback (most recent call last):
  File "c:\Users\buaal\Desktop\NeuroPrime\src\algorithms\scheduler.py", line 255, in _load_custom_algorithms
    if not found:
UnboundLocalError: local variable 'found' referenced before assignment

[21:01:31.449] [INFO] [Scheduler] Loading custom algorithm from: c:\Users\buaal\Desktop\NeuroPrime\custom_algorithms\testscriptalgorithm.py
[21:01:31.452] [INFO] [Scheduler] Loaded custom algorithm from ALGORITHM_INFO: TestScriptAlgorithm
[21:01:31.452] [ERROR] [Scheduler] Error loading custom algorithm from c:\Users\buaal\Desktop\NeuroPrime\custom_algorithms\testscriptalgorithm.py: local variable 'found' referenced before assignment
[21:01:31.452] [ERROR] [Scheduler] Traceback: Traceback (most recent call last):
  File "c:\Users\buaal\Desktop\NeuroPrime\src\algorithms\scheduler.py", line 255, in _load_custom_algorithms
    if not found:
UnboundLocalError: local variable 'found' referenced before assignment

[21:01:31.452] [INFO] [Scheduler] Loading custom algorithm from: c:\Users\buaal\Desktop\NeuroPrime\custom_algorithms\viewlfpdata.py
[21:01:31.455] [INFO] [Scheduler] Loaded custom algorithm from ALGORITHM_INFO: ViewLFPData
[21:01:31.455] [ERROR] [Scheduler] Error loading custom algorithm from c:\Users\buaal\Desktop\NeuroPrime\custom_algorithms\viewlfpdata.py: local variable 'found' referenced before assignment
[21:01:31.455] [ERROR] [Scheduler] Traceback: Traceback (most recent call last):
  File "c:\Users\buaal\Desktop\NeuroPrime\src\algorithms\scheduler.py", line 255, in _load_custom_algorithms
    if not found:
UnboundLocalError: local variable 'found' referenced before assignment

[21:01:31.455] [INFO] [Scheduler] Loading custom algorithm from: c:\Users\buaal\Desktop\NeuroPrime\custom_algorithms\view_raw_lfp_data.py
[21:01:31.457] [INFO] [Scheduler] Loaded custom algorithm from ALGORITHM_INFO: ViewRawLFPData
[21:01:31.457] [ERROR] [Scheduler] Error loading custom algorithm from c:\Users\buaal\Desktop\NeuroPrime\custom_algorithms\view_raw_lfp_data.py: local variable 'found' referenced before assignment
[21:01:31.457] [ERROR] [Scheduler] Traceback: Traceback (most recent call last):
  File "c:\Users\buaal\Desktop\NeuroPrime\src\algorithms\scheduler.py", line 255, in _load_custom_algorithms
    if not found:
UnboundLocalError: local variable 'found' referenced before assignment

[21:01:31.457] [INFO] Custom algorithms reload completed
[21:01:31.458] [INFO] Total algorithms available: 28
[21:01:31.458] [INFO] Added custom algorithm: MNEAlgorithm (category: 自定义算法)
[21:01:31.458] [INFO] Added custom algorithm: MNEBadChannelDetectionAlgorithm (category: 自定义算法)
[21:01:31.458] [INFO] Added custom algorithm: MNEBeamformingAlgorithm (category: 自定义算法)
[21:01:31.458] [INFO] Added custom algorithm: MNEDipoleFittingAlgorithm (category: 自定义算法)
[21:01:31.458] [INFO] Added custom algorithm: MNEEffectiveConnectivityAlgorithm (category: 自定义算法)
[21:01:31.458] [INFO] Added custom algorithm: MNEERPAlgorithm (category: 自定义算法)
[21:01:31.458] [INFO] Added custom algorithm: MNEFilteringAlgorithm (category: 自定义算法)
[21:01:31.458] [INFO] Added custom algorithm: MNEFunctionalConnectivityAlgorithm (category: 自定义算法)
[21:01:31.458] [INFO] Added custom algorithm: MNEICAAlgorithm (category: 自定义算法)
[21:01:31.458] [INFO] Added custom algorithm: MNEICAArtifactRemovalAlgorithm (category: 自定义算法)
[21:01:31.458] [INFO] Added custom algorithm: MNEPowerSpectrumAlgorithm (category: 自定义算法)
[21:01:31.458] [INFO] Added custom algorithm: MNEResamplingAlgorithm (category: 自定义算法)
[21:01:31.458] [INFO] Added custom algorithm: MNESourceLocalizationAlgorithm (category: 自定义算法)
[21:01:31.458] [INFO] Added custom algorithm: MNESpectralConnectivityAlgorithm (category: 自定义算法)
[21:01:31.458] [INFO] Added custom algorithm: MNETimeFrequencyAlgorithm (category: 自定义算法)
[21:01:31.458] [INFO] Added custom algorithm: ViewLFPData (category: 自定义算法)
[21:01:31.458] [INFO] Added custom algorithm: ViewRawLFPData (category: 自定义算法)
[21:01:31.458] [INFO] Total custom algorithms added: 17
[21:01:31.458] [INFO] ============================================================
[21:01:40.796] [INFO] ============================================================
[21:01:40.796] [INFO] _on_run_clicked 被调用
[21:01:40.796] [INFO] _get_selected_data_items 被调用
[21:01:40.796] [DEBUG] selected_data_items_len = 1 (type: int)
[21:01:40.796] [DEBUG] selected_data_items_0_type = <class 'dict'> (type: type)
[21:01:40.796] [INFO] 返回 1 个有效数据项
[21:01:40.796] [DEBUG] selected_data_type = <class 'list'> (type: type)
[21:01:40.796] [DEBUG] selected_data_len = 1 (type: int)
[21:01:40.796] [DEBUG] item_0_type = <class 'dict'> (type: type)
[21:01:40.797] [INFO] item[0] keys: ['id', 'display_name', 'trial_name', 'data_type', 'description', 'time_range']
[21:01:40.797] [INFO] 自定义算法使用默认参数: {'n_dipoles': 1, 'tmin': -0.2, 'tmax': 0.5, 'fixed_ori': False, 'fit_method': 'grid'}
[21:01:40.797] [DEBUG] parameters_keys = ['n_dipoles', 'tmin', 'tmax', 'fixed_ori', 'fit_method'] (type: list)
[21:01:40.797] [DEBUG] algorithm_name = MNEDipoleFittingAlgorithm (type: str)
[21:01:40.797] [DEBUG] current_algorithm = MNEDipoleFittingAlgorithm (type: str)
[21:01:40.797] [INFO] 发送请求: algorithm=MNEDipoleFittingAlgorithm, data_items数量=1
[21:01:40.797] [INFO] ============================================================
[21:01:40.797] [INFO] _on_run_analysis 被调用
[21:01:40.797] [DEBUG] params_type = <class 'dict'> (type: type)
[21:01:40.797] [DEBUG] algorithm_name = MNEDipoleFittingAlgorithm (type: str)
[21:01:40.797] [DEBUG] data_items_type = <class 'list'> (type: type)
[21:01:40.797] [DEBUG] data_items_len = 1 (type: int)
[21:01:40.797] [DEBUG] parameters_type = <class 'dict'> (type: type)
[21:01:40.797] [DEBUG] time_alignment_type = <class 'NoneType'> (type: type)
[21:01:40.797] [INFO] data_items[0] type: <class 'dict'>
[21:01:40.797] [INFO] data_items[0] keys: ['id', 'display_name', 'trial_name', 'data_type', 'description', 'time_range']
[21:01:40.797] [INFO] ============================================================
[21:01:40.797] [INFO] _run_analysis_async 被调用
[21:01:40.797] [DEBUG] algorithm_name = MNEDipoleFittingAlgorithm (type: str)
[21:01:40.797] [DEBUG] data_items_type = <class 'list'> (type: type)
[21:01:40.797] [DEBUG] data_items_len = 1 (type: int)
[21:01:40.797] [DEBUG] parameters_keys = ['n_dipoles', 'tmin', 'tmax', 'fixed_ori', 'fit_method'] (type: list)
[21:01:40.797] [INFO] data_items[0] type: <class 'dict'>
[21:01:40.798] [INFO] data_items[0] keys: ['id', 'display_name', 'trial_name', 'data_type', 'description', 'time_range']
[21:01:56.094] [INFO] ============================================================
[21:01:56.094] [INFO] _on_run_clicked 被调用
[21:01:56.094] [INFO] _get_selected_data_items 被调用
[21:01:56.094] [DEBUG] selected_data_items_len = 1 (type: int)
[21:01:56.094] [DEBUG] selected_data_items_0_type = <class 'dict'> (type: type)
[21:01:56.094] [INFO] 返回 1 个有效数据项
[21:01:56.094] [DEBUG] selected_data_type = <class 'list'> (type: type)
[21:01:56.094] [DEBUG] selected_data_len = 1 (type: int)
[21:01:56.094] [DEBUG] item_0_type = <class 'dict'> (type: type)
[21:01:56.094] [INFO] item[0] keys: ['id', 'display_name', 'trial_name', 'data_type', 'description', 'time_range']
[21:01:56.094] [INFO] 自定义算法使用默认参数: {'method': 'coherence', 'freq_min': 1.0, 'freq_max': 40.0, 'n_freqs': 20, 'tmin': 0.0, 'tmax': 1.0}
[21:01:56.094] [DEBUG] parameters_keys = ['method', 'freq_min', 'freq_max', 'n_freqs', 'tmin', 'tmax'] (type: list)
[21:01:56.094] [DEBUG] algorithm_name = MNESpectralConnectivityAlgorithm (type: str)
[21:01:56.094] [DEBUG] current_algorithm = MNESpectralConnectivityAlgorithm (type: str)
[21:01:56.094] [INFO] 发送请求: algorithm=MNESpectralConnectivityAlgorithm, data_items数量=1
[21:01:56.095] [INFO] ============================================================
[21:01:56.095] [INFO] _on_run_analysis 被调用
[21:01:56.095] [DEBUG] params_type = <class 'dict'> (type: type)
[21:01:56.095] [DEBUG] algorithm_name = MNESpectralConnectivityAlgorithm (type: str)
[21:01:56.095] [DEBUG] data_items_type = <class 'list'> (type: type)
[21:01:56.095] [DEBUG] data_items_len = 1 (type: int)
[21:01:56.095] [DEBUG] parameters_type = <class 'dict'> (type: type)
[21:01:56.095] [DEBUG] time_alignment_type = <class 'NoneType'> (type: type)
[21:01:56.095] [INFO] data_items[0] type: <class 'dict'>
[21:01:56.095] [INFO] data_items[0] keys: ['id', 'display_name', 'trial_name', 'data_type', 'description', 'time_range']
[21:01:56.095] [INFO] ============================================================
[21:01:56.095] [INFO] _run_analysis_async 被调用
[21:01:56.095] [DEBUG] algorithm_name = MNESpectralConnectivityAlgorithm (type: str)
[21:01:56.095] [DEBUG] data_items_type = <class 'list'> (type: type)
[21:01:56.095] [DEBUG] data_items_len = 1 (type: int)
[21:01:56.095] [DEBUG] parameters_keys = ['method', 'freq_min', 'freq_max', 'n_freqs', 'tmin', 'tmax'] (type: list)
[21:01:56.095] [INFO] data_items[0] type: <class 'dict'>
[21:01:56.095] [INFO] data_items[0] keys: ['id', 'display_name', 'trial_name', 'data_type', 'description', 'time_range']
[21:02:12.322] [INFO] ============================================================
[21:02:12.322] [INFO] _on_run_clicked 被调用
[21:02:12.322] [INFO] _get_selected_data_items 被调用
[21:02:12.324] [DEBUG] selected_data_items_len = 1 (type: int)
[21:02:12.324] [DEBUG] selected_data_items_0_type = <class 'dict'> (type: type)
[21:02:12.324] [INFO] 返回 1 个有效数据项
[21:02:12.324] [DEBUG] selected_data_type = <class 'list'> (type: type)
[21:02:12.324] [DEBUG] selected_data_len = 1 (type: int)
[21:02:12.324] [DEBUG] item_0_type = <class 'dict'> (type: type)
[21:02:12.324] [INFO] item[0] keys: ['id', 'display_name', 'trial_name', 'data_type', 'description', 'time_range']
[21:02:12.325] [INFO] 自定义算法使用默认参数: {'method': 'granger', 'fmin': 8.0, 'fmax': 12.0, 'n_lags': 5, 'tmin': 0.0, 'tmax': 1.0}
[21:02:12.325] [DEBUG] parameters_keys = ['method', 'fmin', 'fmax', 'n_lags', 'tmin', 'tmax'] (type: list)
[21:02:12.325] [DEBUG] algorithm_name = MNEEffectiveConnectivityAlgorithm (type: str)
[21:02:12.325] [DEBUG] current_algorithm = MNEEffectiveConnectivityAlgorithm (type: str)
[21:02:12.325] [INFO] 发送请求: algorithm=MNEEffectiveConnectivityAlgorithm, data_items数量=1
[21:02:12.325] [INFO] ============================================================
[21:02:12.325] [INFO] _on_run_analysis 被调用
[21:02:12.325] [DEBUG] params_type = <class 'dict'> (type: type)
[21:02:12.325] [DEBUG] algorithm_name = MNEEffectiveConnectivityAlgorithm (type: str)
[21:02:12.325] [DEBUG] data_items_type = <class 'list'> (type: type)
[21:02:12.325] [DEBUG] data_items_len = 1 (type: int)
[21:02:12.325] [DEBUG] parameters_type = <class 'dict'> (type: type)
[21:02:12.325] [DEBUG] time_alignment_type = <class 'NoneType'> (type: type)
[21:02:12.325] [INFO] data_items[0] type: <class 'dict'>
[21:02:12.325] [INFO] data_items[0] keys: ['id', 'display_name', 'trial_name', 'data_type', 'description', 'time_range']
[21:02:12.325] [INFO] ============================================================
[21:02:12.325] [INFO] _run_analysis_async 被调用
[21:02:12.325] [DEBUG] algorithm_name = MNEEffectiveConnectivityAlgorithm (type: str)
[21:02:12.325] [DEBUG] data_items_type = <class 'list'> (type: type)
[21:02:12.325] [DEBUG] data_items_len = 1 (type: int)
[21:02:12.325] [DEBUG] parameters_keys = ['method', 'fmin', 'fmax', 'n_lags', 'tmin', 'tmax'] (type: list)
[21:02:12.325] [INFO] data_items[0] type: <class 'dict'>
[21:02:12.325] [INFO] data_items[0] keys: ['id', 'display_name', 'trial_name', 'data_type', 'description', 'time_range']
