[22:21:42.371] [INFO] ============================================================
[22:21:42.371] [INFO] NeuroPrime 调试日志
[22:21:42.371] [INFO] 启动时间: 2026-04-13 22:21:42
[22:21:42.371] [INFO] Python版本: 3.10.10 (tags/v3.10.10:aad5f6a, Feb  7 2023, 17:20:36) [MSC v.1929 64 bit (AMD64)]
[22:21:42.371] [INFO] 日志文件: c:\Users\buaal\Desktop\NeuroPrime\logs\debug_20260413_222142.log
[22:21:42.371] [INFO] ============================================================
[22:21:43.634] [INFO] [Scheduler] NEUROPRIME_ROOT = c:\Users\buaal\Desktop\NeuroPrime
[22:21:43.634] [INFO] [Scheduler] Looking for custom algorithms in: c:\Users\buaal\Desktop\NeuroPrime\custom_algorithms
[22:21:43.634] [INFO] [Scheduler] Current working directory: c:\Users\buaal\Desktop\NeuroPrime
[22:21:43.634] [INFO] [Scheduler] Script directory: c:\Users\buaal\Desktop\NeuroPrime\src\algorithms
[22:21:43.634] [INFO] [Scheduler] Custom algorithms directory exists: c:\Users\buaal\Desktop\NeuroPrime\custom_algorithms
[22:21:43.637] [INFO] [Scheduler] Found 2 Python files: ['view_raw_lfp_data.py', '__init__.py']
[22:21:43.637] [INFO] [Scheduler] Loading custom algorithm from: c:\Users\buaal\Desktop\NeuroPrime\custom_algorithms\view_raw_lfp_data.py
[22:21:43.644] [INFO] [Scheduler] Loaded custom algorithm from ALGORITHM_INFO: ViewRawLFPData
[22:21:43.644] [INFO] [Scheduler] Searching for algorithm classes in c:\Users\buaal\Desktop\NeuroPrime\custom_algorithms\view_raw_lfp_data.py...
[22:21:43.644] [INFO] [Scheduler] Loaded custom algorithm: ViewRawLFPData
[22:22:14.834] [INFO] add_data_item 被调用
[22:22:14.834] [DEBUG] data_item_type = <class 'dict'> (type: type)
[22:22:16.067] [INFO] add_data_item 被调用
[22:22:16.067] [DEBUG] data_item_type = <class 'dict'> (type: type)
[22:22:17.410] [INFO] add_data_item 被调用
[22:22:17.410] [DEBUG] data_item_type = <class 'dict'> (type: type)
[22:22:18.353] [INFO] add_data_item 被调用
[22:22:18.353] [DEBUG] data_item_type = <class 'dict'> (type: type)
[22:22:20.928] [INFO] _get_selected_data_items 被调用
[22:22:20.928] [DEBUG] selected_data_items_len = 4 (type: int)
[22:22:20.928] [DEBUG] selected_data_items_0_type = <class 'dict'> (type: type)
[22:22:20.928] [DEBUG] selected_data_items_1_type = <class 'dict'> (type: type)
[22:22:20.928] [DEBUG] selected_data_items_2_type = <class 'dict'> (type: type)
[22:22:20.928] [DEBUG] selected_data_items_3_type = <class 'dict'> (type: type)
[22:22:20.928] [INFO] 返回 4 个有效数据项
[22:22:27.309] [INFO] ============================================================
[22:22:27.309] [INFO] _on_run_clicked 被调用
[22:22:27.309] [INFO] _get_selected_data_items 被调用
[22:22:27.309] [DEBUG] selected_data_items_len = 4 (type: int)
[22:22:27.309] [DEBUG] selected_data_items_0_type = <class 'dict'> (type: type)
[22:22:27.309] [DEBUG] selected_data_items_1_type = <class 'dict'> (type: type)
[22:22:27.309] [DEBUG] selected_data_items_2_type = <class 'dict'> (type: type)
[22:22:27.309] [DEBUG] selected_data_items_3_type = <class 'dict'> (type: type)
[22:22:27.309] [INFO] 返回 4 个有效数据项
[22:22:27.309] [DEBUG] selected_data_type = <class 'list'> (type: type)
[22:22:27.309] [DEBUG] selected_data_len = 4 (type: int)
[22:22:27.309] [DEBUG] item_0_type = <class 'dict'> (type: type)
[22:22:27.309] [INFO] item[0] keys: ['id', 'display_name', 'trial_name', 'data_type', 'description', 'time_range']
[22:22:27.309] [DEBUG] item_1_type = <class 'dict'> (type: type)
[22:22:27.309] [INFO] item[1] keys: ['id', 'display_name', 'trial_name', 'data_type', 'description', 'time_range']
[22:22:27.309] [DEBUG] item_2_type = <class 'dict'> (type: type)
[22:22:27.309] [INFO] item[2] keys: ['id', 'display_name', 'trial_name', 'data_type', 'description', 'time_range']
[22:22:27.309] [DEBUG] item_3_type = <class 'dict'> (type: type)
[22:22:27.309] [INFO] item[3] keys: ['id', 'display_name', 'trial_name', 'data_type', 'description', 'time_range']
[22:22:27.310] [DEBUG] parameters_keys = ['pre_time', 'post_time', 'sort_by', 'show_baseline'] (type: list)
[22:22:27.310] [DEBUG] algorithm_name = RasterPlotAnalysis (type: str)
[22:22:27.310] [DEBUG] current_algorithm = RasterPlotAnalysis (type: str)
[22:22:27.310] [INFO] 时间对齐配置: {'global_start': 0.0, 'global_duration': 83.372, 'sync_mode': 'global', 'data_configs': {'Fix_Grating_005_Spikes': {'original_range': (0.0, 83.372), 'start_time': 0.0, 'duration': 83.372}, 'Fix_Grating_005_Events': {'original_range': (0.0, 83.372), 'start_time': 0.0, 'duration': 83.372}, 'FC_Grating_014_Spikes': {'original_range': (0.0, 84.812), 'start_time': 0.0, 'duration': 83.372}, 'FC_Grating_014_Events': {'original_range': (0.0, 84.812), 'start_time': 0.0, 'duration': 83.372}}}
[22:22:27.310] [INFO] 发送请求: algorithm=RasterPlotAnalysis, data_items数量=4
[22:22:27.310] [INFO] ============================================================
[22:22:27.310] [INFO] _on_run_analysis 被调用
[22:22:27.310] [DEBUG] params_type = <class 'dict'> (type: type)
[22:22:27.310] [DEBUG] algorithm_name = RasterPlotAnalysis (type: str)
[22:22:27.310] [DEBUG] data_items_type = <class 'list'> (type: type)
[22:22:27.310] [DEBUG] data_items_len = 4 (type: int)
[22:22:27.310] [DEBUG] parameters_type = <class 'dict'> (type: type)
[22:22:27.310] [DEBUG] time_alignment_type = <class 'dict'> (type: type)
[22:22:27.310] [INFO] data_items[0] type: <class 'dict'>
[22:22:27.310] [INFO] data_items[0] keys: ['id', 'display_name', 'trial_name', 'data_type', 'description', 'time_range']
[22:22:27.310] [INFO] ============================================================
[22:22:27.310] [INFO] _run_analysis_async 被调用
[22:22:27.310] [DEBUG] algorithm_name = RasterPlotAnalysis (type: str)
[22:22:27.310] [DEBUG] data_items_type = <class 'list'> (type: type)
[22:22:27.310] [DEBUG] data_items_len = 4 (type: int)
[22:22:27.310] [DEBUG] parameters_keys = ['pre_time', 'post_time', 'sort_by', 'show_baseline', 'time_alignment'] (type: list)
[22:22:27.310] [INFO] data_items[0] type: <class 'dict'>
[22:22:27.310] [INFO] data_items[0] keys: ['id', 'display_name', 'trial_name', 'data_type', 'description', 'time_range']
