[16:58:58.915] [INFO] ============================================================
[16:58:58.915] [INFO] NeuroPrime 调试日志
[16:58:58.915] [INFO] 启动时间: 2026-04-12 16:58:58
[16:58:58.915] [INFO] Python版本: 3.10.10 (tags/v3.10.10:aad5f6a, Feb  7 2023, 17:20:36) [MSC v.1929 64 bit (AMD64)]
[16:58:58.915] [INFO] 日志文件: c:\Users\buaal\Desktop\NeuroPrime\logs\debug_20260412_165858.log
[16:58:58.915] [INFO] ============================================================
[16:59:04.751] [INFO] [Scheduler] NEUROPRIME_ROOT = c:\Users\buaal\Desktop\NeuroPrime
[16:59:04.751] [INFO] [Scheduler] Looking for custom algorithms in: c:\Users\buaal\Desktop\NeuroPrime\custom_algorithms
[16:59:04.751] [INFO] [Scheduler] Current working directory: c:\Users\buaal\Desktop\NeuroPrime
[16:59:04.751] [INFO] [Scheduler] Script directory: c:\Users\buaal\Desktop\NeuroPrime\src\algorithms
[16:59:04.751] [INFO] [Scheduler] Custom algorithms directory exists: c:\Users\buaal\Desktop\NeuroPrime\custom_algorithms
[16:59:04.751] [INFO] [Scheduler] Found 2 Python files: ['view_raw_data.py', '__init__.py']
[16:59:04.751] [INFO] [Scheduler] Loading custom algorithm from: c:\Users\buaal\Desktop\NeuroPrime\custom_algorithms\view_raw_data.py
[16:59:04.764] [INFO] [Scheduler] Loaded custom algorithm from ALGORITHM_INFO: ViewRawData
[16:59:04.764] [INFO] [Scheduler] Searching for algorithm classes in c:\Users\buaal\Desktop\NeuroPrime\custom_algorithms\view_raw_data.py...
[16:59:04.764] [INFO] [Scheduler] Loaded custom algorithm: BaseAlgorithm
[16:59:23.622] [INFO] ============================================================
[16:59:23.622] [INFO] _populate_custom_algorithms started
[16:59:23.622] [INFO] Attempting to reload custom algorithms...
[16:59:23.622] [INFO] [Scheduler] NEUROPRIME_ROOT = c:\Users\buaal\Desktop\NeuroPrime
[16:59:23.622] [INFO] [Scheduler] Looking for custom algorithms in: c:\Users\buaal\Desktop\NeuroPrime\custom_algorithms
[16:59:23.622] [INFO] [Scheduler] Current working directory: c:\Users\buaal\Desktop\NeuroPrime
[16:59:23.622] [INFO] [Scheduler] Script directory: c:\Users\buaal\Desktop\NeuroPrime\src\algorithms
[16:59:23.622] [INFO] [Scheduler] Custom algorithms directory exists: c:\Users\buaal\Desktop\NeuroPrime\custom_algorithms
[16:59:23.627] [INFO] [Scheduler] Found 2 Python files: ['view_raw_data.py', '__init__.py']
[16:59:23.627] [INFO] [Scheduler] Loading custom algorithm from: c:\Users\buaal\Desktop\NeuroPrime\custom_algorithms\view_raw_data.py
[16:59:23.627] [INFO] [Scheduler] Loaded custom algorithm from ALGORITHM_INFO: ViewRawData
[16:59:23.627] [INFO] [Scheduler] Searching for algorithm classes in c:\Users\buaal\Desktop\NeuroPrime\custom_algorithms\view_raw_data.py...
[16:59:23.627] [INFO] [Scheduler] Loaded custom algorithm: BaseAlgorithm
[16:59:23.627] [INFO] Custom algorithms reload completed
[16:59:23.627] [INFO] Total algorithms available: 9
[16:59:23.627] [INFO] Algorithm list: ['SpikeDetectionThreshold:Spike', 'SpikeSortingPCA:Spike', 'LFPPowerSpectrum:LFP', 'LFPSpectrogram:LFP', 'PSTHAnalysis:Behavior', 'RasterPlotAnalysis:Behavior', 'TuningCurveAnalysis:Behavior', 'LDADecoder:Decoding', 'ViewRawData:自定义算法']
[16:59:23.627] [INFO] Added custom algorithm: ViewRawData (category: 自定义算法)
[16:59:23.627] [INFO] Total custom algorithms added: 1
[16:59:23.627] [INFO] ============================================================
[16:59:31.263] [INFO] add_data_item 被调用
[16:59:31.263] [DEBUG] data_item_type = <class 'dict'> (type: type)
[16:59:31.263] [INFO] add_data_item 被调用
[16:59:31.263] [DEBUG] data_item_type = <class 'dict'> (type: type)
[16:59:31.263] [INFO] add_data_item 被调用
[16:59:31.263] [DEBUG] data_item_type = <class 'dict'> (type: type)
[16:59:31.263] [INFO] add_data_item 被调用
[16:59:31.263] [DEBUG] data_item_type = <class 'dict'> (type: type)
[16:59:36.477] [INFO] ============================================================
[16:59:36.479] [INFO] _on_run_clicked 被调用
[16:59:36.479] [INFO] _get_selected_data_items 被调用
[16:59:36.509] [DEBUG] selected_data_items_len = 4 (type: int)
[16:59:36.518] [DEBUG] selected_data_items_0_type = <class 'dict'> (type: type)
[16:59:36.518] [DEBUG] selected_data_items_1_type = <class 'dict'> (type: type)
[16:59:36.518] [DEBUG] selected_data_items_2_type = <class 'dict'> (type: type)
[16:59:36.518] [DEBUG] selected_data_items_3_type = <class 'dict'> (type: type)
[16:59:36.518] [INFO] 返回 4 个有效数据项
[16:59:36.518] [DEBUG] selected_data_type = <class 'list'> (type: type)
[16:59:36.518] [DEBUG] selected_data_len = 4 (type: int)
[16:59:36.518] [DEBUG] item_0_type = <class 'dict'> (type: type)
[16:59:36.518] [INFO] item[0] keys: ['id', 'display_name', 'trial_name', 'data_type', 'description', 'time_range']
[16:59:36.518] [DEBUG] item_1_type = <class 'dict'> (type: type)
[16:59:36.519] [INFO] item[1] keys: ['id', 'display_name', 'trial_name', 'data_type', 'description', 'time_range']
[16:59:36.519] [DEBUG] item_2_type = <class 'dict'> (type: type)
[16:59:36.519] [INFO] item[2] keys: ['id', 'display_name', 'trial_name', 'data_type', 'description', 'time_range']
[16:59:36.519] [DEBUG] item_3_type = <class 'dict'> (type: type)
[16:59:36.519] [INFO] item[3] keys: ['id', 'display_name', 'trial_name', 'data_type', 'description', 'time_range']
[16:59:36.519] [DEBUG] parameters_keys = [] (type: list)
[16:59:36.519] [DEBUG] algorithm_name = ViewRawData (type: str)
[16:59:36.519] [DEBUG] current_algorithm = ViewRawData (type: str)
[16:59:36.519] [INFO] 发送请求: algorithm=ViewRawData, data_items数量=4
[16:59:36.519] [INFO] ============================================================
[16:59:36.519] [INFO] _on_run_analysis 被调用
[16:59:36.519] [DEBUG] params_type = <class 'dict'> (type: type)
[16:59:36.519] [DEBUG] algorithm_name = ViewRawData (type: str)
[16:59:36.519] [DEBUG] data_items_type = <class 'list'> (type: type)
[16:59:36.519] [DEBUG] data_items_len = 4 (type: int)
[16:59:36.519] [DEBUG] parameters_type = <class 'dict'> (type: type)
[16:59:36.520] [DEBUG] time_alignment_type = <class 'NoneType'> (type: type)
[16:59:36.520] [INFO] data_items[0] type: <class 'dict'>
[16:59:36.520] [INFO] data_items[0] keys: ['id', 'display_name', 'trial_name', 'data_type', 'description', 'time_range']
[16:59:36.520] [INFO] ============================================================
[16:59:36.520] [INFO] _run_analysis_async 被调用
[16:59:36.520] [DEBUG] algorithm_name = ViewRawData (type: str)
[16:59:36.520] [DEBUG] data_items_type = <class 'list'> (type: type)
[16:59:36.520] [DEBUG] data_items_len = 4 (type: int)
[16:59:36.520] [DEBUG] parameters_keys = [] (type: list)
[16:59:36.520] [INFO] data_items[0] type: <class 'dict'>
[16:59:36.520] [INFO] data_items[0] keys: ['id', 'display_name', 'trial_name', 'data_type', 'description', 'time_range']
