[22:12:28.400] [INFO] ============================================================
[22:12:28.400] [INFO] NeuroPrime 调试日志
[22:12:28.400] [INFO] 启动时间: 2026-04-12 22:12:28
[22:12:28.400] [INFO] Python版本: 3.10.10 (tags/v3.10.10:aad5f6a, Feb  7 2023, 17:20:36) [MSC v.1929 64 bit (AMD64)]
[22:12:28.400] [INFO] 日志文件: c:\Users\buaal\Desktop\NeuroPrime\logs\debug_20260412_221228.log
[22:12:28.400] [INFO] ============================================================
[22:12:30.220] [INFO] [Scheduler] NEUROPRIME_ROOT = c:\Users\buaal\Desktop\NeuroPrime
[22:12:30.220] [INFO] [Scheduler] Looking for custom algorithms in: c:\Users\buaal\Desktop\NeuroPrime\custom_algorithms
[22:12:30.220] [INFO] [Scheduler] Current working directory: c:\Users\buaal\Desktop\NeuroPrime
[22:12:30.220] [INFO] [Scheduler] Script directory: c:\Users\buaal\Desktop\NeuroPrime\src\algorithms
[22:12:30.220] [INFO] [Scheduler] Custom algorithms directory exists: c:\Users\buaal\Desktop\NeuroPrime\custom_algorithms
[22:12:30.220] [INFO] [Scheduler] Found 2 Python files: ['view_raw_lfp_data.py', '__init__.py']
[22:12:30.220] [INFO] [Scheduler] Loading custom algorithm from: c:\Users\buaal\Desktop\NeuroPrime\custom_algorithms\view_raw_lfp_data.py
[22:12:30.228] [INFO] [Scheduler] Loaded custom algorithm from ALGORITHM_INFO: ViewRawLFPData
[22:12:30.228] [INFO] [Scheduler] Searching for algorithm classes in c:\Users\buaal\Desktop\NeuroPrime\custom_algorithms\view_raw_lfp_data.py...
[22:12:30.228] [INFO] [Scheduler] Loaded custom algorithm: ViewRawLFPData
[22:13:04.787] [INFO] add_data_item 被调用
[22:13:04.787] [DEBUG] data_item_type = <class 'dict'> (type: type)
[22:13:05.944] [INFO] add_data_item 被调用
[22:13:05.944] [DEBUG] data_item_type = <class 'dict'> (type: type)
[22:13:12.246] [INFO] ============================================================
[22:13:12.246] [INFO] _on_run_clicked 被调用
[22:13:12.246] [INFO] _get_selected_data_items 被调用
[22:13:12.246] [DEBUG] selected_data_items_len = 2 (type: int)
[22:13:12.246] [DEBUG] selected_data_items_0_type = <class 'dict'> (type: type)
[22:13:12.246] [DEBUG] selected_data_items_1_type = <class 'dict'> (type: type)
[22:13:12.246] [INFO] 返回 2 个有效数据项
[22:13:12.246] [DEBUG] selected_data_type = <class 'list'> (type: type)
[22:13:12.246] [DEBUG] selected_data_len = 2 (type: int)
[22:13:12.246] [DEBUG] item_0_type = <class 'dict'> (type: type)
[22:13:12.246] [INFO] item[0] keys: ['id', 'display_name', 'trial_name', 'data_type', 'description', 'time_range']
[22:13:12.247] [DEBUG] item_1_type = <class 'dict'> (type: type)
[22:13:12.247] [INFO] item[1] keys: ['id', 'display_name', 'trial_name', 'data_type', 'description', 'time_range']
[22:13:12.247] [DEBUG] parameters_keys = ['pre_time', 'post_time', 'sort_by', 'show_baseline'] (type: list)
[22:13:12.247] [DEBUG] algorithm_name = RasterPlotAnalysis (type: str)
[22:13:12.247] [DEBUG] current_algorithm = RasterPlotAnalysis (type: str)
[22:13:12.247] [INFO] 发送请求: algorithm=RasterPlotAnalysis, data_items数量=2
[22:13:12.247] [INFO] ============================================================
[22:13:12.247] [INFO] _on_run_analysis 被调用
[22:13:12.247] [DEBUG] params_type = <class 'dict'> (type: type)
[22:13:12.247] [DEBUG] algorithm_name = RasterPlotAnalysis (type: str)
[22:13:12.247] [DEBUG] data_items_type = <class 'list'> (type: type)
[22:13:12.247] [DEBUG] data_items_len = 2 (type: int)
[22:13:12.247] [DEBUG] parameters_type = <class 'dict'> (type: type)
[22:13:12.247] [DEBUG] time_alignment_type = <class 'NoneType'> (type: type)
[22:13:12.247] [INFO] data_items[0] type: <class 'dict'>
[22:13:12.247] [INFO] data_items[0] keys: ['id', 'display_name', 'trial_name', 'data_type', 'description', 'time_range']
[22:13:12.247] [INFO] ============================================================
[22:13:12.247] [INFO] _run_analysis_async 被调用
[22:13:12.247] [DEBUG] algorithm_name = RasterPlotAnalysis (type: str)
[22:13:12.247] [DEBUG] data_items_type = <class 'list'> (type: type)
[22:13:12.247] [DEBUG] data_items_len = 2 (type: int)
[22:13:12.247] [DEBUG] parameters_keys = ['pre_time', 'post_time', 'sort_by', 'show_baseline'] (type: list)
[22:13:12.247] [INFO] data_items[0] type: <class 'dict'>
[22:13:12.247] [INFO] data_items[0] keys: ['id', 'display_name', 'trial_name', 'data_type', 'description', 'time_range']
[22:13:22.268] [INFO] _get_selected_data_items 被调用
[22:13:22.270] [DEBUG] selected_data_items_len = 2 (type: int)
[22:13:22.270] [DEBUG] selected_data_items_0_type = <class 'dict'> (type: type)
[22:13:22.270] [DEBUG] selected_data_items_1_type = <class 'dict'> (type: type)
[22:13:22.270] [INFO] 返回 2 个有效数据项
[22:13:30.461] [INFO] ============================================================
[22:13:30.463] [INFO] _on_run_clicked 被调用
[22:13:30.463] [INFO] _get_selected_data_items 被调用
[22:13:30.463] [DEBUG] selected_data_items_len = 2 (type: int)
[22:13:30.463] [DEBUG] selected_data_items_0_type = <class 'dict'> (type: type)
[22:13:30.463] [DEBUG] selected_data_items_1_type = <class 'dict'> (type: type)
[22:13:30.463] [INFO] 返回 2 个有效数据项
[22:13:30.463] [DEBUG] selected_data_type = <class 'list'> (type: type)
[22:13:30.463] [DEBUG] selected_data_len = 2 (type: int)
[22:13:30.463] [DEBUG] item_0_type = <class 'dict'> (type: type)
[22:13:30.463] [INFO] item[0] keys: ['id', 'display_name', 'trial_name', 'data_type', 'description', 'time_range']
[22:13:30.463] [DEBUG] item_1_type = <class 'dict'> (type: type)
[22:13:30.463] [INFO] item[1] keys: ['id', 'display_name', 'trial_name', 'data_type', 'description', 'time_range']
[22:13:30.463] [DEBUG] parameters_keys = ['pre_time', 'post_time', 'sort_by', 'show_baseline'] (type: list)
[22:13:30.463] [DEBUG] algorithm_name = RasterPlotAnalysis (type: str)
[22:13:30.463] [DEBUG] current_algorithm = RasterPlotAnalysis (type: str)
[22:13:30.463] [INFO] 时间对齐配置: {'global_start': 0.0, 'global_duration': 84.812, 'sync_mode': 'global', 'data_configs': {'FC_Grating_014_Spikes': {'original_range': (0.0, 84.812), 'start_time': 0.0, 'duration': 84.812}, 'FC_Grating_014_Events': {'original_range': (0.0, 84.812), 'start_time': 0.0, 'duration': 84.812}}}
[22:13:30.463] [INFO] 发送请求: algorithm=RasterPlotAnalysis, data_items数量=2
[22:13:30.463] [INFO] ============================================================
[22:13:30.463] [INFO] _on_run_analysis 被调用
[22:13:30.463] [DEBUG] params_type = <class 'dict'> (type: type)
[22:13:30.463] [DEBUG] algorithm_name = RasterPlotAnalysis (type: str)
[22:13:30.463] [DEBUG] data_items_type = <class 'list'> (type: type)
[22:13:30.463] [DEBUG] data_items_len = 2 (type: int)
[22:13:30.463] [DEBUG] parameters_type = <class 'dict'> (type: type)
[22:13:30.463] [DEBUG] time_alignment_type = <class 'dict'> (type: type)
[22:13:30.463] [INFO] data_items[0] type: <class 'dict'>
[22:13:30.463] [INFO] data_items[0] keys: ['id', 'display_name', 'trial_name', 'data_type', 'description', 'time_range']
[22:13:30.463] [INFO] ============================================================
[22:13:30.463] [INFO] _run_analysis_async 被调用
[22:13:30.463] [DEBUG] algorithm_name = RasterPlotAnalysis (type: str)
[22:13:30.463] [DEBUG] data_items_type = <class 'list'> (type: type)
[22:13:30.463] [DEBUG] data_items_len = 2 (type: int)
[22:13:30.463] [DEBUG] parameters_keys = ['pre_time', 'post_time', 'sort_by', 'show_baseline', 'time_alignment'] (type: list)
[22:13:30.463] [INFO] data_items[0] type: <class 'dict'>
[22:13:30.463] [INFO] data_items[0] keys: ['id', 'display_name', 'trial_name', 'data_type', 'description', 'time_range']
