[18:41:44.499] [INFO] ============================================================
[18:41:44.499] [INFO] NeuroPrime 调试日志
[18:41:44.499] [INFO] 启动时间: 2026-04-15 18:41:44
[18:41:44.499] [INFO] Python版本: 3.10.10 (tags/v3.10.10:aad5f6a, Feb  7 2023, 17:20:36) [MSC v.1929 64 bit (AMD64)]
[18:41:44.499] [INFO] 日志文件: c:\Users\buaal\Desktop\NeuroPrime\logs\debug_20260415_184144.log
[18:41:44.499] [INFO] ============================================================
[18:41:45.780] [INFO] [Scheduler] NEUROPRIME_ROOT = c:\Users\buaal\Desktop\NeuroPrime
[18:41:45.780] [INFO] [Scheduler] Looking for custom algorithms in: c:\Users\buaal\Desktop\NeuroPrime\custom_algorithms
[18:41:45.780] [INFO] [Scheduler] Current working directory: c:\Users\buaal\Desktop\NeuroPrime
[18:41:45.780] [INFO] [Scheduler] Script directory: c:\Users\buaal\Desktop\NeuroPrime\src\algorithms
[18:41:45.780] [INFO] [Scheduler] Custom algorithms directory exists: c:\Users\buaal\Desktop\NeuroPrime\custom_algorithms
[18:41:45.781] [INFO] [Scheduler] Found 10 Python files: ['aaaa.py', 'customalgorithm.py', 'customalgorithmnew.py', 'customalgorithmtest.py', 'new.py', 'newnew.py', 'newnewnew.py', 'testscriptalgorithm.py', 'view_raw_lfp_data.py', '__init__.py']
[18:41:45.781] [INFO] [Scheduler] Loading custom algorithm from: c:\Users\buaal\Desktop\NeuroPrime\custom_algorithms\aaaa.py
[18:41:46.103] [INFO] [Scheduler] Loaded custom algorithm from ALGORITHM_INFO: aaaa
[18:41:46.103] [INFO] [Scheduler] Searching for algorithm classes in c:\Users\buaal\Desktop\NeuroPrime\custom_algorithms\aaaa.py...
[18:41:46.103] [INFO] [Scheduler] Loaded custom algorithm: CustomAlgorithm
[18:41:46.103] [INFO] [Scheduler] Loading custom algorithm from: c:\Users\buaal\Desktop\NeuroPrime\custom_algorithms\customalgorithm.py
[18:41:46.103] [INFO] [Scheduler] Loaded custom algorithm from ALGORITHM_INFO: CustomAlgorithm
[18:41:46.103] [INFO] [Scheduler] Searching for algorithm classes in c:\Users\buaal\Desktop\NeuroPrime\custom_algorithms\customalgorithm.py...
[18:41:46.103] [INFO] [Scheduler] Loaded custom algorithm: CustomAlgorithm
[18:41:46.103] [INFO] [Scheduler] Loading custom algorithm from: c:\Users\buaal\Desktop\NeuroPrime\custom_algorithms\customalgorithmnew.py
[18:41:46.104] [INFO] [Scheduler] Loaded custom algorithm from ALGORITHM_INFO: CustomAlgorithmNew
[18:41:46.104] [INFO] [Scheduler] Searching for algorithm classes in c:\Users\buaal\Desktop\NeuroPrime\custom_algorithms\customalgorithmnew.py...
[18:41:46.104] [INFO] [Scheduler] Loaded custom algorithm: CustomAlgorithm
[18:41:46.104] [INFO] [Scheduler] Loading custom algorithm from: c:\Users\buaal\Desktop\NeuroPrime\custom_algorithms\customalgorithmtest.py
[18:41:46.104] [INFO] [Scheduler] Loaded custom algorithm from ALGORITHM_INFO: CustomAlgorithmTest
[18:41:46.104] [INFO] [Scheduler] Searching for algorithm classes in c:\Users\buaal\Desktop\NeuroPrime\custom_algorithms\customalgorithmtest.py...
[18:41:46.104] [INFO] [Scheduler] Loaded custom algorithm: CustomAlgorithm
[18:41:46.104] [INFO] [Scheduler] Loading custom algorithm from: c:\Users\buaal\Desktop\NeuroPrime\custom_algorithms\new.py
[18:41:46.104] [INFO] [Scheduler] Loaded custom algorithm from ALGORITHM_INFO: New
[18:41:46.104] [INFO] [Scheduler] Searching for algorithm classes in c:\Users\buaal\Desktop\NeuroPrime\custom_algorithms\new.py...
[18:41:46.104] [INFO] [Scheduler] Loaded custom algorithm: CustomAlgorithm
[18:41:46.104] [INFO] [Scheduler] Loading custom algorithm from: c:\Users\buaal\Desktop\NeuroPrime\custom_algorithms\newnew.py
[18:41:46.106] [INFO] [Scheduler] Loaded custom algorithm from ALGORITHM_INFO: newnew
[18:41:46.106] [INFO] [Scheduler] Searching for algorithm classes in c:\Users\buaal\Desktop\NeuroPrime\custom_algorithms\newnew.py...
[18:41:46.106] [INFO] [Scheduler] Loaded custom algorithm: CustomAlgorithm
[18:41:46.106] [INFO] [Scheduler] Loading custom algorithm from: c:\Users\buaal\Desktop\NeuroPrime\custom_algorithms\newnewnew.py
[18:41:46.106] [INFO] [Scheduler] Loaded custom algorithm from ALGORITHM_INFO: newnewnew
[18:41:46.106] [INFO] [Scheduler] Searching for algorithm classes in c:\Users\buaal\Desktop\NeuroPrime\custom_algorithms\newnewnew.py...
[18:41:46.106] [INFO] [Scheduler] Loaded custom algorithm: CustomAlgorithm
[18:41:46.106] [INFO] [Scheduler] Loading custom algorithm from: c:\Users\buaal\Desktop\NeuroPrime\custom_algorithms\testscriptalgorithm.py
[18:41:46.106] [INFO] [Scheduler] Loaded custom algorithm from ALGORITHM_INFO: TestScriptAlgorithm
[18:41:46.106] [INFO] [Scheduler] Searching for algorithm classes in c:\Users\buaal\Desktop\NeuroPrime\custom_algorithms\testscriptalgorithm.py...
[18:41:46.106] [INFO] [Scheduler] Loaded custom algorithm: CustomAlgorithm
[18:41:46.106] [INFO] [Scheduler] Loading custom algorithm from: c:\Users\buaal\Desktop\NeuroPrime\custom_algorithms\view_raw_lfp_data.py
[18:41:46.107] [INFO] [Scheduler] Loaded custom algorithm from ALGORITHM_INFO: ViewRawLFPData
[18:41:46.107] [INFO] [Scheduler] Searching for algorithm classes in c:\Users\buaal\Desktop\NeuroPrime\custom_algorithms\view_raw_lfp_data.py...
[18:41:46.107] [INFO] [Scheduler] Loaded custom algorithm: ViewRawLFPData
[18:42:17.613] [INFO] add_data_item 被调用
[18:42:17.613] [DEBUG] data_item_type = <class 'dict'> (type: type)
[18:42:18.949] [INFO] ============================================================
[18:42:18.949] [INFO] _populate_custom_algorithms started
[18:42:18.950] [INFO] Attempting to reload custom algorithms...
[18:42:18.950] [INFO] [Scheduler] NEUROPRIME_ROOT = c:\Users\buaal\Desktop\NeuroPrime
[18:42:18.950] [INFO] [Scheduler] Looking for custom algorithms in: c:\Users\buaal\Desktop\NeuroPrime\custom_algorithms
[18:42:18.950] [INFO] [Scheduler] Current working directory: c:\Users\buaal\Desktop\NeuroPrime
[18:42:18.950] [INFO] [Scheduler] Script directory: c:\Users\buaal\Desktop\NeuroPrime\src\algorithms
[18:42:18.950] [INFO] [Scheduler] Custom algorithms directory exists: c:\Users\buaal\Desktop\NeuroPrime\custom_algorithms
[18:42:18.950] [INFO] [Scheduler] Found 10 Python files: ['aaaa.py', 'customalgorithm.py', 'customalgorithmnew.py', 'customalgorithmtest.py', 'new.py', 'newnew.py', 'newnewnew.py', 'testscriptalgorithm.py', 'view_raw_lfp_data.py', '__init__.py']
[18:42:18.950] [INFO] [Scheduler] Loading custom algorithm from: c:\Users\buaal\Desktop\NeuroPrime\custom_algorithms\aaaa.py
[18:42:18.952] [INFO] [Scheduler] Loaded custom algorithm from ALGORITHM_INFO: aaaa
[18:42:18.952] [INFO] [Scheduler] Searching for algorithm classes in c:\Users\buaal\Desktop\NeuroPrime\custom_algorithms\aaaa.py...
[18:42:18.952] [INFO] [Scheduler] Loaded custom algorithm: CustomAlgorithm
[18:42:18.952] [INFO] [Scheduler] Loading custom algorithm from: c:\Users\buaal\Desktop\NeuroPrime\custom_algorithms\customalgorithm.py
[18:42:18.952] [INFO] [Scheduler] Loaded custom algorithm from ALGORITHM_INFO: CustomAlgorithm
[18:42:18.952] [INFO] [Scheduler] Searching for algorithm classes in c:\Users\buaal\Desktop\NeuroPrime\custom_algorithms\customalgorithm.py...
[18:42:18.952] [INFO] [Scheduler] Loaded custom algorithm: CustomAlgorithm
[18:42:18.952] [INFO] [Scheduler] Loading custom algorithm from: c:\Users\buaal\Desktop\NeuroPrime\custom_algorithms\customalgorithmnew.py
[18:42:18.952] [INFO] [Scheduler] Loaded custom algorithm from ALGORITHM_INFO: CustomAlgorithmNew
[18:42:18.952] [INFO] [Scheduler] Searching for algorithm classes in c:\Users\buaal\Desktop\NeuroPrime\custom_algorithms\customalgorithmnew.py...
[18:42:18.952] [INFO] [Scheduler] Loaded custom algorithm: CustomAlgorithm
[18:42:18.952] [INFO] [Scheduler] Loading custom algorithm from: c:\Users\buaal\Desktop\NeuroPrime\custom_algorithms\customalgorithmtest.py
[18:42:18.952] [INFO] [Scheduler] Loaded custom algorithm from ALGORITHM_INFO: CustomAlgorithmTest
[18:42:18.952] [INFO] [Scheduler] Searching for algorithm classes in c:\Users\buaal\Desktop\NeuroPrime\custom_algorithms\customalgorithmtest.py...
[18:42:18.952] [INFO] [Scheduler] Loaded custom algorithm: CustomAlgorithm
[18:42:18.952] [INFO] [Scheduler] Loading custom algorithm from: c:\Users\buaal\Desktop\NeuroPrime\custom_algorithms\new.py
[18:42:18.953] [INFO] [Scheduler] Loaded custom algorithm from ALGORITHM_INFO: New
[18:42:18.953] [INFO] [Scheduler] Searching for algorithm classes in c:\Users\buaal\Desktop\NeuroPrime\custom_algorithms\new.py...
[18:42:18.953] [INFO] [Scheduler] Loaded custom algorithm: CustomAlgorithm
[18:42:18.953] [INFO] [Scheduler] Loading custom algorithm from: c:\Users\buaal\Desktop\NeuroPrime\custom_algorithms\newnew.py
[18:42:18.954] [INFO] [Scheduler] Loaded custom algorithm from ALGORITHM_INFO: newnew
[18:42:18.954] [INFO] [Scheduler] Searching for algorithm classes in c:\Users\buaal\Desktop\NeuroPrime\custom_algorithms\newnew.py...
[18:42:18.954] [INFO] [Scheduler] Loaded custom algorithm: CustomAlgorithm
[18:42:18.954] [INFO] [Scheduler] Loading custom algorithm from: c:\Users\buaal\Desktop\NeuroPrime\custom_algorithms\newnewnew.py
[18:42:18.954] [INFO] [Scheduler] Loaded custom algorithm from ALGORITHM_INFO: newnewnew
[18:42:18.954] [INFO] [Scheduler] Searching for algorithm classes in c:\Users\buaal\Desktop\NeuroPrime\custom_algorithms\newnewnew.py...
[18:42:18.954] [INFO] [Scheduler] Loaded custom algorithm: CustomAlgorithm
[18:42:18.954] [INFO] [Scheduler] Loading custom algorithm from: c:\Users\buaal\Desktop\NeuroPrime\custom_algorithms\testscriptalgorithm.py
[18:42:18.954] [INFO] [Scheduler] Loaded custom algorithm from ALGORITHM_INFO: TestScriptAlgorithm
[18:42:18.954] [INFO] [Scheduler] Searching for algorithm classes in c:\Users\buaal\Desktop\NeuroPrime\custom_algorithms\testscriptalgorithm.py...
[18:42:18.954] [INFO] [Scheduler] Loaded custom algorithm: CustomAlgorithm
[18:42:18.954] [INFO] [Scheduler] Loading custom algorithm from: c:\Users\buaal\Desktop\NeuroPrime\custom_algorithms\view_raw_lfp_data.py
[18:42:18.955] [INFO] [Scheduler] Loaded custom algorithm from ALGORITHM_INFO: ViewRawLFPData
[18:42:18.955] [INFO] [Scheduler] Searching for algorithm classes in c:\Users\buaal\Desktop\NeuroPrime\custom_algorithms\view_raw_lfp_data.py...
[18:42:18.955] [INFO] [Scheduler] Loaded custom algorithm: ViewRawLFPData
[18:42:18.955] [INFO] Custom algorithms reload completed
[18:42:18.955] [INFO] Total algorithms available: 17
[18:42:18.955] [INFO] Algorithm list: ['SpikeDetectionThreshold:Spike', 'SpikeSortingPCA:Spike', 'LFPPowerSpectrum:LFP', 'LFPSpectrogram:LFP', 'PSTHAnalysis:Behavior', 'RasterPlotAnalysis:Behavior', 'TuningCurveAnalysis:Behavior', 'ROCAnalysis:Behavior', 'LDADecoder:Decoding', 'aaaa:自定义算法', 'CustomAlgorithm:Custom', 'CustomAlgorithmNew:Custom', 'CustomAlgorithmTest:自定义算法', 'New:自定义算法', 'newnew:自定义算法', 'newnewnew:自定义算法', 'ViewRawLFPData:自定义算法']
[18:42:18.955] [INFO] Added custom algorithm: aaaa (category: 自定义算法)
[18:42:18.955] [INFO] Added custom algorithm: CustomAlgorithm (category: Custom)
[18:42:18.955] [INFO] Added custom algorithm: CustomAlgorithmNew (category: Custom)
[18:42:18.955] [INFO] Added custom algorithm: CustomAlgorithmTest (category: 自定义算法)
[18:42:18.955] [INFO] Added custom algorithm: New (category: 自定义算法)
[18:42:18.955] [INFO] Added custom algorithm: newnew (category: 自定义算法)
[18:42:18.955] [INFO] Added custom algorithm: newnewnew (category: 自定义算法)
[18:42:18.955] [INFO] Added custom algorithm: ViewRawLFPData (category: 自定义算法)
[18:42:18.955] [INFO] Total custom algorithms added: 8
[18:42:18.955] [INFO] ============================================================
[18:42:25.248] [INFO] ============================================================
[18:42:25.248] [INFO] _on_run_clicked 被调用
[18:42:25.248] [INFO] _get_selected_data_items 被调用
[18:42:25.248] [DEBUG] selected_data_items_len = 1 (type: int)
[18:42:25.248] [DEBUG] selected_data_items_0_type = <class 'dict'> (type: type)
[18:42:25.248] [INFO] 返回 1 个有效数据项
[18:42:25.248] [DEBUG] selected_data_type = <class 'list'> (type: type)
[18:42:25.248] [DEBUG] selected_data_len = 1 (type: int)
[18:42:25.248] [DEBUG] item_0_type = <class 'dict'> (type: type)
[18:42:25.248] [INFO] item[0] keys: ['id', 'display_name', 'trial_name', 'data_type', 'description', 'time_range']
[18:42:25.248] [INFO] 自定义算法使用默认参数: {'threshold': 3.0}
[18:42:25.249] [DEBUG] parameters_keys = ['threshold'] (type: list)
[18:42:25.249] [DEBUG] algorithm_name = aaaa (type: str)
[18:42:25.249] [DEBUG] current_algorithm = aaaa (type: str)
[18:42:25.249] [INFO] 发送请求: algorithm=aaaa, data_items数量=1
[18:42:25.249] [INFO] ============================================================
[18:42:25.249] [INFO] _on_run_analysis 被调用
[18:42:25.249] [DEBUG] params_type = <class 'dict'> (type: type)
[18:42:25.249] [DEBUG] algorithm_name = aaaa (type: str)
[18:42:25.249] [DEBUG] data_items_type = <class 'list'> (type: type)
[18:42:25.249] [DEBUG] data_items_len = 1 (type: int)
[18:42:25.249] [DEBUG] parameters_type = <class 'dict'> (type: type)
[18:42:25.249] [DEBUG] time_alignment_type = <class 'NoneType'> (type: type)
[18:42:25.249] [INFO] data_items[0] type: <class 'dict'>
[18:42:25.249] [INFO] data_items[0] keys: ['id', 'display_name', 'trial_name', 'data_type', 'description', 'time_range']
[18:42:25.249] [INFO] ============================================================
[18:42:25.249] [INFO] _run_analysis_async 被调用
[18:42:25.249] [DEBUG] algorithm_name = aaaa (type: str)
[18:42:25.249] [DEBUG] data_items_type = <class 'list'> (type: type)
[18:42:25.249] [DEBUG] data_items_len = 1 (type: int)
[18:42:25.249] [DEBUG] parameters_keys = ['threshold'] (type: list)
[18:42:25.250] [INFO] data_items[0] type: <class 'dict'>
[18:42:25.250] [INFO] data_items[0] keys: ['id', 'display_name', 'trial_name', 'data_type', 'description', 'time_range']
[18:42:30.341] [INFO] ============================================================
[18:42:30.341] [INFO] _on_run_clicked 被调用
[18:42:30.341] [INFO] _get_selected_data_items 被调用
[18:42:30.341] [DEBUG] selected_data_items_len = 1 (type: int)
[18:42:30.341] [DEBUG] selected_data_items_0_type = <class 'dict'> (type: type)
[18:42:30.341] [INFO] 返回 1 个有效数据项
[18:42:30.341] [DEBUG] selected_data_type = <class 'list'> (type: type)
[18:42:30.341] [DEBUG] selected_data_len = 1 (type: int)
[18:42:30.341] [DEBUG] item_0_type = <class 'dict'> (type: type)
[18:42:30.341] [INFO] item[0] keys: ['id', 'display_name', 'trial_name', 'data_type', 'description', 'time_range']
[18:42:30.341] [INFO] 自定义算法使用默认参数: {'threshold': 3.0}
[18:42:30.341] [DEBUG] parameters_keys = ['threshold'] (type: list)
[18:42:30.341] [DEBUG] algorithm_name = aaaa (type: str)
[18:42:30.341] [DEBUG] current_algorithm = aaaa (type: str)
[18:42:30.341] [INFO] 发送请求: algorithm=aaaa, data_items数量=1
[18:42:30.341] [INFO] ============================================================
[18:42:30.341] [INFO] _on_run_analysis 被调用
[18:42:30.341] [DEBUG] params_type = <class 'dict'> (type: type)
[18:42:30.341] [DEBUG] algorithm_name = aaaa (type: str)
[18:42:30.341] [DEBUG] data_items_type = <class 'list'> (type: type)
[18:42:30.341] [DEBUG] data_items_len = 1 (type: int)
[18:42:30.341] [DEBUG] parameters_type = <class 'dict'> (type: type)
[18:42:30.341] [DEBUG] time_alignment_type = <class 'NoneType'> (type: type)
[18:42:30.341] [INFO] data_items[0] type: <class 'dict'>
[18:42:30.341] [INFO] data_items[0] keys: ['id', 'display_name', 'trial_name', 'data_type', 'description', 'time_range']
[18:42:30.341] [INFO] ============================================================
[18:42:30.342] [INFO] _run_analysis_async 被调用
[18:42:30.342] [DEBUG] algorithm_name = aaaa (type: str)
[18:42:30.342] [DEBUG] data_items_type = <class 'list'> (type: type)
[18:42:30.342] [DEBUG] data_items_len = 1 (type: int)
[18:42:30.342] [DEBUG] parameters_keys = ['threshold'] (type: list)
[18:42:30.342] [INFO] data_items[0] type: <class 'dict'>
[18:42:30.343] [INFO] data_items[0] keys: ['id', 'display_name', 'trial_name', 'data_type', 'description', 'time_range']
[18:42:50.139] [INFO] [Scheduler] NEUROPRIME_ROOT = c:\Users\buaal\Desktop\NeuroPrime
[18:42:50.139] [INFO] [Scheduler] Looking for custom algorithms in: c:\Users\buaal\Desktop\NeuroPrime\custom_algorithms
[18:42:50.139] [INFO] [Scheduler] Current working directory: c:\Users\buaal\Desktop\NeuroPrime
[18:42:50.139] [INFO] [Scheduler] Script directory: c:\Users\buaal\Desktop\NeuroPrime\src\algorithms
[18:42:50.139] [INFO] [Scheduler] Custom algorithms directory exists: c:\Users\buaal\Desktop\NeuroPrime\custom_algorithms
[18:42:50.139] [INFO] [Scheduler] Found 11 Python files: ['aaaa.py', 'customalgorithm.py', 'customalgorithmnew.py', 'customalgorithmtest.py', 'new.py', 'newnew.py', 'newnewnew.py', 'newnewnewnewnewn.py', 'testscriptalgorithm.py', 'view_raw_lfp_data.py', '__init__.py']
[18:42:50.139] [INFO] [Scheduler] Loading custom algorithm from: c:\Users\buaal\Desktop\NeuroPrime\custom_algorithms\aaaa.py
[18:42:50.140] [INFO] [Scheduler] Loaded custom algorithm from ALGORITHM_INFO: aaaa
[18:42:50.140] [INFO] [Scheduler] Searching for algorithm classes in c:\Users\buaal\Desktop\NeuroPrime\custom_algorithms\aaaa.py...
[18:42:50.140] [INFO] [Scheduler] Loaded custom algorithm: CustomAlgorithm
[18:42:50.140] [INFO] [Scheduler] Loading custom algorithm from: c:\Users\buaal\Desktop\NeuroPrime\custom_algorithms\customalgorithm.py
[18:42:50.140] [INFO] [Scheduler] Loaded custom algorithm from ALGORITHM_INFO: CustomAlgorithm
[18:42:50.140] [INFO] [Scheduler] Searching for algorithm classes in c:\Users\buaal\Desktop\NeuroPrime\custom_algorithms\customalgorithm.py...
[18:42:50.140] [INFO] [Scheduler] Loaded custom algorithm: CustomAlgorithm
[18:42:50.140] [INFO] [Scheduler] Loading custom algorithm from: c:\Users\buaal\Desktop\NeuroPrime\custom_algorithms\customalgorithmnew.py
[18:42:50.140] [INFO] [Scheduler] Loaded custom algorithm from ALGORITHM_INFO: CustomAlgorithmNew
[18:42:50.140] [INFO] [Scheduler] Searching for algorithm classes in c:\Users\buaal\Desktop\NeuroPrime\custom_algorithms\customalgorithmnew.py...
[18:42:50.140] [INFO] [Scheduler] Loaded custom algorithm: CustomAlgorithm
[18:42:50.140] [INFO] [Scheduler] Loading custom algorithm from: c:\Users\buaal\Desktop\NeuroPrime\custom_algorithms\customalgorithmtest.py
[18:42:50.141] [INFO] [Scheduler] Loaded custom algorithm from ALGORITHM_INFO: CustomAlgorithmTest
[18:42:50.141] [INFO] [Scheduler] Searching for algorithm classes in c:\Users\buaal\Desktop\NeuroPrime\custom_algorithms\customalgorithmtest.py...
[18:42:50.141] [INFO] [Scheduler] Loaded custom algorithm: CustomAlgorithm
[18:42:50.141] [INFO] [Scheduler] Loading custom algorithm from: c:\Users\buaal\Desktop\NeuroPrime\custom_algorithms\new.py
[18:42:50.141] [INFO] [Scheduler] Loaded custom algorithm from ALGORITHM_INFO: New
[18:42:50.141] [INFO] [Scheduler] Searching for algorithm classes in c:\Users\buaal\Desktop\NeuroPrime\custom_algorithms\new.py...
[18:42:50.141] [INFO] [Scheduler] Loaded custom algorithm: CustomAlgorithm
[18:42:50.141] [INFO] [Scheduler] Loading custom algorithm from: c:\Users\buaal\Desktop\NeuroPrime\custom_algorithms\newnew.py
[18:42:50.141] [INFO] [Scheduler] Loaded custom algorithm from ALGORITHM_INFO: newnew
[18:42:50.141] [INFO] [Scheduler] Searching for algorithm classes in c:\Users\buaal\Desktop\NeuroPrime\custom_algorithms\newnew.py...
[18:42:50.141] [INFO] [Scheduler] Loaded custom algorithm: CustomAlgorithm
[18:42:50.141] [INFO] [Scheduler] Loading custom algorithm from: c:\Users\buaal\Desktop\NeuroPrime\custom_algorithms\newnewnew.py
[18:42:50.142] [INFO] [Scheduler] Loaded custom algorithm from ALGORITHM_INFO: newnewnew
[18:42:50.142] [INFO] [Scheduler] Searching for algorithm classes in c:\Users\buaal\Desktop\NeuroPrime\custom_algorithms\newnewnew.py...
[18:42:50.142] [INFO] [Scheduler] Loaded custom algorithm: CustomAlgorithm
[18:42:50.142] [INFO] [Scheduler] Loading custom algorithm from: c:\Users\buaal\Desktop\NeuroPrime\custom_algorithms\newnewnewnewnewn.py
[18:42:50.143] [INFO] [Scheduler] Loaded custom algorithm from ALGORITHM_INFO: newnewnewnewnewn
[18:42:50.143] [INFO] [Scheduler] Searching for algorithm classes in c:\Users\buaal\Desktop\NeuroPrime\custom_algorithms\newnewnewnewnewn.py...
[18:42:50.143] [INFO] [Scheduler] Loaded custom algorithm: CustomAlgorithm
[18:42:50.143] [INFO] [Scheduler] Loading custom algorithm from: c:\Users\buaal\Desktop\NeuroPrime\custom_algorithms\testscriptalgorithm.py
[18:42:50.144] [INFO] [Scheduler] Loaded custom algorithm from ALGORITHM_INFO: TestScriptAlgorithm
[18:42:50.144] [INFO] [Scheduler] Searching for algorithm classes in c:\Users\buaal\Desktop\NeuroPrime\custom_algorithms\testscriptalgorithm.py...
[18:42:50.144] [INFO] [Scheduler] Loaded custom algorithm: CustomAlgorithm
[18:42:50.144] [INFO] [Scheduler] Loading custom algorithm from: c:\Users\buaal\Desktop\NeuroPrime\custom_algorithms\view_raw_lfp_data.py
[18:42:50.144] [INFO] [Scheduler] Loaded custom algorithm from ALGORITHM_INFO: ViewRawLFPData
[18:42:50.144] [INFO] [Scheduler] Searching for algorithm classes in c:\Users\buaal\Desktop\NeuroPrime\custom_algorithms\view_raw_lfp_data.py...
[18:42:50.144] [INFO] [Scheduler] Loaded custom algorithm: ViewRawLFPData
[18:42:50.144] [INFO] ============================================================
[18:42:50.144] [INFO] _populate_custom_algorithms started
[18:42:50.144] [INFO] Attempting to reload custom algorithms...
[18:42:50.144] [INFO] [Scheduler] NEUROPRIME_ROOT = c:\Users\buaal\Desktop\NeuroPrime
[18:42:50.144] [INFO] [Scheduler] Looking for custom algorithms in: c:\Users\buaal\Desktop\NeuroPrime\custom_algorithms
[18:42:50.144] [INFO] [Scheduler] Current working directory: c:\Users\buaal\Desktop\NeuroPrime
[18:42:50.144] [INFO] [Scheduler] Script directory: c:\Users\buaal\Desktop\NeuroPrime\src\algorithms
[18:42:50.144] [INFO] [Scheduler] Custom algorithms directory exists: c:\Users\buaal\Desktop\NeuroPrime\custom_algorithms
[18:42:50.145] [INFO] [Scheduler] Found 11 Python files: ['aaaa.py', 'customalgorithm.py', 'customalgorithmnew.py', 'customalgorithmtest.py', 'new.py', 'newnew.py', 'newnewnew.py', 'newnewnewnewnewn.py', 'testscriptalgorithm.py', 'view_raw_lfp_data.py', '__init__.py']
[18:42:50.145] [INFO] [Scheduler] Loading custom algorithm from: c:\Users\buaal\Desktop\NeuroPrime\custom_algorithms\aaaa.py
[18:42:50.145] [INFO] [Scheduler] Loaded custom algorithm from ALGORITHM_INFO: aaaa
[18:42:50.145] [INFO] [Scheduler] Searching for algorithm classes in c:\Users\buaal\Desktop\NeuroPrime\custom_algorithms\aaaa.py...
[18:42:50.145] [INFO] [Scheduler] Loaded custom algorithm: CustomAlgorithm
[18:42:50.145] [INFO] [Scheduler] Loading custom algorithm from: c:\Users\buaal\Desktop\NeuroPrime\custom_algorithms\customalgorithm.py
[18:42:50.145] [INFO] [Scheduler] Loaded custom algorithm from ALGORITHM_INFO: CustomAlgorithm
[18:42:50.145] [INFO] [Scheduler] Searching for algorithm classes in c:\Users\buaal\Desktop\NeuroPrime\custom_algorithms\customalgorithm.py...
[18:42:50.145] [INFO] [Scheduler] Loaded custom algorithm: CustomAlgorithm
[18:42:50.145] [INFO] [Scheduler] Loading custom algorithm from: c:\Users\buaal\Desktop\NeuroPrime\custom_algorithms\customalgorithmnew.py
[18:42:50.145] [INFO] [Scheduler] Loaded custom algorithm from ALGORITHM_INFO: CustomAlgorithmNew
[18:42:50.145] [INFO] [Scheduler] Searching for algorithm classes in c:\Users\buaal\Desktop\NeuroPrime\custom_algorithms\customalgorithmnew.py...
[18:42:50.145] [INFO] [Scheduler] Loaded custom algorithm: CustomAlgorithm
[18:42:50.145] [INFO] [Scheduler] Loading custom algorithm from: c:\Users\buaal\Desktop\NeuroPrime\custom_algorithms\customalgorithmtest.py
[18:42:50.145] [INFO] [Scheduler] Loaded custom algorithm from ALGORITHM_INFO: CustomAlgorithmTest
[18:42:50.145] [INFO] [Scheduler] Searching for algorithm classes in c:\Users\buaal\Desktop\NeuroPrime\custom_algorithms\customalgorithmtest.py...
[18:42:50.146] [INFO] [Scheduler] Loaded custom algorithm: CustomAlgorithm
[18:42:50.146] [INFO] [Scheduler] Loading custom algorithm from: c:\Users\buaal\Desktop\NeuroPrime\custom_algorithms\new.py
[18:42:50.146] [INFO] [Scheduler] Loaded custom algorithm from ALGORITHM_INFO: New
[18:42:50.146] [INFO] [Scheduler] Searching for algorithm classes in c:\Users\buaal\Desktop\NeuroPrime\custom_algorithms\new.py...
[18:42:50.146] [INFO] [Scheduler] Loaded custom algorithm: CustomAlgorithm
[18:42:50.146] [INFO] [Scheduler] Loading custom algorithm from: c:\Users\buaal\Desktop\NeuroPrime\custom_algorithms\newnew.py
[18:42:50.146] [INFO] [Scheduler] Loaded custom algorithm from ALGORITHM_INFO: newnew
[18:42:50.146] [INFO] [Scheduler] Searching for algorithm classes in c:\Users\buaal\Desktop\NeuroPrime\custom_algorithms\newnew.py...
[18:42:50.146] [INFO] [Scheduler] Loaded custom algorithm: CustomAlgorithm
[18:42:50.146] [INFO] [Scheduler] Loading custom algorithm from: c:\Users\buaal\Desktop\NeuroPrime\custom_algorithms\newnewnew.py
[18:42:50.146] [INFO] [Scheduler] Loaded custom algorithm from ALGORITHM_INFO: newnewnew
[18:42:50.146] [INFO] [Scheduler] Searching for algorithm classes in c:\Users\buaal\Desktop\NeuroPrime\custom_algorithms\newnewnew.py...
[18:42:50.146] [INFO] [Scheduler] Loaded custom algorithm: CustomAlgorithm
[18:42:50.146] [INFO] [Scheduler] Loading custom algorithm from: c:\Users\buaal\Desktop\NeuroPrime\custom_algorithms\newnewnewnewnewn.py
[18:42:50.146] [INFO] [Scheduler] Loaded custom algorithm from ALGORITHM_INFO: newnewnewnewnewn
[18:42:50.146] [INFO] [Scheduler] Searching for algorithm classes in c:\Users\buaal\Desktop\NeuroPrime\custom_algorithms\newnewnewnewnewn.py...
[18:42:50.146] [INFO] [Scheduler] Loaded custom algorithm: CustomAlgorithm
[18:42:50.146] [INFO] [Scheduler] Loading custom algorithm from: c:\Users\buaal\Desktop\NeuroPrime\custom_algorithms\testscriptalgorithm.py
[18:42:50.148] [INFO] [Scheduler] Loaded custom algorithm from ALGORITHM_INFO: TestScriptAlgorithm
[18:42:50.148] [INFO] [Scheduler] Searching for algorithm classes in c:\Users\buaal\Desktop\NeuroPrime\custom_algorithms\testscriptalgorithm.py...
[18:42:50.148] [INFO] [Scheduler] Loaded custom algorithm: CustomAlgorithm
[18:42:50.148] [INFO] [Scheduler] Loading custom algorithm from: c:\Users\buaal\Desktop\NeuroPrime\custom_algorithms\view_raw_lfp_data.py
[18:42:50.148] [INFO] [Scheduler] Loaded custom algorithm from ALGORITHM_INFO: ViewRawLFPData
[18:42:50.148] [INFO] [Scheduler] Searching for algorithm classes in c:\Users\buaal\Desktop\NeuroPrime\custom_algorithms\view_raw_lfp_data.py...
[18:42:50.148] [INFO] [Scheduler] Loaded custom algorithm: ViewRawLFPData
[18:42:50.148] [INFO] Custom algorithms reload completed
[18:42:50.148] [INFO] Total algorithms available: 18
[18:42:50.148] [INFO] Algorithm list: ['SpikeDetectionThreshold:Spike', 'SpikeSortingPCA:Spike', 'LFPPowerSpectrum:LFP', 'LFPSpectrogram:LFP', 'PSTHAnalysis:Behavior', 'RasterPlotAnalysis:Behavior', 'TuningCurveAnalysis:Behavior', 'ROCAnalysis:Behavior', 'LDADecoder:Decoding', 'aaaa:自定义算法', 'CustomAlgorithm:Custom', 'CustomAlgorithmNew:Custom', 'CustomAlgorithmTest:自定义算法', 'New:自定义算法', 'newnew:自定义算法', 'newnewnew:自定义算法', 'ViewRawLFPData:自定义算法', 'newnewnewnewnewn:自定义算法']
[18:42:50.148] [INFO] Added custom algorithm: aaaa (category: 自定义算法)
[18:42:50.148] [INFO] Added custom algorithm: CustomAlgorithm (category: Custom)
[18:42:50.148] [INFO] Added custom algorithm: CustomAlgorithmNew (category: Custom)
[18:42:50.148] [INFO] Added custom algorithm: CustomAlgorithmTest (category: 自定义算法)
[18:42:50.148] [INFO] Added custom algorithm: New (category: 自定义算法)
[18:42:50.148] [INFO] Added custom algorithm: newnew (category: 自定义算法)
[18:42:50.148] [INFO] Added custom algorithm: newnewnew (category: 自定义算法)
[18:42:50.148] [INFO] Added custom algorithm: ViewRawLFPData (category: 自定义算法)
[18:42:50.148] [INFO] Added custom algorithm: newnewnewnewnewn (category: 自定义算法)
[18:42:50.148] [INFO] Total custom algorithms added: 9
[18:42:50.148] [INFO] ============================================================
[18:42:57.580] [INFO] ============================================================
[18:42:57.580] [INFO] _on_run_clicked 被调用
[18:42:57.580] [INFO] _get_selected_data_items 被调用
[18:42:57.580] [DEBUG] selected_data_items_len = 1 (type: int)
[18:42:57.580] [DEBUG] selected_data_items_0_type = <class 'dict'> (type: type)
[18:42:57.580] [INFO] 返回 1 个有效数据项
[18:42:57.580] [DEBUG] selected_data_type = <class 'list'> (type: type)
[18:42:57.580] [DEBUG] selected_data_len = 1 (type: int)
[18:42:57.580] [DEBUG] item_0_type = <class 'dict'> (type: type)
[18:42:57.580] [INFO] item[0] keys: ['id', 'display_name', 'trial_name', 'data_type', 'description', 'time_range']
[18:42:57.580] [INFO] 自定义算法使用默认参数: {'threshold': 3.0}
[18:42:57.580] [DEBUG] parameters_keys = ['threshold'] (type: list)
[18:42:57.580] [DEBUG] algorithm_name = newnewnewnewnewn (type: str)
[18:42:57.580] [DEBUG] current_algorithm = newnewnewnewnewn (type: str)
[18:42:57.580] [INFO] 发送请求: algorithm=newnewnewnewnewn, data_items数量=1
[18:42:57.580] [INFO] ============================================================
[18:42:57.580] [INFO] _on_run_analysis 被调用
[18:42:57.580] [DEBUG] params_type = <class 'dict'> (type: type)
[18:42:57.580] [DEBUG] algorithm_name = newnewnewnewnewn (type: str)
[18:42:57.580] [DEBUG] data_items_type = <class 'list'> (type: type)
[18:42:57.580] [DEBUG] data_items_len = 1 (type: int)
[18:42:57.581] [DEBUG] parameters_type = <class 'dict'> (type: type)
[18:42:57.581] [DEBUG] time_alignment_type = <class 'NoneType'> (type: type)
[18:42:57.581] [INFO] data_items[0] type: <class 'dict'>
[18:42:57.581] [INFO] data_items[0] keys: ['id', 'display_name', 'trial_name', 'data_type', 'description', 'time_range']
[18:42:57.581] [INFO] ============================================================
[18:42:57.581] [INFO] _run_analysis_async 被调用
[18:42:57.581] [DEBUG] algorithm_name = newnewnewnewnewn (type: str)
[18:42:57.581] [DEBUG] data_items_type = <class 'list'> (type: type)
[18:42:57.581] [DEBUG] data_items_len = 1 (type: int)
[18:42:57.581] [DEBUG] parameters_keys = ['threshold'] (type: list)
[18:42:57.581] [INFO] data_items[0] type: <class 'dict'>
[18:42:57.581] [INFO] data_items[0] keys: ['id', 'display_name', 'trial_name', 'data_type', 'description', 'time_range']
