[21:14:01.049] [INFO] ============================================================
[21:14:01.049] [INFO] NeuroPrime 调试日志
[21:14:01.049] [INFO] 启动时间: 2026-04-18 21:14:01
[21:14:01.049] [INFO] Python版本: 3.10.10 (tags/v3.10.10:aad5f6a, Feb  7 2023, 17:20:36) [MSC v.1929 64 bit (AMD64)]
[21:14:01.050] [INFO] 日志文件: C:\Users\buaal\Desktop\NeuroPrime\logs\debug_20260418_211401.log
[21:14:01.050] [INFO] ============================================================
[21:14:02.823] [INFO] [Scheduler] Removed pycache directory: C:\Users\buaal\Desktop\NeuroPrime\custom_algorithms\__pycache__
[21:14:02.823] [INFO] [Scheduler] NEUROPRIME_ROOT = C:\Users\buaal\Desktop\NeuroPrime
[21:14:02.823] [INFO] [Scheduler] Looking for custom algorithms in: C:\Users\buaal\Desktop\NeuroPrime\custom_algorithms
[21:14:02.823] [INFO] [Scheduler] Current working directory: C:\Users\buaal\Desktop\NeuroPrime
[21:14:02.823] [INFO] [Scheduler] Script directory: C:\Users\buaal\Desktop\NeuroPrime\src\algorithms
[21:14:02.824] [INFO] [Scheduler] Custom algorithms directory exists: C:\Users\buaal\Desktop\NeuroPrime\custom_algorithms
[21:14:02.825] [INFO] [Scheduler] Found 7 Python files: ['customalgorithm.py', 'customalgorithmnew.py', 'mnebasicalgorithm.py', 'testscriptalgorithm.py', 'viewlfpdata.py', 'view_raw_lfp_data.py', '__init__.py']
[21:14:02.825] [INFO] [Scheduler] Loading custom algorithm from: C:\Users\buaal\Desktop\NeuroPrime\custom_algorithms\customalgorithm.py
[21:14:03.210] [INFO] [Scheduler] Loaded custom algorithm from ALGORITHM_INFO: CustomAlgorithm
[21:14:03.211] [ERROR] [Scheduler] Error loading custom algorithm from C:\Users\buaal\Desktop\NeuroPrime\custom_algorithms\customalgorithm.py: local variable 'found' referenced before assignment
[21:14:03.212] [ERROR] [Scheduler] Traceback: Traceback (most recent call last):
  File "C:\Users\buaal\Desktop\NeuroPrime\src\algorithms\scheduler.py", line 255, in _load_custom_algorithms
    if not found:
UnboundLocalError: local variable 'found' referenced before assignment

[21:14:03.212] [INFO] [Scheduler] Loading custom algorithm from: C:\Users\buaal\Desktop\NeuroPrime\custom_algorithms\customalgorithmnew.py
[21:14:03.214] [INFO] [Scheduler] Loaded custom algorithm from ALGORITHM_INFO: CustomAlgorithmNew
[21:14:03.214] [ERROR] [Scheduler] Error loading custom algorithm from C:\Users\buaal\Desktop\NeuroPrime\custom_algorithms\customalgorithmnew.py: local variable 'found' referenced before assignment
[21:14:03.214] [ERROR] [Scheduler] Traceback: Traceback (most recent call last):
  File "C:\Users\buaal\Desktop\NeuroPrime\src\algorithms\scheduler.py", line 255, in _load_custom_algorithms
    if not found:
UnboundLocalError: local variable 'found' referenced before assignment

[21:14:03.214] [INFO] [Scheduler] Loading custom algorithm from: C:\Users\buaal\Desktop\NeuroPrime\custom_algorithms\mnebasicalgorithm.py
[21:14:03.253] [INFO] [Scheduler] Loaded custom algorithm from ALGORITHM_INFO: MNEBasicAlgorithm
[21:14:03.253] [ERROR] [Scheduler] Error loading custom algorithm from C:\Users\buaal\Desktop\NeuroPrime\custom_algorithms\mnebasicalgorithm.py: local variable 'found' referenced before assignment
[21:14:03.254] [ERROR] [Scheduler] Traceback: Traceback (most recent call last):
  File "C:\Users\buaal\Desktop\NeuroPrime\src\algorithms\scheduler.py", line 255, in _load_custom_algorithms
    if not found:
UnboundLocalError: local variable 'found' referenced before assignment

[21:14:03.254] [INFO] [Scheduler] Loading custom algorithm from: C:\Users\buaal\Desktop\NeuroPrime\custom_algorithms\testscriptalgorithm.py
[21:14:03.256] [INFO] [Scheduler] Loaded custom algorithm from ALGORITHM_INFO: TestScriptAlgorithm
[21:14:03.256] [ERROR] [Scheduler] Error loading custom algorithm from C:\Users\buaal\Desktop\NeuroPrime\custom_algorithms\testscriptalgorithm.py: local variable 'found' referenced before assignment
[21:14:03.256] [ERROR] [Scheduler] Traceback: Traceback (most recent call last):
  File "C:\Users\buaal\Desktop\NeuroPrime\src\algorithms\scheduler.py", line 255, in _load_custom_algorithms
    if not found:
UnboundLocalError: local variable 'found' referenced before assignment

[21:14:03.256] [INFO] [Scheduler] Loading custom algorithm from: C:\Users\buaal\Desktop\NeuroPrime\custom_algorithms\viewlfpdata.py
[21:14:03.259] [INFO] [Scheduler] Loaded custom algorithm from ALGORITHM_INFO: ViewLFPData
[21:14:03.259] [ERROR] [Scheduler] Error loading custom algorithm from C:\Users\buaal\Desktop\NeuroPrime\custom_algorithms\viewlfpdata.py: local variable 'found' referenced before assignment
[21:14:03.260] [ERROR] [Scheduler] Traceback: Traceback (most recent call last):
  File "C:\Users\buaal\Desktop\NeuroPrime\src\algorithms\scheduler.py", line 255, in _load_custom_algorithms
    if not found:
UnboundLocalError: local variable 'found' referenced before assignment

[21:14:03.260] [INFO] [Scheduler] Loading custom algorithm from: C:\Users\buaal\Desktop\NeuroPrime\custom_algorithms\view_raw_lfp_data.py
[21:14:03.263] [INFO] [Scheduler] Loaded custom algorithm from ALGORITHM_INFO: ViewRawLFPData
[21:14:03.264] [ERROR] [Scheduler] Error loading custom algorithm from C:\Users\buaal\Desktop\NeuroPrime\custom_algorithms\view_raw_lfp_data.py: local variable 'found' referenced before assignment
[21:14:03.264] [ERROR] [Scheduler] Traceback: Traceback (most recent call last):
  File "C:\Users\buaal\Desktop\NeuroPrime\src\algorithms\scheduler.py", line 255, in _load_custom_algorithms
    if not found:
UnboundLocalError: local variable 'found' referenced before assignment

[21:14:14.912] [INFO] ============================================================
[21:14:14.912] [INFO] _populate_custom_algorithms started
[21:14:14.912] [INFO] Attempting to reload custom algorithms...
[21:14:14.913] [INFO] Removed module from cache: src.algorithms.base
[21:14:14.913] [INFO] Removed module from cache: src.algorithms.scheduler
[21:14:14.913] [INFO] Removed module from cache: src.algorithms.spike_detection
[21:14:14.913] [INFO] Removed module from cache: src.algorithms.lfp_analysis
[21:14:14.913] [INFO] Removed module from cache: src.algorithms.behavior_analysis
[21:14:14.913] [INFO] Removed module from cache: src.algorithms.decoding
[21:14:14.913] [INFO] Removed module from cache: src.algorithms
[21:14:14.917] [INFO] [Scheduler] Removed pycache directory: C:\Users\buaal\Desktop\NeuroPrime\custom_algorithms\__pycache__
[21:14:14.917] [INFO] [Scheduler] NEUROPRIME_ROOT = C:\Users\buaal\Desktop\NeuroPrime
[21:14:14.917] [INFO] [Scheduler] Looking for custom algorithms in: C:\Users\buaal\Desktop\NeuroPrime\custom_algorithms
[21:14:14.917] [INFO] [Scheduler] Current working directory: C:\Users\buaal\Desktop\NeuroPrime
[21:14:14.917] [INFO] [Scheduler] Script directory: C:\Users\buaal\Desktop\NeuroPrime\src\algorithms
[21:14:14.917] [INFO] [Scheduler] Custom algorithms directory exists: C:\Users\buaal\Desktop\NeuroPrime\custom_algorithms
[21:14:14.918] [INFO] [Scheduler] Found 7 Python files: ['customalgorithm.py', 'customalgorithmnew.py', 'mnebasicalgorithm.py', 'testscriptalgorithm.py', 'viewlfpdata.py', 'view_raw_lfp_data.py', '__init__.py']
[21:14:14.918] [INFO] [Scheduler] Loading custom algorithm from: C:\Users\buaal\Desktop\NeuroPrime\custom_algorithms\customalgorithm.py
[21:14:14.927] [INFO] [Scheduler] Loaded custom algorithm from ALGORITHM_INFO: CustomAlgorithm
[21:14:14.927] [ERROR] [Scheduler] Error loading custom algorithm from C:\Users\buaal\Desktop\NeuroPrime\custom_algorithms\customalgorithm.py: local variable 'found' referenced before assignment
[21:14:14.927] [ERROR] [Scheduler] Traceback: Traceback (most recent call last):
  File "C:\Users\buaal\Desktop\NeuroPrime\src\algorithms\scheduler.py", line 255, in _load_custom_algorithms
    if not found:
UnboundLocalError: local variable 'found' referenced before assignment

[21:14:14.927] [INFO] [Scheduler] Loading custom algorithm from: C:\Users\buaal\Desktop\NeuroPrime\custom_algorithms\customalgorithmnew.py
[21:14:14.929] [INFO] [Scheduler] Loaded custom algorithm from ALGORITHM_INFO: CustomAlgorithmNew
[21:14:14.929] [ERROR] [Scheduler] Error loading custom algorithm from C:\Users\buaal\Desktop\NeuroPrime\custom_algorithms\customalgorithmnew.py: local variable 'found' referenced before assignment
[21:14:14.929] [ERROR] [Scheduler] Traceback: Traceback (most recent call last):
  File "C:\Users\buaal\Desktop\NeuroPrime\src\algorithms\scheduler.py", line 255, in _load_custom_algorithms
    if not found:
UnboundLocalError: local variable 'found' referenced before assignment

[21:14:14.929] [INFO] [Scheduler] Loading custom algorithm from: C:\Users\buaal\Desktop\NeuroPrime\custom_algorithms\mnebasicalgorithm.py
[21:14:14.935] [INFO] [Scheduler] Loaded custom algorithm from ALGORITHM_INFO: MNEBasicAlgorithm
[21:14:14.935] [ERROR] [Scheduler] Error loading custom algorithm from C:\Users\buaal\Desktop\NeuroPrime\custom_algorithms\mnebasicalgorithm.py: local variable 'found' referenced before assignment
[21:14:14.936] [ERROR] [Scheduler] Traceback: Traceback (most recent call last):
  File "C:\Users\buaal\Desktop\NeuroPrime\src\algorithms\scheduler.py", line 255, in _load_custom_algorithms
    if not found:
UnboundLocalError: local variable 'found' referenced before assignment

[21:14:14.936] [INFO] [Scheduler] Loading custom algorithm from: C:\Users\buaal\Desktop\NeuroPrime\custom_algorithms\testscriptalgorithm.py
[21:14:14.938] [INFO] [Scheduler] Loaded custom algorithm from ALGORITHM_INFO: TestScriptAlgorithm
[21:14:14.938] [ERROR] [Scheduler] Error loading custom algorithm from C:\Users\buaal\Desktop\NeuroPrime\custom_algorithms\testscriptalgorithm.py: local variable 'found' referenced before assignment
[21:14:14.939] [ERROR] [Scheduler] Traceback: Traceback (most recent call last):
  File "C:\Users\buaal\Desktop\NeuroPrime\src\algorithms\scheduler.py", line 255, in _load_custom_algorithms
    if not found:
UnboundLocalError: local variable 'found' referenced before assignment

[21:14:14.939] [INFO] [Scheduler] Loading custom algorithm from: C:\Users\buaal\Desktop\NeuroPrime\custom_algorithms\viewlfpdata.py
[21:14:14.941] [INFO] [Scheduler] Loaded custom algorithm from ALGORITHM_INFO: ViewLFPData
[21:14:14.941] [ERROR] [Scheduler] Error loading custom algorithm from C:\Users\buaal\Desktop\NeuroPrime\custom_algorithms\viewlfpdata.py: local variable 'found' referenced before assignment
[21:14:14.941] [ERROR] [Scheduler] Traceback: Traceback (most recent call last):
  File "C:\Users\buaal\Desktop\NeuroPrime\src\algorithms\scheduler.py", line 255, in _load_custom_algorithms
    if not found:
UnboundLocalError: local variable 'found' referenced before assignment

[21:14:14.941] [INFO] [Scheduler] Loading custom algorithm from: C:\Users\buaal\Desktop\NeuroPrime\custom_algorithms\view_raw_lfp_data.py
[21:14:14.943] [INFO] [Scheduler] Loaded custom algorithm from ALGORITHM_INFO: ViewRawLFPData
[21:14:14.943] [ERROR] [Scheduler] Error loading custom algorithm from C:\Users\buaal\Desktop\NeuroPrime\custom_algorithms\view_raw_lfp_data.py: local variable 'found' referenced before assignment
[21:14:14.944] [ERROR] [Scheduler] Traceback: Traceback (most recent call last):
  File "C:\Users\buaal\Desktop\NeuroPrime\src\algorithms\scheduler.py", line 255, in _load_custom_algorithms
    if not found:
UnboundLocalError: local variable 'found' referenced before assignment

[21:14:14.944] [INFO] Custom algorithms reload completed
[21:14:14.944] [INFO] Total algorithms available: 14
[21:14:14.944] [INFO] Added custom algorithm: MNEBasicAlgorithm (category: 自定义算法)
[21:14:14.944] [INFO] Added custom algorithm: ViewLFPData (category: 自定义算法)
[21:14:14.944] [INFO] Added custom algorithm: ViewRawLFPData (category: 自定义算法)
[21:14:14.944] [INFO] Total custom algorithms added: 3
[21:14:14.944] [INFO] ============================================================
[21:14:19.560] [INFO] add_data_item 被调用
[21:14:19.560] [DEBUG] data_item_type = <class 'dict'> (type: type)
[21:14:19.560] [INFO] add_data_item 被调用
[21:14:19.560] [DEBUG] data_item_type = <class 'dict'> (type: type)
[21:14:19.560] [INFO] add_data_item 被调用
[21:14:19.560] [DEBUG] data_item_type = <class 'dict'> (type: type)
[21:14:19.561] [INFO] add_data_item 被调用
[21:14:19.561] [DEBUG] data_item_type = <class 'dict'> (type: type)
[21:14:23.265] [INFO] add_data_item 被调用
[21:14:23.265] [DEBUG] data_item_type = <class 'dict'> (type: type)
[21:14:24.944] [INFO] ============================================================
[21:14:24.944] [INFO] _on_run_clicked 被调用
[21:14:24.944] [INFO] _get_selected_data_items 被调用
[21:14:24.944] [DEBUG] selected_data_items_len = 1 (type: int)
[21:14:24.944] [DEBUG] selected_data_items_0_type = <class 'dict'> (type: type)
[21:14:24.944] [INFO] 返回 1 个有效数据项
[21:14:24.944] [DEBUG] selected_data_type = <class 'list'> (type: type)
[21:14:24.944] [DEBUG] selected_data_len = 1 (type: int)
[21:14:24.944] [DEBUG] item_0_type = <class 'dict'> (type: type)
[21:14:24.944] [INFO] item[0] keys: ['id', 'display_name', 'trial_name', 'data_type', 'description', 'time_range']
[21:14:24.944] [INFO] 自定义算法使用默认参数: {'n_components': 6, 'freq_min': 8.0, 'freq_max': 30.0, 'n_cycles': 3}
[21:14:24.944] [DEBUG] parameters_keys = ['n_components', 'freq_min', 'freq_max', 'n_cycles'] (type: list)
[21:14:24.944] [DEBUG] algorithm_name = MNEBasicAlgorithm (type: str)
[21:14:24.944] [DEBUG] current_algorithm = MNEBasicAlgorithm (type: str)
[21:14:24.944] [INFO] 发送请求: algorithm=MNEBasicAlgorithm, data_items数量=1
[21:14:24.944] [INFO] ============================================================
[21:14:24.944] [INFO] _on_run_analysis 被调用
[21:14:24.944] [DEBUG] params_type = <class 'dict'> (type: type)
[21:14:24.944] [DEBUG] algorithm_name = MNEBasicAlgorithm (type: str)
[21:14:24.944] [DEBUG] data_items_type = <class 'list'> (type: type)
[21:14:24.944] [DEBUG] data_items_len = 1 (type: int)
[21:14:24.944] [DEBUG] parameters_type = <class 'dict'> (type: type)
[21:14:24.944] [DEBUG] time_alignment_type = <class 'NoneType'> (type: type)
[21:14:24.944] [INFO] data_items[0] type: <class 'dict'>
[21:14:24.944] [INFO] data_items[0] keys: ['id', 'display_name', 'trial_name', 'data_type', 'description', 'time_range']
[21:14:24.945] [INFO] ============================================================
[21:14:24.945] [INFO] _run_analysis_async 被调用
[21:14:24.945] [DEBUG] algorithm_name = MNEBasicAlgorithm (type: str)
[21:14:24.945] [DEBUG] data_items_type = <class 'list'> (type: type)
[21:14:24.945] [DEBUG] data_items_len = 1 (type: int)
[21:14:24.945] [DEBUG] parameters_keys = ['n_components', 'freq_min', 'freq_max', 'n_cycles'] (type: list)
[21:14:24.945] [INFO] data_items[0] type: <class 'dict'>
[21:14:24.945] [INFO] data_items[0] keys: ['id', 'display_name', 'trial_name', 'data_type', 'description', 'time_range']
