[15:41:46.255] [INFO] ============================================================
[15:41:46.255] [INFO] NeuroPrime 调试日志
[15:41:46.255] [INFO] 启动时间: 2026-04-27 15:41:46
[15:41:46.255] [INFO] Python版本: 3.14.4 (tags/v3.14.4:23116f9, Apr  7 2026, 14:10:54) [MSC v.1944 64 bit (AMD64)]
[15:41:46.255] [INFO] 日志文件: C:\Users\Administrator\Desktop\new hope\code\NeuroPrime\logs\debug_20260427_154146.log
[15:41:46.255] [INFO] ============================================================
[15:41:48.015] [INFO] [Scheduler] Removed pycache directory: C:\Users\Administrator\Desktop\new hope\code\NeuroPrime\custom_algorithms\__pycache__
[15:41:48.015] [INFO] [Scheduler] NEUROPRIME_ROOT = C:\Users\Administrator\Desktop\new hope\code\NeuroPrime
[15:41:48.015] [INFO] [Scheduler] Looking for custom algorithms in: C:\Users\Administrator\Desktop\new hope\code\NeuroPrime\custom_algorithms
[15:41:48.015] [INFO] [Scheduler] Current working directory: C:\Users\Administrator\Desktop\new hope\code\NeuroPrime
[15:41:48.015] [INFO] [Scheduler] Script directory: C:\Users\Administrator\Desktop\new hope\code\NeuroPrime\src\algorithms
[15:41:48.015] [INFO] [Scheduler] Custom algorithms directory exists: C:\Users\Administrator\Desktop\new hope\code\NeuroPrime\custom_algorithms
[15:41:48.016] [INFO] [Scheduler] Found 21 Python files: ['customalgorithm.py', 'customalgorithmnew.py', 'mnealgorithm.py', 'mnebadchanneldetectionalgorithm.py', 'mnebeamformingalgorithm.py', 'mnedipolefittingalgorithm.py', 'mneeffectiveconnectivityalgorithm.py', 'mneerpalgorithm.py', 'mnefilteringalgorithm.py', 'mnefunctionalconnectivityalgorithm.py', 'mneicaalgorithm.py', 'mneicaartifactremovalalgorithm.py', 'mnepowerspectrumalgorithm.py', 'mneresamplingalgorithm.py', 'mnesourcelocalizationalgorithm.py', 'mnespectralconnectivityalgorithm.py', 'mnetimefrequencyalgorithm.py', 'testscriptalgorithm.py', 'viewlfpdata.py', 'view_raw_lfp_data.py', '__init__.py']
[15:41:48.016] [INFO] [Scheduler] Loading custom algorithm from: C:\Users\Administrator\Desktop\new hope\code\NeuroPrime\custom_algorithms\customalgorithm.py
[15:41:48.585] [INFO] [Scheduler] Loaded custom algorithm from ALGORITHM_INFO: CustomAlgorithm
[15:41:48.585] [ERROR] [Scheduler] Error loading custom algorithm from C:\Users\Administrator\Desktop\new hope\code\NeuroPrime\custom_algorithms\customalgorithm.py: cannot access local variable 'found' where it is not associated with a value
[15:41:48.586] [ERROR] [Scheduler] Traceback: Traceback (most recent call last):
  File "C:\Users\Administrator\Desktop\new hope\code\NeuroPrime\src\algorithms\scheduler.py", line 260, in _load_custom_algorithms
    if not found:
           ^^^^^
UnboundLocalError: cannot access local variable 'found' where it is not associated with a value

[15:41:48.586] [INFO] [Scheduler] Loading custom algorithm from: C:\Users\Administrator\Desktop\new hope\code\NeuroPrime\custom_algorithms\customalgorithmnew.py
[15:41:48.588] [INFO] [Scheduler] Loaded custom algorithm from ALGORITHM_INFO: CustomAlgorithmNew
[15:41:48.588] [ERROR] [Scheduler] Error loading custom algorithm from C:\Users\Administrator\Desktop\new hope\code\NeuroPrime\custom_algorithms\customalgorithmnew.py: cannot access local variable 'found' where it is not associated with a value
[15:41:48.588] [ERROR] [Scheduler] Traceback: Traceback (most recent call last):
  File "C:\Users\Administrator\Desktop\new hope\code\NeuroPrime\src\algorithms\scheduler.py", line 260, in _load_custom_algorithms
    if not found:
           ^^^^^
UnboundLocalError: cannot access local variable 'found' where it is not associated with a value

[15:41:48.588] [INFO] [Scheduler] Loading custom algorithm from: C:\Users\Administrator\Desktop\new hope\code\NeuroPrime\custom_algorithms\mnealgorithm.py
[15:41:48.591] [ERROR] [Scheduler] Error loading custom algorithm from C:\Users\Administrator\Desktop\new hope\code\NeuroPrime\custom_algorithms\mnealgorithm.py: No module named 'mne'
[15:41:48.592] [ERROR] [Scheduler] Traceback: Traceback (most recent call last):
  File "C:\Users\Administrator\Desktop\new hope\code\NeuroPrime\src\algorithms\scheduler.py", line 223, in _load_custom_algorithms
    spec.loader.exec_module(module)
    ~~~~~~~~~~~~~~~~~~~~~~~^^^^^^^^
  File "<frozen importlib._bootstrap_external>", line 759, in exec_module
  File "<frozen importlib._bootstrap>", line 491, in _call_with_frames_removed
  File "C:\Users\Administrator\Desktop\new hope\code\NeuroPrime\custom_algorithms\mnealgorithm.py", line 10, in <module>
    import mne
ModuleNotFoundError: No module named 'mne'

[15:41:48.592] [INFO] [Scheduler] Loading custom algorithm from: C:\Users\Administrator\Desktop\new hope\code\NeuroPrime\custom_algorithms\mnebadchanneldetectionalgorithm.py
[15:41:48.596] [ERROR] [Scheduler] Error loading custom algorithm from C:\Users\Administrator\Desktop\new hope\code\NeuroPrime\custom_algorithms\mnebadchanneldetectionalgorithm.py: No module named 'mne'
[15:41:48.597] [ERROR] [Scheduler] Traceback: Traceback (most recent call last):
  File "C:\Users\Administrator\Desktop\new hope\code\NeuroPrime\src\algorithms\scheduler.py", line 223, in _load_custom_algorithms
    spec.loader.exec_module(module)
    ~~~~~~~~~~~~~~~~~~~~~~~^^^^^^^^
  File "<frozen importlib._bootstrap_external>", line 759, in exec_module
  File "<frozen importlib._bootstrap>", line 491, in _call_with_frames_removed
  File "C:\Users\Administrator\Desktop\new hope\code\NeuroPrime\custom_algorithms\mnebadchanneldetectionalgorithm.py", line 59, in <module>
    import mne
ModuleNotFoundError: No module named 'mne'

[15:41:48.597] [INFO] [Scheduler] Loading custom algorithm from: C:\Users\Administrator\Desktop\new hope\code\NeuroPrime\custom_algorithms\mnebeamformingalgorithm.py
[15:41:48.601] [ERROR] [Scheduler] Error loading custom algorithm from C:\Users\Administrator\Desktop\new hope\code\NeuroPrime\custom_algorithms\mnebeamformingalgorithm.py: No module named 'mne'
[15:41:48.602] [ERROR] [Scheduler] Traceback: Traceback (most recent call last):
  File "C:\Users\Administrator\Desktop\new hope\code\NeuroPrime\src\algorithms\scheduler.py", line 223, in _load_custom_algorithms
    spec.loader.exec_module(module)
    ~~~~~~~~~~~~~~~~~~~~~~~^^^^^^^^
  File "<frozen importlib._bootstrap_external>", line 759, in exec_module
  File "<frozen importlib._bootstrap>", line 491, in _call_with_frames_removed
  File "C:\Users\Administrator\Desktop\new hope\code\NeuroPrime\custom_algorithms\mnebeamformingalgorithm.py", line 60, in <module>
    import mne
ModuleNotFoundError: No module named 'mne'

[15:41:48.602] [INFO] [Scheduler] Loading custom algorithm from: C:\Users\Administrator\Desktop\new hope\code\NeuroPrime\custom_algorithms\mnedipolefittingalgorithm.py
[15:41:48.605] [ERROR] [Scheduler] Error loading custom algorithm from C:\Users\Administrator\Desktop\new hope\code\NeuroPrime\custom_algorithms\mnedipolefittingalgorithm.py: No module named 'mne'
[15:41:48.606] [ERROR] [Scheduler] Traceback: Traceback (most recent call last):
  File "C:\Users\Administrator\Desktop\new hope\code\NeuroPrime\src\algorithms\scheduler.py", line 223, in _load_custom_algorithms
    spec.loader.exec_module(module)
    ~~~~~~~~~~~~~~~~~~~~~~~^^^^^^^^
  File "<frozen importlib._bootstrap_external>", line 759, in exec_module
  File "<frozen importlib._bootstrap>", line 491, in _call_with_frames_removed
  File "C:\Users\Administrator\Desktop\new hope\code\NeuroPrime\custom_algorithms\mnedipolefittingalgorithm.py", line 60, in <module>
    import mne
ModuleNotFoundError: No module named 'mne'

[15:41:48.606] [INFO] [Scheduler] Loading custom algorithm from: C:\Users\Administrator\Desktop\new hope\code\NeuroPrime\custom_algorithms\mneeffectiveconnectivityalgorithm.py
[15:41:48.610] [ERROR] [Scheduler] Error loading custom algorithm from C:\Users\Administrator\Desktop\new hope\code\NeuroPrime\custom_algorithms\mneeffectiveconnectivityalgorithm.py: No module named 'mne'
[15:41:48.612] [ERROR] [Scheduler] Traceback: Traceback (most recent call last):
  File "C:\Users\Administrator\Desktop\new hope\code\NeuroPrime\src\algorithms\scheduler.py", line 223, in _load_custom_algorithms
    spec.loader.exec_module(module)
    ~~~~~~~~~~~~~~~~~~~~~~~^^^^^^^^
  File "<frozen importlib._bootstrap_external>", line 759, in exec_module
  File "<frozen importlib._bootstrap>", line 491, in _call_with_frames_removed
  File "C:\Users\Administrator\Desktop\new hope\code\NeuroPrime\custom_algorithms\mneeffectiveconnectivityalgorithm.py", line 87, in <module>
    import mne
ModuleNotFoundError: No module named 'mne'

[15:41:48.612] [INFO] [Scheduler] Loading custom algorithm from: C:\Users\Administrator\Desktop\new hope\code\NeuroPrime\custom_algorithms\mneerpalgorithm.py
[15:41:48.616] [ERROR] [Scheduler] Error loading custom algorithm from C:\Users\Administrator\Desktop\new hope\code\NeuroPrime\custom_algorithms\mneerpalgorithm.py: No module named 'mne'
[15:41:48.617] [ERROR] [Scheduler] Traceback: Traceback (most recent call last):
  File "C:\Users\Administrator\Desktop\new hope\code\NeuroPrime\src\algorithms\scheduler.py", line 223, in _load_custom_algorithms
    spec.loader.exec_module(module)
    ~~~~~~~~~~~~~~~~~~~~~~~^^^^^^^^
  File "<frozen importlib._bootstrap_external>", line 759, in exec_module
  File "<frozen importlib._bootstrap>", line 491, in _call_with_frames_removed
  File "C:\Users\Administrator\Desktop\new hope\code\NeuroPrime\custom_algorithms\mneerpalgorithm.py", line 60, in <module>
    import mne
ModuleNotFoundError: No module named 'mne'

[15:41:48.617] [INFO] [Scheduler] Loading custom algorithm from: C:\Users\Administrator\Desktop\new hope\code\NeuroPrime\custom_algorithms\mnefilteringalgorithm.py
[15:41:48.620] [ERROR] [Scheduler] Error loading custom algorithm from C:\Users\Administrator\Desktop\new hope\code\NeuroPrime\custom_algorithms\mnefilteringalgorithm.py: No module named 'mne'
[15:41:48.621] [ERROR] [Scheduler] Traceback: Traceback (most recent call last):
  File "C:\Users\Administrator\Desktop\new hope\code\NeuroPrime\src\algorithms\scheduler.py", line 223, in _load_custom_algorithms
    spec.loader.exec_module(module)
    ~~~~~~~~~~~~~~~~~~~~~~~^^^^^^^^
  File "<frozen importlib._bootstrap_external>", line 759, in exec_module
  File "<frozen importlib._bootstrap>", line 491, in _call_with_frames_removed
  File "C:\Users\Administrator\Desktop\new hope\code\NeuroPrime\custom_algorithms\mnefilteringalgorithm.py", line 60, in <module>
    import mne
ModuleNotFoundError: No module named 'mne'

[15:41:48.621] [INFO] [Scheduler] Loading custom algorithm from: C:\Users\Administrator\Desktop\new hope\code\NeuroPrime\custom_algorithms\mnefunctionalconnectivityalgorithm.py
[15:41:48.625] [ERROR] [Scheduler] Error loading custom algorithm from C:\Users\Administrator\Desktop\new hope\code\NeuroPrime\custom_algorithms\mnefunctionalconnectivityalgorithm.py: No module named 'mne'
[15:41:48.626] [ERROR] [Scheduler] Traceback: Traceback (most recent call last):
  File "C:\Users\Administrator\Desktop\new hope\code\NeuroPrime\src\algorithms\scheduler.py", line 223, in _load_custom_algorithms
    spec.loader.exec_module(module)
    ~~~~~~~~~~~~~~~~~~~~~~~^^^^^^^^
  File "<frozen importlib._bootstrap_external>", line 759, in exec_module
  File "<frozen importlib._bootstrap>", line 491, in _call_with_frames_removed
  File "C:\Users\Administrator\Desktop\new hope\code\NeuroPrime\custom_algorithms\mnefunctionalconnectivityalgorithm.py", line 60, in <module>
    import mne
ModuleNotFoundError: No module named 'mne'

[15:41:48.626] [INFO] [Scheduler] Loading custom algorithm from: C:\Users\Administrator\Desktop\new hope\code\NeuroPrime\custom_algorithms\mneicaalgorithm.py
[15:41:48.629] [ERROR] [Scheduler] Error loading custom algorithm from C:\Users\Administrator\Desktop\new hope\code\NeuroPrime\custom_algorithms\mneicaalgorithm.py: No module named 'mne'
[15:41:48.630] [ERROR] [Scheduler] Traceback: Traceback (most recent call last):
  File "C:\Users\Administrator\Desktop\new hope\code\NeuroPrime\src\algorithms\scheduler.py", line 223, in _load_custom_algorithms
    spec.loader.exec_module(module)
    ~~~~~~~~~~~~~~~~~~~~~~~^^^^^^^^
  File "<frozen importlib._bootstrap_external>", line 759, in exec_module
  File "<frozen importlib._bootstrap>", line 491, in _call_with_frames_removed
  File "C:\Users\Administrator\Desktop\new hope\code\NeuroPrime\custom_algorithms\mneicaalgorithm.py", line 57, in <module>
    import mne
ModuleNotFoundError: No module named 'mne'

[15:41:48.630] [INFO] [Scheduler] Loading custom algorithm from: C:\Users\Administrator\Desktop\new hope\code\NeuroPrime\custom_algorithms\mneicaartifactremovalalgorithm.py
[15:41:48.633] [ERROR] [Scheduler] Error loading custom algorithm from C:\Users\Administrator\Desktop\new hope\code\NeuroPrime\custom_algorithms\mneicaartifactremovalalgorithm.py: No module named 'mne'
[15:41:48.634] [ERROR] [Scheduler] Traceback: Traceback (most recent call last):
  File "C:\Users\Administrator\Desktop\new hope\code\NeuroPrime\src\algorithms\scheduler.py", line 223, in _load_custom_algorithms
    spec.loader.exec_module(module)
    ~~~~~~~~~~~~~~~~~~~~~~~^^^^^^^^
  File "<frozen importlib._bootstrap_external>", line 759, in exec_module
  File "<frozen importlib._bootstrap>", line 491, in _call_with_frames_removed
  File "C:\Users\Administrator\Desktop\new hope\code\NeuroPrime\custom_algorithms\mneicaartifactremovalalgorithm.py", line 60, in <module>
    import mne
ModuleNotFoundError: No module named 'mne'

[15:41:48.634] [INFO] [Scheduler] Loading custom algorithm from: C:\Users\Administrator\Desktop\new hope\code\NeuroPrime\custom_algorithms\mnepowerspectrumalgorithm.py
[15:41:48.637] [ERROR] [Scheduler] Error loading custom algorithm from C:\Users\Administrator\Desktop\new hope\code\NeuroPrime\custom_algorithms\mnepowerspectrumalgorithm.py: No module named 'mne'
[15:41:48.638] [ERROR] [Scheduler] Traceback: Traceback (most recent call last):
  File "C:\Users\Administrator\Desktop\new hope\code\NeuroPrime\src\algorithms\scheduler.py", line 223, in _load_custom_algorithms
    spec.loader.exec_module(module)
    ~~~~~~~~~~~~~~~~~~~~~~~^^^^^^^^
  File "<frozen importlib._bootstrap_external>", line 759, in exec_module
  File "<frozen importlib._bootstrap>", line 491, in _call_with_frames_removed
  File "C:\Users\Administrator\Desktop\new hope\code\NeuroPrime\custom_algorithms\mnepowerspectrumalgorithm.py", line 60, in <module>
    import mne
ModuleNotFoundError: No module named 'mne'

[15:41:48.638] [INFO] [Scheduler] Loading custom algorithm from: C:\Users\Administrator\Desktop\new hope\code\NeuroPrime\custom_algorithms\mneresamplingalgorithm.py
[15:41:48.640] [ERROR] [Scheduler] Error loading custom algorithm from C:\Users\Administrator\Desktop\new hope\code\NeuroPrime\custom_algorithms\mneresamplingalgorithm.py: No module named 'mne'
[15:41:48.641] [ERROR] [Scheduler] Traceback: Traceback (most recent call last):
  File "C:\Users\Administrator\Desktop\new hope\code\NeuroPrime\src\algorithms\scheduler.py", line 223, in _load_custom_algorithms
    spec.loader.exec_module(module)
    ~~~~~~~~~~~~~~~~~~~~~~~^^^^^^^^
  File "<frozen importlib._bootstrap_external>", line 759, in exec_module
  File "<frozen importlib._bootstrap>", line 491, in _call_with_frames_removed
  File "C:\Users\Administrator\Desktop\new hope\code\NeuroPrime\custom_algorithms\mneresamplingalgorithm.py", line 59, in <module>
    import mne
ModuleNotFoundError: No module named 'mne'

[15:41:48.641] [INFO] [Scheduler] Loading custom algorithm from: C:\Users\Administrator\Desktop\new hope\code\NeuroPrime\custom_algorithms\mnesourcelocalizationalgorithm.py
[15:41:48.645] [ERROR] [Scheduler] Error loading custom algorithm from C:\Users\Administrator\Desktop\new hope\code\NeuroPrime\custom_algorithms\mnesourcelocalizationalgorithm.py: No module named 'mne'
[15:41:48.646] [ERROR] [Scheduler] Traceback: Traceback (most recent call last):
  File "C:\Users\Administrator\Desktop\new hope\code\NeuroPrime\src\algorithms\scheduler.py", line 223, in _load_custom_algorithms
    spec.loader.exec_module(module)
    ~~~~~~~~~~~~~~~~~~~~~~~^^^^^^^^
  File "<frozen importlib._bootstrap_external>", line 759, in exec_module
  File "<frozen importlib._bootstrap>", line 491, in _call_with_frames_removed
  File "C:\Users\Administrator\Desktop\new hope\code\NeuroPrime\custom_algorithms\mnesourcelocalizationalgorithm.py", line 57, in <module>
    import mne
ModuleNotFoundError: No module named 'mne'

[15:41:48.646] [INFO] [Scheduler] Loading custom algorithm from: C:\Users\Administrator\Desktop\new hope\code\NeuroPrime\custom_algorithms\mnespectralconnectivityalgorithm.py
[15:41:48.650] [ERROR] [Scheduler] Error loading custom algorithm from C:\Users\Administrator\Desktop\new hope\code\NeuroPrime\custom_algorithms\mnespectralconnectivityalgorithm.py: No module named 'mne'
[15:41:48.651] [ERROR] [Scheduler] Traceback: Traceback (most recent call last):
  File "C:\Users\Administrator\Desktop\new hope\code\NeuroPrime\src\algorithms\scheduler.py", line 223, in _load_custom_algorithms
    spec.loader.exec_module(module)
    ~~~~~~~~~~~~~~~~~~~~~~~^^^^^^^^
  File "<frozen importlib._bootstrap_external>", line 759, in exec_module
  File "<frozen importlib._bootstrap>", line 491, in _call_with_frames_removed
  File "C:\Users\Administrator\Desktop\new hope\code\NeuroPrime\custom_algorithms\mnespectralconnectivityalgorithm.py", line 89, in <module>
    import mne
ModuleNotFoundError: No module named 'mne'

[15:41:48.651] [INFO] [Scheduler] Loading custom algorithm from: C:\Users\Administrator\Desktop\new hope\code\NeuroPrime\custom_algorithms\mnetimefrequencyalgorithm.py
[15:41:48.655] [ERROR] [Scheduler] Error loading custom algorithm from C:\Users\Administrator\Desktop\new hope\code\NeuroPrime\custom_algorithms\mnetimefrequencyalgorithm.py: No module named 'mne'
[15:41:48.656] [ERROR] [Scheduler] Traceback: Traceback (most recent call last):
  File "C:\Users\Administrator\Desktop\new hope\code\NeuroPrime\src\algorithms\scheduler.py", line 223, in _load_custom_algorithms
    spec.loader.exec_module(module)
    ~~~~~~~~~~~~~~~~~~~~~~~^^^^^^^^
  File "<frozen importlib._bootstrap_external>", line 759, in exec_module
  File "<frozen importlib._bootstrap>", line 491, in _call_with_frames_removed
  File "C:\Users\Administrator\Desktop\new hope\code\NeuroPrime\custom_algorithms\mnetimefrequencyalgorithm.py", line 59, in <module>
    import mne
ModuleNotFoundError: No module named 'mne'

[15:41:48.656] [INFO] [Scheduler] Loading custom algorithm from: C:\Users\Administrator\Desktop\new hope\code\NeuroPrime\custom_algorithms\testscriptalgorithm.py
[15:41:48.658] [INFO] [Scheduler] Loaded custom algorithm from ALGORITHM_INFO: TestScriptAlgorithm
[15:41:48.658] [ERROR] [Scheduler] Error loading custom algorithm from C:\Users\Administrator\Desktop\new hope\code\NeuroPrime\custom_algorithms\testscriptalgorithm.py: cannot access local variable 'found' where it is not associated with a value
[15:41:48.658] [ERROR] [Scheduler] Traceback: Traceback (most recent call last):
  File "C:\Users\Administrator\Desktop\new hope\code\NeuroPrime\src\algorithms\scheduler.py", line 260, in _load_custom_algorithms
    if not found:
           ^^^^^
UnboundLocalError: cannot access local variable 'found' where it is not associated with a value

[15:41:48.659] [INFO] [Scheduler] Loading custom algorithm from: C:\Users\Administrator\Desktop\new hope\code\NeuroPrime\custom_algorithms\viewlfpdata.py
[15:41:48.661] [INFO] [Scheduler] Loaded custom algorithm from ALGORITHM_INFO: ViewLFPData
[15:41:48.661] [ERROR] [Scheduler] Error loading custom algorithm from C:\Users\Administrator\Desktop\new hope\code\NeuroPrime\custom_algorithms\viewlfpdata.py: cannot access local variable 'found' where it is not associated with a value
[15:41:48.662] [ERROR] [Scheduler] Traceback: Traceback (most recent call last):
  File "C:\Users\Administrator\Desktop\new hope\code\NeuroPrime\src\algorithms\scheduler.py", line 260, in _load_custom_algorithms
    if not found:
           ^^^^^
UnboundLocalError: cannot access local variable 'found' where it is not associated with a value

[15:41:48.662] [INFO] [Scheduler] Loading custom algorithm from: C:\Users\Administrator\Desktop\new hope\code\NeuroPrime\custom_algorithms\view_raw_lfp_data.py
[15:41:48.665] [INFO] [Scheduler] Loaded custom algorithm from ALGORITHM_INFO: ViewRawLFPData
[15:41:48.665] [ERROR] [Scheduler] Error loading custom algorithm from C:\Users\Administrator\Desktop\new hope\code\NeuroPrime\custom_algorithms\view_raw_lfp_data.py: cannot access local variable 'found' where it is not associated with a value
[15:41:48.665] [ERROR] [Scheduler] Traceback: Traceback (most recent call last):
  File "C:\Users\Administrator\Desktop\new hope\code\NeuroPrime\src\algorithms\scheduler.py", line 260, in _load_custom_algorithms
    if not found:
           ^^^^^
UnboundLocalError: cannot access local variable 'found' where it is not associated with a value

