[22:42:05.261] [INFO] ============================================================
[22:42:05.261] [INFO] NeuroPrime 调试日志
[22:42:05.261] [INFO] 启动时间: 2026-04-19 22:42:05
[22:42:05.261] [INFO] Python版本: 3.10.10 (tags/v3.10.10:aad5f6a, Feb  7 2023, 17:20:36) [MSC v.1929 64 bit (AMD64)]
[22:42:05.261] [INFO] 日志文件: C:\Users\buaal\Desktop\NeuroPrime\logs\debug_20260419_224205.log
[22:42:05.261] [INFO] ============================================================
[22:42:07.530] [INFO] [Scheduler] Removed pycache directory: C:\Users\buaal\Desktop\NeuroPrime\custom_algorithms\__pycache__
[22:42:07.534] [INFO] [Scheduler] NEUROPRIME_ROOT = C:\Users\buaal\Desktop\NeuroPrime
[22:42:07.534] [INFO] [Scheduler] Looking for custom algorithms in: C:\Users\buaal\Desktop\NeuroPrime\custom_algorithms
[22:42:07.534] [INFO] [Scheduler] Current working directory: C:\Users\buaal\Desktop\NeuroPrime
[22:42:07.534] [INFO] [Scheduler] Script directory: C:\Users\buaal\Desktop\NeuroPrime\src\algorithms
[22:42:07.534] [INFO] [Scheduler] Custom algorithms directory exists: C:\Users\buaal\Desktop\NeuroPrime\custom_algorithms
[22:42:07.536] [INFO] [Scheduler] Found 16 Python files: ['customalgorithm.py', 'customalgorithmnew.py', 'mnealgorithm.py', 'mnebadchanneldetectionalgorithm.py', 'mneerpalgorithm.py', 'mnefilteringalgorithm.py', 'mneicaalgorithm.py', 'mneicaartifactremovalalgorithm.py', 'mnepowerspectrumalgorithm.py', 'mneresamplingalgorithm.py', 'mnesourcelocalizationalgorithm.py', 'mnetimefrequencyalgorithm.py', 'testscriptalgorithm.py', 'viewlfpdata.py', 'view_raw_lfp_data.py', '__init__.py']
[22:42:07.536] [INFO] [Scheduler] Loading custom algorithm from: C:\Users\buaal\Desktop\NeuroPrime\custom_algorithms\customalgorithm.py
[22:42:08.051] [INFO] [Scheduler] Loaded custom algorithm from ALGORITHM_INFO: CustomAlgorithm
[22:42:08.051] [ERROR] [Scheduler] Error loading custom algorithm from C:\Users\buaal\Desktop\NeuroPrime\custom_algorithms\customalgorithm.py: local variable 'found' referenced before assignment
[22:42:08.051] [ERROR] [Scheduler] Traceback: Traceback (most recent call last):
  File "C:\Users\buaal\Desktop\NeuroPrime\src\algorithms\scheduler.py", line 255, in _load_custom_algorithms
    if not found:
UnboundLocalError: local variable 'found' referenced before assignment

[22:42:08.051] [INFO] [Scheduler] Loading custom algorithm from: C:\Users\buaal\Desktop\NeuroPrime\custom_algorithms\customalgorithmnew.py
[22:42:08.058] [INFO] [Scheduler] Loaded custom algorithm from ALGORITHM_INFO: CustomAlgorithmNew
[22:42:08.059] [ERROR] [Scheduler] Error loading custom algorithm from C:\Users\buaal\Desktop\NeuroPrime\custom_algorithms\customalgorithmnew.py: local variable 'found' referenced before assignment
[22:42:08.059] [ERROR] [Scheduler] Traceback: Traceback (most recent call last):
  File "C:\Users\buaal\Desktop\NeuroPrime\src\algorithms\scheduler.py", line 255, in _load_custom_algorithms
    if not found:
UnboundLocalError: local variable 'found' referenced before assignment

[22:42:08.059] [INFO] [Scheduler] Loading custom algorithm from: C:\Users\buaal\Desktop\NeuroPrime\custom_algorithms\mnealgorithm.py
[22:42:08.153] [INFO] [Scheduler] Loaded custom algorithm from ALGORITHM_INFO: MNEAlgorithm
[22:42:08.153] [ERROR] [Scheduler] Error loading custom algorithm from C:\Users\buaal\Desktop\NeuroPrime\custom_algorithms\mnealgorithm.py: local variable 'found' referenced before assignment
[22:42:08.153] [ERROR] [Scheduler] Traceback: Traceback (most recent call last):
  File "C:\Users\buaal\Desktop\NeuroPrime\src\algorithms\scheduler.py", line 255, in _load_custom_algorithms
    if not found:
UnboundLocalError: local variable 'found' referenced before assignment

[22:42:08.153] [INFO] [Scheduler] Loading custom algorithm from: C:\Users\buaal\Desktop\NeuroPrime\custom_algorithms\mnebadchanneldetectionalgorithm.py
[22:42:08.160] [INFO] [Scheduler] Loaded custom algorithm from ALGORITHM_INFO: MNEBadChannelDetectionAlgorithm
[22:42:08.160] [ERROR] [Scheduler] Error loading custom algorithm from C:\Users\buaal\Desktop\NeuroPrime\custom_algorithms\mnebadchanneldetectionalgorithm.py: local variable 'found' referenced before assignment
[22:42:08.161] [ERROR] [Scheduler] Traceback: Traceback (most recent call last):
  File "C:\Users\buaal\Desktop\NeuroPrime\src\algorithms\scheduler.py", line 255, in _load_custom_algorithms
    if not found:
UnboundLocalError: local variable 'found' referenced before assignment

[22:42:08.161] [INFO] [Scheduler] Loading custom algorithm from: C:\Users\buaal\Desktop\NeuroPrime\custom_algorithms\mneerpalgorithm.py
[22:42:08.164] [INFO] [Scheduler] Loaded custom algorithm from ALGORITHM_INFO: MNEERPAlgorithm
[22:42:08.166] [ERROR] [Scheduler] Error loading custom algorithm from C:\Users\buaal\Desktop\NeuroPrime\custom_algorithms\mneerpalgorithm.py: local variable 'found' referenced before assignment
[22:42:08.166] [ERROR] [Scheduler] Traceback: Traceback (most recent call last):
  File "C:\Users\buaal\Desktop\NeuroPrime\src\algorithms\scheduler.py", line 255, in _load_custom_algorithms
    if not found:
UnboundLocalError: local variable 'found' referenced before assignment

[22:42:08.166] [INFO] [Scheduler] Loading custom algorithm from: C:\Users\buaal\Desktop\NeuroPrime\custom_algorithms\mnefilteringalgorithm.py
[22:42:08.168] [INFO] [Scheduler] Loaded custom algorithm from ALGORITHM_INFO: MNEFilteringAlgorithm
[22:42:08.168] [ERROR] [Scheduler] Error loading custom algorithm from C:\Users\buaal\Desktop\NeuroPrime\custom_algorithms\mnefilteringalgorithm.py: local variable 'found' referenced before assignment
[22:42:08.170] [ERROR] [Scheduler] Traceback: Traceback (most recent call last):
  File "C:\Users\buaal\Desktop\NeuroPrime\src\algorithms\scheduler.py", line 255, in _load_custom_algorithms
    if not found:
UnboundLocalError: local variable 'found' referenced before assignment

[22:42:08.170] [INFO] [Scheduler] Loading custom algorithm from: C:\Users\buaal\Desktop\NeuroPrime\custom_algorithms\mneicaalgorithm.py
[22:42:08.172] [INFO] [Scheduler] Loaded custom algorithm from ALGORITHM_INFO: MNEICAAlgorithm
[22:42:08.172] [ERROR] [Scheduler] Error loading custom algorithm from C:\Users\buaal\Desktop\NeuroPrime\custom_algorithms\mneicaalgorithm.py: local variable 'found' referenced before assignment
[22:42:08.172] [ERROR] [Scheduler] Traceback: Traceback (most recent call last):
  File "C:\Users\buaal\Desktop\NeuroPrime\src\algorithms\scheduler.py", line 255, in _load_custom_algorithms
    if not found:
UnboundLocalError: local variable 'found' referenced before assignment

[22:42:08.172] [INFO] [Scheduler] Loading custom algorithm from: C:\Users\buaal\Desktop\NeuroPrime\custom_algorithms\mneicaartifactremovalalgorithm.py
[22:42:08.176] [INFO] [Scheduler] Loaded custom algorithm from ALGORITHM_INFO: MNEICAArtifactRemovalAlgorithm
[22:42:08.176] [ERROR] [Scheduler] Error loading custom algorithm from C:\Users\buaal\Desktop\NeuroPrime\custom_algorithms\mneicaartifactremovalalgorithm.py: local variable 'found' referenced before assignment
[22:42:08.176] [ERROR] [Scheduler] Traceback: Traceback (most recent call last):
  File "C:\Users\buaal\Desktop\NeuroPrime\src\algorithms\scheduler.py", line 255, in _load_custom_algorithms
    if not found:
UnboundLocalError: local variable 'found' referenced before assignment

[22:42:08.176] [INFO] [Scheduler] Loading custom algorithm from: C:\Users\buaal\Desktop\NeuroPrime\custom_algorithms\mnepowerspectrumalgorithm.py
[22:42:08.183] [INFO] [Scheduler] Loaded custom algorithm from ALGORITHM_INFO: MNEPowerSpectrumAlgorithm
[22:42:08.183] [ERROR] [Scheduler] Error loading custom algorithm from C:\Users\buaal\Desktop\NeuroPrime\custom_algorithms\mnepowerspectrumalgorithm.py: local variable 'found' referenced before assignment
[22:42:08.183] [ERROR] [Scheduler] Traceback: Traceback (most recent call last):
  File "C:\Users\buaal\Desktop\NeuroPrime\src\algorithms\scheduler.py", line 255, in _load_custom_algorithms
    if not found:
UnboundLocalError: local variable 'found' referenced before assignment

[22:42:08.183] [INFO] [Scheduler] Loading custom algorithm from: C:\Users\buaal\Desktop\NeuroPrime\custom_algorithms\mneresamplingalgorithm.py
[22:42:08.193] [INFO] [Scheduler] Loaded custom algorithm from ALGORITHM_INFO: MNEResamplingAlgorithm
[22:42:08.195] [ERROR] [Scheduler] Error loading custom algorithm from C:\Users\buaal\Desktop\NeuroPrime\custom_algorithms\mneresamplingalgorithm.py: local variable 'found' referenced before assignment
[22:42:08.195] [ERROR] [Scheduler] Traceback: Traceback (most recent call last):
  File "C:\Users\buaal\Desktop\NeuroPrime\src\algorithms\scheduler.py", line 255, in _load_custom_algorithms
    if not found:
UnboundLocalError: local variable 'found' referenced before assignment

[22:42:08.195] [INFO] [Scheduler] Loading custom algorithm from: C:\Users\buaal\Desktop\NeuroPrime\custom_algorithms\mnesourcelocalizationalgorithm.py
[22:42:08.198] [INFO] [Scheduler] Loaded custom algorithm from ALGORITHM_INFO: MNESourceLocalizationAlgorithm
[22:42:08.198] [ERROR] [Scheduler] Error loading custom algorithm from C:\Users\buaal\Desktop\NeuroPrime\custom_algorithms\mnesourcelocalizationalgorithm.py: local variable 'found' referenced before assignment
[22:42:08.201] [ERROR] [Scheduler] Traceback: Traceback (most recent call last):
  File "C:\Users\buaal\Desktop\NeuroPrime\src\algorithms\scheduler.py", line 255, in _load_custom_algorithms
    if not found:
UnboundLocalError: local variable 'found' referenced before assignment

[22:42:08.201] [INFO] [Scheduler] Loading custom algorithm from: C:\Users\buaal\Desktop\NeuroPrime\custom_algorithms\mnetimefrequencyalgorithm.py
[22:42:08.204] [INFO] [Scheduler] Loaded custom algorithm from ALGORITHM_INFO: MNETimeFrequencyAlgorithm
[22:42:08.204] [ERROR] [Scheduler] Error loading custom algorithm from C:\Users\buaal\Desktop\NeuroPrime\custom_algorithms\mnetimefrequencyalgorithm.py: local variable 'found' referenced before assignment
[22:42:08.204] [ERROR] [Scheduler] Traceback: Traceback (most recent call last):
  File "C:\Users\buaal\Desktop\NeuroPrime\src\algorithms\scheduler.py", line 255, in _load_custom_algorithms
    if not found:
UnboundLocalError: local variable 'found' referenced before assignment

[22:42:08.204] [INFO] [Scheduler] Loading custom algorithm from: C:\Users\buaal\Desktop\NeuroPrime\custom_algorithms\testscriptalgorithm.py
[22:42:08.207] [INFO] [Scheduler] Loaded custom algorithm from ALGORITHM_INFO: TestScriptAlgorithm
[22:42:08.207] [ERROR] [Scheduler] Error loading custom algorithm from C:\Users\buaal\Desktop\NeuroPrime\custom_algorithms\testscriptalgorithm.py: local variable 'found' referenced before assignment
[22:42:08.207] [ERROR] [Scheduler] Traceback: Traceback (most recent call last):
  File "C:\Users\buaal\Desktop\NeuroPrime\src\algorithms\scheduler.py", line 255, in _load_custom_algorithms
    if not found:
UnboundLocalError: local variable 'found' referenced before assignment

[22:42:08.207] [INFO] [Scheduler] Loading custom algorithm from: C:\Users\buaal\Desktop\NeuroPrime\custom_algorithms\viewlfpdata.py
[22:42:08.214] [INFO] [Scheduler] Loaded custom algorithm from ALGORITHM_INFO: ViewLFPData
[22:42:08.214] [ERROR] [Scheduler] Error loading custom algorithm from C:\Users\buaal\Desktop\NeuroPrime\custom_algorithms\viewlfpdata.py: local variable 'found' referenced before assignment
[22:42:08.214] [ERROR] [Scheduler] Traceback: Traceback (most recent call last):
  File "C:\Users\buaal\Desktop\NeuroPrime\src\algorithms\scheduler.py", line 255, in _load_custom_algorithms
    if not found:
UnboundLocalError: local variable 'found' referenced before assignment

[22:42:08.214] [INFO] [Scheduler] Loading custom algorithm from: C:\Users\buaal\Desktop\NeuroPrime\custom_algorithms\view_raw_lfp_data.py
[22:42:08.222] [INFO] [Scheduler] Loaded custom algorithm from ALGORITHM_INFO: ViewRawLFPData
[22:42:08.222] [ERROR] [Scheduler] Error loading custom algorithm from C:\Users\buaal\Desktop\NeuroPrime\custom_algorithms\view_raw_lfp_data.py: local variable 'found' referenced before assignment
[22:42:08.222] [ERROR] [Scheduler] Traceback: Traceback (most recent call last):
  File "C:\Users\buaal\Desktop\NeuroPrime\src\algorithms\scheduler.py", line 255, in _load_custom_algorithms
    if not found:
UnboundLocalError: local variable 'found' referenced before assignment

