[22:29:33.272] [INFO] ============================================================
[22:29:33.272] [INFO] NeuroPrime 调试日志
[22:29:33.272] [INFO] 启动时间: 2026-04-14 22:29:33
[22:29:33.273] [INFO] Python版本: 3.10.10 (tags/v3.10.10:aad5f6a, Feb  7 2023, 17:20:36) [MSC v.1929 64 bit (AMD64)]
[22:29:33.273] [INFO] 日志文件: C:\Users\buaal\Desktop\NeuroPrime\logs\debug_20260414_222933.log
[22:29:33.273] [INFO] ============================================================
[22:29:34.393] [INFO] [Scheduler] NEUROPRIME_ROOT = None
[22:29:34.393] [INFO] [Scheduler] Looking for custom algorithms in: C:\Users\buaal\Desktop\NeuroPrime\custom_algorithms
[22:29:34.393] [INFO] [Scheduler] Current working directory: C:\Users\buaal\Desktop\NeuroPrime
[22:29:34.393] [INFO] [Scheduler] Script directory: C:\Users\buaal\Desktop\NeuroPrime\src\algorithms
[22:29:34.393] [INFO] [Scheduler] Custom algorithms directory exists: C:\Users\buaal\Desktop\NeuroPrime\custom_algorithms
[22:29:34.394] [INFO] [Scheduler] Found 2 Python files: ['view_raw_lfp_data.py', '__init__.py']
[22:29:34.394] [INFO] [Scheduler] Loading custom algorithm from: C:\Users\buaal\Desktop\NeuroPrime\custom_algorithms\view_raw_lfp_data.py
[22:29:34.402] [INFO] [Scheduler] Loaded custom algorithm from ALGORITHM_INFO: ViewRawLFPData
[22:29:34.402] [INFO] [Scheduler] Searching for algorithm classes in C:\Users\buaal\Desktop\NeuroPrime\custom_algorithms\view_raw_lfp_data.py...
[22:29:34.402] [INFO] [Scheduler] Loaded custom algorithm: ViewRawLFPData
[22:30:02.461] [INFO] ============================================================
[22:30:02.461] [INFO] _populate_custom_algorithms started
[22:30:02.461] [INFO] Attempting to reload custom algorithms...
[22:30:02.461] [INFO] [Scheduler] NEUROPRIME_ROOT = None
[22:30:02.461] [INFO] [Scheduler] Looking for custom algorithms in: C:\Users\buaal\Desktop\NeuroPrime\custom_algorithms
[22:30:02.461] [INFO] [Scheduler] Current working directory: C:\Users\buaal\Desktop\NeuroPrime
[22:30:02.461] [INFO] [Scheduler] Script directory: C:\Users\buaal\Desktop\NeuroPrime\src\algorithms
[22:30:02.461] [INFO] [Scheduler] Custom algorithms directory exists: C:\Users\buaal\Desktop\NeuroPrime\custom_algorithms
[22:30:02.461] [INFO] [Scheduler] Found 2 Python files: ['view_raw_lfp_data.py', '__init__.py']
[22:30:02.461] [INFO] [Scheduler] Loading custom algorithm from: C:\Users\buaal\Desktop\NeuroPrime\custom_algorithms\view_raw_lfp_data.py
[22:30:02.463] [INFO] [Scheduler] Loaded custom algorithm from ALGORITHM_INFO: ViewRawLFPData
[22:30:02.463] [INFO] [Scheduler] Searching for algorithm classes in C:\Users\buaal\Desktop\NeuroPrime\custom_algorithms\view_raw_lfp_data.py...
[22:30:02.464] [INFO] [Scheduler] Loaded custom algorithm: ViewRawLFPData
[22:30:02.464] [INFO] Custom algorithms reload completed
[22:30:02.464] [INFO] Total algorithms available: 10
[22:30:02.464] [INFO] Algorithm list: ['SpikeDetectionThreshold:Spike', 'SpikeSortingPCA:Spike', 'LFPPowerSpectrum:LFP', 'LFPSpectrogram:LFP', 'PSTHAnalysis:Behavior', 'RasterPlotAnalysis:Behavior', 'TuningCurveAnalysis:Behavior', 'ROCAnalysis:Behavior', 'LDADecoder:Decoding', 'ViewRawLFPData:自定义算法']
[22:30:02.464] [INFO] Added custom algorithm: ViewRawLFPData (category: 自定义算法)
[22:30:02.464] [INFO] Total custom algorithms added: 1
[22:30:02.464] [INFO] ============================================================
