[22:38:59.483] [INFO] ============================================================
[22:38:59.483] [INFO] NeuroPrime 调试日志
[22:38:59.483] [INFO] 启动时间: 2026-04-14 22:38:59
[22:38:59.483] [INFO] Python版本: 3.10.10 (tags/v3.10.10:aad5f6a, Feb  7 2023, 17:20:36) [MSC v.1929 64 bit (AMD64)]
[22:38:59.483] [INFO] 日志文件: c:\Users\buaal\Desktop\NeuroPrime\logs\debug_20260414_223859.log
[22:38:59.483] [INFO] ============================================================
[22:39:00.748] [INFO] [Scheduler] NEUROPRIME_ROOT = c:\Users\buaal\Desktop\NeuroPrime
[22:39:00.748] [INFO] [Scheduler] Looking for custom algorithms in: c:\Users\buaal\Desktop\NeuroPrime\custom_algorithms
[22:39:00.748] [INFO] [Scheduler] Current working directory: c:\Users\buaal\Desktop\NeuroPrime
[22:39:00.748] [INFO] [Scheduler] Script directory: c:\Users\buaal\Desktop\NeuroPrime\src\algorithms
[22:39:00.748] [INFO] [Scheduler] Custom algorithms directory exists: c:\Users\buaal\Desktop\NeuroPrime\custom_algorithms
[22:39:00.749] [INFO] [Scheduler] Found 2 Python files: ['view_raw_lfp_data.py', '__init__.py']
[22:39:00.749] [INFO] [Scheduler] Loading custom algorithm from: c:\Users\buaal\Desktop\NeuroPrime\custom_algorithms\view_raw_lfp_data.py
[22:39:00.754] [INFO] [Scheduler] Loaded custom algorithm from ALGORITHM_INFO: ViewRawLFPData
[22:39:00.754] [INFO] [Scheduler] Searching for algorithm classes in c:\Users\buaal\Desktop\NeuroPrime\custom_algorithms\view_raw_lfp_data.py...
[22:39:00.754] [INFO] [Scheduler] Loaded custom algorithm: ViewRawLFPData
[22:41:01.356] [INFO] ============================================================
[22:41:01.356] [INFO] _populate_custom_algorithms started
[22:41:01.356] [INFO] Attempting to reload custom algorithms...
[22:41:01.356] [INFO] [Scheduler] NEUROPRIME_ROOT = c:\Users\buaal\Desktop\NeuroPrime
[22:41:01.357] [INFO] [Scheduler] Looking for custom algorithms in: c:\Users\buaal\Desktop\NeuroPrime\custom_algorithms
[22:41:01.357] [INFO] [Scheduler] Current working directory: c:\Users\buaal\Desktop\NeuroPrime
[22:41:01.357] [INFO] [Scheduler] Script directory: c:\Users\buaal\Desktop\NeuroPrime\src\algorithms
[22:41:01.357] [INFO] [Scheduler] Custom algorithms directory exists: c:\Users\buaal\Desktop\NeuroPrime\custom_algorithms
[22:41:01.357] [INFO] [Scheduler] Found 2 Python files: ['view_raw_lfp_data.py', '__init__.py']
[22:41:01.357] [INFO] [Scheduler] Loading custom algorithm from: c:\Users\buaal\Desktop\NeuroPrime\custom_algorithms\view_raw_lfp_data.py
[22:41:01.358] [INFO] [Scheduler] Loaded custom algorithm from ALGORITHM_INFO: ViewRawLFPData
[22:41:01.358] [INFO] [Scheduler] Searching for algorithm classes in c:\Users\buaal\Desktop\NeuroPrime\custom_algorithms\view_raw_lfp_data.py...
[22:41:01.358] [INFO] [Scheduler] Loaded custom algorithm: ViewRawLFPData
[22:41:01.358] [INFO] Custom algorithms reload completed
[22:41:01.358] [INFO] Total algorithms available: 10
[22:41:01.358] [INFO] Algorithm list: ['SpikeDetectionThreshold:Spike', 'SpikeSortingPCA:Spike', 'LFPPowerSpectrum:LFP', 'LFPSpectrogram:LFP', 'PSTHAnalysis:Behavior', 'RasterPlotAnalysis:Behavior', 'TuningCurveAnalysis:Behavior', 'ROCAnalysis:Behavior', 'LDADecoder:Decoding', 'ViewRawLFPData:自定义算法']
[22:41:01.358] [INFO] Added custom algorithm: ViewRawLFPData (category: 自定义算法)
[22:41:01.358] [INFO] Total custom algorithms added: 1
[22:41:01.358] [INFO] ============================================================
