[18:03:32.335] [INFO] ============================================================
[18:03:32.335] [INFO] NeuroPrime 调试日志
[18:03:32.335] [INFO] 启动时间: 2026-04-24 18:03:32
[18:03:32.335] [INFO] Python版本: 3.14.4 (tags/v3.14.4:23116f9, Apr  7 2026, 14:10:54) [MSC v.1944 64 bit (AMD64)]
[18:03:32.335] [INFO] 日志文件: C:\Users\Administrator\Desktop\new hope\code\NeuroPrime\logs\debug_20260424_180332.log
[18:03:32.335] [INFO] ============================================================
[18:03:34.239] [INFO] [Scheduler] Removed pycache directory: C:\Users\Administrator\Desktop\new hope\code\NeuroPrime\custom_algorithms\__pycache__
[18:03:34.239] [INFO] [Scheduler] NEUROPRIME_ROOT = C:\Users\Administrator\Desktop\new hope\code\NeuroPrime
[18:03:34.239] [INFO] [Scheduler] Looking for custom algorithms in: C:\Users\Administrator\Desktop\new hope\code\NeuroPrime\custom_algorithms
[18:03:34.239] [INFO] [Scheduler] Current working directory: C:\Users\Administrator\Desktop\new hope\code\NeuroPrime
[18:03:34.239] [INFO] [Scheduler] Script directory: C:\Users\Administrator\Desktop\new hope\code\NeuroPrime\src\algorithms
[18:03:34.239] [INFO] [Scheduler] Custom algorithms directory exists: C:\Users\Administrator\Desktop\new hope\code\NeuroPrime\custom_algorithms
[18:03:34.240] [INFO] [Scheduler] Found 21 Python files: ['customalgorithm.py', 'customalgorithmnew.py', 'mnealgorithm.py', 'mnebadchanneldetectionalgorithm.py', 'mnebeamformingalgorithm.py', 'mnedipolefittingalgorithm.py', 'mneeffectiveconnectivityalgorithm.py', 'mneerpalgorithm.py', 'mnefilteringalgorithm.py', 'mnefunctionalconnectivityalgorithm.py', 'mneicaalgorithm.py', 'mneicaartifactremovalalgorithm.py', 'mnepowerspectrumalgorithm.py', 'mneresamplingalgorithm.py', 'mnesourcelocalizationalgorithm.py', 'mnespectralconnectivityalgorithm.py', 'mnetimefrequencyalgorithm.py', 'testscriptalgorithm.py', 'viewlfpdata.py', 'view_raw_lfp_data.py', '__init__.py']
[18:03:34.240] [INFO] [Scheduler] Loading custom algorithm from: C:\Users\Administrator\Desktop\new hope\code\NeuroPrime\custom_algorithms\customalgorithm.py
[18:03:34.694] [INFO] [Scheduler] Loaded custom algorithm from ALGORITHM_INFO: CustomAlgorithm
[18:03:34.694] [ERROR] [Scheduler] Error loading custom algorithm from C:\Users\Administrator\Desktop\new hope\code\NeuroPrime\custom_algorithms\customalgorithm.py: cannot access local variable 'found' where it is not associated with a value
[18:03:34.695] [ERROR] [Scheduler] Traceback: Traceback (most recent call last):
  File "C:\Users\Administrator\Desktop\new hope\code\NeuroPrime\src\algorithms\scheduler.py", line 260, in _load_custom_algorithms
    if not found:
           ^^^^^
UnboundLocalError: cannot access local variable 'found' where it is not associated with a value

[18:03:34.695] [INFO] [Scheduler] Loading custom algorithm from: C:\Users\Administrator\Desktop\new hope\code\NeuroPrime\custom_algorithms\customalgorithmnew.py
[18:03:34.697] [INFO] [Scheduler] Loaded custom algorithm from ALGORITHM_INFO: CustomAlgorithmNew
[18:03:34.697] [ERROR] [Scheduler] Error loading custom algorithm from C:\Users\Administrator\Desktop\new hope\code\NeuroPrime\custom_algorithms\customalgorithmnew.py: cannot access local variable 'found' where it is not associated with a value
[18:03:34.697] [ERROR] [Scheduler] Traceback: Traceback (most recent call last):
  File "C:\Users\Administrator\Desktop\new hope\code\NeuroPrime\src\algorithms\scheduler.py", line 260, in _load_custom_algorithms
    if not found:
           ^^^^^
UnboundLocalError: cannot access local variable 'found' where it is not associated with a value

[18:03:34.697] [INFO] [Scheduler] Loading custom algorithm from: C:\Users\Administrator\Desktop\new hope\code\NeuroPrime\custom_algorithms\mnealgorithm.py
[18:03:34.700] [ERROR] [Scheduler] Error loading custom algorithm from C:\Users\Administrator\Desktop\new hope\code\NeuroPrime\custom_algorithms\mnealgorithm.py: No module named 'mne'
[18:03:34.701] [ERROR] [Scheduler] Traceback: Traceback (most recent call last):
  File "C:\Users\Administrator\Desktop\new hope\code\NeuroPrime\src\algorithms\scheduler.py", line 223, in _load_custom_algorithms
    spec.loader.exec_module(module)
    ~~~~~~~~~~~~~~~~~~~~~~~^^^^^^^^
  File "<frozen importlib._bootstrap_external>", line 759, in exec_module
  File "<frozen importlib._bootstrap>", line 491, in _call_with_frames_removed
  File "C:\Users\Administrator\Desktop\new hope\code\NeuroPrime\custom_algorithms\mnealgorithm.py", line 10, in <module>
    import mne
ModuleNotFoundError: No module named 'mne'

[18:03:34.701] [INFO] [Scheduler] Loading custom algorithm from: C:\Users\Administrator\Desktop\new hope\code\NeuroPrime\custom_algorithms\mnebadchanneldetectionalgorithm.py
[18:03:34.706] [ERROR] [Scheduler] Error loading custom algorithm from C:\Users\Administrator\Desktop\new hope\code\NeuroPrime\custom_algorithms\mnebadchanneldetectionalgorithm.py: No module named 'mne'
[18:03:34.707] [ERROR] [Scheduler] Traceback: Traceback (most recent call last):
  File "C:\Users\Administrator\Desktop\new hope\code\NeuroPrime\src\algorithms\scheduler.py", line 223, in _load_custom_algorithms
    spec.loader.exec_module(module)
    ~~~~~~~~~~~~~~~~~~~~~~~^^^^^^^^
  File "<frozen importlib._bootstrap_external>", line 759, in exec_module
  File "<frozen importlib._bootstrap>", line 491, in _call_with_frames_removed
  File "C:\Users\Administrator\Desktop\new hope\code\NeuroPrime\custom_algorithms\mnebadchanneldetectionalgorithm.py", line 59, in <module>
    import mne
ModuleNotFoundError: No module named 'mne'

[18:03:34.707] [INFO] [Scheduler] Loading custom algorithm from: C:\Users\Administrator\Desktop\new hope\code\NeuroPrime\custom_algorithms\mnebeamformingalgorithm.py
[18:03:34.711] [ERROR] [Scheduler] Error loading custom algorithm from C:\Users\Administrator\Desktop\new hope\code\NeuroPrime\custom_algorithms\mnebeamformingalgorithm.py: No module named 'mne'
[18:03:34.712] [ERROR] [Scheduler] Traceback: Traceback (most recent call last):
  File "C:\Users\Administrator\Desktop\new hope\code\NeuroPrime\src\algorithms\scheduler.py", line 223, in _load_custom_algorithms
    spec.loader.exec_module(module)
    ~~~~~~~~~~~~~~~~~~~~~~~^^^^^^^^
  File "<frozen importlib._bootstrap_external>", line 759, in exec_module
  File "<frozen importlib._bootstrap>", line 491, in _call_with_frames_removed
  File "C:\Users\Administrator\Desktop\new hope\code\NeuroPrime\custom_algorithms\mnebeamformingalgorithm.py", line 60, in <module>
    import mne
ModuleNotFoundError: No module named 'mne'

[18:03:34.712] [INFO] [Scheduler] Loading custom algorithm from: C:\Users\Administrator\Desktop\new hope\code\NeuroPrime\custom_algorithms\mnedipolefittingalgorithm.py
[18:03:34.716] [ERROR] [Scheduler] Error loading custom algorithm from C:\Users\Administrator\Desktop\new hope\code\NeuroPrime\custom_algorithms\mnedipolefittingalgorithm.py: No module named 'mne'
[18:03:34.717] [ERROR] [Scheduler] Traceback: Traceback (most recent call last):
  File "C:\Users\Administrator\Desktop\new hope\code\NeuroPrime\src\algorithms\scheduler.py", line 223, in _load_custom_algorithms
    spec.loader.exec_module(module)
    ~~~~~~~~~~~~~~~~~~~~~~~^^^^^^^^
  File "<frozen importlib._bootstrap_external>", line 759, in exec_module
  File "<frozen importlib._bootstrap>", line 491, in _call_with_frames_removed
  File "C:\Users\Administrator\Desktop\new hope\code\NeuroPrime\custom_algorithms\mnedipolefittingalgorithm.py", line 60, in <module>
    import mne
ModuleNotFoundError: No module named 'mne'

[18:03:34.717] [INFO] [Scheduler] Loading custom algorithm from: C:\Users\Administrator\Desktop\new hope\code\NeuroPrime\custom_algorithms\mneeffectiveconnectivityalgorithm.py
[18:03:34.722] [ERROR] [Scheduler] Error loading custom algorithm from C:\Users\Administrator\Desktop\new hope\code\NeuroPrime\custom_algorithms\mneeffectiveconnectivityalgorithm.py: No module named 'mne'
[18:03:34.723] [ERROR] [Scheduler] Traceback: Traceback (most recent call last):
  File "C:\Users\Administrator\Desktop\new hope\code\NeuroPrime\src\algorithms\scheduler.py", line 223, in _load_custom_algorithms
    spec.loader.exec_module(module)
    ~~~~~~~~~~~~~~~~~~~~~~~^^^^^^^^
  File "<frozen importlib._bootstrap_external>", line 759, in exec_module
  File "<frozen importlib._bootstrap>", line 491, in _call_with_frames_removed
  File "C:\Users\Administrator\Desktop\new hope\code\NeuroPrime\custom_algorithms\mneeffectiveconnectivityalgorithm.py", line 87, in <module>
    import mne
ModuleNotFoundError: No module named 'mne'

[18:03:34.723] [INFO] [Scheduler] Loading custom algorithm from: C:\Users\Administrator\Desktop\new hope\code\NeuroPrime\custom_algorithms\mneerpalgorithm.py
[18:03:34.727] [ERROR] [Scheduler] Error loading custom algorithm from C:\Users\Administrator\Desktop\new hope\code\NeuroPrime\custom_algorithms\mneerpalgorithm.py: No module named 'mne'
[18:03:34.728] [ERROR] [Scheduler] Traceback: Traceback (most recent call last):
  File "C:\Users\Administrator\Desktop\new hope\code\NeuroPrime\src\algorithms\scheduler.py", line 223, in _load_custom_algorithms
    spec.loader.exec_module(module)
    ~~~~~~~~~~~~~~~~~~~~~~~^^^^^^^^
  File "<frozen importlib._bootstrap_external>", line 759, in exec_module
  File "<frozen importlib._bootstrap>", line 491, in _call_with_frames_removed
  File "C:\Users\Administrator\Desktop\new hope\code\NeuroPrime\custom_algorithms\mneerpalgorithm.py", line 60, in <module>
    import mne
ModuleNotFoundError: No module named 'mne'

[18:03:34.728] [INFO] [Scheduler] Loading custom algorithm from: C:\Users\Administrator\Desktop\new hope\code\NeuroPrime\custom_algorithms\mnefilteringalgorithm.py
[18:03:34.730] [ERROR] [Scheduler] Error loading custom algorithm from C:\Users\Administrator\Desktop\new hope\code\NeuroPrime\custom_algorithms\mnefilteringalgorithm.py: No module named 'mne'
[18:03:34.731] [ERROR] [Scheduler] Traceback: Traceback (most recent call last):
  File "C:\Users\Administrator\Desktop\new hope\code\NeuroPrime\src\algorithms\scheduler.py", line 223, in _load_custom_algorithms
    spec.loader.exec_module(module)
    ~~~~~~~~~~~~~~~~~~~~~~~^^^^^^^^
  File "<frozen importlib._bootstrap_external>", line 759, in exec_module
  File "<frozen importlib._bootstrap>", line 491, in _call_with_frames_removed
  File "C:\Users\Administrator\Desktop\new hope\code\NeuroPrime\custom_algorithms\mnefilteringalgorithm.py", line 60, in <module>
    import mne
ModuleNotFoundError: No module named 'mne'

[18:03:34.731] [INFO] [Scheduler] Loading custom algorithm from: C:\Users\Administrator\Desktop\new hope\code\NeuroPrime\custom_algorithms\mnefunctionalconnectivityalgorithm.py
[18:03:34.735] [ERROR] [Scheduler] Error loading custom algorithm from C:\Users\Administrator\Desktop\new hope\code\NeuroPrime\custom_algorithms\mnefunctionalconnectivityalgorithm.py: No module named 'mne'
[18:03:34.735] [ERROR] [Scheduler] Traceback: Traceback (most recent call last):
  File "C:\Users\Administrator\Desktop\new hope\code\NeuroPrime\src\algorithms\scheduler.py", line 223, in _load_custom_algorithms
    spec.loader.exec_module(module)
    ~~~~~~~~~~~~~~~~~~~~~~~^^^^^^^^
  File "<frozen importlib._bootstrap_external>", line 759, in exec_module
  File "<frozen importlib._bootstrap>", line 491, in _call_with_frames_removed
  File "C:\Users\Administrator\Desktop\new hope\code\NeuroPrime\custom_algorithms\mnefunctionalconnectivityalgorithm.py", line 60, in <module>
    import mne
ModuleNotFoundError: No module named 'mne'

[18:03:34.735] [INFO] [Scheduler] Loading custom algorithm from: C:\Users\Administrator\Desktop\new hope\code\NeuroPrime\custom_algorithms\mneicaalgorithm.py
[18:03:34.739] [ERROR] [Scheduler] Error loading custom algorithm from C:\Users\Administrator\Desktop\new hope\code\NeuroPrime\custom_algorithms\mneicaalgorithm.py: No module named 'mne'
[18:03:34.740] [ERROR] [Scheduler] Traceback: Traceback (most recent call last):
  File "C:\Users\Administrator\Desktop\new hope\code\NeuroPrime\src\algorithms\scheduler.py", line 223, in _load_custom_algorithms
    spec.loader.exec_module(module)
    ~~~~~~~~~~~~~~~~~~~~~~~^^^^^^^^
  File "<frozen importlib._bootstrap_external>", line 759, in exec_module
  File "<frozen importlib._bootstrap>", line 491, in _call_with_frames_removed
  File "C:\Users\Administrator\Desktop\new hope\code\NeuroPrime\custom_algorithms\mneicaalgorithm.py", line 57, in <module>
    import mne
ModuleNotFoundError: No module named 'mne'

[18:03:34.740] [INFO] [Scheduler] Loading custom algorithm from: C:\Users\Administrator\Desktop\new hope\code\NeuroPrime\custom_algorithms\mneicaartifactremovalalgorithm.py
[18:03:34.745] [ERROR] [Scheduler] Error loading custom algorithm from C:\Users\Administrator\Desktop\new hope\code\NeuroPrime\custom_algorithms\mneicaartifactremovalalgorithm.py: No module named 'mne'
[18:03:34.747] [ERROR] [Scheduler] Traceback: Traceback (most recent call last):
  File "C:\Users\Administrator\Desktop\new hope\code\NeuroPrime\src\algorithms\scheduler.py", line 223, in _load_custom_algorithms
    spec.loader.exec_module(module)
    ~~~~~~~~~~~~~~~~~~~~~~~^^^^^^^^
  File "<frozen importlib._bootstrap_external>", line 759, in exec_module
  File "<frozen importlib._bootstrap>", line 491, in _call_with_frames_removed
  File "C:\Users\Administrator\Desktop\new hope\code\NeuroPrime\custom_algorithms\mneicaartifactremovalalgorithm.py", line 60, in <module>
    import mne
ModuleNotFoundError: No module named 'mne'

[18:03:34.747] [INFO] [Scheduler] Loading custom algorithm from: C:\Users\Administrator\Desktop\new hope\code\NeuroPrime\custom_algorithms\mnepowerspectrumalgorithm.py
[18:03:34.750] [ERROR] [Scheduler] Error loading custom algorithm from C:\Users\Administrator\Desktop\new hope\code\NeuroPrime\custom_algorithms\mnepowerspectrumalgorithm.py: No module named 'mne'
[18:03:34.751] [ERROR] [Scheduler] Traceback: Traceback (most recent call last):
  File "C:\Users\Administrator\Desktop\new hope\code\NeuroPrime\src\algorithms\scheduler.py", line 223, in _load_custom_algorithms
    spec.loader.exec_module(module)
    ~~~~~~~~~~~~~~~~~~~~~~~^^^^^^^^
  File "<frozen importlib._bootstrap_external>", line 759, in exec_module
  File "<frozen importlib._bootstrap>", line 491, in _call_with_frames_removed
  File "C:\Users\Administrator\Desktop\new hope\code\NeuroPrime\custom_algorithms\mnepowerspectrumalgorithm.py", line 60, in <module>
    import mne
ModuleNotFoundError: No module named 'mne'

[18:03:34.751] [INFO] [Scheduler] Loading custom algorithm from: C:\Users\Administrator\Desktop\new hope\code\NeuroPrime\custom_algorithms\mneresamplingalgorithm.py
[18:03:34.755] [ERROR] [Scheduler] Error loading custom algorithm from C:\Users\Administrator\Desktop\new hope\code\NeuroPrime\custom_algorithms\mneresamplingalgorithm.py: No module named 'mne'
[18:03:34.756] [ERROR] [Scheduler] Traceback: Traceback (most recent call last):
  File "C:\Users\Administrator\Desktop\new hope\code\NeuroPrime\src\algorithms\scheduler.py", line 223, in _load_custom_algorithms
    spec.loader.exec_module(module)
    ~~~~~~~~~~~~~~~~~~~~~~~^^^^^^^^
  File "<frozen importlib._bootstrap_external>", line 759, in exec_module
  File "<frozen importlib._bootstrap>", line 491, in _call_with_frames_removed
  File "C:\Users\Administrator\Desktop\new hope\code\NeuroPrime\custom_algorithms\mneresamplingalgorithm.py", line 59, in <module>
    import mne
ModuleNotFoundError: No module named 'mne'

[18:03:34.756] [INFO] [Scheduler] Loading custom algorithm from: C:\Users\Administrator\Desktop\new hope\code\NeuroPrime\custom_algorithms\mnesourcelocalizationalgorithm.py
[18:03:34.759] [ERROR] [Scheduler] Error loading custom algorithm from C:\Users\Administrator\Desktop\new hope\code\NeuroPrime\custom_algorithms\mnesourcelocalizationalgorithm.py: No module named 'mne'
[18:03:34.760] [ERROR] [Scheduler] Traceback: Traceback (most recent call last):
  File "C:\Users\Administrator\Desktop\new hope\code\NeuroPrime\src\algorithms\scheduler.py", line 223, in _load_custom_algorithms
    spec.loader.exec_module(module)
    ~~~~~~~~~~~~~~~~~~~~~~~^^^^^^^^
  File "<frozen importlib._bootstrap_external>", line 759, in exec_module
  File "<frozen importlib._bootstrap>", line 491, in _call_with_frames_removed
  File "C:\Users\Administrator\Desktop\new hope\code\NeuroPrime\custom_algorithms\mnesourcelocalizationalgorithm.py", line 57, in <module>
    import mne
ModuleNotFoundError: No module named 'mne'

[18:03:34.760] [INFO] [Scheduler] Loading custom algorithm from: C:\Users\Administrator\Desktop\new hope\code\NeuroPrime\custom_algorithms\mnespectralconnectivityalgorithm.py
[18:03:34.765] [ERROR] [Scheduler] Error loading custom algorithm from C:\Users\Administrator\Desktop\new hope\code\NeuroPrime\custom_algorithms\mnespectralconnectivityalgorithm.py: No module named 'mne'
[18:03:34.766] [ERROR] [Scheduler] Traceback: Traceback (most recent call last):
  File "C:\Users\Administrator\Desktop\new hope\code\NeuroPrime\src\algorithms\scheduler.py", line 223, in _load_custom_algorithms
    spec.loader.exec_module(module)
    ~~~~~~~~~~~~~~~~~~~~~~~^^^^^^^^
  File "<frozen importlib._bootstrap_external>", line 759, in exec_module
  File "<frozen importlib._bootstrap>", line 491, in _call_with_frames_removed
  File "C:\Users\Administrator\Desktop\new hope\code\NeuroPrime\custom_algorithms\mnespectralconnectivityalgorithm.py", line 89, in <module>
    import mne
ModuleNotFoundError: No module named 'mne'

[18:03:34.766] [INFO] [Scheduler] Loading custom algorithm from: C:\Users\Administrator\Desktop\new hope\code\NeuroPrime\custom_algorithms\mnetimefrequencyalgorithm.py
[18:03:34.770] [ERROR] [Scheduler] Error loading custom algorithm from C:\Users\Administrator\Desktop\new hope\code\NeuroPrime\custom_algorithms\mnetimefrequencyalgorithm.py: No module named 'mne'
[18:03:34.772] [ERROR] [Scheduler] Traceback: Traceback (most recent call last):
  File "C:\Users\Administrator\Desktop\new hope\code\NeuroPrime\src\algorithms\scheduler.py", line 223, in _load_custom_algorithms
    spec.loader.exec_module(module)
    ~~~~~~~~~~~~~~~~~~~~~~~^^^^^^^^
  File "<frozen importlib._bootstrap_external>", line 759, in exec_module
  File "<frozen importlib._bootstrap>", line 491, in _call_with_frames_removed
  File "C:\Users\Administrator\Desktop\new hope\code\NeuroPrime\custom_algorithms\mnetimefrequencyalgorithm.py", line 59, in <module>
    import mne
ModuleNotFoundError: No module named 'mne'

[18:03:34.772] [INFO] [Scheduler] Loading custom algorithm from: C:\Users\Administrator\Desktop\new hope\code\NeuroPrime\custom_algorithms\testscriptalgorithm.py
[18:03:34.775] [INFO] [Scheduler] Loaded custom algorithm from ALGORITHM_INFO: TestScriptAlgorithm
[18:03:34.775] [ERROR] [Scheduler] Error loading custom algorithm from C:\Users\Administrator\Desktop\new hope\code\NeuroPrime\custom_algorithms\testscriptalgorithm.py: cannot access local variable 'found' where it is not associated with a value
[18:03:34.776] [ERROR] [Scheduler] Traceback: Traceback (most recent call last):
  File "C:\Users\Administrator\Desktop\new hope\code\NeuroPrime\src\algorithms\scheduler.py", line 260, in _load_custom_algorithms
    if not found:
           ^^^^^
UnboundLocalError: cannot access local variable 'found' where it is not associated with a value

[18:03:34.776] [INFO] [Scheduler] Loading custom algorithm from: C:\Users\Administrator\Desktop\new hope\code\NeuroPrime\custom_algorithms\viewlfpdata.py
[18:03:34.779] [INFO] [Scheduler] Loaded custom algorithm from ALGORITHM_INFO: ViewLFPData
[18:03:34.779] [ERROR] [Scheduler] Error loading custom algorithm from C:\Users\Administrator\Desktop\new hope\code\NeuroPrime\custom_algorithms\viewlfpdata.py: cannot access local variable 'found' where it is not associated with a value
[18:03:34.780] [ERROR] [Scheduler] Traceback: Traceback (most recent call last):
  File "C:\Users\Administrator\Desktop\new hope\code\NeuroPrime\src\algorithms\scheduler.py", line 260, in _load_custom_algorithms
    if not found:
           ^^^^^
UnboundLocalError: cannot access local variable 'found' where it is not associated with a value

[18:03:34.780] [INFO] [Scheduler] Loading custom algorithm from: C:\Users\Administrator\Desktop\new hope\code\NeuroPrime\custom_algorithms\view_raw_lfp_data.py
[18:03:34.784] [INFO] [Scheduler] Loaded custom algorithm from ALGORITHM_INFO: ViewRawLFPData
[18:03:34.784] [ERROR] [Scheduler] Error loading custom algorithm from C:\Users\Administrator\Desktop\new hope\code\NeuroPrime\custom_algorithms\view_raw_lfp_data.py: cannot access local variable 'found' where it is not associated with a value
[18:03:34.785] [ERROR] [Scheduler] Traceback: Traceback (most recent call last):
  File "C:\Users\Administrator\Desktop\new hope\code\NeuroPrime\src\algorithms\scheduler.py", line 260, in _load_custom_algorithms
    if not found:
           ^^^^^
UnboundLocalError: cannot access local variable 'found' where it is not associated with a value

